<?xml version="1.0" encoding="UTF-8"?>
<testsuite name="com.rodolfobrandao.coremastermarket.controllers.ClienteControllerTest" tests="1" skipped="0" failures="0" errors="0" timestamp="2024-07-24T17:35:30" hostname="MacBook-Pro-de-Rodolfo.local" time="0.095">
  <properties/>
  <testcase name="listarClientes()" classname="com.rodolfobrandao.coremastermarket.controllers.ClienteControllerTest" time="0.095"/>
  <system-out><![CDATA[14:35:27.134 [Test worker] INFO org.springframework.test.context.support.AnnotationConfigContextLoaderUtils -- Could not detect default configuration classes for test class [com.rodolfobrandao.coremastermarket.controllers.ClienteControllerTest]: ClienteControllerTest does not declare any static, non-private, non-final, nested classes annotated with @Configuration.
14:35:27.223 [Test worker] INFO org.springframework.boot.test.context.SpringBootTestContextBootstrapper -- Found @SpringBootConfiguration com.rodolfobrandao.coremastermarket.CoremastermarketApplication for test class com.rodolfobrandao.coremastermarket.controllers.ClienteControllerTest

  .   ____          _            __ _ _
 /\\ / ___'_ __ _ _(_)_ __  __ _ \ \ \ \
( ( )\___ | '_ | '_| | '_ \/ _` | \ \ \ \
 \\/  ___)| |_)| | | | | || (_| |  ) ) ) )
  '  |____| .__|_| |_|_| |_\__, | / / / /
 =========|_|==============|___/=/_/_/_/

 :: Spring Boot ::                (v3.3.2)

2024-07-24T14:35:27.462-03:00  WARN 44265 --- [coremastermarket] [    Test worker] ory$DuplicateJsonObjectContextCustomizer : 

Found multiple occurrences of org.json.JSONObject on the class path:

	jar:file:/Users/rodolfobrandao/.gradle/caches/modules-2/files-2.1/com.vaadin.external.google/android-json/0.0.20131108.vaadin1/fa26d351fe62a6a17f5cda1287c1c6110dec413f/android-json-0.0.20131108.vaadin1.jar!/org/json/JSONObject.class
	jar:file:/Users/rodolfobrandao/.gradle/caches/modules-2/files-2.1/org.json/json/20240303/ebb88e8fb5122b7506d5cf1d69f1ccdb790d22a/json-20240303.jar!/org/json/JSONObject.class

You may wish to exclude one of them to ensure predictable runtime behavior

2024-07-24T14:35:27.482-03:00  INFO 44265 --- [coremastermarket] [    Test worker] c.r.c.controllers.ClienteControllerTest  : Starting ClienteControllerTest using Java 17.0.11 with PID 44265 (started by rodolfobrandao in /Users/rodolfobrandao/React Studio/Projeto Curso Final/coremastermarket)
2024-07-24T14:35:27.482-03:00  INFO 44265 --- [coremastermarket] [    Test worker] c.r.c.controllers.ClienteControllerTest  : The following 1 profile is active: "test"
2024-07-24T14:35:27.508-03:00  WARN 44265 --- [coremastermarket] [    Test worker] ironmentPostProcessorApplicationListener : Your Okta Issuer URL is missing. You can copy your domain from the Okta Developer Console. Follow these instructions to find it: https://bit.ly/finding-okta-domain
To fix this add the `okta.oauth2.issuer` property to your application environments.
2024-07-24T14:35:27.968-03:00  INFO 44265 --- [coremastermarket] [    Test worker] .s.d.r.c.RepositoryConfigurationDelegate : Bootstrapping Spring Data JPA repositories in DEFAULT mode.
2024-07-24T14:35:28.052-03:00  INFO 44265 --- [coremastermarket] [    Test worker] .s.d.r.c.RepositoryConfigurationDelegate : Finished Spring Data repository scanning in 78 ms. Found 3 JPA repository interfaces.
2024-07-24T14:35:28.169-03:00  INFO 44265 --- [coremastermarket] [    Test worker] o.s.cloud.context.scope.GenericScope     : BeanFactory id=41eab368-410c-3258-8a94-b4bb8515f571
2024-07-24T14:35:28.899-03:00  INFO 44265 --- [coremastermarket] [    Test worker] o.hibernate.jpa.internal.util.LogHelper  : HHH000204: Processing PersistenceUnitInfo [name: default]
2024-07-24T14:35:28.935-03:00  INFO 44265 --- [coremastermarket] [    Test worker] org.hibernate.Version                    : HHH000412: Hibernate ORM core version 6.5.2.Final
2024-07-24T14:35:28.957-03:00  INFO 44265 --- [coremastermarket] [    Test worker] o.h.c.internal.RegionFactoryInitiator    : HHH000026: Second-level cache disabled
2024-07-24T14:35:29.044-03:00  INFO 44265 --- [coremastermarket] [    Test worker] o.s.o.j.p.SpringPersistenceUnitInfo      : No LoadTimeWeaver setup: ignoring JPA class transformer
2024-07-24T14:35:29.060-03:00  INFO 44265 --- [coremastermarket] [    Test worker] com.zaxxer.hikari.HikariDataSource       : HikariPool-1 - Starting...
2024-07-24T14:35:29.134-03:00  INFO 44265 --- [coremastermarket] [    Test worker] com.zaxxer.hikari.pool.HikariPool        : HikariPool-1 - Added connection org.postgresql.jdbc.PgConnection@60b4d934
2024-07-24T14:35:29.135-03:00  INFO 44265 --- [coremastermarket] [    Test worker] com.zaxxer.hikari.HikariDataSource       : HikariPool-1 - Start completed.
2024-07-24T14:35:29.183-03:00  WARN 44265 --- [coremastermarket] [    Test worker] org.hibernate.orm.deprecation            : HHH90000025: PostgreSQLDialect does not need to be specified explicitly using 'hibernate.dialect' (remove the property setting and it will be selected by default)
2024-07-24T14:35:29.716-03:00  INFO 44265 --- [coremastermarket] [    Test worker] o.h.e.t.j.p.i.JtaPlatformInitiator       : HHH000489: No JTA platform available (set 'hibernate.transaction.jta.platform' to enable JTA platform integration)
2024-07-24T14:35:29.796-03:00  INFO 44265 --- [coremastermarket] [    Test worker] j.LocalContainerEntityManagerFactoryBean : Initialized JPA EntityManagerFactory for persistence unit 'default'
2024-07-24T14:35:30.200-03:00  WARN 44265 --- [coremastermarket] [    Test worker] JpaBaseConfiguration$JpaWebConfiguration : spring.jpa.open-in-view is enabled by default. Therefore, database queries may be performed during view rendering. Explicitly configure spring.jpa.open-in-view to disable this warning
2024-07-24T14:35:30.676-03:00  INFO 44265 --- [coremastermarket] [    Test worker] c.r.c.controllers.ClienteControllerTest  : Started ClienteControllerTest in 3.371 seconds (process running for 4.0)
2024-07-24T14:35:30.713-03:00  INFO 44265 --- [coremastermarket] [    Test worker] o.s.mock.web.MockServletContext          : Initializing Spring TestDispatcherServlet ''
2024-07-24T14:35:30.713-03:00  INFO 44265 --- [coremastermarket] [    Test worker] o.s.t.web.servlet.TestDispatcherServlet  : Initializing Servlet ''
2024-07-24T14:35:30.714-03:00  INFO 44265 --- [coremastermarket] [    Test worker] o.s.t.web.servlet.TestDispatcherServlet  : Completed initialization in 1 ms

MockHttpServletRequest:
      HTTP Method = GET
      Request URI = /api/v1/clientes/listar
       Parameters = {}
          Headers = []
             Body = <no character encoding set>
    Session Attrs = {}

Handler:
             Type = com.rodolfobrandao.coremastermarket.controllers.ClienteController
           Method = com.rodolfobrandao.coremastermarket.controllers.ClienteController#listarClientes()

Async:
    Async started = false
     Async result = null

Resolved Exception:
             Type = null

ModelAndView:
        View name = null
             View = null
            Model = null

FlashMap:
       Attributes = null

MockHttpServletResponse:
           Status = 200
    Error message = null
          Headers = []
     Content type = null
             Body = 
    Forwarded URL = null
   Redirected URL = null
          Cookies = []
]]></system-out>
  <system-err><![CDATA[]]></system-err>
</testsuite>
