<?xml version="1.0" encoding="UTF-8"?>
<testsuite name="com.rodolfobrandao.coremastermarket.tools.OpenApiConfigTest" tests="1" skipped="0" failures="0" errors="0" timestamp="2024-07-27T19:44:09" hostname="MacBook-Pro-de-Rodolfo.local" time="0.007">
  <properties/>
  <testcase name="customOpenAPI()" classname="com.rodolfobrandao.coremastermarket.tools.OpenApiConfigTest" time="0.007"/>
  <system-out><![CDATA[]]></system-out>
  <system-err><![CDATA[]]></system-err>
</testsuite>
