<?xml version="1.0" encoding="UTF-8"?>
<testsuite name="com.rodolfobrandao.coremastermarket.tools.ClienteRepositoryTest" tests="1" skipped="0" failures="0" errors="0" timestamp="2024-07-27T21:18:53" hostname="MacBook-Pro-de-Rodolfo.local" time="0.389">
  <properties/>
  <testcase name="testSaveAndFindCliente()" classname="com.rodolfobrandao.coremastermarket.tools.ClienteRepositoryTest" time="0.389"/>
  <system-out><![CDATA[18:18:49.719 [Test worker] INFO org.springframework.test.context.support.AnnotationConfigContextLoaderUtils -- Could not detect default configuration classes for test class [com.rodolfobrandao.coremastermarket.tools.ClienteRepositoryTest]: ClienteRepositoryTest does not declare any static, non-private, non-final, nested classes annotated with @Configuration.
18:18:49.855 [Test worker] INFO org.springframework.boot.test.context.SpringBootTestContextBootstrapper -- Found @SpringBootConfiguration com.rodolfobrandao.coremastermarket.CoremastermarketApplication for test class com.rodolfobrandao.coremastermarket.tools.ClienteRepositoryTest

  .   ____          _            __ _ _
 /\\ / ___'_ __ _ _(_)_ __  __ _ \ \ \ \
( ( )\___ | '_ | '_| | '_ \/ _` | \ \ \ \
 \\/  ___)| |_)| | | | | || (_| |  ) ) ) )
  '  |____| .__|_| |_|_| |_\__, | / / / /
 =========|_|==============|___/=/_/_/_/

 :: Spring Boot ::                (v3.3.2)

2024-07-27T18:18:50.297-03:00  WARN 27248 --- [coremastermarket] [    Test worker] ory$DuplicateJsonObjectContextCustomizer : 

Found multiple occurrences of org.json.JSONObject on the class path:

	jar:file:/Users/rodolfobrandao/.gradle/caches/modules-2/files-2.1/com.vaadin.external.google/android-json/0.0.20131108.vaadin1/fa26d351fe62a6a17f5cda1287c1c6110dec413f/android-json-0.0.20131108.vaadin1.jar!/org/json/JSONObject.class
	jar:file:/Users/rodolfobrandao/.gradle/caches/modules-2/files-2.1/org.json/json/20240303/ebb88e8fb5122b7506d5cf1d69f1ccdb790d22a/json-20240303.jar!/org/json/JSONObject.class

You may wish to exclude one of them to ensure predictable runtime behavior

2024-07-27T18:18:50.315-03:00  INFO 27248 --- [coremastermarket] [    Test worker] c.r.c.tools.ClienteRepositoryTest        : Starting ClienteRepositoryTest using Java 17.0.11 with PID 27248 (started by rodolfobrandao in /Users/rodolfobrandao/React Studio/Projeto Curso Final/coremastermarket)
2024-07-27T18:18:50.316-03:00  INFO 27248 --- [coremastermarket] [    Test worker] c.r.c.tools.ClienteRepositoryTest        : The following 1 profile is active: "test"
2024-07-27T18:18:50.334-03:00  WARN 27248 --- [coremastermarket] [    Test worker] ironmentPostProcessorApplicationListener : Your Okta Issuer URL is missing. You can copy your domain from the Okta Developer Console. Follow these instructions to find it: https://bit.ly/finding-okta-domain
To fix this add the `okta.oauth2.issuer` property to your application environments.
2024-07-27T18:18:50.654-03:00  INFO 27248 --- [coremastermarket] [    Test worker] .s.d.r.c.RepositoryConfigurationDelegate : Multiple Spring Data modules found, entering strict repository configuration mode
2024-07-27T18:18:50.655-03:00  INFO 27248 --- [coremastermarket] [    Test worker] .s.d.r.c.RepositoryConfigurationDelegate : Bootstrapping Spring Data JPA repositories in DEFAULT mode.
2024-07-27T18:18:50.858-03:00  INFO 27248 --- [coremastermarket] [    Test worker] .s.d.r.c.RepositoryConfigurationDelegate : Finished Spring Data repository scanning in 194 ms. Found 5 JPA repository interfaces.
2024-07-27T18:18:50.913-03:00  INFO 27248 --- [coremastermarket] [    Test worker] beddedDataSourceBeanFactoryPostProcessor : Replacing 'dataSource' DataSource bean with embedded version
2024-07-27T18:18:51.056-03:00  INFO 27248 --- [coremastermarket] [    Test worker] o.s.j.d.e.EmbeddedDatabaseFactory        : Starting embedded database: url='jdbc:h2:mem:1aee5ecf-7e29-4508-8520-94a231122619;DB_CLOSE_DELAY=-1;DB_CLOSE_ON_EXIT=false', username='sa'
2024-07-27T18:18:51.456-03:00  INFO 27248 --- [coremastermarket] [    Test worker] o.hibernate.jpa.internal.util.LogHelper  : HHH000204: Processing PersistenceUnitInfo [name: default]
2024-07-27T18:18:51.525-03:00  INFO 27248 --- [coremastermarket] [    Test worker] org.hibernate.Version                    : HHH000412: Hibernate ORM core version 6.5.2.Final
2024-07-27T18:18:51.559-03:00  INFO 27248 --- [coremastermarket] [    Test worker] o.h.c.internal.RegionFactoryInitiator    : HHH000026: Second-level cache disabled
2024-07-27T18:18:51.844-03:00  INFO 27248 --- [coremastermarket] [    Test worker] o.s.o.j.p.SpringPersistenceUnitInfo      : No LoadTimeWeaver setup: ignoring JPA class transformer
2024-07-27T18:18:51.891-03:00  WARN 27248 --- [coremastermarket] [    Test worker] org.hibernate.dialect.Dialect            : HHH000511: The 2.2.224 version for [org.hibernate.dialect.PostgreSQLDialect] is no longer supported, hence certain features may not work properly. The minimum supported version is 12.0.0. Check the community dialects project for available legacy versions.
2024-07-27T18:18:51.896-03:00  WARN 27248 --- [coremastermarket] [    Test worker] org.hibernate.orm.deprecation            : HHH90000025: PostgreSQLDialect does not need to be specified explicitly using 'hibernate.dialect' (remove the property setting and it will be selected by default)
2024-07-27T18:18:52.963-03:00  INFO 27248 --- [coremastermarket] [    Test worker] o.h.e.t.j.p.i.JtaPlatformInitiator       : HHH000489: No JTA platform available (set 'hibernate.transaction.jta.platform' to enable JTA platform integration)
Hibernate: create table cliente (id bigint not null, ativo boolean, bairro varchar(255), cep varchar(255), cidade varchar(255), cpf_cnpj varchar(255), data_alteracao date not null, data_cadastro date not null, data_exclusao date, data_fechamento_fatura date not null, data_nascimento date not null, data_pagamento date not null, data_vencimento date not null, email varchar(255), emitir_nota boolean, estado varchar(255), limite_credito float(53), nome varchar(255), numero varchar(255), observacao varchar(255), rg_ie varchar(255), rua varchar(255), telefone1 varchar(255), telefone2 varchar(255), primary key (id))
Hibernate: create table marca (id bigint not null, fabricante varchar(255), nome varchar(255), primary key (id))
Hibernate: create table produto (id bigint not null, ativo boolean not null, atualizado_em timestamp(6), codigo_barras varchar(255), criado_em timestamp(6), descricao varchar(255), preco_venda numeric(38,2), quantidade bigint, tipo_embalagem varchar(255), id_marca bigint, primary key (id))
Hibernate: create table users (id varchar(255) not null, fullname varchar(255), login varchar(255), name varchar(255), password varchar(255), profile_img TEXT, role smallint check (role between 0 and 9), username varchar(255), primary key (id))
Hibernate: create table venda (id bigint not null, datahora_inicio timestamp(6) not null, datahora_termino timestamp(6), observacao varchar(255), pdv bigint, primary key (id))
Hibernate: create table venda_item (id bigint not null, acrescimo numeric(38,2), desconto numeric(38,2), id_produto bigint, id_venda bigint, quantidade numeric(38,2), id_cliente bigint, primary key (id))
Hibernate: alter table if exists produto drop constraint if exists UK4lbdi5d3x5u70wuhqo1nvg98i
Hibernate: alter table if exists produto add constraint UK4lbdi5d3x5u70wuhqo1nvg98i unique (codigo_barras)
Hibernate: create sequence cliente_seq start with 1 increment by 50
Hibernate: create sequence marca_seq start with 1 increment by 50
Hibernate: create sequence produto_seq start with 1 increment by 50
Hibernate: create sequence venda_item_seq start with 1 increment by 50
Hibernate: create sequence venda_seq start with 1 increment by 50
Hibernate: alter table if exists produto add constraint FK5vd7utkg8j7kr26vls5h1gqrg foreign key (id_marca) references marca
Hibernate: alter table if exists venda_item add constraint FKrubcsnidam8yw7ir950n1d7ug foreign key (id_cliente) references cliente
Hibernate: alter table if exists venda_item add constraint FK35kv02u9v2oqiv77yhyjj90ri foreign key (id_produto) references produto
Hibernate: alter table if exists venda_item add constraint FK1u3c2afiyu4xrcgs0n76fwefa foreign key (id_venda) references venda
2024-07-27T18:18:53.015-03:00  INFO 27248 --- [coremastermarket] [    Test worker] j.LocalContainerEntityManagerFactoryBean : Initialized JPA EntityManagerFactory for persistence unit 'default'
2024-07-27T18:18:53.364-03:00  INFO 27248 --- [coremastermarket] [    Test worker] c.r.c.tools.ClienteRepositoryTest        : Started ClienteRepositoryTest in 3.422 seconds (process running for 4.475)
Hibernate: select nextval('cliente_seq')
]]></system-out>
  <system-err><![CDATA[]]></system-err>
</testsuite>
