<?xml version="1.0" encoding="UTF-8"?>
<testsuite name="com.rodolfobrandao.coremastermarket.services.pve.MetadosPagamentoServiceTest" tests="6" skipped="0" failures="0" errors="0" timestamp="2024-08-01T12:27:33" hostname="MacBook-Pro-de-Rodolfo.local" time="0.059">
  <properties/>
  <testcase name="testDeleteByIdNotFound()" classname="com.rodolfobrandao.coremastermarket.services.pve.MetadosPagamentoServiceTest" time="0.052"/>
  <testcase name="testFindAllEmpty()" classname="com.rodolfobrandao.coremastermarket.services.pve.MetadosPagamentoServiceTest" time="0.001"/>
  <testcase name="testFindAll()" classname="com.rodolfobrandao.coremastermarket.services.pve.MetadosPagamentoServiceTest" time="0.001"/>
  <testcase name="testDeleteById()" classname="com.rodolfobrandao.coremastermarket.services.pve.MetadosPagamentoServiceTest" time="0.001"/>
  <testcase name="testCreate()" classname="com.rodolfobrandao.coremastermarket.services.pve.MetadosPagamentoServiceTest" time="0.001"/>
  <testcase name="testUpdate()" classname="com.rodolfobrandao.coremastermarket.services.pve.MetadosPagamentoServiceTest" time="0.0"/>
  <system-out><![CDATA[]]></system-out>
  <system-err><![CDATA[]]></system-err>
</testsuite>
