<?xml version="1.0" encoding="UTF-8"?>
<testsuite name="com.rodolfobrandao.coremastermarket.services.produto.MarcaServiceTest" tests="4" skipped="0" failures="1" errors="0" timestamp="2024-08-01T12:27:33" hostname="MacBook-Pro-de-Rodolfo.local" time="0.053">
  <properties/>
  <testcase name="testFindAll()" classname="com.rodolfobrandao.coremastermarket.services.produto.MarcaServiceTest" time="0.047"/>
  <testcase name="testFindById()" classname="com.rodolfobrandao.coremastermarket.services.produto.MarcaServiceTest" time="0.0"/>
  <testcase name="testCreate()" classname="com.rodolfobrandao.coremastermarket.services.produto.MarcaServiceTest" time="0.0"/>
  <testcase name="testDelete()" classname="com.rodolfobrandao.coremastermarket.services.produto.MarcaServiceTest" time="0.004">
    <failure message="org.opentest4j.AssertionFailedError: expected: &lt;Marca Teste&gt; but was: &lt;&lt;200 OK OK,{&quot;message&quot;:&quot;Marca deletada com sucesso&quot;,&quot;status&quot;:200},[]&gt;&gt;" type="org.opentest4j.AssertionFailedError">org.opentest4j.AssertionFailedError: expected: &lt;Marca Teste&gt; but was: &lt;&lt;200 OK OK,{&quot;message&quot;:&quot;Marca deletada com sucesso&quot;,&quot;status&quot;:200},[]&gt;&gt;
	at app//org.junit.jupiter.api.AssertionFailureBuilder.build(AssertionFailureBuilder.java:151)
	at app//org.junit.jupiter.api.AssertionFailureBuilder.buildAndThrow(AssertionFailureBuilder.java:132)
	at app//org.junit.jupiter.api.AssertEquals.failNotEqual(AssertEquals.java:197)
	at app//org.junit.jupiter.api.AssertEquals.assertEquals(AssertEquals.java:182)
	at app//org.junit.jupiter.api.AssertEquals.assertEquals(AssertEquals.java:177)
	at app//org.junit.jupiter.api.Assertions.assertEquals(Assertions.java:1145)
	at app//com.rodolfobrandao.coremastermarket.services.produto.MarcaServiceTest.testDelete(MarcaServiceTest.java:125)
	at java.base@17.0.11/java.lang.reflect.Method.invoke(Method.java:568)
	at java.base@17.0.11/java.util.ArrayList.forEach(ArrayList.java:1511)
	at java.base@17.0.11/java.util.ArrayList.forEach(ArrayList.java:1511)
</failure>
  </testcase>
  <system-out><![CDATA[]]></system-out>
  <system-err><![CDATA[]]></system-err>
</testsuite>
