<?xml version="1.0" encoding="UTF-8"?>
<testsuite name="com.rodolfobrandao.coremastermarket.tools.swagger.OpenApiConfigTest" tests="1" skipped="0" failures="0" errors="0" timestamp="2024-08-01T12:27:35" hostname="MacBook-Pro-de-Rodolfo.local" time="1.096">
  <properties/>
  <testcase name="testOpenApiConfig()" classname="com.rodolfobrandao.coremastermarket.tools.swagger.OpenApiConfigTest" time="1.096"/>
  <system-out><![CDATA[2024-08-01T09:27:33.590-03:00 DEBUG 10971 --- [coremastermarket] [    Test worker] .b.t.c.SpringBootTestContextBootstrapper : Neither @ContextConfiguration nor @ContextHierarchy found for test class [OpenApiConfigTest]: using SpringBootContextLoader
2024-08-01T09:27:33.591-03:00 DEBUG 10971 --- [coremastermarket] [    Test worker] o.s.t.c.support.AbstractContextLoader    : Could not detect default resource locations for test class [com.rodolfobrandao.coremastermarket.tools.swagger.OpenApiConfigTest]: no resource found for suffixes {-context.xml, Context.groovy}.
2024-08-01T09:27:33.591-03:00  INFO 10971 --- [coremastermarket] [    Test worker] t.c.s.AnnotationConfigContextLoaderUtils : Could not detect default configuration classes for test class [com.rodolfobrandao.coremastermarket.tools.swagger.OpenApiConfigTest]: OpenApiConfigTest does not declare any static, non-private, non-final, nested classes annotated with @Configuration.
2024-08-01T09:27:33.591-03:00 DEBUG 10971 --- [coremastermarket] [    Test worker] .b.t.c.SpringBootTestContextBootstrapper : Using ContextCustomizerFactory implementations for test class [OpenApiConfigTest]: [OverrideAutoConfigurationContextCustomizerFactory, ObservabilityContextCustomizerFactory, TypeExcludeFiltersContextCustomizerFactory, PropertyMappingContextCustomizerFactory, WebDriverContextCustomizerFactory, ImportsContextCustomizerFactory, ExcludeFilterContextCustomizerFactory, HttpGraphQlTesterContextCustomizerFactory, DuplicateJsonObjectContextCustomizerFactory, MockitoContextCustomizerFactory, TestRestTemplateContextCustomizerFactory, WebTestClientContextCustomizerFactory, DisableReactorResourceFactoryGlobalResourcesContextCustomizerFactory, MockServerContainerContextCustomizerFactory, DynamicPropertiesContextCustomizerFactory]
2024-08-01T09:27:33.592-03:00 DEBUG 10971 --- [coremastermarket] [    Test worker] .b.t.c.SpringBootTestContextBootstrapper : Using ContextCustomizers for test class [OpenApiConfigTest]: [DisableObservabilityContextCustomizer, PropertyMappingContextCustomizer, WebDriverContextCustomizer, ExcludeFilterContextCustomizer, DuplicateJsonObjectContextCustomizer, MockitoContextCustomizer, TestRestTemplateContextCustomizer, WebTestClientContextCustomizer, DisableReactorResourceFactoryGlobalResourcesContextCustomizerCustomizer]
2024-08-01T09:27:33.599-03:00 DEBUG 10971 --- [coremastermarket] [    Test worker] ssPathScanningCandidateComponentProvider : Identified candidate component class: file [/Users/rodolfobrandao/React Studio/Projeto Curso Final/coremastermarket/application-backend/build/classes/java/main/com/rodolfobrandao/coremastermarket/CoremastermarketApplication.class]
2024-08-01T09:27:33.599-03:00  INFO 10971 --- [coremastermarket] [    Test worker] .b.t.c.SpringBootTestContextBootstrapper : Found @SpringBootConfiguration com.rodolfobrandao.coremastermarket.CoremastermarketApplication for test class com.rodolfobrandao.coremastermarket.tools.swagger.OpenApiConfigTest
2024-08-01T09:27:33.600-03:00 DEBUG 10971 --- [coremastermarket] [    Test worker] .s.t.c.u.TestContextSpringFactoriesUtils : Skipping candidate TestExecutionListener [org.springframework.test.context.observation.MicrometerObservationRegistryTestExecutionListener] due to a missing dependency. Specify custom TestExecutionListener classes or make the default TestExecutionListener classes and their required dependencies available. Offending class: io.micrometer.context.ThreadLocalAccessor. MicrometerObservationRegistryTestExecutionListener requires io.micrometer:micrometer-observation:1.10.8 or higher and io.micrometer:context-propagation:1.0.3 or higher.
2024-08-01T09:27:33.600-03:00 DEBUG 10971 --- [coremastermarket] [    Test worker] .b.t.c.SpringBootTestContextBootstrapper : Using TestExecutionListeners for test class [OpenApiConfigTest]: [ServletTestExecutionListener, DirtiesContextBeforeModesTestExecutionListener, ApplicationEventsTestExecutionListener, MockitoTestExecutionListener, DependencyInjectionTestExecutionListener, DirtiesContextTestExecutionListener, TransactionalTestExecutionListener, SqlScriptsTestExecutionListener, WithSecurityContextTestExecutionListener, EventPublishingTestExecutionListener, ReactorContextTestExecutionListener, RestDocsTestExecutionListener, MockRestServiceServerResetTestExecutionListener, MockMvcPrintOnlyOnFailureTestExecutionListener, WebDriverTestExecutionListener, MockWebServiceServerTestExecutionListener, ResetMocksTestExecutionListener]
2024-08-01T09:27:33.600-03:00 DEBUG 10971 --- [coremastermarket] [    Test worker] sContextBeforeModesTestExecutionListener : Before test class: class [OpenApiConfigTest], class annotated with @DirtiesContext [false] with mode [null]
2024-08-01T09:27:33.600-03:00 DEBUG 10971 --- [coremastermarket] [    Test worker] DependencyInjectionTestExecutionListener : Performing dependency injection for test class com.rodolfobrandao.coremastermarket.tools.swagger.OpenApiConfigTest

  .   ____          _            __ _ _
 /\\ / ___'_ __ _ _(_)_ __  __ _ \ \ \ \
( ( )\___ | '_ | '_| | '_ \/ _` | \ \ \ \
 \\/  ___)| |_)| | | | | || (_| |  ) ) ) )
  '  |____| .__|_| |_|_| |_\__, | / / / /
 =========|_|==============|___/=/_/_/_/

 :: Spring Boot ::                (v3.3.2)

2024-08-01T09:27:33.631-03:00  WARN 10971 --- [coremastermarket] [    Test worker] ory$DuplicateJsonObjectContextCustomizer : 

Found multiple occurrences of org.json.JSONObject on the class path:

	jar:file:/Users/rodolfobrandao/.gradle/caches/modules-2/files-2.1/com.vaadin.external.google/android-json/0.0.20131108.vaadin1/fa26d351fe62a6a17f5cda1287c1c6110dec413f/android-json-0.0.20131108.vaadin1.jar!/org/json/JSONObject.class
	jar:file:/Users/rodolfobrandao/.gradle/caches/modules-2/files-2.1/org.json/json/20240303/ebb88e8fb5122b7506d5cf1d69f1ccdb790d22a/json-20240303.jar!/org/json/JSONObject.class

You may wish to exclude one of them to ensure predictable runtime behavior

2024-08-01T09:27:33.634-03:00  INFO 10971 --- [coremastermarket] [    Test worker] c.r.c.tools.swagger.OpenApiConfigTest    : Starting OpenApiConfigTest using Java 17.0.11 with PID 10971 (started by rodolfobrandao in /Users/rodolfobrandao/React Studio/Projeto Curso Final/coremastermarket/application-backend)
2024-08-01T09:27:33.634-03:00  INFO 10971 --- [coremastermarket] [    Test worker] c.r.c.tools.swagger.OpenApiConfigTest    : The following 1 profile is active: "test"
2024-08-01T09:27:33.634-03:00 DEBUG 10971 --- [coremastermarket] [    Test worker] o.s.boot.SpringApplication               : Loading source class com.rodolfobrandao.coremastermarket.CoremastermarketApplication
2024-08-01T09:27:33.635-03:00  WARN 10971 --- [coremastermarket] [    Test worker] ironmentPostProcessorApplicationListener : Your Okta Issuer URL is missing. You can copy your domain from the Okta Developer Console. Follow these instructions to find it: https://bit.ly/finding-okta-domain
To fix this add the `okta.oauth2.issuer` property to your application environments.
2024-08-01T09:27:33.635-03:00 DEBUG 10971 --- [coremastermarket] [    Test worker] ConfigServletWebServerApplicationContext : Refreshing org.springframework.boot.web.servlet.context.AnnotationConfigServletWebServerApplicationContext@6c3d3d83
2024-08-01T09:27:33.642-03:00 DEBUG 10971 --- [coremastermarket] [    Test worker] o.s.b.f.s.DefaultListableBeanFactory     : Creating shared instance of singleton bean 'org.springframework.context.annotation.internalConfigurationAnnotationProcessor'
2024-08-01T09:27:33.642-03:00 DEBUG 10971 --- [coremastermarket] [    Test worker] o.s.b.f.s.DefaultListableBeanFactory     : Creating shared instance of singleton bean 'org.springframework.boot.autoconfigure.internalCachingMetadataReaderFactory'
2024-08-01T09:27:33.649-03:00 DEBUG 10971 --- [coremastermarket] [    Test worker] o.s.c.a.ClassPathBeanDefinitionScanner   : Identified candidate component class: file [/Users/rodolfobrandao/React Studio/Projeto Curso Final/coremastermarket/application-backend/build/classes/java/test/com/rodolfobrandao/coremastermarket/tools/TestConfig.class]
2024-08-01T09:27:33.650-03:00 DEBUG 10971 --- [coremastermarket] [    Test worker] o.s.c.a.ClassPathBeanDefinitionScanner   : Identified candidate component class: file [/Users/rodolfobrandao/React Studio/Projeto Curso Final/coremastermarket/application-backend/build/classes/java/main/com/rodolfobrandao/coremastermarket/config/PreLoadDatabase.class]
2024-08-01T09:27:33.651-03:00 DEBUG 10971 --- [coremastermarket] [    Test worker] o.s.c.a.ClassPathBeanDefinitionScanner   : Identified candidate component class: file [/Users/rodolfobrandao/React Studio/Projeto Curso Final/coremastermarket/application-backend/build/classes/java/main/com/rodolfobrandao/coremastermarket/controllers/cliente/ClienteController.class]
2024-08-01T09:27:33.651-03:00 DEBUG 10971 --- [coremastermarket] [    Test worker] o.s.c.a.ClassPathBeanDefinitionScanner   : Identified candidate component class: file [/Users/rodolfobrandao/React Studio/Projeto Curso Final/coremastermarket/application-backend/build/classes/java/main/com/rodolfobrandao/coremastermarket/controllers/pdv/MetadosPagamentosController.class]
2024-08-01T09:27:33.651-03:00 DEBUG 10971 --- [coremastermarket] [    Test worker] o.s.c.a.ClassPathBeanDefinitionScanner   : Identified candidate component class: file [/Users/rodolfobrandao/React Studio/Projeto Curso Final/coremastermarket/application-backend/build/classes/java/main/com/rodolfobrandao/coremastermarket/controllers/pdv/ModoPagamentoController.class]
2024-08-01T09:27:33.651-03:00 DEBUG 10971 --- [coremastermarket] [    Test worker] o.s.c.a.ClassPathBeanDefinitionScanner   : Identified candidate component class: file [/Users/rodolfobrandao/React Studio/Projeto Curso Final/coremastermarket/application-backend/build/classes/java/main/com/rodolfobrandao/coremastermarket/controllers/pdv/VendaController.class]
2024-08-01T09:27:33.651-03:00 DEBUG 10971 --- [coremastermarket] [    Test worker] o.s.c.a.ClassPathBeanDefinitionScanner   : Identified candidate component class: file [/Users/rodolfobrandao/React Studio/Projeto Curso Final/coremastermarket/application-backend/build/classes/java/main/com/rodolfobrandao/coremastermarket/controllers/produto/MarcaController.class]
2024-08-01T09:27:33.651-03:00 DEBUG 10971 --- [coremastermarket] [    Test worker] o.s.c.a.ClassPathBeanDefinitionScanner   : Identified candidate component class: file [/Users/rodolfobrandao/React Studio/Projeto Curso Final/coremastermarket/application-backend/build/classes/java/main/com/rodolfobrandao/coremastermarket/controllers/produto/ProdutoController.class]
2024-08-01T09:27:33.653-03:00 DEBUG 10971 --- [coremastermarket] [    Test worker] o.s.c.a.ClassPathBeanDefinitionScanner   : Ignored because not a concrete top-level class: file [/Users/rodolfobrandao/React Studio/Projeto Curso Final/coremastermarket/application-backend/build/classes/java/main/com/rodolfobrandao/coremastermarket/repositories/cliente/ClienteRepository.class]
2024-08-01T09:27:33.653-03:00 DEBUG 10971 --- [coremastermarket] [    Test worker] o.s.c.a.ClassPathBeanDefinitionScanner   : Ignored because not a concrete top-level class: file [/Users/rodolfobrandao/React Studio/Projeto Curso Final/coremastermarket/application-backend/build/classes/java/main/com/rodolfobrandao/coremastermarket/repositories/pdv/VendaRepository.class]
2024-08-01T09:27:33.653-03:00 DEBUG 10971 --- [coremastermarket] [    Test worker] o.s.c.a.ClassPathBeanDefinitionScanner   : Ignored because not a concrete top-level class: file [/Users/rodolfobrandao/React Studio/Projeto Curso Final/coremastermarket/application-backend/build/classes/java/main/com/rodolfobrandao/coremastermarket/repositories/produto/MarcaRepository.class]
2024-08-01T09:27:33.653-03:00 DEBUG 10971 --- [coremastermarket] [    Test worker] o.s.c.a.ClassPathBeanDefinitionScanner   : Ignored because not a concrete top-level class: file [/Users/rodolfobrandao/React Studio/Projeto Curso Final/coremastermarket/application-backend/build/classes/java/main/com/rodolfobrandao/coremastermarket/repositories/produto/ProdutoRepository.class]
2024-08-01T09:27:33.653-03:00 DEBUG 10971 --- [coremastermarket] [    Test worker] o.s.c.a.ClassPathBeanDefinitionScanner   : Identified candidate component class: file [/Users/rodolfobrandao/React Studio/Projeto Curso Final/coremastermarket/application-backend/build/classes/java/main/com/rodolfobrandao/coremastermarket/repositories/tools/GenericQueryServiceConfig.class]
2024-08-01T09:27:33.654-03:00 DEBUG 10971 --- [coremastermarket] [    Test worker] o.s.c.a.ClassPathBeanDefinitionScanner   : Identified candidate component class: file [/Users/rodolfobrandao/React Studio/Projeto Curso Final/coremastermarket/application-backend/build/classes/java/main/com/rodolfobrandao/coremastermarket/security/AuthorizationService.class]
2024-08-01T09:27:33.654-03:00 DEBUG 10971 --- [coremastermarket] [    Test worker] o.s.c.a.ClassPathBeanDefinitionScanner   : Identified candidate component class: file [/Users/rodolfobrandao/React Studio/Projeto Curso Final/coremastermarket/application-backend/build/classes/java/main/com/rodolfobrandao/coremastermarket/security/config/JacksonConfig.class]
2024-08-01T09:27:33.654-03:00 DEBUG 10971 --- [coremastermarket] [    Test worker] o.s.c.a.ClassPathBeanDefinitionScanner   : Identified candidate component class: file [/Users/rodolfobrandao/React Studio/Projeto Curso Final/coremastermarket/application-backend/build/classes/java/main/com/rodolfobrandao/coremastermarket/security/config/SecurityConfiguration.class]
2024-08-01T09:27:33.654-03:00 DEBUG 10971 --- [coremastermarket] [    Test worker] o.s.c.a.ClassPathBeanDefinitionScanner   : Identified candidate component class: file [/Users/rodolfobrandao/React Studio/Projeto Curso Final/coremastermarket/application-backend/build/classes/java/main/com/rodolfobrandao/coremastermarket/security/config/TokenService.class]
2024-08-01T09:27:33.654-03:00 DEBUG 10971 --- [coremastermarket] [    Test worker] o.s.c.a.ClassPathBeanDefinitionScanner   : Identified candidate component class: file [/Users/rodolfobrandao/React Studio/Projeto Curso Final/coremastermarket/application-backend/build/classes/java/main/com/rodolfobrandao/coremastermarket/security/controllers/AuthenticationController.class]
2024-08-01T09:27:33.654-03:00 DEBUG 10971 --- [coremastermarket] [    Test worker] o.s.c.a.ClassPathBeanDefinitionScanner   : Identified candidate component class: file [/Users/rodolfobrandao/React Studio/Projeto Curso Final/coremastermarket/application-backend/build/classes/java/main/com/rodolfobrandao/coremastermarket/security/models/user/SecurityFilter.class]
2024-08-01T09:27:33.655-03:00 DEBUG 10971 --- [coremastermarket] [    Test worker] o.s.c.a.ClassPathBeanDefinitionScanner   : Identified candidate component class: file [/Users/rodolfobrandao/React Studio/Projeto Curso Final/coremastermarket/application-backend/build/classes/java/main/com/rodolfobrandao/coremastermarket/services/cliente/ClienteService.class]
2024-08-01T09:27:33.655-03:00 DEBUG 10971 --- [coremastermarket] [    Test worker] o.s.c.a.ClassPathBeanDefinitionScanner   : Identified candidate component class: file [/Users/rodolfobrandao/React Studio/Projeto Curso Final/coremastermarket/application-backend/build/classes/java/main/com/rodolfobrandao/coremastermarket/services/produto/MarcaService.class]
2024-08-01T09:27:33.655-03:00 DEBUG 10971 --- [coremastermarket] [    Test worker] o.s.c.a.ClassPathBeanDefinitionScanner   : Identified candidate component class: file [/Users/rodolfobrandao/React Studio/Projeto Curso Final/coremastermarket/application-backend/build/classes/java/main/com/rodolfobrandao/coremastermarket/services/produto/ProdutoService.class]
2024-08-01T09:27:33.655-03:00 DEBUG 10971 --- [coremastermarket] [    Test worker] o.s.c.a.ClassPathBeanDefinitionScanner   : Identified candidate component class: file [/Users/rodolfobrandao/React Studio/Projeto Curso Final/coremastermarket/application-backend/build/classes/java/main/com/rodolfobrandao/coremastermarket/services/pve/MetadosPagamentoService.class]
2024-08-01T09:27:33.655-03:00 DEBUG 10971 --- [coremastermarket] [    Test worker] o.s.c.a.ClassPathBeanDefinitionScanner   : Identified candidate component class: file [/Users/rodolfobrandao/React Studio/Projeto Curso Final/coremastermarket/application-backend/build/classes/java/main/com/rodolfobrandao/coremastermarket/services/pve/ModoPagamentoService.class]
2024-08-01T09:27:33.656-03:00 DEBUG 10971 --- [coremastermarket] [    Test worker] o.s.c.a.ClassPathBeanDefinitionScanner   : Identified candidate component class: file [/Users/rodolfobrandao/React Studio/Projeto Curso Final/coremastermarket/application-backend/build/classes/java/main/com/rodolfobrandao/coremastermarket/services/pve/VendaService.class]
2024-08-01T09:27:33.656-03:00 DEBUG 10971 --- [coremastermarket] [    Test worker] o.s.c.a.ClassPathBeanDefinitionScanner   : Identified candidate component class: file [/Users/rodolfobrandao/React Studio/Projeto Curso Final/coremastermarket/application-backend/build/classes/java/main/com/rodolfobrandao/coremastermarket/specifications/GenericQueryServiceImpl.class]
2024-08-01T09:27:33.656-03:00 DEBUG 10971 --- [coremastermarket] [    Test worker] o.s.c.a.ClassPathBeanDefinitionScanner   : Identified candidate component class: file [/Users/rodolfobrandao/React Studio/Projeto Curso Final/coremastermarket/application-backend/build/classes/java/main/com/rodolfobrandao/coremastermarket/specifications/GenericService.class]
2024-08-01T09:27:33.656-03:00 DEBUG 10971 --- [coremastermarket] [    Test worker] o.s.c.a.ClassPathBeanDefinitionScanner   : Identified candidate component class: file [/Users/rodolfobrandao/React Studio/Projeto Curso Final/coremastermarket/application-backend/build/classes/java/main/com/rodolfobrandao/coremastermarket/tools/GlobalExceptionHandler.class]
2024-08-01T09:27:33.656-03:00 DEBUG 10971 --- [coremastermarket] [    Test worker] o.s.c.a.ClassPathBeanDefinitionScanner   : Identified candidate component class: file [/Users/rodolfobrandao/React Studio/Projeto Curso Final/coremastermarket/application-backend/build/classes/java/main/com/rodolfobrandao/coremastermarket/tools/swagger/OpenApiConfig.class]
2024-08-01T09:27:33.656-03:00 DEBUG 10971 --- [coremastermarket] [    Test worker] o.s.c.a.ClassPathBeanDefinitionScanner   : Identified candidate component class: file [/Users/rodolfobrandao/React Studio/Projeto Curso Final/coremastermarket/application-backend/build/classes/java/main/com/rodolfobrandao/coremastermarket/tools/swagger/SwaggerAspect.class]
2024-08-01T09:27:33.892-03:00  INFO 10971 --- [coremastermarket] [    Test worker] .s.d.r.c.RepositoryConfigurationDelegate : Multiple Spring Data modules found, entering strict repository configuration mode
2024-08-01T09:27:33.893-03:00  INFO 10971 --- [coremastermarket] [    Test worker] .s.d.r.c.RepositoryConfigurationDelegate : Bootstrapping Spring Data JPA repositories in DEFAULT mode.
2024-08-01T09:27:33.893-03:00 DEBUG 10971 --- [coremastermarket] [    Test worker] o.s.b.f.s.DefaultListableBeanFactory     : Creating shared instance of singleton bean 'org.springframework.boot.autoconfigure.AutoConfigurationPackages'
2024-08-01T09:27:33.893-03:00 DEBUG 10971 --- [coremastermarket] [    Test worker] o.s.b.a.AutoConfigurationPackages        : @EnableAutoConfiguration was declared on a class in the package 'com.rodolfobrandao.coremastermarket'. Automatic @Repository and @Entity scanning is enabled.
2024-08-01T09:27:33.893-03:00 DEBUG 10971 --- [coremastermarket] [    Test worker] .s.d.r.c.RepositoryConfigurationDelegate : Scanning for JPA repositories in packages com.rodolfobrandao.coremastermarket.
2024-08-01T09:27:33.899-03:00 DEBUG 10971 --- [coremastermarket] [    Test worker] o.s.d.r.c.RepositoryComponentProvider    : Identified candidate component class: file [/Users/rodolfobrandao/React Studio/Projeto Curso Final/coremastermarket/application-backend/build/classes/java/main/com/rodolfobrandao/coremastermarket/repositories/cliente/ClienteRepository.class]
2024-08-01T09:27:33.899-03:00 DEBUG 10971 --- [coremastermarket] [    Test worker] o.s.d.r.c.RepositoryComponentProvider    : Identified candidate component class: file [/Users/rodolfobrandao/React Studio/Projeto Curso Final/coremastermarket/application-backend/build/classes/java/main/com/rodolfobrandao/coremastermarket/repositories/pdv/MetadosPagamentosRepository.class]
2024-08-01T09:27:33.899-03:00 DEBUG 10971 --- [coremastermarket] [    Test worker] o.s.d.r.c.RepositoryComponentProvider    : Identified candidate component class: file [/Users/rodolfobrandao/React Studio/Projeto Curso Final/coremastermarket/application-backend/build/classes/java/main/com/rodolfobrandao/coremastermarket/repositories/pdv/ModoPagamentoRepository.class]
2024-08-01T09:27:33.899-03:00 DEBUG 10971 --- [coremastermarket] [    Test worker] o.s.d.r.c.RepositoryComponentProvider    : Identified candidate component class: file [/Users/rodolfobrandao/React Studio/Projeto Curso Final/coremastermarket/application-backend/build/classes/java/main/com/rodolfobrandao/coremastermarket/repositories/pdv/VendaRepository.class]
2024-08-01T09:27:33.899-03:00 DEBUG 10971 --- [coremastermarket] [    Test worker] o.s.d.r.c.RepositoryComponentProvider    : Identified candidate component class: file [/Users/rodolfobrandao/React Studio/Projeto Curso Final/coremastermarket/application-backend/build/classes/java/main/com/rodolfobrandao/coremastermarket/repositories/produto/MarcaRepository.class]
2024-08-01T09:27:33.899-03:00 DEBUG 10971 --- [coremastermarket] [    Test worker] o.s.d.r.c.RepositoryComponentProvider    : Identified candidate component class: file [/Users/rodolfobrandao/React Studio/Projeto Curso Final/coremastermarket/application-backend/build/classes/java/main/com/rodolfobrandao/coremastermarket/repositories/produto/ProdutoRepository.class]
2024-08-01T09:27:33.901-03:00 DEBUG 10971 --- [coremastermarket] [    Test worker] o.s.d.r.c.RepositoryComponentProvider    : Identified candidate component class: file [/Users/rodolfobrandao/React Studio/Projeto Curso Final/coremastermarket/application-backend/build/classes/java/main/com/rodolfobrandao/coremastermarket/security/repositories/UserRepository.class]
2024-08-01T09:27:33.908-03:00 DEBUG 10971 --- [coremastermarket] [    Test worker] ssPathScanningCandidateComponentProvider : Identified candidate component class: file [/Users/rodolfobrandao/React Studio/Projeto Curso Final/coremastermarket/application-backend/build/classes/java/main/com/rodolfobrandao/coremastermarket/specifications/GenericQueryServiceImpl.class]
2024-08-01T09:27:33.910-03:00  INFO 10971 --- [coremastermarket] [    Test worker] .s.d.r.c.RepositoryConfigurationDelegate : Finished Spring Data repository scanning in 17 ms. Found 7 JPA repository interfaces.
2024-08-01T09:27:33.917-03:00  INFO 10971 --- [coremastermarket] [    Test worker] .s.d.r.c.RepositoryConfigurationDelegate : Multiple Spring Data modules found, entering strict repository configuration mode
2024-08-01T09:27:33.917-03:00  INFO 10971 --- [coremastermarket] [    Test worker] .s.d.r.c.RepositoryConfigurationDelegate : Bootstrapping Spring Data JDBC repositories in DEFAULT mode.
2024-08-01T09:27:33.917-03:00 DEBUG 10971 --- [coremastermarket] [    Test worker] .s.d.r.c.RepositoryConfigurationDelegate : Scanning for JDBC repositories in packages com.rodolfobrandao.coremastermarket.
2024-08-01T09:27:33.922-03:00 DEBUG 10971 --- [coremastermarket] [    Test worker] o.s.d.r.c.RepositoryComponentProvider    : Identified candidate component class: file [/Users/rodolfobrandao/React Studio/Projeto Curso Final/coremastermarket/application-backend/build/classes/java/main/com/rodolfobrandao/coremastermarket/repositories/cliente/ClienteRepository.class]
2024-08-01T09:27:33.923-03:00 DEBUG 10971 --- [coremastermarket] [    Test worker] o.s.d.r.c.RepositoryComponentProvider    : Identified candidate component class: file [/Users/rodolfobrandao/React Studio/Projeto Curso Final/coremastermarket/application-backend/build/classes/java/main/com/rodolfobrandao/coremastermarket/repositories/pdv/MetadosPagamentosRepository.class]
2024-08-01T09:27:33.923-03:00 DEBUG 10971 --- [coremastermarket] [    Test worker] o.s.d.r.c.RepositoryComponentProvider    : Identified candidate component class: file [/Users/rodolfobrandao/React Studio/Projeto Curso Final/coremastermarket/application-backend/build/classes/java/main/com/rodolfobrandao/coremastermarket/repositories/pdv/ModoPagamentoRepository.class]
2024-08-01T09:27:33.923-03:00 DEBUG 10971 --- [coremastermarket] [    Test worker] o.s.d.r.c.RepositoryComponentProvider    : Identified candidate component class: file [/Users/rodolfobrandao/React Studio/Projeto Curso Final/coremastermarket/application-backend/build/classes/java/main/com/rodolfobrandao/coremastermarket/repositories/pdv/VendaRepository.class]
2024-08-01T09:27:33.923-03:00 DEBUG 10971 --- [coremastermarket] [    Test worker] o.s.d.r.c.RepositoryComponentProvider    : Identified candidate component class: file [/Users/rodolfobrandao/React Studio/Projeto Curso Final/coremastermarket/application-backend/build/classes/java/main/com/rodolfobrandao/coremastermarket/repositories/produto/MarcaRepository.class]
2024-08-01T09:27:33.923-03:00 DEBUG 10971 --- [coremastermarket] [    Test worker] o.s.d.r.c.RepositoryComponentProvider    : Identified candidate component class: file [/Users/rodolfobrandao/React Studio/Projeto Curso Final/coremastermarket/application-backend/build/classes/java/main/com/rodolfobrandao/coremastermarket/repositories/produto/ProdutoRepository.class]
2024-08-01T09:27:33.923-03:00 DEBUG 10971 --- [coremastermarket] [    Test worker] o.s.d.r.c.RepositoryComponentProvider    : Identified candidate component class: file [/Users/rodolfobrandao/React Studio/Projeto Curso Final/coremastermarket/application-backend/build/classes/java/main/com/rodolfobrandao/coremastermarket/security/repositories/UserRepository.class]
2024-08-01T09:27:33.923-03:00  INFO 10971 --- [coremastermarket] [    Test worker] .RepositoryConfigurationExtensionSupport : Spring Data JDBC - Could not safely identify store assignment for repository candidate interface com.rodolfobrandao.coremastermarket.repositories.cliente.ClienteRepository; If you want this repository to be a JDBC repository, consider annotating your entities with one of these annotations: org.springframework.data.relational.core.mapping.Table.
2024-08-01T09:27:33.923-03:00  INFO 10971 --- [coremastermarket] [    Test worker] .RepositoryConfigurationExtensionSupport : Spring Data JDBC - Could not safely identify store assignment for repository candidate interface com.rodolfobrandao.coremastermarket.repositories.pdv.MetadosPagamentosRepository; If you want this repository to be a JDBC repository, consider annotating your entities with one of these annotations: org.springframework.data.relational.core.mapping.Table.
2024-08-01T09:27:33.923-03:00  INFO 10971 --- [coremastermarket] [    Test worker] .RepositoryConfigurationExtensionSupport : Spring Data JDBC - Could not safely identify store assignment for repository candidate interface com.rodolfobrandao.coremastermarket.repositories.pdv.ModoPagamentoRepository; If you want this repository to be a JDBC repository, consider annotating your entities with one of these annotations: org.springframework.data.relational.core.mapping.Table.
2024-08-01T09:27:33.923-03:00  INFO 10971 --- [coremastermarket] [    Test worker] .RepositoryConfigurationExtensionSupport : Spring Data JDBC - Could not safely identify store assignment for repository candidate interface com.rodolfobrandao.coremastermarket.repositories.pdv.VendaRepository; If you want this repository to be a JDBC repository, consider annotating your entities with one of these annotations: org.springframework.data.relational.core.mapping.Table.
2024-08-01T09:27:33.923-03:00  INFO 10971 --- [coremastermarket] [    Test worker] .RepositoryConfigurationExtensionSupport : Spring Data JDBC - Could not safely identify store assignment for repository candidate interface com.rodolfobrandao.coremastermarket.repositories.produto.MarcaRepository; If you want this repository to be a JDBC repository, consider annotating your entities with one of these annotations: org.springframework.data.relational.core.mapping.Table.
2024-08-01T09:27:33.923-03:00  INFO 10971 --- [coremastermarket] [    Test worker] .RepositoryConfigurationExtensionSupport : Spring Data JDBC - Could not safely identify store assignment for repository candidate interface com.rodolfobrandao.coremastermarket.repositories.produto.ProdutoRepository; If you want this repository to be a JDBC repository, consider annotating your entities with one of these annotations: org.springframework.data.relational.core.mapping.Table.
2024-08-01T09:27:33.924-03:00  INFO 10971 --- [coremastermarket] [    Test worker] .RepositoryConfigurationExtensionSupport : Spring Data JDBC - Could not safely identify store assignment for repository candidate interface com.rodolfobrandao.coremastermarket.security.repositories.UserRepository; If you want this repository to be a JDBC repository, consider annotating your entities with one of these annotations: org.springframework.data.relational.core.mapping.Table.
2024-08-01T09:27:33.924-03:00  INFO 10971 --- [coremastermarket] [    Test worker] .s.d.r.c.RepositoryConfigurationDelegate : Finished Spring Data repository scanning in 6 ms. Found 0 JDBC repository interfaces.
2024-08-01T09:27:33.961-03:00 DEBUG 10971 --- [coremastermarket] [    Test worker] o.s.b.f.s.DefaultListableBeanFactory     : Creating shared instance of singleton bean 'org.springframework.boot.test.web.client.TestRestTemplateContextCustomizer$TestRestTemplateRegistrar'
2024-08-01T09:27:33.961-03:00 DEBUG 10971 --- [coremastermarket] [    Test worker] o.s.b.f.s.DefaultListableBeanFactory     : Creating shared instance of singleton bean 'org.springframework.boot.test.web.reactive.server.WebTestClientContextCustomizer$WebTestClientRegistrar'
2024-08-01T09:27:33.962-03:00 DEBUG 10971 --- [coremastermarket] [    Test worker] o.s.b.f.s.DefaultListableBeanFactory     : Creating shared instance of singleton bean 'refreshScope'
2024-08-01T09:27:33.966-03:00 DEBUG 10971 --- [coremastermarket] [    Test worker] o.s.b.f.s.DefaultListableBeanFactory     : Creating shared instance of singleton bean 'springSecurityHandlerMappingIntrospectorBeanDefinitionRegistryPostProcessor'
2024-08-01T09:27:33.966-03:00 DEBUG 10971 --- [coremastermarket] [    Test worker] o.s.b.f.s.DefaultListableBeanFactory     : Creating shared instance of singleton bean 'authorizedClientManagerRegistrar'
2024-08-01T09:27:33.966-03:00 DEBUG 10971 --- [coremastermarket] [    Test worker] o.s.b.f.s.DefaultListableBeanFactory     : Creating shared instance of singleton bean 'org.springframework.security.config.annotation.web.configuration.OAuth2ClientConfiguration$OAuth2AuthorizedClientManagerConfiguration'
2024-08-01T09:27:33.966-03:00 DEBUG 10971 --- [coremastermarket] [    Test worker] o.s.b.f.s.DefaultListableBeanFactory     : Creating shared instance of singleton bean 'org.springframework.cloud.autoconfigure.RefreshAutoConfiguration$RefreshScopeBeanDefinitionEnhancer'
2024-08-01T09:27:33.971-03:00 DEBUG 10971 --- [coremastermarket] [    Test worker] o.s.cloud.context.scope.GenericScope     : Generating bean factory id from names: [additionalModelsConverter, applicationAvailability, applicationTaskExecutor, authenticationController, authenticationManager, authenticationManagerBuilder, authorizationService, authorizedClientManagerRegistrar, basicErrorController, beanNameHandlerMapping, beanNameViewResolver, characterEncodingFilter, chatClientBuilder, chatClientBuilderConfigurer, clienteController, clienteRepository, clienteService, compositeCompatibilityVerifier, compositeDiscoveryClient, configDataContextRefresher, configurationPropertiesBeans, configurationPropertiesRebinder, conventionErrorViewResolver, conversionServicePostProcessor, cookieSerializer, coremastermarketApplication, customOpenAPI, data-jdbc.repository-aot-processor#0, data-jpa.repository-aot-processor#0, dataAccessStrategyBean, dataSource, dataSourceScriptDatabaseInitializer, defaultCodecCustomizer, defaultServletHandlerMapping, defaultTemplateResolver, defaultValidator, defaultViewResolver, defaultsBindHandlerAdvisor, delegatingApplicationListener, delegatingMethodParameterCustomizer, dispatcherServlet, dispatcherServletRegistration, emBeanDefinitionRegistrarPostProcessor, enableGlobalAuthenticationAutowiredConfigurer, entityManagerFactory, entityManagerFactoryBuilder, environmentManager, error, errorAttributes, errorPageCustomizer, errorPageRegistrarBeanPostProcessor, exchangeStrategiesCustomizer, fileSupportConverter, fileWatcher, flashMapManager, formContentFilter, functionCatalog, functionRouter, genericQueryServiceConfig, genericQueryServiceImpl, genericReturnTypeParser, genericService, globalExceptionHandler, gson, gsonBuilder, handlerExceptionResolver, handlerFunctionAdapter, hikariPoolDataSourceMetadataProvider, httpMessageConvertersRestClientCustomizer, httpRequestHandlerAdapter, indexPageTransformer, inetUtils, inetUtilsProperties, initializeAuthenticationProviderBeanManagerConfigurer, initializeUserDetailsBeanManagerConfigurer, jacksonCodecCustomizer, jacksonConfig, jacksonGeoModule, jacksonObjectMapperBuilder, jdbcAggregateTemplate, jdbcClient, jdbcConnectionDetails, jdbcConnectionDetailsHikariBeanPostProcessor, jdbcConverter, jdbcCustomConversions, jdbcDialect, jdbcManagedTypes, jdbcMappingContext, jdbcTemplate, jpa.ClienteRepository.fragments#0, jpa.MarcaRepository.fragments#0, jpa.MetadosPagamentosRepository.fragments#0, jpa.ModoPagamentoRepository.fragments#0, jpa.ProdutoRepository.fragments#0, jpa.UserRepository.fragments#0, jpa.VendaRepository.fragments#0, jpa.named-queries#0, jpa.named-queries#1, jpa.named-queries#2, jpa.named-queries#3, jpa.named-queries#4, jpa.named-queries#5, jpa.named-queries#6, jpaContext, jpaMappingContext, jpaSharedEM_entityManagerFactory, jpaVendorAdapter, jsonComponentModule, jsonMapper, jsonMixinModule, jsonMixinModuleEntries, lifecycleProcessor, loadBalancerClientsDefaultsMappingsProvider, localSpringDocParameterNameDiscoverer, localeCharsetMappingsCustomizer, localeResolver, loggingRebinder, mappingJackson2HttpMessageConverter, marcaController, marcaRepository, marcaService, messageConverters, metadosPagamentoService, metadosPagamentosController, metadosPagamentosRepository, methodValidationPostProcessor, modelConverterRegistrar, modoPagamentoController, modoPagamentoRepository, modoPagamentoService, multipartConfigElement, multipartResolver, mvcContentNegotiationManager, mvcConversionService, mvcHandlerMappingIntrospector, mvcHandlerMappingIntrospectorRequestTransformer, mvcPathMatcher, mvcPatternParser, mvcResourceUrlProvider, mvcUriComponentsContributor, mvcUrlPathHelper, mvcValidator, mvcViewResolver, namedParameterJdbcTemplate, nativeFunctionInvocationHelper, nettyWebServerFactoryCustomizer, objectMapper, objectPostProcessor, offsetResolver, ollamaApi, ollamaChatModel, ollamaConnectionDetails, ollamaEmbeddingModel, openAPIBuilder, openApiConfig, openApiResource, openEntityManagerInViewInterceptor, openEntityManagerInViewInterceptorConfigurer, operationBuilder, org.springdoc.core.configuration.SpringDocConfiguration, org.springdoc.core.configuration.SpringDocConfiguration$OpenApiResourceAdvice, org.springdoc.core.configuration.SpringDocConfiguration$QuerydslProvider, org.springdoc.core.configuration.SpringDocConfiguration$SpringDocSpringDataWebPropertiesProvider, org.springdoc.core.configuration.SpringDocConfiguration$SpringDocWebFluxSupportConfiguration, org.springdoc.core.configuration.SpringDocConfiguration$WebConversionServiceConfiguration, org.springdoc.core.configuration.SpringDocPageableConfiguration, org.springdoc.core.configuration.SpringDocSecurityConfiguration, org.springdoc.core.configuration.SpringDocSecurityConfiguration$SpringSecurityLoginEndpointConfiguration, org.springdoc.core.configuration.SpringDocSortConfiguration, org.springdoc.core.configuration.SpringDocUIConfiguration, org.springdoc.core.properties.SpringDocConfigProperties, org.springdoc.core.properties.SwaggerUiConfigParameters, org.springdoc.core.properties.SwaggerUiConfigProperties, org.springdoc.core.properties.SwaggerUiOAuthProperties, org.springdoc.webmvc.core.configuration.SpringDocWebMvcConfiguration, org.springdoc.webmvc.core.configuration.SpringDocWebMvcConfiguration$SpringDocWebMvcRouterConfiguration, org.springdoc.webmvc.ui.SwaggerConfig, org.springframework.ai.autoconfigure.chat.client.ChatClientAutoConfiguration, org.springframework.ai.autoconfigure.ollama.OllamaAutoConfiguration, org.springframework.ai.autoconfigure.retry.SpringAiRetryAutoConfiguration, org.springframework.aop.config.internalAutoProxyCreator, org.springframework.boot.autoconfigure.AutoConfigurationPackages, org.springframework.boot.autoconfigure.aop.AopAutoConfiguration, org.springframework.boot.autoconfigure.aop.AopAutoConfiguration$AspectJAutoProxyingConfiguration, org.springframework.boot.autoconfigure.aop.AopAutoConfiguration$AspectJAutoProxyingConfiguration$CglibAutoProxyConfiguration, org.springframework.boot.autoconfigure.availability.ApplicationAvailabilityAutoConfiguration, org.springframework.boot.autoconfigure.context.ConfigurationPropertiesAutoConfiguration, org.springframework.boot.autoconfigure.context.LifecycleAutoConfiguration, org.springframework.boot.autoconfigure.context.PropertyPlaceholderAutoConfiguration, org.springframework.boot.autoconfigure.dao.PersistenceExceptionTranslationAutoConfiguration, org.springframework.boot.autoconfigure.data.jdbc.JdbcRepositoriesAutoConfiguration, org.springframework.boot.autoconfigure.data.jdbc.JdbcRepositoriesAutoConfiguration$JdbcRepositoriesConfiguration, org.springframework.boot.autoconfigure.data.jdbc.JdbcRepositoriesAutoConfiguration$SpringBootJdbcConfiguration, org.springframework.boot.autoconfigure.data.jpa.JpaRepositoriesAutoConfiguration, org.springframework.boot.autoconfigure.data.web.SpringDataWebAutoConfiguration, org.springframework.boot.autoconfigure.gson.GsonAutoConfiguration, org.springframework.boot.autoconfigure.http.GsonHttpMessageConvertersConfiguration, org.springframework.boot.autoconfigure.http.HttpMessageConvertersAutoConfiguration, org.springframework.boot.autoconfigure.http.HttpMessageConvertersAutoConfiguration$StringHttpMessageConverterConfiguration, org.springframework.boot.autoconfigure.http.JacksonHttpMessageConvertersConfiguration, org.springframework.boot.autoconfigure.http.JacksonHttpMessageConvertersConfiguration$MappingJackson2HttpMessageConverterConfiguration, org.springframework.boot.autoconfigure.http.codec.CodecsAutoConfiguration, org.springframework.boot.autoconfigure.http.codec.CodecsAutoConfiguration$DefaultCodecsConfiguration, org.springframework.boot.autoconfigure.http.codec.CodecsAutoConfiguration$JacksonCodecConfiguration, org.springframework.boot.autoconfigure.info.ProjectInfoAutoConfiguration, org.springframework.boot.autoconfigure.internalCachingMetadataReaderFactory, org.springframework.boot.autoconfigure.jackson.JacksonAutoConfiguration, org.springframework.boot.autoconfigure.jackson.JacksonAutoConfiguration$Jackson2ObjectMapperBuilderCustomizerConfiguration, org.springframework.boot.autoconfigure.jackson.JacksonAutoConfiguration$JacksonMixinConfiguration, org.springframework.boot.autoconfigure.jackson.JacksonAutoConfiguration$JacksonObjectMapperBuilderConfiguration, org.springframework.boot.autoconfigure.jackson.JacksonAutoConfiguration$JacksonObjectMapperConfiguration, org.springframework.boot.autoconfigure.jackson.JacksonAutoConfiguration$ParameterNamesModuleConfiguration, org.springframework.boot.autoconfigure.jdbc.DataSourceAutoConfiguration, org.springframework.boot.autoconfigure.jdbc.DataSourceAutoConfiguration$PooledDataSourceConfiguration, org.springframework.boot.autoconfigure.jdbc.DataSourceConfiguration$Hikari, org.springframework.boot.autoconfigure.jdbc.DataSourceTransactionManagerAutoConfiguration, org.springframework.boot.autoconfigure.jdbc.DataSourceTransactionManagerAutoConfiguration$JdbcTransactionManagerConfiguration, org.springframework.boot.autoconfigure.jdbc.JdbcClientAutoConfiguration, org.springframework.boot.autoconfigure.jdbc.JdbcTemplateAutoConfiguration, org.springframework.boot.autoconfigure.jdbc.JdbcTemplateConfiguration, org.springframework.boot.autoconfigure.jdbc.NamedParameterJdbcTemplateConfiguration, org.springframework.boot.autoconfigure.jdbc.metadata.DataSourcePoolMetadataProvidersConfiguration, org.springframework.boot.autoconfigure.jdbc.metadata.DataSourcePoolMetadataProvidersConfiguration$HikariPoolDataSourceMetadataProviderConfiguration, org.springframework.boot.autoconfigure.netty.NettyAutoConfiguration, org.springframework.boot.autoconfigure.orm.jpa.HibernateJpaAutoConfiguration, org.springframework.boot.autoconfigure.orm.jpa.HibernateJpaConfiguration, org.springframework.boot.autoconfigure.orm.jpa.JpaBaseConfiguration$JpaWebConfiguration, org.springframework.boot.autoconfigure.orm.jpa.JpaBaseConfiguration$PersistenceManagedTypesConfiguration, org.springframework.boot.autoconfigure.reactor.ReactorAutoConfiguration, org.springframework.boot.autoconfigure.reactor.netty.ReactorNettyConfigurations$ReactorResourceFactoryConfiguration, org.springframework.boot.autoconfigure.security.oauth2.client.servlet.OAuth2ClientAutoConfiguration, org.springframework.boot.autoconfigure.security.oauth2.resource.servlet.OAuth2ResourceServerAutoConfiguration, org.springframework.boot.autoconfigure.security.oauth2.resource.servlet.OAuth2ResourceServerJwtConfiguration$JwtDecoderConfiguration, org.springframework.boot.autoconfigure.security.oauth2.resource.servlet.OAuth2ResourceServerOpaqueTokenConfiguration$OpaqueTokenIntrospectionClientConfiguration, org.springframework.boot.autoconfigure.security.oauth2.resource.servlet.Oauth2ResourceServerConfiguration$JwtConfiguration, org.springframework.boot.autoconfigure.security.oauth2.resource.servlet.Oauth2ResourceServerConfiguration$OpaqueTokenConfiguration, org.springframework.boot.autoconfigure.security.reactive.ReactiveSecurityAutoConfiguration, org.springframework.boot.autoconfigure.security.servlet.SecurityFilterAutoConfiguration, org.springframework.boot.autoconfigure.session.SessionAutoConfiguration, org.springframework.boot.autoconfigure.session.SessionAutoConfiguration$ServletSessionConfiguration, org.springframework.boot.autoconfigure.session.SessionAutoConfiguration$ServletSessionConfiguration$RememberMeServicesConfiguration, org.springframework.boot.autoconfigure.session.SessionAutoConfiguration$ServletSessionConfiguration$ServletSessionRepositoryConfiguration, org.springframework.boot.autoconfigure.sql.init.DataSourceInitializationConfiguration, org.springframework.boot.autoconfigure.sql.init.SqlInitializationAutoConfiguration, org.springframework.boot.autoconfigure.ssl.SslAutoConfiguration, org.springframework.boot.autoconfigure.task.TaskExecutionAutoConfiguration, org.springframework.boot.autoconfigure.task.TaskExecutorConfigurations$SimpleAsyncTaskExecutorBuilderConfiguration, org.springframework.boot.autoconfigure.task.TaskExecutorConfigurations$TaskExecutorBuilderConfiguration, org.springframework.boot.autoconfigure.task.TaskExecutorConfigurations$TaskExecutorConfiguration, org.springframework.boot.autoconfigure.task.TaskExecutorConfigurations$ThreadPoolTaskExecutorBuilderConfiguration, org.springframework.boot.autoconfigure.task.TaskSchedulingAutoConfiguration, org.springframework.boot.autoconfigure.task.TaskSchedulingConfigurations$SimpleAsyncTaskSchedulerBuilderConfiguration, org.springframework.boot.autoconfigure.task.TaskSchedulingConfigurations$TaskSchedulerBuilderConfiguration, org.springframework.boot.autoconfigure.task.TaskSchedulingConfigurations$ThreadPoolTaskSchedulerBuilderConfiguration, org.springframework.boot.autoconfigure.thymeleaf.TemplateEngineConfigurations$DefaultTemplateEngineConfiguration, org.springframework.boot.autoconfigure.thymeleaf.ThymeleafAutoConfiguration, org.springframework.boot.autoconfigure.thymeleaf.ThymeleafAutoConfiguration$DefaultTemplateResolverConfiguration, org.springframework.boot.autoconfigure.thymeleaf.ThymeleafAutoConfiguration$ThymeleafWebMvcConfiguration, org.springframework.boot.autoconfigure.thymeleaf.ThymeleafAutoConfiguration$ThymeleafWebMvcConfiguration$ThymeleafViewResolverConfiguration, org.springframework.boot.autoconfigure.transaction.TransactionAutoConfiguration, org.springframework.boot.autoconfigure.transaction.TransactionAutoConfiguration$EnableTransactionManagementConfiguration, org.springframework.boot.autoconfigure.transaction.TransactionAutoConfiguration$EnableTransactionManagementConfiguration$CglibAutoProxyConfiguration, org.springframework.boot.autoconfigure.transaction.TransactionAutoConfiguration$TransactionTemplateConfiguration, org.springframework.boot.autoconfigure.transaction.TransactionManagerCustomizationAutoConfiguration, org.springframework.boot.autoconfigure.transaction.jta.JtaAutoConfiguration, org.springframework.boot.autoconfigure.validation.ValidationAutoConfiguration, org.springframework.boot.autoconfigure.web.client.RestClientAutoConfiguration, org.springframework.boot.autoconfigure.web.client.RestTemplateAutoConfiguration, org.springframework.boot.autoconfigure.web.embedded.EmbeddedWebServerFactoryCustomizerAutoConfiguration, org.springframework.boot.autoconfigure.web.embedded.EmbeddedWebServerFactoryCustomizerAutoConfiguration$NettyWebServerFactoryCustomizerConfiguration, org.springframework.boot.autoconfigure.web.embedded.EmbeddedWebServerFactoryCustomizerAutoConfiguration$TomcatWebServerFactoryCustomizerConfiguration, org.springframework.boot.autoconfigure.web.reactive.function.client.ClientHttpConnectorAutoConfiguration, org.springframework.boot.autoconfigure.web.reactive.function.client.ClientHttpConnectorFactoryConfiguration$ReactorNetty, org.springframework.boot.autoconfigure.web.reactive.function.client.WebClientAutoConfiguration, org.springframework.boot.autoconfigure.web.reactive.function.client.WebClientAutoConfiguration$WebClientCodecsConfiguration, org.springframework.boot.autoconfigure.web.servlet.DispatcherServletAutoConfiguration, org.springframework.boot.autoconfigure.web.servlet.DispatcherServletAutoConfiguration$DispatcherServletConfiguration, org.springframework.boot.autoconfigure.web.servlet.DispatcherServletAutoConfiguration$DispatcherServletRegistrationConfiguration, org.springframework.boot.autoconfigure.web.servlet.HttpEncodingAutoConfiguration, org.springframework.boot.autoconfigure.web.servlet.MultipartAutoConfiguration, org.springframework.boot.autoconfigure.web.servlet.ServletWebServerFactoryAutoConfiguration, org.springframework.boot.autoconfigure.web.servlet.ServletWebServerFactoryConfiguration$EmbeddedTomcat, org.springframework.boot.autoconfigure.web.servlet.WebMvcAutoConfiguration, org.springframework.boot.autoconfigure.web.servlet.WebMvcAutoConfiguration$EnableWebMvcConfiguration, org.springframework.boot.autoconfigure.web.servlet.WebMvcAutoConfiguration$WebMvcAutoConfigurationAdapter, org.springframework.boot.autoconfigure.web.servlet.error.ErrorMvcAutoConfiguration, org.springframework.boot.autoconfigure.web.servlet.error.ErrorMvcAutoConfiguration$DefaultErrorViewResolverConfiguration, org.springframework.boot.autoconfigure.web.servlet.error.ErrorMvcAutoConfiguration$WhitelabelErrorViewConfiguration, org.springframework.boot.autoconfigure.websocket.servlet.WebSocketServletAutoConfiguration, org.springframework.boot.autoconfigure.websocket.servlet.WebSocketServletAutoConfiguration$TomcatWebSocketConfiguration, org.springframework.boot.context.internalConfigurationPropertiesBinder, org.springframework.boot.context.properties.BoundConfigurationProperties, org.springframework.boot.context.properties.ConfigurationPropertiesBindingPostProcessor, org.springframework.boot.context.properties.EnableConfigurationPropertiesRegistrar.methodValidationExcludeFilter, org.springframework.boot.sql.init.dependency.DatabaseInitializationDependencyConfigurer$DependsOnDatabaseInitializationPostProcessor, org.springframework.boot.test.mock.mockito.MockitoPostProcessor, org.springframework.boot.test.mock.mockito.MockitoPostProcessor$SpyPostProcessor, org.springframework.boot.test.web.client.TestRestTemplate, org.springframework.boot.test.web.client.TestRestTemplateContextCustomizer$TestRestTemplateRegistrar, org.springframework.boot.test.web.reactive.server.WebTestClientContextCustomizer$WebTestClientRegistrar, org.springframework.cloud.autoconfigure.ConfigurationPropertiesRebinderAutoConfiguration, org.springframework.cloud.autoconfigure.LifecycleMvcEndpointAutoConfiguration, org.springframework.cloud.autoconfigure.RefreshAutoConfiguration, org.springframework.cloud.autoconfigure.RefreshAutoConfiguration$JpaInvokerConfiguration, org.springframework.cloud.autoconfigure.RefreshAutoConfiguration$RefreshScopeBeanDefinitionEnhancer, org.springframework.cloud.client.CommonsClientAutoConfiguration, org.springframework.cloud.client.ReactiveCommonsClientAutoConfiguration, org.springframework.cloud.client.discovery.composite.CompositeDiscoveryClientAutoConfiguration, org.springframework.cloud.client.discovery.composite.reactive.ReactiveCompositeDiscoveryClientAutoConfiguration, org.springframework.cloud.client.discovery.simple.SimpleDiscoveryClientAutoConfiguration, org.springframework.cloud.client.discovery.simple.reactive.SimpleReactiveDiscoveryClientAutoConfiguration, org.springframework.cloud.client.loadbalancer.LoadBalancerDefaultMappingsProviderAutoConfiguration, org.springframework.cloud.client.serviceregistry.AutoServiceRegistrationAutoConfiguration, org.springframework.cloud.client.serviceregistry.AutoServiceRegistrationConfiguration, org.springframework.cloud.client.serviceregistry.ServiceRegistryAutoConfiguration, org.springframework.cloud.commons.config.CommonsConfigAutoConfiguration, org.springframework.cloud.commons.security.ResourceServerTokenRelayAutoConfiguration, org.springframework.cloud.commons.security.ResourceServerTokenRelayAutoConfiguration$ResourceServerTokenRelayRegistrationAutoConfiguration, org.springframework.cloud.commons.util.UtilAutoConfiguration, org.springframework.cloud.configuration.CompatibilityVerifierAutoConfiguration, org.springframework.cloud.function.cloudevent.CloudEventsFunctionExtensionConfiguration, org.springframework.cloud.function.context.config.ContextFunctionCatalogAutoConfiguration, org.springframework.cloud.function.context.config.ContextFunctionCatalogAutoConfiguration$JsonMapperConfiguration, org.springframework.cloud.function.context.config.ContextFunctionCatalogAutoConfiguration$PlainFunctionScanConfiguration, org.springframework.context.annotation.internalAutowiredAnnotationProcessor, org.springframework.context.annotation.internalCommonAnnotationProcessor, org.springframework.context.annotation.internalConfigurationAnnotationProcessor, org.springframework.context.annotation.internalPersistenceAnnotationProcessor, org.springframework.context.event.internalEventListenerFactory, org.springframework.context.event.internalEventListenerProcessor, org.springframework.data.jpa.repository.support.JpaEvaluationContextExtension, org.springframework.data.jpa.util.JpaMetamodelCacheCleanup, org.springframework.data.web.config.ProjectingArgumentResolverRegistrar, org.springframework.data.web.config.SpringDataJacksonConfiguration, org.springframework.data.web.config.SpringDataWebConfiguration, org.springframework.data.web.config.SpringDataWebSettings, org.springframework.security.config.annotation.authentication.configuration.AuthenticationConfiguration, org.springframework.security.config.annotation.configuration.ObjectPostProcessorConfiguration, org.springframework.security.config.annotation.web.configuration.HttpSecurityConfiguration, org.springframework.security.config.annotation.web.configuration.HttpSecurityConfiguration.httpSecurity, org.springframework.security.config.annotation.web.configuration.OAuth2ClientConfiguration, org.springframework.security.config.annotation.web.configuration.OAuth2ClientConfiguration$OAuth2AuthorizedClientManagerConfiguration, org.springframework.security.config.annotation.web.configuration.OAuth2ClientConfiguration$OAuth2ClientWebMvcSecurityConfiguration, org.springframework.security.config.annotation.web.configuration.SecurityReactorContextConfiguration, org.springframework.security.config.annotation.web.configuration.WebMvcSecurityConfiguration, org.springframework.security.config.annotation.web.configuration.WebSecurityConfiguration, org.springframework.test.web.reactive.server.WebTestClient, org.springframework.transaction.annotation.ProxyTransactionManagementConfiguration, org.springframework.transaction.config.internalTransactionAdvisor, org.springframework.transaction.config.internalTransactionalEventListenerFactory, pageModule, pageableCustomizer, pageableOpenAPIConverter, pageableResolver, parameterBuilder, parameterNamesModule, passwordEncoder, persistenceExceptionTranslationPostProcessor, persistenceManagedTypes, platformTransactionManagerCustomizers, polymorphicModelConverter, preLoadDatabase, preserveErrorControllerTargetClassPostProcessor, privilegeEvaluator, produtoController, produtoRepository, produtoService, projectingArgumentResolverBeanPostProcessor, propertyResolverUtils, propertySourcesPlaceholderConfigurer, queryDslQuerydslPredicateOperationCustomizer, reactiveCompositeDiscoveryClient, reactorClientHttpConnectorFactory, reactorResourceFactory, refreshEventListener, refreshScope, refreshScopeLifecycle, rememberMeServicesCookieSerializerCustomizer, requestBodyBuilder, requestBuilder, requestContextFilter, requestDataValueProcessor, requestMappingHandlerAdapter, requestMappingHandlerMapping, resourceHandlerMapping, responseBuilder, responseErrorHandler, responseSupportConverter, restClientBuilder, restClientBuilderConfigurer, restClientSsl, restTemplate, restTemplateBuilder, restTemplateBuilderConfigurer, retryTemplate, routerFunctionMapping, routerFunctionProvider, schemaPropertyDeprecatingConverter, securityConfiguration, securityFilter, securityFilterChain, securityFilterChainRegistration, securityParser, securityReactorContextSubscriberRegistrar, server-org.springframework.boot.autoconfigure.web.ServerProperties, servletWebServerFactoryCustomizer, simpleAsyncTaskExecutorBuilder, simpleAsyncTaskSchedulerBuilder, simpleControllerHandlerAdapter, simpleDiscoveryClient, simpleDiscoveryProperties, simpleReactiveDiscoveryClient, simpleReactiveDiscoveryProperties, sleuthPresentVerifier, sortCustomizer, sortOpenAPIConverter, sortResolver, spring.ai.chat.client-org.springframework.ai.autoconfigure.chat.client.ChatClientBuilderProperties, spring.ai.ollama-org.springframework.ai.autoconfigure.ollama.OllamaConnectionProperties, spring.ai.ollama.chat-org.springframework.ai.autoconfigure.ollama.OllamaChatProperties, spring.ai.ollama.embedding-org.springframework.ai.autoconfigure.ollama.OllamaEmbeddingProperties, spring.ai.retry-org.springframework.ai.autoconfigure.retry.SpringAiRetryProperties, spring.cloud.compatibility-verifier-org.springframework.cloud.configuration.CompatibilityVerifierProperties, spring.cloud.discovery.client.health-indicator-org.springframework.cloud.client.discovery.health.DiscoveryClientHealthIndicatorProperties, spring.cloud.function-org.springframework.cloud.function.context.FunctionProperties, spring.cloud.refresh-org.springframework.cloud.autoconfigure.RefreshAutoConfiguration$RefreshProperties, spring.cloud.service-registry.auto-registration-org.springframework.cloud.client.serviceregistry.AutoServiceRegistrationProperties, spring.codec-org.springframework.boot.autoconfigure.codec.CodecProperties, spring.data.jdbc-org.springframework.boot.autoconfigure.data.jdbc.JdbcDataProperties, spring.data.web-org.springframework.boot.autoconfigure.data.web.SpringDataWebProperties, spring.datasource-org.springframework.boot.autoconfigure.jdbc.DataSourceProperties, spring.gson-org.springframework.boot.autoconfigure.gson.GsonProperties, spring.info-org.springframework.boot.autoconfigure.info.ProjectInfoProperties, spring.jackson-org.springframework.boot.autoconfigure.jackson.JacksonProperties, spring.jdbc-org.springframework.boot.autoconfigure.jdbc.JdbcProperties, spring.jpa-org.springframework.boot.autoconfigure.orm.jpa.JpaProperties, spring.jpa.hibernate-org.springframework.boot.autoconfigure.orm.jpa.HibernateProperties, spring.lifecycle-org.springframework.boot.autoconfigure.context.LifecycleProperties, spring.mvc-org.springframework.boot.autoconfigure.web.servlet.WebMvcProperties, spring.netty-org.springframework.boot.autoconfigure.netty.NettyProperties, spring.reactor-org.springframework.boot.autoconfigure.reactor.ReactorProperties, spring.reactor.netty-org.springframework.boot.autoconfigure.reactor.netty.ReactorNettyProperties, spring.security-org.springframework.boot.autoconfigure.security.SecurityProperties, spring.security.oauth2.resourceserver-org.springframework.boot.autoconfigure.security.oauth2.resource.OAuth2ResourceServerProperties, spring.servlet.multipart-org.springframework.boot.autoconfigure.web.servlet.MultipartProperties, spring.session-org.springframework.boot.autoconfigure.session.SessionProperties, spring.sql.init-org.springframework.boot.autoconfigure.sql.init.SqlInitializationProperties, spring.ssl-org.springframework.boot.autoconfigure.ssl.SslProperties, spring.task.execution-org.springframework.boot.autoconfigure.task.TaskExecutionProperties, spring.task.scheduling-org.springframework.boot.autoconfigure.task.TaskSchedulingProperties, spring.thymeleaf-org.springframework.boot.autoconfigure.thymeleaf.ThymeleafProperties, spring.transaction-org.springframework.boot.autoconfigure.transaction.TransactionProperties, spring.web-org.springframework.boot.autoconfigure.web.WebProperties, spring.webflux-org.springframework.boot.autoconfigure.web.reactive.WebFluxProperties, springBootVersionVerifier, springDataWebPropertiesProvider, springDocCustomizers, springDocProviders, springSecurityFilterChain, springSecurityHandlerMappingIntrospectorBeanDefinitionRegistryPostProcessor, springWebProvider, springdocObjectMapperProvider, sslBundleRegistry, sslPropertiesSslBundleRegistrar, standardGsonBuilderCustomizer, standardJacksonObjectMapperBuilderCustomizer, stringHttpMessageConverter, swaggerAspect, swaggerConfigResource, swaggerResourceResolver, swaggerWebMvcConfigurer, swaggerWelcome, taskExecutorBuilder, taskSchedulerBuilder, templateEngine, testConfig, themeResolver, threadPoolTaskExecutorBuilder, threadPoolTaskSchedulerBuilder, thymeleafViewResolver, tokenService, tomcatServletWebServerFactory, tomcatServletWebServerFactoryCustomizer, tomcatWebServerFactoryCustomizer, transactionAttributeSource, transactionExecutionListeners, transactionInterceptor, transactionManager, transactionTemplate, userRepository, vendaController, vendaQueryService, vendaRepository, vendaService, viewControllerHandlerMapping, viewNameTranslator, viewResolver, webClientBuilder, webClientHttpConnector, webClientHttpConnectorCustomizer, webClientSsl, webConversionServiceProvider, webFluxSupportConverter, webSecurityExpressionHandler, webServerFactoryCustomizerBeanPostProcessor, websocketServletWebServerCustomizer, welcomePageHandlerMapping, welcomePageNotAcceptableHandlerMapping]
2024-08-01T09:27:33.971-03:00  INFO 10971 --- [coremastermarket] [    Test worker] o.s.cloud.context.scope.GenericScope     : BeanFactory id=1f71ff16-875e-3479-a3e8-a4026b6801f4
2024-08-01T09:27:33.972-03:00 DEBUG 10971 --- [coremastermarket] [    Test worker] o.s.b.f.s.DefaultListableBeanFactory     : Creating shared instance of singleton bean 'propertySourcesPlaceholderConfigurer'
2024-08-01T09:27:33.972-03:00 DEBUG 10971 --- [coremastermarket] [    Test worker] o.s.b.f.s.DefaultListableBeanFactory     : Creating shared instance of singleton bean 'org.springframework.boot.test.mock.mockito.MockitoPostProcessor'
2024-08-01T09:27:33.973-03:00 DEBUG 10971 --- [coremastermarket] [    Test worker] o.s.b.f.s.DefaultListableBeanFactory     : Creating shared instance of singleton bean 'org.springframework.boot.sql.init.dependency.DatabaseInitializationDependencyConfigurer$DependsOnDatabaseInitializationPostProcessor'
2024-08-01T09:27:33.973-03:00 DEBUG 10971 --- [coremastermarket] [    Test worker] o.s.b.f.s.DefaultListableBeanFactory     : Creating shared instance of singleton bean 'emBeanDefinitionRegistrarPostProcessor'
2024-08-01T09:27:33.984-03:00 DEBUG 10971 --- [coremastermarket] [    Test worker] o.s.b.f.s.DefaultListableBeanFactory     : Creating shared instance of singleton bean 'org.springframework.context.event.internalEventListenerProcessor'
2024-08-01T09:27:33.984-03:00 DEBUG 10971 --- [coremastermarket] [    Test worker] o.s.b.f.s.DefaultListableBeanFactory     : Creating shared instance of singleton bean 'conversionServicePostProcessor'
2024-08-01T09:27:33.984-03:00 DEBUG 10971 --- [coremastermarket] [    Test worker] o.s.b.f.s.DefaultListableBeanFactory     : Creating shared instance of singleton bean 'preserveErrorControllerTargetClassPostProcessor'
2024-08-01T09:27:33.985-03:00 DEBUG 10971 --- [coremastermarket] [    Test worker] o.s.b.f.s.DefaultListableBeanFactory     : Creating shared instance of singleton bean 'org.springframework.context.event.internalEventListenerFactory'
2024-08-01T09:27:33.985-03:00 DEBUG 10971 --- [coremastermarket] [    Test worker] o.s.b.f.s.DefaultListableBeanFactory     : Creating shared instance of singleton bean 'org.springframework.transaction.config.internalTransactionalEventListenerFactory'
2024-08-01T09:27:33.990-03:00 DEBUG 10971 --- [coremastermarket] [    Test worker] o.s.b.f.s.DefaultListableBeanFactory     : Creating shared instance of singleton bean 'org.springframework.context.annotation.internalAutowiredAnnotationProcessor'
2024-08-01T09:27:33.990-03:00 DEBUG 10971 --- [coremastermarket] [    Test worker] o.s.b.f.s.DefaultListableBeanFactory     : Creating shared instance of singleton bean 'org.springframework.context.annotation.internalCommonAnnotationProcessor'
2024-08-01T09:27:33.991-03:00 DEBUG 10971 --- [coremastermarket] [    Test worker] o.s.b.f.s.DefaultListableBeanFactory     : Creating shared instance of singleton bean 'org.springframework.context.annotation.internalPersistenceAnnotationProcessor'
2024-08-01T09:27:33.991-03:00 DEBUG 10971 --- [coremastermarket] [    Test worker] o.s.b.f.s.DefaultListableBeanFactory     : Creating shared instance of singleton bean 'org.springframework.boot.test.mock.mockito.MockitoPostProcessor$SpyPostProcessor'
2024-08-01T09:27:33.991-03:00 DEBUG 10971 --- [coremastermarket] [    Test worker] o.s.b.f.s.DefaultListableBeanFactory     : Creating shared instance of singleton bean 'org.springframework.boot.context.properties.ConfigurationPropertiesBindingPostProcessor'
2024-08-01T09:27:33.991-03:00 DEBUG 10971 --- [coremastermarket] [    Test worker] o.s.b.f.s.DefaultListableBeanFactory     : Creating shared instance of singleton bean 'org.springframework.boot.context.internalConfigurationPropertiesBinder'
2024-08-01T09:27:33.992-03:00 DEBUG 10971 --- [coremastermarket] [    Test worker] o.s.b.f.s.DefaultListableBeanFactory     : Creating shared instance of singleton bean 'jdbcConnectionDetailsHikariBeanPostProcessor'
2024-08-01T09:27:33.992-03:00 DEBUG 10971 --- [coremastermarket] [    Test worker] o.s.b.f.s.DefaultListableBeanFactory     : Creating shared instance of singleton bean 'methodValidationPostProcessor'
2024-08-01T09:27:33.992-03:00 DEBUG 10971 --- [coremastermarket] [    Test worker] o.s.b.f.s.DefaultListableBeanFactory     : Autowiring by type from bean name 'methodValidationPostProcessor' via factory method to bean named 'environment'
2024-08-01T09:27:33.993-03:00 DEBUG 10971 --- [coremastermarket] [    Test worker] o.s.b.f.s.DefaultListableBeanFactory     : Creating shared instance of singleton bean 'org.springframework.boot.context.properties.EnableConfigurationPropertiesRegistrar.methodValidationExcludeFilter'
2024-08-01T09:27:33.993-03:00 DEBUG 10971 --- [coremastermarket] [    Test worker] o.s.b.f.s.DefaultListableBeanFactory     : Creating shared instance of singleton bean 'org.springframework.aop.config.internalAutoProxyCreator'
2024-08-01T09:27:33.994-03:00 DEBUG 10971 --- [coremastermarket] [    Test worker] o.s.b.f.s.DefaultListableBeanFactory     : Creating shared instance of singleton bean 'persistenceExceptionTranslationPostProcessor'
2024-08-01T09:27:33.994-03:00 DEBUG 10971 --- [coremastermarket] [    Test worker] o.s.b.f.s.DefaultListableBeanFactory     : Autowiring by type from bean name 'persistenceExceptionTranslationPostProcessor' via factory method to bean named 'environment'
2024-08-01T09:27:33.995-03:00 DEBUG 10971 --- [coremastermarket] [    Test worker] o.s.b.f.s.DefaultListableBeanFactory     : Creating shared instance of singleton bean 'webServerFactoryCustomizerBeanPostProcessor'
2024-08-01T09:27:33.995-03:00 DEBUG 10971 --- [coremastermarket] [    Test worker] o.s.b.f.s.DefaultListableBeanFactory     : Creating shared instance of singleton bean 'errorPageRegistrarBeanPostProcessor'
2024-08-01T09:27:33.995-03:00 DEBUG 10971 --- [coremastermarket] [    Test worker] o.s.b.f.s.DefaultListableBeanFactory     : Creating shared instance of singleton bean 'projectingArgumentResolverBeanPostProcessor'
2024-08-01T09:27:33.995-03:00 DEBUG 10971 --- [coremastermarket] [    Test worker] o.s.b.f.s.DefaultListableBeanFactory     : Creating shared instance of singleton bean 'org.springframework.transaction.config.internalTransactionAdvisor'
2024-08-01T09:27:33.995-03:00 DEBUG 10971 --- [coremastermarket] [    Test worker] o.s.b.f.s.DefaultListableBeanFactory     : Creating shared instance of singleton bean 'org.springframework.transaction.annotation.ProxyTransactionManagementConfiguration'
2024-08-01T09:27:33.996-03:00 DEBUG 10971 --- [coremastermarket] [    Test worker] .s.a.a.a.ReflectiveAspectJAdvisorFactory : Found AspectJ method: public void com.rodolfobrandao.coremastermarket.tools.swagger.SwaggerAspect.processDefaultOperation(org.aspectj.lang.JoinPoint) throws java.lang.Throwable
2024-08-01T09:27:34.001-03:00 DEBUG 10971 --- [coremastermarket] [    Test worker] o.s.b.f.s.DefaultListableBeanFactory     : Creating shared instance of singleton bean 'transactionAttributeSource'
2024-08-01T09:27:34.002-03:00 DEBUG 10971 --- [coremastermarket] [    Test worker] o.s.b.f.s.DefaultListableBeanFactory     : Creating shared instance of singleton bean 'transactionInterceptor'
2024-08-01T09:27:34.002-03:00 DEBUG 10971 --- [coremastermarket] [    Test worker] o.s.b.f.s.DefaultListableBeanFactory     : Autowiring by type from bean name 'transactionInterceptor' via factory method to bean named 'transactionAttributeSource'
2024-08-01T09:27:34.003-03:00 DEBUG 10971 --- [coremastermarket] [    Test worker] o.s.b.f.s.DefaultListableBeanFactory     : Autowiring by type from bean name 'org.springframework.transaction.config.internalTransactionAdvisor' via factory method to bean named 'transactionAttributeSource'
2024-08-01T09:27:34.003-03:00 DEBUG 10971 --- [coremastermarket] [    Test worker] o.s.b.f.s.DefaultListableBeanFactory     : Autowiring by type from bean name 'org.springframework.transaction.config.internalTransactionAdvisor' via factory method to bean named 'transactionInterceptor'
2024-08-01T09:27:34.003-03:00 DEBUG 10971 --- [coremastermarket] [    Test worker] o.s.b.f.s.DefaultListableBeanFactory     : Creating shared instance of singleton bean 'configurationPropertiesBeans'
2024-08-01T09:27:34.004-03:00 DEBUG 10971 --- [coremastermarket] [    Test worker] o.s.u.c.s.UiApplicationContextUtils      : Unable to locate ThemeSource with name 'themeSource': using default [org.springframework.ui.context.support.ResourceBundleThemeSource@be305f0]
2024-08-01T09:27:34.004-03:00 DEBUG 10971 --- [coremastermarket] [    Test worker] o.s.b.f.s.DefaultListableBeanFactory     : Creating shared instance of singleton bean 'tomcatServletWebServerFactory'
2024-08-01T09:27:34.004-03:00 DEBUG 10971 --- [coremastermarket] [    Test worker] o.s.b.f.s.DefaultListableBeanFactory     : Creating shared instance of singleton bean 'org.springframework.boot.autoconfigure.web.servlet.ServletWebServerFactoryConfiguration$EmbeddedTomcat'
2024-08-01T09:27:34.006-03:00 DEBUG 10971 --- [coremastermarket] [    Test worker] o.s.b.f.s.DefaultListableBeanFactory     : Creating shared instance of singleton bean 'websocketServletWebServerCustomizer'
2024-08-01T09:27:34.006-03:00 DEBUG 10971 --- [coremastermarket] [    Test worker] o.s.b.f.s.DefaultListableBeanFactory     : Creating shared instance of singleton bean 'org.springframework.boot.autoconfigure.websocket.servlet.WebSocketServletAutoConfiguration$TomcatWebSocketConfiguration'
2024-08-01T09:27:34.007-03:00 DEBUG 10971 --- [coremastermarket] [    Test worker] o.s.b.f.s.DefaultListableBeanFactory     : Creating shared instance of singleton bean 'servletWebServerFactoryCustomizer'
2024-08-01T09:27:34.007-03:00 DEBUG 10971 --- [coremastermarket] [    Test worker] o.s.b.f.s.DefaultListableBeanFactory     : Creating shared instance of singleton bean 'org.springframework.boot.autoconfigure.web.servlet.ServletWebServerFactoryAutoConfiguration'
2024-08-01T09:27:34.008-03:00 DEBUG 10971 --- [coremastermarket] [    Test worker] o.s.b.f.s.DefaultListableBeanFactory     : Creating shared instance of singleton bean 'server-org.springframework.boot.autoconfigure.web.ServerProperties'
2024-08-01T09:27:34.008-03:00 DEBUG 10971 --- [coremastermarket] [    Test worker] o.s.b.f.s.DefaultListableBeanFactory     : Creating shared instance of singleton bean 'org.springframework.boot.context.properties.BoundConfigurationProperties'
2024-08-01T09:27:34.009-03:00 DEBUG 10971 --- [coremastermarket] [    Test worker] o.s.b.f.s.DefaultListableBeanFactory     : Creating shared instance of singleton bean 'defaultsBindHandlerAdvisor'
2024-08-01T09:27:34.009-03:00 DEBUG 10971 --- [coremastermarket] [    Test worker] o.s.b.f.s.DefaultListableBeanFactory     : Creating shared instance of singleton bean 'org.springframework.cloud.commons.config.CommonsConfigAutoConfiguration'
2024-08-01T09:27:34.010-03:00 DEBUG 10971 --- [coremastermarket] [    Test worker] o.s.b.f.s.DefaultListableBeanFactory     : Creating shared instance of singleton bean 'loadBalancerClientsDefaultsMappingsProvider'
2024-08-01T09:27:34.010-03:00 DEBUG 10971 --- [coremastermarket] [    Test worker] o.s.b.f.s.DefaultListableBeanFactory     : Creating shared instance of singleton bean 'org.springframework.cloud.client.loadbalancer.LoadBalancerDefaultMappingsProviderAutoConfiguration'
2024-08-01T09:27:34.011-03:00 DEBUG 10971 --- [coremastermarket] [    Test worker] o.s.b.f.s.DefaultListableBeanFactory     : Autowiring by type from bean name 'defaultsBindHandlerAdvisor' via factory method to bean named 'loadBalancerClientsDefaultsMappingsProvider'
2024-08-01T09:27:34.034-03:00 DEBUG 10971 --- [coremastermarket] [    Test worker] o.s.b.f.s.DefaultListableBeanFactory     : Autowiring by type from bean name 'servletWebServerFactoryCustomizer' via factory method to bean named 'server-org.springframework.boot.autoconfigure.web.ServerProperties'
2024-08-01T09:27:34.035-03:00 DEBUG 10971 --- [coremastermarket] [    Test worker] o.s.b.f.s.DefaultListableBeanFactory     : Creating shared instance of singleton bean 'sslBundleRegistry'
2024-08-01T09:27:34.035-03:00 DEBUG 10971 --- [coremastermarket] [    Test worker] o.s.b.f.s.DefaultListableBeanFactory     : Creating shared instance of singleton bean 'org.springframework.boot.autoconfigure.ssl.SslAutoConfiguration'
2024-08-01T09:27:34.035-03:00 DEBUG 10971 --- [coremastermarket] [    Test worker] o.s.b.f.s.DefaultListableBeanFactory     : Creating shared instance of singleton bean 'spring.ssl-org.springframework.boot.autoconfigure.ssl.SslProperties'
2024-08-01T09:27:34.049-03:00 DEBUG 10971 --- [coremastermarket] [    Test worker] o.s.b.f.s.DefaultListableBeanFactory     : Autowiring by type from bean name 'org.springframework.boot.autoconfigure.ssl.SslAutoConfiguration' via constructor to bean named 'spring.ssl-org.springframework.boot.autoconfigure.ssl.SslProperties'
2024-08-01T09:27:34.050-03:00 DEBUG 10971 --- [coremastermarket] [    Test worker] o.s.b.f.s.DefaultListableBeanFactory     : Creating shared instance of singleton bean 'sslPropertiesSslBundleRegistrar'
2024-08-01T09:27:34.050-03:00 DEBUG 10971 --- [coremastermarket] [    Test worker] o.s.b.f.s.DefaultListableBeanFactory     : Creating shared instance of singleton bean 'fileWatcher'
2024-08-01T09:27:34.050-03:00 DEBUG 10971 --- [coremastermarket] [    Test worker] o.s.b.f.s.DefaultListableBeanFactory     : Autowiring by type from bean name 'sslPropertiesSslBundleRegistrar' via factory method to bean named 'fileWatcher'
2024-08-01T09:27:34.052-03:00 DEBUG 10971 --- [coremastermarket] [    Test worker] o.s.b.f.s.DefaultListableBeanFactory     : Creating shared instance of singleton bean 'tomcatServletWebServerFactoryCustomizer'
2024-08-01T09:27:34.052-03:00 DEBUG 10971 --- [coremastermarket] [    Test worker] o.s.b.f.s.DefaultListableBeanFactory     : Autowiring by type from bean name 'tomcatServletWebServerFactoryCustomizer' via factory method to bean named 'server-org.springframework.boot.autoconfigure.web.ServerProperties'
2024-08-01T09:27:34.052-03:00 DEBUG 10971 --- [coremastermarket] [    Test worker] o.s.b.f.s.DefaultListableBeanFactory     : Creating shared instance of singleton bean 'nettyWebServerFactoryCustomizer'
2024-08-01T09:27:34.052-03:00 DEBUG 10971 --- [coremastermarket] [    Test worker] o.s.b.f.s.DefaultListableBeanFactory     : Creating shared instance of singleton bean 'org.springframework.boot.autoconfigure.web.embedded.EmbeddedWebServerFactoryCustomizerAutoConfiguration$NettyWebServerFactoryCustomizerConfiguration'
2024-08-01T09:27:34.053-03:00 DEBUG 10971 --- [coremastermarket] [    Test worker] o.s.b.f.s.DefaultListableBeanFactory     : Autowiring by type from bean name 'nettyWebServerFactoryCustomizer' via factory method to bean named 'environment'
2024-08-01T09:27:34.053-03:00 DEBUG 10971 --- [coremastermarket] [    Test worker] o.s.b.f.s.DefaultListableBeanFactory     : Autowiring by type from bean name 'nettyWebServerFactoryCustomizer' via factory method to bean named 'server-org.springframework.boot.autoconfigure.web.ServerProperties'
2024-08-01T09:27:34.058-03:00 DEBUG 10971 --- [coremastermarket] [    Test worker] o.s.b.f.s.DefaultListableBeanFactory     : Creating shared instance of singleton bean 'tomcatWebServerFactoryCustomizer'
2024-08-01T09:27:34.058-03:00 DEBUG 10971 --- [coremastermarket] [    Test worker] o.s.b.f.s.DefaultListableBeanFactory     : Creating shared instance of singleton bean 'org.springframework.boot.autoconfigure.web.embedded.EmbeddedWebServerFactoryCustomizerAutoConfiguration$TomcatWebServerFactoryCustomizerConfiguration'
2024-08-01T09:27:34.059-03:00 DEBUG 10971 --- [coremastermarket] [    Test worker] o.s.b.f.s.DefaultListableBeanFactory     : Autowiring by type from bean name 'tomcatWebServerFactoryCustomizer' via factory method to bean named 'environment'
2024-08-01T09:27:34.059-03:00 DEBUG 10971 --- [coremastermarket] [    Test worker] o.s.b.f.s.DefaultListableBeanFactory     : Autowiring by type from bean name 'tomcatWebServerFactoryCustomizer' via factory method to bean named 'server-org.springframework.boot.autoconfigure.web.ServerProperties'
2024-08-01T09:27:34.061-03:00 DEBUG 10971 --- [coremastermarket] [    Test worker] o.s.b.f.s.DefaultListableBeanFactory     : Creating shared instance of singleton bean 'localeCharsetMappingsCustomizer'
2024-08-01T09:27:34.062-03:00 DEBUG 10971 --- [coremastermarket] [    Test worker] o.s.b.f.s.DefaultListableBeanFactory     : Creating shared instance of singleton bean 'org.springframework.boot.autoconfigure.web.servlet.HttpEncodingAutoConfiguration'
2024-08-01T09:27:34.062-03:00 DEBUG 10971 --- [coremastermarket] [    Test worker] o.s.b.f.s.DefaultListableBeanFactory     : Autowiring by type from bean name 'org.springframework.boot.autoconfigure.web.servlet.HttpEncodingAutoConfiguration' via constructor to bean named 'server-org.springframework.boot.autoconfigure.web.ServerProperties'
2024-08-01T09:27:34.081-03:00 DEBUG 10971 --- [coremastermarket] [    Test worker] o.s.b.f.s.DefaultListableBeanFactory     : Creating shared instance of singleton bean 'errorPageCustomizer'
2024-08-01T09:27:34.081-03:00 DEBUG 10971 --- [coremastermarket] [    Test worker] o.s.b.f.s.DefaultListableBeanFactory     : Creating shared instance of singleton bean 'org.springframework.boot.autoconfigure.web.servlet.error.ErrorMvcAutoConfiguration'
2024-08-01T09:27:34.082-03:00 DEBUG 10971 --- [coremastermarket] [    Test worker] o.s.b.f.s.DefaultListableBeanFactory     : Autowiring by type from bean name 'org.springframework.boot.autoconfigure.web.servlet.error.ErrorMvcAutoConfiguration' via constructor to bean named 'server-org.springframework.boot.autoconfigure.web.ServerProperties'
2024-08-01T09:27:34.083-03:00 DEBUG 10971 --- [coremastermarket] [    Test worker] o.s.b.f.s.DefaultListableBeanFactory     : Creating shared instance of singleton bean 'dispatcherServletRegistration'
2024-08-01T09:27:34.083-03:00 DEBUG 10971 --- [coremastermarket] [    Test worker] o.s.b.f.s.DefaultListableBeanFactory     : Creating shared instance of singleton bean 'org.springframework.boot.autoconfigure.web.servlet.DispatcherServletAutoConfiguration$DispatcherServletRegistrationConfiguration'
2024-08-01T09:27:34.083-03:00 DEBUG 10971 --- [coremastermarket] [    Test worker] o.s.b.f.s.DefaultListableBeanFactory     : Creating shared instance of singleton bean 'dispatcherServlet'
2024-08-01T09:27:34.083-03:00 DEBUG 10971 --- [coremastermarket] [    Test worker] o.s.b.f.s.DefaultListableBeanFactory     : Creating shared instance of singleton bean 'org.springframework.boot.autoconfigure.web.servlet.DispatcherServletAutoConfiguration$DispatcherServletConfiguration'
2024-08-01T09:27:34.084-03:00 DEBUG 10971 --- [coremastermarket] [    Test worker] o.s.b.f.s.DefaultListableBeanFactory     : Creating shared instance of singleton bean 'spring.mvc-org.springframework.boot.autoconfigure.web.servlet.WebMvcProperties'
2024-08-01T09:27:34.090-03:00 DEBUG 10971 --- [coremastermarket] [    Test worker] o.s.b.f.s.DefaultListableBeanFactory     : Autowiring by type from bean name 'dispatcherServlet' via factory method to bean named 'spring.mvc-org.springframework.boot.autoconfigure.web.servlet.WebMvcProperties'
2024-08-01T09:27:34.096-03:00 DEBUG 10971 --- [coremastermarket] [    Test worker] o.s.b.f.s.DefaultListableBeanFactory     : Autowiring by type from bean name 'dispatcherServletRegistration' via factory method to bean named 'dispatcherServlet'
2024-08-01T09:27:34.096-03:00 DEBUG 10971 --- [coremastermarket] [    Test worker] o.s.b.f.s.DefaultListableBeanFactory     : Autowiring by type from bean name 'dispatcherServletRegistration' via factory method to bean named 'spring.mvc-org.springframework.boot.autoconfigure.web.servlet.WebMvcProperties'
2024-08-01T09:27:34.097-03:00 DEBUG 10971 --- [coremastermarket] [    Test worker] o.s.b.f.s.DefaultListableBeanFactory     : Creating shared instance of singleton bean 'multipartConfigElement'
2024-08-01T09:27:34.097-03:00 DEBUG 10971 --- [coremastermarket] [    Test worker] o.s.b.f.s.DefaultListableBeanFactory     : Creating shared instance of singleton bean 'org.springframework.boot.autoconfigure.web.servlet.MultipartAutoConfiguration'
2024-08-01T09:27:34.097-03:00 DEBUG 10971 --- [coremastermarket] [    Test worker] o.s.b.f.s.DefaultListableBeanFactory     : Creating shared instance of singleton bean 'spring.servlet.multipart-org.springframework.boot.autoconfigure.web.servlet.MultipartProperties'
2024-08-01T09:27:34.100-03:00 DEBUG 10971 --- [coremastermarket] [    Test worker] o.s.b.f.s.DefaultListableBeanFactory     : Autowiring by type from bean name 'org.springframework.boot.autoconfigure.web.servlet.MultipartAutoConfiguration' via constructor to bean named 'spring.servlet.multipart-org.springframework.boot.autoconfigure.web.servlet.MultipartProperties'
2024-08-01T09:27:34.103-03:00 DEBUG 10971 --- [coremastermarket] [    Test worker] o.s.b.f.s.DefaultListableBeanFactory     : Autowiring by type from bean name 'errorPageCustomizer' via factory method to bean named 'dispatcherServletRegistration'
2024-08-01T09:27:34.233-03:00 DEBUG 10971 --- [coremastermarket] [    Test worker] .s.b.w.e.t.TomcatServletWebServerFactory : Code archive: /Users/rodolfobrandao/.gradle/caches/modules-2/files-2.1/org.springframework.boot/spring-boot/3.3.2/72a257d5518b2b8b9949a26543cdb3a4e67de5f8/spring-boot-3.3.2.jar
2024-08-01T09:27:34.234-03:00 DEBUG 10971 --- [coremastermarket] [    Test worker] .s.b.w.e.t.TomcatServletWebServerFactory : Code archive: /Users/rodolfobrandao/.gradle/caches/modules-2/files-2.1/org.springframework.boot/spring-boot/3.3.2/72a257d5518b2b8b9949a26543cdb3a4e67de5f8/spring-boot-3.3.2.jar
2024-08-01T09:27:34.234-03:00 DEBUG 10971 --- [coremastermarket] [    Test worker] .s.b.w.e.t.TomcatServletWebServerFactory : None of the document roots [src/main/webapp, public, static] point to a directory and will be ignored.
2024-08-01T09:27:34.269-03:00  INFO 10971 --- [coremastermarket] [    Test worker] o.s.b.w.embedded.tomcat.TomcatWebServer  : Tomcat initialized with port 0 (http)
2024-08-01T09:27:34.290-03:00  INFO 10971 --- [coremastermarket] [    Test worker] o.apache.catalina.core.StandardService   : Starting service [Tomcat]
2024-08-01T09:27:34.291-03:00  INFO 10971 --- [coremastermarket] [    Test worker] o.apache.catalina.core.StandardEngine    : Starting Servlet engine: [Apache Tomcat/10.1.26]
2024-08-01T09:27:34.386-03:00  INFO 10971 --- [coremastermarket] [    Test worker] o.a.c.c.C.[Tomcat].[localhost].[/]       : Initializing Spring embedded WebApplicationContext
2024-08-01T09:27:34.386-03:00 DEBUG 10971 --- [coremastermarket] [    Test worker] w.s.c.ServletWebServerApplicationContext : Published root WebApplicationContext as ServletContext attribute with name [org.springframework.web.context.WebApplicationContext.ROOT]
2024-08-01T09:27:34.386-03:00  INFO 10971 --- [coremastermarket] [    Test worker] w.s.c.ServletWebServerApplicationContext : Root WebApplicationContext: initialization completed in 751 ms
2024-08-01T09:27:34.389-03:00 DEBUG 10971 --- [coremastermarket] [    Test worker] o.s.b.f.s.DefaultListableBeanFactory     : Creating shared instance of singleton bean 'securityFilterChainRegistration'
2024-08-01T09:27:34.389-03:00 DEBUG 10971 --- [coremastermarket] [    Test worker] o.s.b.f.s.DefaultListableBeanFactory     : Creating shared instance of singleton bean 'org.springframework.boot.autoconfigure.security.servlet.SecurityFilterAutoConfiguration'
2024-08-01T09:27:34.390-03:00 DEBUG 10971 --- [coremastermarket] [    Test worker] o.s.b.f.s.DefaultListableBeanFactory     : Creating shared instance of singleton bean 'spring.security-org.springframework.boot.autoconfigure.security.SecurityProperties'
2024-08-01T09:27:34.392-03:00 DEBUG 10971 --- [coremastermarket] [    Test worker] o.s.b.f.s.DefaultListableBeanFactory     : Autowiring by type from bean name 'securityFilterChainRegistration' via factory method to bean named 'spring.security-org.springframework.boot.autoconfigure.security.SecurityProperties'
2024-08-01T09:27:34.396-03:00 DEBUG 10971 --- [coremastermarket] [    Test worker] o.s.b.f.s.DefaultListableBeanFactory     : Creating shared instance of singleton bean 'securityFilter'
2024-08-01T09:27:34.397-03:00 DEBUG 10971 --- [coremastermarket] [    Test worker] o.s.b.f.s.DefaultListableBeanFactory     : Creating shared instance of singleton bean 'tokenService'
2024-08-01T09:27:34.397-03:00 DEBUG 10971 --- [coremastermarket] [    Test worker] o.s.c.e.PropertySourcesPropertyResolver  : Found key 'api.security.token.secret' in PropertySource 'environmentProperties' with value of type String
2024-08-01T09:27:34.398-03:00 DEBUG 10971 --- [coremastermarket] [    Test worker] o.s.b.f.s.DefaultListableBeanFactory     : Creating shared instance of singleton bean 'userRepository'
2024-08-01T09:27:34.400-03:00 DEBUG 10971 --- [coremastermarket] [    Test worker] o.s.b.f.s.DefaultListableBeanFactory     : Creating shared instance of singleton bean 'jpa.named-queries#5'
2024-08-01T09:27:34.402-03:00 DEBUG 10971 --- [coremastermarket] [    Test worker] o.s.b.f.s.DefaultListableBeanFactory     : Creating shared instance of singleton bean 'jpa.UserRepository.fragments#0'
2024-08-01T09:27:34.405-03:00 DEBUG 10971 --- [coremastermarket] [    Test worker] o.s.b.f.s.DefaultListableBeanFactory     : Creating shared instance of singleton bean 'jpaSharedEM_entityManagerFactory'
2024-08-01T09:27:34.405-03:00 DEBUG 10971 --- [coremastermarket] [    Test worker] o.s.b.f.s.DefaultListableBeanFactory     : Creating shared instance of singleton bean 'dataSourceScriptDatabaseInitializer'
2024-08-01T09:27:34.405-03:00 DEBUG 10971 --- [coremastermarket] [    Test worker] o.s.b.f.s.DefaultListableBeanFactory     : Creating shared instance of singleton bean 'org.springframework.boot.autoconfigure.sql.init.DataSourceInitializationConfiguration'
2024-08-01T09:27:34.406-03:00 DEBUG 10971 --- [coremastermarket] [    Test worker] o.s.b.f.s.DefaultListableBeanFactory     : Creating shared instance of singleton bean 'dataSource'
2024-08-01T09:27:34.406-03:00 DEBUG 10971 --- [coremastermarket] [    Test worker] o.s.b.f.s.DefaultListableBeanFactory     : Creating shared instance of singleton bean 'org.springframework.boot.autoconfigure.jdbc.DataSourceConfiguration$Hikari'
2024-08-01T09:27:34.406-03:00 DEBUG 10971 --- [coremastermarket] [    Test worker] o.s.b.f.s.DefaultListableBeanFactory     : Creating shared instance of singleton bean 'spring.datasource-org.springframework.boot.autoconfigure.jdbc.DataSourceProperties'
2024-08-01T09:27:34.410-03:00 DEBUG 10971 --- [coremastermarket] [    Test worker] o.s.b.f.s.DefaultListableBeanFactory     : Creating shared instance of singleton bean 'jdbcConnectionDetails'
2024-08-01T09:27:34.410-03:00 DEBUG 10971 --- [coremastermarket] [    Test worker] o.s.b.f.s.DefaultListableBeanFactory     : Creating shared instance of singleton bean 'org.springframework.boot.autoconfigure.jdbc.DataSourceAutoConfiguration$PooledDataSourceConfiguration'
2024-08-01T09:27:34.411-03:00 DEBUG 10971 --- [coremastermarket] [    Test worker] o.s.b.f.s.DefaultListableBeanFactory     : Autowiring by type from bean name 'jdbcConnectionDetails' via factory method to bean named 'spring.datasource-org.springframework.boot.autoconfigure.jdbc.DataSourceProperties'
2024-08-01T09:27:34.411-03:00 DEBUG 10971 --- [coremastermarket] [    Test worker] o.s.b.f.s.DefaultListableBeanFactory     : Autowiring by type from bean name 'dataSource' via factory method to bean named 'spring.datasource-org.springframework.boot.autoconfigure.jdbc.DataSourceProperties'
2024-08-01T09:27:34.411-03:00 DEBUG 10971 --- [coremastermarket] [    Test worker] o.s.b.f.s.DefaultListableBeanFactory     : Autowiring by type from bean name 'dataSource' via factory method to bean named 'jdbcConnectionDetails'
2024-08-01T09:27:34.423-03:00 DEBUG 10971 --- [coremastermarket] [    Test worker] o.s.b.f.s.DefaultListableBeanFactory     : Creating shared instance of singleton bean 'spring.sql.init-org.springframework.boot.autoconfigure.sql.init.SqlInitializationProperties'
2024-08-01T09:27:34.425-03:00 DEBUG 10971 --- [coremastermarket] [    Test worker] o.s.b.f.s.DefaultListableBeanFactory     : Autowiring by type from bean name 'dataSourceScriptDatabaseInitializer' via factory method to bean named 'dataSource'
2024-08-01T09:27:34.425-03:00 DEBUG 10971 --- [coremastermarket] [    Test worker] o.s.b.f.s.DefaultListableBeanFactory     : Autowiring by type from bean name 'dataSourceScriptDatabaseInitializer' via factory method to bean named 'spring.sql.init-org.springframework.boot.autoconfigure.sql.init.SqlInitializationProperties'
2024-08-01T09:27:34.427-03:00 DEBUG 10971 --- [coremastermarket] [    Test worker] o.s.b.f.s.DefaultListableBeanFactory     : Creating shared instance of singleton bean 'entityManagerFactory'
2024-08-01T09:27:34.427-03:00 DEBUG 10971 --- [coremastermarket] [    Test worker] o.s.b.f.s.DefaultListableBeanFactory     : Creating shared instance of singleton bean 'org.springframework.boot.autoconfigure.orm.jpa.HibernateJpaConfiguration'
2024-08-01T09:27:34.428-03:00 DEBUG 10971 --- [coremastermarket] [    Test worker] o.s.b.f.s.DefaultListableBeanFactory     : Creating shared instance of singleton bean 'spring.jpa-org.springframework.boot.autoconfigure.orm.jpa.JpaProperties'
2024-08-01T09:27:34.430-03:00 DEBUG 10971 --- [coremastermarket] [    Test worker] o.s.b.f.s.DefaultListableBeanFactory     : Creating shared instance of singleton bean 'spring.jpa.hibernate-org.springframework.boot.autoconfigure.orm.jpa.HibernateProperties'
2024-08-01T09:27:34.432-03:00 DEBUG 10971 --- [coremastermarket] [    Test worker] o.s.b.f.s.DefaultListableBeanFactory     : Autowiring by type from bean name 'org.springframework.boot.autoconfigure.orm.jpa.HibernateJpaConfiguration' via constructor to bean named 'dataSource'
2024-08-01T09:27:34.432-03:00 DEBUG 10971 --- [coremastermarket] [    Test worker] o.s.b.f.s.DefaultListableBeanFactory     : Autowiring by type from bean name 'org.springframework.boot.autoconfigure.orm.jpa.HibernateJpaConfiguration' via constructor to bean named 'spring.jpa-org.springframework.boot.autoconfigure.orm.jpa.JpaProperties'
2024-08-01T09:27:34.432-03:00 DEBUG 10971 --- [coremastermarket] [    Test worker] o.s.b.f.s.DefaultListableBeanFactory     : Autowiring by type from bean name 'org.springframework.boot.autoconfigure.orm.jpa.HibernateJpaConfiguration' via constructor to bean named 'org.springframework.beans.factory.support.DefaultListableBeanFactory@423a5c9c'
2024-08-01T09:27:34.432-03:00 DEBUG 10971 --- [coremastermarket] [    Test worker] o.s.b.f.s.DefaultListableBeanFactory     : Autowiring by type from bean name 'org.springframework.boot.autoconfigure.orm.jpa.HibernateJpaConfiguration' via constructor to bean named 'spring.jpa.hibernate-org.springframework.boot.autoconfigure.orm.jpa.HibernateProperties'
2024-08-01T09:27:34.432-03:00 DEBUG 10971 --- [coremastermarket] [    Test worker] o.s.b.f.s.DefaultListableBeanFactory     : Creating shared instance of singleton bean 'hikariPoolDataSourceMetadataProvider'
2024-08-01T09:27:34.433-03:00 DEBUG 10971 --- [coremastermarket] [    Test worker] o.s.b.f.s.DefaultListableBeanFactory     : Creating shared instance of singleton bean 'org.springframework.boot.autoconfigure.jdbc.metadata.DataSourcePoolMetadataProvidersConfiguration$HikariPoolDataSourceMetadataProviderConfiguration'
2024-08-01T09:27:34.435-03:00 DEBUG 10971 --- [coremastermarket] [    Test worker] o.s.b.f.s.DefaultListableBeanFactory     : Creating shared instance of singleton bean 'entityManagerFactoryBuilder'
2024-08-01T09:27:34.436-03:00 DEBUG 10971 --- [coremastermarket] [    Test worker] o.s.b.f.s.DefaultListableBeanFactory     : Creating shared instance of singleton bean 'jpaVendorAdapter'
2024-08-01T09:27:34.437-03:00 DEBUG 10971 --- [coremastermarket] [    Test worker] o.s.b.f.s.DefaultListableBeanFactory     : Autowiring by type from bean name 'entityManagerFactoryBuilder' via factory method to bean named 'jpaVendorAdapter'
2024-08-01T09:27:34.438-03:00 DEBUG 10971 --- [coremastermarket] [    Test worker] o.s.b.f.s.DefaultListableBeanFactory     : Creating shared instance of singleton bean 'persistenceManagedTypes'
2024-08-01T09:27:34.438-03:00 DEBUG 10971 --- [coremastermarket] [    Test worker] o.s.b.f.s.DefaultListableBeanFactory     : Autowiring by type from bean name 'persistenceManagedTypes' via factory method to bean named 'org.springframework.beans.factory.support.DefaultListableBeanFactory@423a5c9c'
2024-08-01T09:27:34.438-03:00 DEBUG 10971 --- [coremastermarket] [    Test worker] o.s.b.f.s.DefaultListableBeanFactory     : Autowiring by type from bean name 'persistenceManagedTypes' via factory method to bean named 'org.springframework.boot.web.servlet.context.AnnotationConfigServletWebServerApplicationContext@6c3d3d83'
2024-08-01T09:27:34.444-03:00 DEBUG 10971 --- [coremastermarket] [    Test worker] o.s.b.f.s.DefaultListableBeanFactory     : Autowiring by type from bean name 'entityManagerFactory' via factory method to bean named 'entityManagerFactoryBuilder'
2024-08-01T09:27:34.444-03:00 DEBUG 10971 --- [coremastermarket] [    Test worker] o.s.b.f.s.DefaultListableBeanFactory     : Autowiring by type from bean name 'entityManagerFactory' via factory method to bean named 'persistenceManagedTypes'
2024-08-01T09:27:34.445-03:00 DEBUG 10971 --- [coremastermarket] [    Test worker] j.LocalContainerEntityManagerFactoryBean : Building JPA container EntityManagerFactory for persistence unit 'default'
2024-08-01T09:27:34.445-03:00  INFO 10971 --- [coremastermarket] [    Test worker] o.hibernate.jpa.internal.util.LogHelper  : HHH000204: Processing PersistenceUnitInfo [name: default]
2024-08-01T09:27:34.451-03:00  INFO 10971 --- [coremastermarket] [    Test worker] o.h.c.internal.RegionFactoryInitiator    : HHH000026: Second-level cache disabled
2024-08-01T09:27:34.461-03:00  INFO 10971 --- [coremastermarket] [    Test worker] o.s.o.j.p.SpringPersistenceUnitInfo      : No LoadTimeWeaver setup: ignoring JPA class transformer
2024-08-01T09:27:34.463-03:00  INFO 10971 --- [coremastermarket] [    Test worker] com.zaxxer.hikari.HikariDataSource       : HikariPool-3 - Starting...
2024-08-01T09:27:34.473-03:00  INFO 10971 --- [coremastermarket] [    Test worker] com.zaxxer.hikari.pool.HikariPool        : HikariPool-3 - Added connection org.postgresql.jdbc.PgConnection@12888eb5
2024-08-01T09:27:34.474-03:00  INFO 10971 --- [coremastermarket] [    Test worker] com.zaxxer.hikari.HikariDataSource       : HikariPool-3 - Start completed.
2024-08-01T09:27:34.477-03:00  WARN 10971 --- [coremastermarket] [    Test worker] org.hibernate.orm.deprecation            : HHH90000025: PostgreSQLDialect does not need to be specified explicitly using 'hibernate.dialect' (remove the property setting and it will be selected by default)
2024-08-01T09:27:34.624-03:00  INFO 10971 --- [coremastermarket] [    Test worker] o.h.e.t.j.p.i.JtaPlatformInitiator       : HHH000489: No JTA platform available (set 'hibernate.transaction.jta.platform' to enable JTA platform integration)
Hibernate: alter table if exists users alter column profile_img set data type TEXT
2024-08-01T09:27:34.672-03:00  INFO 10971 --- [coremastermarket] [    Test worker] j.LocalContainerEntityManagerFactoryBean : Initialized JPA EntityManagerFactory for persistence unit 'default'
2024-08-01T09:27:34.726-03:00 DEBUG 10971 --- [coremastermarket] [    Test worker] o.s.b.f.s.DefaultListableBeanFactory     : Creating shared instance of singleton bean 'jpaMappingContext'
2024-08-01T09:27:34.726-03:00 DEBUG 10971 --- [coremastermarket] [    Test worker] .c.JpaMetamodelMappingContextFactoryBean : Initializing JpaMetamodelMappingContext…
2024-08-01T09:27:34.726-03:00 DEBUG 10971 --- [coremastermarket] [    Test worker] .c.JpaMetamodelMappingContextFactoryBean : Finished initializing JpaMetamodelMappingContext
2024-08-01T09:27:34.732-03:00 DEBUG 10971 --- [coremastermarket] [    Test worker] tor$SharedEntityManagerInvocationHandler : Creating new EntityManager for shared EntityManager invocation
2024-08-01T09:27:34.736-03:00 DEBUG 10971 --- [coremastermarket] [    Test worker] o.s.d.r.c.s.RepositoryFactorySupport     : Initializing repository instance for com.rodolfobrandao.coremastermarket.security.repositories.UserRepository…
2024-08-01T09:27:34.736-03:00 DEBUG 10971 --- [coremastermarket] [    Test worker] tor$SharedEntityManagerInvocationHandler : Creating new EntityManager for shared EntityManager invocation
2024-08-01T09:27:34.737-03:00 DEBUG 10971 --- [coremastermarket] [    Test worker] o.s.d.jpa.repository.query.NamedQuery    : Looking up named query User.findById
2024-08-01T09:27:34.738-03:00 DEBUG 10971 --- [coremastermarket] [    Test worker] o.s.d.jpa.repository.query.NamedQuery    : Did not find named query User.findById
2024-08-01T09:27:34.738-03:00 DEBUG 10971 --- [coremastermarket] [    Test worker] tor$SharedEntityManagerInvocationHandler : Creating new EntityManager for shared EntityManager invocation
2024-08-01T09:27:34.739-03:00 DEBUG 10971 --- [coremastermarket] [    Test worker] o.s.d.jpa.repository.query.NamedQuery    : Looking up named query User.findByLogin
2024-08-01T09:27:34.739-03:00 DEBUG 10971 --- [coremastermarket] [    Test worker] o.s.d.jpa.repository.query.NamedQuery    : Did not find named query User.findByLogin
2024-08-01T09:27:34.739-03:00 DEBUG 10971 --- [coremastermarket] [    Test worker] tor$SharedEntityManagerInvocationHandler : Creating new EntityManager for shared EntityManager invocation
2024-08-01T09:27:34.739-03:00 DEBUG 10971 --- [coremastermarket] [    Test worker] o.s.d.r.c.s.RepositoryFactorySupport     : Finished creation of repository instance for com.rodolfobrandao.coremastermarket.security.repositories.UserRepository.
2024-08-01T09:27:34.757-03:00 DEBUG 10971 --- [coremastermarket] [    Test worker] o.s.b.f.s.DefaultListableBeanFactory     : Creating shared instance of singleton bean 'requestContextFilter'
2024-08-01T09:27:34.758-03:00 DEBUG 10971 --- [coremastermarket] [    Test worker] o.s.b.f.s.DefaultListableBeanFactory     : Creating shared instance of singleton bean 'formContentFilter'
2024-08-01T09:27:34.758-03:00 DEBUG 10971 --- [coremastermarket] [    Test worker] o.s.b.f.s.DefaultListableBeanFactory     : Creating shared instance of singleton bean 'org.springframework.boot.autoconfigure.web.servlet.WebMvcAutoConfiguration'
2024-08-01T09:27:34.760-03:00 DEBUG 10971 --- [coremastermarket] [    Test worker] o.s.b.f.s.DefaultListableBeanFactory     : Creating shared instance of singleton bean 'characterEncodingFilter'
2024-08-01T09:27:34.768-03:00 DEBUG 10971 --- [coremastermarket] [    Test worker] o.s.b.w.s.ServletContextInitializerBeans : Mapping filters: springSecurityFilterChain urls=[/*] order=-100, characterEncodingFilter urls=[/*] order=-2147483648, formContentFilter urls=[/*] order=-9900, requestContextFilter urls=[/*] order=-105, securityFilter urls=[/*] order=2147483647
2024-08-01T09:27:34.768-03:00 DEBUG 10971 --- [coremastermarket] [    Test worker] o.s.b.w.s.ServletContextInitializerBeans : Mapping servlets: dispatcherServlet urls=[/]
2024-08-01T09:27:34.808-03:00 DEBUG 10971 --- [coremastermarket] [    Test worker] o.s.b.w.s.f.OrderedRequestContextFilter  : Filter 'requestContextFilter' configured for use
2024-08-01T09:27:34.808-03:00 DEBUG 10971 --- [coremastermarket] [    Test worker] s.b.w.s.f.OrderedCharacterEncodingFilter : Filter 'characterEncodingFilter' configured for use
2024-08-01T09:27:34.808-03:00 DEBUG 10971 --- [coremastermarket] [    Test worker] .DelegatingFilterProxyRegistrationBean$1 : Filter 'springSecurityFilterChain' configured for use
2024-08-01T09:27:34.808-03:00 DEBUG 10971 --- [coremastermarket] [    Test worker] o.s.b.w.s.f.OrderedFormContentFilter     : Filter 'formContentFilter' configured for use
2024-08-01T09:27:34.816-03:00 DEBUG 10971 --- [coremastermarket] [    Test worker] o.s.b.f.s.DefaultListableBeanFactory     : Creating shared instance of singleton bean 'org.springframework.cloud.autoconfigure.RefreshAutoConfiguration$JpaInvokerConfiguration'
2024-08-01T09:27:34.817-03:00 DEBUG 10971 --- [coremastermarket] [    Test worker] o.s.b.f.s.DefaultListableBeanFactory     : Creating shared instance of singleton bean 'coremastermarketApplication'
2024-08-01T09:27:34.818-03:00 DEBUG 10971 --- [coremastermarket] [    Test worker] o.s.b.f.s.DefaultListableBeanFactory     : Creating shared instance of singleton bean 'testConfig'
2024-08-01T09:27:34.818-03:00 DEBUG 10971 --- [coremastermarket] [    Test worker] o.s.b.f.s.DefaultListableBeanFactory     : Creating shared instance of singleton bean 'preLoadDatabase'
2024-08-01T09:27:34.819-03:00 DEBUG 10971 --- [coremastermarket] [    Test worker] o.s.b.f.s.DefaultListableBeanFactory     : Creating shared instance of singleton bean 'jdbcClient'
2024-08-01T09:27:34.819-03:00 DEBUG 10971 --- [coremastermarket] [    Test worker] o.s.b.f.s.DefaultListableBeanFactory     : Creating shared instance of singleton bean 'org.springframework.boot.autoconfigure.jdbc.JdbcClientAutoConfiguration'
2024-08-01T09:27:34.819-03:00 DEBUG 10971 --- [coremastermarket] [    Test worker] o.s.b.f.s.DefaultListableBeanFactory     : Creating shared instance of singleton bean 'namedParameterJdbcTemplate'
2024-08-01T09:27:34.819-03:00 DEBUG 10971 --- [coremastermarket] [    Test worker] o.s.b.f.s.DefaultListableBeanFactory     : Creating shared instance of singleton bean 'org.springframework.boot.autoconfigure.jdbc.NamedParameterJdbcTemplateConfiguration'
2024-08-01T09:27:34.820-03:00 DEBUG 10971 --- [coremastermarket] [    Test worker] o.s.b.f.s.DefaultListableBeanFactory     : Creating shared instance of singleton bean 'jdbcTemplate'
2024-08-01T09:27:34.820-03:00 DEBUG 10971 --- [coremastermarket] [    Test worker] o.s.b.f.s.DefaultListableBeanFactory     : Creating shared instance of singleton bean 'org.springframework.boot.autoconfigure.jdbc.JdbcTemplateConfiguration'
2024-08-01T09:27:34.820-03:00 DEBUG 10971 --- [coremastermarket] [    Test worker] o.s.b.f.s.DefaultListableBeanFactory     : Creating shared instance of singleton bean 'spring.jdbc-org.springframework.boot.autoconfigure.jdbc.JdbcProperties'
2024-08-01T09:27:34.821-03:00 DEBUG 10971 --- [coremastermarket] [    Test worker] o.s.b.f.s.DefaultListableBeanFactory     : Autowiring by type from bean name 'jdbcTemplate' via factory method to bean named 'dataSource'
2024-08-01T09:27:34.821-03:00 DEBUG 10971 --- [coremastermarket] [    Test worker] o.s.b.f.s.DefaultListableBeanFactory     : Autowiring by type from bean name 'jdbcTemplate' via factory method to bean named 'spring.jdbc-org.springframework.boot.autoconfigure.jdbc.JdbcProperties'
2024-08-01T09:27:34.834-03:00 DEBUG 10971 --- [coremastermarket] [    Test worker] o.s.b.f.s.DefaultListableBeanFactory     : Autowiring by type from bean name 'namedParameterJdbcTemplate' via factory method to bean named 'jdbcTemplate'
2024-08-01T09:27:34.839-03:00 DEBUG 10971 --- [coremastermarket] [    Test worker] o.s.b.f.s.DefaultListableBeanFactory     : Autowiring by type from bean name 'jdbcClient' via factory method to bean named 'namedParameterJdbcTemplate'
2024-08-01T09:27:34.839-03:00 DEBUG 10971 --- [coremastermarket] [    Test worker] o.s.b.f.s.DefaultListableBeanFactory     : Autowiring by type from bean name 'preLoadDatabase' via constructor to bean named 'dataSource'
2024-08-01T09:27:34.839-03:00 DEBUG 10971 --- [coremastermarket] [    Test worker] o.s.b.f.s.DefaultListableBeanFactory     : Autowiring by type from bean name 'preLoadDatabase' via constructor to bean named 'jdbcClient'
2024-08-01T09:27:34.840-03:00 DEBUG 10971 --- [coremastermarket] [    Test worker] o.s.b.f.s.DefaultListableBeanFactory     : Creating shared instance of singleton bean 'clienteController'
2024-08-01T09:27:34.840-03:00 DEBUG 10971 --- [coremastermarket] [    Test worker] o.s.b.f.s.DefaultListableBeanFactory     : Creating shared instance of singleton bean 'clienteService'
2024-08-01T09:27:34.841-03:00 DEBUG 10971 --- [coremastermarket] [    Test worker] o.s.b.f.s.DefaultListableBeanFactory     : Creating shared instance of singleton bean 'clienteRepository'
2024-08-01T09:27:34.842-03:00 DEBUG 10971 --- [coremastermarket] [    Test worker] o.s.b.f.s.DefaultListableBeanFactory     : Creating shared instance of singleton bean 'jpa.named-queries#2'
2024-08-01T09:27:34.842-03:00 DEBUG 10971 --- [coremastermarket] [    Test worker] o.s.b.f.s.DefaultListableBeanFactory     : Creating shared instance of singleton bean 'jpa.ClienteRepository.fragments#0'
2024-08-01T09:27:34.843-03:00 DEBUG 10971 --- [coremastermarket] [    Test worker] tor$SharedEntityManagerInvocationHandler : Creating new EntityManager for shared EntityManager invocation
2024-08-01T09:27:34.846-03:00 DEBUG 10971 --- [coremastermarket] [    Test worker] o.s.d.r.c.s.RepositoryFactorySupport     : Initializing repository instance for com.rodolfobrandao.coremastermarket.repositories.cliente.ClienteRepository…
2024-08-01T09:27:34.847-03:00 DEBUG 10971 --- [coremastermarket] [    Test worker] tor$SharedEntityManagerInvocationHandler : Creating new EntityManager for shared EntityManager invocation
2024-08-01T09:27:34.848-03:00 DEBUG 10971 --- [coremastermarket] [    Test worker] o.s.d.r.c.s.RepositoryFactorySupport     : Finished creation of repository instance for com.rodolfobrandao.coremastermarket.repositories.cliente.ClienteRepository.
2024-08-01T09:27:34.862-03:00 DEBUG 10971 --- [coremastermarket] [    Test worker] o.s.b.f.s.DefaultListableBeanFactory     : Autowiring by type from bean name 'clienteService' via constructor to bean named 'clienteRepository'
2024-08-01T09:27:34.863-03:00 DEBUG 10971 --- [coremastermarket] [    Test worker] o.s.b.f.s.DefaultListableBeanFactory     : Autowiring by type from bean name 'clienteController' via constructor to bean named 'clienteService'
2024-08-01T09:27:34.864-03:00 DEBUG 10971 --- [coremastermarket] [    Test worker] o.s.b.f.s.DefaultListableBeanFactory     : Creating shared instance of singleton bean 'metadosPagamentosController'
2024-08-01T09:27:34.864-03:00 DEBUG 10971 --- [coremastermarket] [    Test worker] o.s.b.f.s.DefaultListableBeanFactory     : Creating shared instance of singleton bean 'metadosPagamentoService'
2024-08-01T09:27:34.864-03:00 DEBUG 10971 --- [coremastermarket] [    Test worker] o.s.b.f.s.DefaultListableBeanFactory     : Creating shared instance of singleton bean 'metadosPagamentosRepository'
2024-08-01T09:27:34.865-03:00 DEBUG 10971 --- [coremastermarket] [    Test worker] o.s.b.f.s.DefaultListableBeanFactory     : Creating shared instance of singleton bean 'jpa.named-queries#1'
2024-08-01T09:27:34.866-03:00 DEBUG 10971 --- [coremastermarket] [    Test worker] o.s.b.f.s.DefaultListableBeanFactory     : Creating shared instance of singleton bean 'jpa.MetadosPagamentosRepository.fragments#0'
2024-08-01T09:27:34.866-03:00 DEBUG 10971 --- [coremastermarket] [    Test worker] tor$SharedEntityManagerInvocationHandler : Creating new EntityManager for shared EntityManager invocation
2024-08-01T09:27:34.867-03:00 DEBUG 10971 --- [coremastermarket] [    Test worker] o.s.d.r.c.s.RepositoryFactorySupport     : Initializing repository instance for com.rodolfobrandao.coremastermarket.repositories.pdv.MetadosPagamentosRepository…
2024-08-01T09:27:34.867-03:00 DEBUG 10971 --- [coremastermarket] [    Test worker] tor$SharedEntityManagerInvocationHandler : Creating new EntityManager for shared EntityManager invocation
2024-08-01T09:27:34.868-03:00 DEBUG 10971 --- [coremastermarket] [    Test worker] o.s.d.r.c.s.RepositoryFactorySupport     : Finished creation of repository instance for com.rodolfobrandao.coremastermarket.repositories.pdv.MetadosPagamentosRepository.
2024-08-01T09:27:34.879-03:00 DEBUG 10971 --- [coremastermarket] [    Test worker] o.s.b.f.s.DefaultListableBeanFactory     : Autowiring by type from bean name 'metadosPagamentoService' via constructor to bean named 'metadosPagamentosRepository'
2024-08-01T09:27:34.879-03:00 DEBUG 10971 --- [coremastermarket] [    Test worker] o.s.b.f.s.DefaultListableBeanFactory     : Autowiring by type from bean name 'metadosPagamentosController' via constructor to bean named 'metadosPagamentoService'
2024-08-01T09:27:34.879-03:00 DEBUG 10971 --- [coremastermarket] [    Test worker] o.s.b.f.s.DefaultListableBeanFactory     : Creating shared instance of singleton bean 'modoPagamentoController'
2024-08-01T09:27:34.880-03:00 DEBUG 10971 --- [coremastermarket] [    Test worker] o.s.b.f.s.DefaultListableBeanFactory     : Creating shared instance of singleton bean 'modoPagamentoService'
2024-08-01T09:27:34.880-03:00 DEBUG 10971 --- [coremastermarket] [    Test worker] o.s.b.f.s.DefaultListableBeanFactory     : Creating shared instance of singleton bean 'modoPagamentoRepository'
2024-08-01T09:27:34.881-03:00 DEBUG 10971 --- [coremastermarket] [    Test worker] o.s.b.f.s.DefaultListableBeanFactory     : Creating shared instance of singleton bean 'jpa.named-queries#0'
2024-08-01T09:27:34.882-03:00 DEBUG 10971 --- [coremastermarket] [    Test worker] o.s.b.f.s.DefaultListableBeanFactory     : Creating shared instance of singleton bean 'jpa.ModoPagamentoRepository.fragments#0'
2024-08-01T09:27:34.882-03:00 DEBUG 10971 --- [coremastermarket] [    Test worker] tor$SharedEntityManagerInvocationHandler : Creating new EntityManager for shared EntityManager invocation
2024-08-01T09:27:34.886-03:00 DEBUG 10971 --- [coremastermarket] [    Test worker] o.s.d.r.c.s.RepositoryFactorySupport     : Initializing repository instance for com.rodolfobrandao.coremastermarket.repositories.pdv.ModoPagamentoRepository…
2024-08-01T09:27:34.886-03:00 DEBUG 10971 --- [coremastermarket] [    Test worker] tor$SharedEntityManagerInvocationHandler : Creating new EntityManager for shared EntityManager invocation
2024-08-01T09:27:34.887-03:00 DEBUG 10971 --- [coremastermarket] [    Test worker] o.s.d.r.c.s.RepositoryFactorySupport     : Finished creation of repository instance for com.rodolfobrandao.coremastermarket.repositories.pdv.ModoPagamentoRepository.
2024-08-01T09:27:34.898-03:00 DEBUG 10971 --- [coremastermarket] [    Test worker] o.s.b.f.s.DefaultListableBeanFactory     : Autowiring by type from bean name 'modoPagamentoService' via constructor to bean named 'modoPagamentoRepository'
2024-08-01T09:27:34.898-03:00 DEBUG 10971 --- [coremastermarket] [    Test worker] o.s.b.f.s.DefaultListableBeanFactory     : Autowiring by type from bean name 'modoPagamentoService' via constructor to bean named 'metadosPagamentosRepository'
2024-08-01T09:27:34.898-03:00 DEBUG 10971 --- [coremastermarket] [    Test worker] o.s.b.f.s.DefaultListableBeanFactory     : Autowiring by type from bean name 'modoPagamentoController' via constructor to bean named 'modoPagamentoService'
2024-08-01T09:27:34.899-03:00 DEBUG 10971 --- [coremastermarket] [    Test worker] o.s.b.f.s.DefaultListableBeanFactory     : Creating shared instance of singleton bean 'vendaController'
2024-08-01T09:27:34.899-03:00 DEBUG 10971 --- [coremastermarket] [    Test worker] o.s.b.f.s.DefaultListableBeanFactory     : Creating shared instance of singleton bean 'vendaService'
2024-08-01T09:27:34.899-03:00 DEBUG 10971 --- [coremastermarket] [    Test worker] o.s.b.f.s.DefaultListableBeanFactory     : Creating shared instance of singleton bean 'vendaRepository'
2024-08-01T09:27:34.900-03:00 DEBUG 10971 --- [coremastermarket] [    Test worker] o.s.b.f.s.DefaultListableBeanFactory     : Creating shared instance of singleton bean 'jpa.named-queries#6'
2024-08-01T09:27:34.901-03:00 DEBUG 10971 --- [coremastermarket] [    Test worker] o.s.b.f.s.DefaultListableBeanFactory     : Creating shared instance of singleton bean 'jpa.VendaRepository.fragments#0'
2024-08-01T09:27:34.901-03:00 DEBUG 10971 --- [coremastermarket] [    Test worker] tor$SharedEntityManagerInvocationHandler : Creating new EntityManager for shared EntityManager invocation
2024-08-01T09:27:34.901-03:00 DEBUG 10971 --- [coremastermarket] [    Test worker] o.s.d.r.c.s.RepositoryFactorySupport     : Initializing repository instance for com.rodolfobrandao.coremastermarket.repositories.pdv.VendaRepository…
2024-08-01T09:27:34.902-03:00 DEBUG 10971 --- [coremastermarket] [    Test worker] tor$SharedEntityManagerInvocationHandler : Creating new EntityManager for shared EntityManager invocation
2024-08-01T09:27:34.902-03:00 DEBUG 10971 --- [coremastermarket] [    Test worker] o.s.d.r.c.s.RepositoryFactorySupport     : Finished creation of repository instance for com.rodolfobrandao.coremastermarket.repositories.pdv.VendaRepository.
2024-08-01T09:27:34.914-03:00 DEBUG 10971 --- [coremastermarket] [    Test worker] o.s.b.f.s.DefaultListableBeanFactory     : Creating shared instance of singleton bean 'produtoService'
2024-08-01T09:27:34.914-03:00 DEBUG 10971 --- [coremastermarket] [    Test worker] o.s.b.f.s.DefaultListableBeanFactory     : Creating shared instance of singleton bean 'produtoRepository'
2024-08-01T09:27:34.915-03:00 DEBUG 10971 --- [coremastermarket] [    Test worker] o.s.b.f.s.DefaultListableBeanFactory     : Creating shared instance of singleton bean 'jpa.named-queries#3'
2024-08-01T09:27:34.915-03:00 DEBUG 10971 --- [coremastermarket] [    Test worker] o.s.b.f.s.DefaultListableBeanFactory     : Creating shared instance of singleton bean 'jpa.ProdutoRepository.fragments#0'
2024-08-01T09:27:34.916-03:00 DEBUG 10971 --- [coremastermarket] [    Test worker] tor$SharedEntityManagerInvocationHandler : Creating new EntityManager for shared EntityManager invocation
2024-08-01T09:27:34.918-03:00 DEBUG 10971 --- [coremastermarket] [    Test worker] o.s.d.r.c.s.RepositoryFactorySupport     : Initializing repository instance for com.rodolfobrandao.coremastermarket.repositories.produto.ProdutoRepository…
2024-08-01T09:27:34.918-03:00 DEBUG 10971 --- [coremastermarket] [    Test worker] tor$SharedEntityManagerInvocationHandler : Creating new EntityManager for shared EntityManager invocation
2024-08-01T09:27:34.919-03:00 DEBUG 10971 --- [coremastermarket] [    Test worker] o.s.d.jpa.repository.query.NamedQuery    : Looking up named query Produto.findByCodigoBarras
2024-08-01T09:27:34.919-03:00 DEBUG 10971 --- [coremastermarket] [    Test worker] o.s.d.jpa.repository.query.NamedQuery    : Did not find named query Produto.findByCodigoBarras
2024-08-01T09:27:34.919-03:00 DEBUG 10971 --- [coremastermarket] [    Test worker] tor$SharedEntityManagerInvocationHandler : Creating new EntityManager for shared EntityManager invocation
2024-08-01T09:27:34.920-03:00 DEBUG 10971 --- [coremastermarket] [    Test worker] o.s.d.r.c.s.RepositoryFactorySupport     : Finished creation of repository instance for com.rodolfobrandao.coremastermarket.repositories.produto.ProdutoRepository.
2024-08-01T09:27:34.946-03:00 DEBUG 10971 --- [coremastermarket] [    Test worker] o.s.b.f.s.DefaultListableBeanFactory     : Creating shared instance of singleton bean 'marcaRepository'
2024-08-01T09:27:34.946-03:00 DEBUG 10971 --- [coremastermarket] [    Test worker] o.s.b.f.s.DefaultListableBeanFactory     : Creating shared instance of singleton bean 'jpa.named-queries#4'
2024-08-01T09:27:34.947-03:00 DEBUG 10971 --- [coremastermarket] [    Test worker] o.s.b.f.s.DefaultListableBeanFactory     : Creating shared instance of singleton bean 'jpa.MarcaRepository.fragments#0'
2024-08-01T09:27:34.948-03:00 DEBUG 10971 --- [coremastermarket] [    Test worker] tor$SharedEntityManagerInvocationHandler : Creating new EntityManager for shared EntityManager invocation
2024-08-01T09:27:34.948-03:00 DEBUG 10971 --- [coremastermarket] [    Test worker] o.s.d.r.c.s.RepositoryFactorySupport     : Initializing repository instance for com.rodolfobrandao.coremastermarket.repositories.produto.MarcaRepository…
2024-08-01T09:27:34.948-03:00 DEBUG 10971 --- [coremastermarket] [    Test worker] tor$SharedEntityManagerInvocationHandler : Creating new EntityManager for shared EntityManager invocation
2024-08-01T09:27:34.949-03:00 DEBUG 10971 --- [coremastermarket] [    Test worker] o.s.d.r.c.s.RepositoryFactorySupport     : Finished creation of repository instance for com.rodolfobrandao.coremastermarket.repositories.produto.MarcaRepository.
2024-08-01T09:27:35.040-03:00 DEBUG 10971 --- [coremastermarket] [    Test worker] o.s.b.f.s.DefaultListableBeanFactory     : Autowiring by type from bean name 'produtoService' via constructor to bean named 'produtoRepository'
2024-08-01T09:27:35.040-03:00 DEBUG 10971 --- [coremastermarket] [    Test worker] o.s.b.f.s.DefaultListableBeanFactory     : Autowiring by type from bean name 'produtoService' via constructor to bean named 'marcaRepository'
2024-08-01T09:27:35.041-03:00 DEBUG 10971 --- [coremastermarket] [    Test worker] o.s.b.f.s.DefaultListableBeanFactory     : Creating shared instance of singleton bean 'vendaQueryService'
2024-08-01T09:27:35.041-03:00 DEBUG 10971 --- [coremastermarket] [    Test worker] o.s.b.f.s.DefaultListableBeanFactory     : Creating shared instance of singleton bean 'genericQueryServiceConfig'
2024-08-01T09:27:35.042-03:00 DEBUG 10971 --- [coremastermarket] [    Test worker] o.s.b.f.s.DefaultListableBeanFactory     : Autowiring by type from bean name 'vendaService' via constructor to bean named 'vendaRepository'
2024-08-01T09:27:35.042-03:00 DEBUG 10971 --- [coremastermarket] [    Test worker] o.s.b.f.s.DefaultListableBeanFactory     : Autowiring by type from bean name 'vendaService' via constructor to bean named 'produtoService'
2024-08-01T09:27:35.042-03:00 DEBUG 10971 --- [coremastermarket] [    Test worker] o.s.b.f.s.DefaultListableBeanFactory     : Autowiring by type from bean name 'vendaService' via constructor to bean named 'produtoRepository'
2024-08-01T09:27:35.042-03:00 DEBUG 10971 --- [coremastermarket] [    Test worker] o.s.b.f.s.DefaultListableBeanFactory     : Autowiring by type from bean name 'vendaService' via constructor to bean named 'vendaQueryService'
2024-08-01T09:27:35.042-03:00 DEBUG 10971 --- [coremastermarket] [    Test worker] o.s.b.f.s.DefaultListableBeanFactory     : Autowiring by type from bean name 'vendaController' via constructor to bean named 'clienteService'
2024-08-01T09:27:35.042-03:00 DEBUG 10971 --- [coremastermarket] [    Test worker] o.s.b.f.s.DefaultListableBeanFactory     : Autowiring by type from bean name 'vendaController' via constructor to bean named 'modoPagamentoService'
2024-08-01T09:27:35.042-03:00 DEBUG 10971 --- [coremastermarket] [    Test worker] o.s.b.f.s.DefaultListableBeanFactory     : Autowiring by type from bean name 'vendaController' via constructor to bean named 'vendaService'
2024-08-01T09:27:35.042-03:00 DEBUG 10971 --- [coremastermarket] [    Test worker] o.s.b.f.s.DefaultListableBeanFactory     : Autowiring by type from bean name 'vendaController' via constructor to bean named 'produtoService'
2024-08-01T09:27:35.043-03:00 DEBUG 10971 --- [coremastermarket] [    Test worker] o.s.b.f.s.DefaultListableBeanFactory     : Creating shared instance of singleton bean 'marcaController'
2024-08-01T09:27:35.043-03:00 DEBUG 10971 --- [coremastermarket] [    Test worker] o.s.b.f.s.DefaultListableBeanFactory     : Creating shared instance of singleton bean 'marcaService'
2024-08-01T09:27:35.043-03:00 DEBUG 10971 --- [coremastermarket] [    Test worker] o.s.b.f.s.DefaultListableBeanFactory     : Autowiring by type from bean name 'marcaService' via constructor to bean named 'marcaRepository'
2024-08-01T09:27:35.043-03:00 DEBUG 10971 --- [coremastermarket] [    Test worker] o.s.b.f.s.DefaultListableBeanFactory     : Autowiring by type from bean name 'marcaController' via constructor to bean named 'marcaService'
2024-08-01T09:27:35.044-03:00 DEBUG 10971 --- [coremastermarket] [    Test worker] o.s.b.f.s.DefaultListableBeanFactory     : Creating shared instance of singleton bean 'produtoController'
2024-08-01T09:27:35.044-03:00 DEBUG 10971 --- [coremastermarket] [    Test worker] o.s.b.f.s.DefaultListableBeanFactory     : Autowiring by type from bean name 'produtoController' via constructor to bean named 'produtoService'
2024-08-01T09:27:35.044-03:00 DEBUG 10971 --- [coremastermarket] [    Test worker] o.s.b.f.s.DefaultListableBeanFactory     : Creating shared instance of singleton bean 'authorizationService'
2024-08-01T09:27:35.045-03:00 DEBUG 10971 --- [coremastermarket] [    Test worker] o.s.b.f.s.DefaultListableBeanFactory     : Creating shared instance of singleton bean 'jacksonConfig'
2024-08-01T09:27:35.045-03:00 DEBUG 10971 --- [coremastermarket] [    Test worker] o.s.b.f.s.DefaultListableBeanFactory     : Creating shared instance of singleton bean 'securityConfiguration'
2024-08-01T09:27:35.045-03:00 DEBUG 10971 --- [coremastermarket] [    Test worker] o.s.b.f.s.DefaultListableBeanFactory     : Creating shared instance of singleton bean 'authenticationController'
2024-08-01T09:27:35.046-03:00 DEBUG 10971 --- [coremastermarket] [    Test worker] o.s.b.f.s.DefaultListableBeanFactory     : Creating shared instance of singleton bean 'authenticationManager'
2024-08-01T09:27:35.046-03:00 DEBUG 10971 --- [coremastermarket] [    Test worker] o.s.b.f.s.DefaultListableBeanFactory     : Creating shared instance of singleton bean 'org.springframework.security.config.annotation.authentication.configuration.AuthenticationConfiguration'
2024-08-01T09:27:35.047-03:00 DEBUG 10971 --- [coremastermarket] [    Test worker] o.s.b.f.s.DefaultListableBeanFactory     : Creating shared instance of singleton bean 'enableGlobalAuthenticationAutowiredConfigurer'
2024-08-01T09:27:35.047-03:00 DEBUG 10971 --- [coremastermarket] [    Test worker] o.s.b.f.s.DefaultListableBeanFactory     : Autowiring by type from bean name 'enableGlobalAuthenticationAutowiredConfigurer' via factory method to bean named 'org.springframework.boot.web.servlet.context.AnnotationConfigServletWebServerApplicationContext@6c3d3d83'
2024-08-01T09:27:35.048-03:00 DEBUG 10971 --- [coremastermarket] [    Test worker] o.s.b.f.s.DefaultListableBeanFactory     : Creating shared instance of singleton bean 'initializeUserDetailsBeanManagerConfigurer'
2024-08-01T09:27:35.048-03:00 DEBUG 10971 --- [coremastermarket] [    Test worker] o.s.b.f.s.DefaultListableBeanFactory     : Autowiring by type from bean name 'initializeUserDetailsBeanManagerConfigurer' via factory method to bean named 'org.springframework.boot.web.servlet.context.AnnotationConfigServletWebServerApplicationContext@6c3d3d83'
2024-08-01T09:27:35.048-03:00 DEBUG 10971 --- [coremastermarket] [    Test worker] o.s.b.f.s.DefaultListableBeanFactory     : Creating shared instance of singleton bean 'initializeAuthenticationProviderBeanManagerConfigurer'
2024-08-01T09:27:35.048-03:00 DEBUG 10971 --- [coremastermarket] [    Test worker] o.s.b.f.s.DefaultListableBeanFactory     : Autowiring by type from bean name 'initializeAuthenticationProviderBeanManagerConfigurer' via factory method to bean named 'org.springframework.boot.web.servlet.context.AnnotationConfigServletWebServerApplicationContext@6c3d3d83'
2024-08-01T09:27:35.049-03:00 DEBUG 10971 --- [coremastermarket] [    Test worker] o.s.b.f.s.DefaultListableBeanFactory     : Creating shared instance of singleton bean 'objectPostProcessor'
2024-08-01T09:27:35.049-03:00 DEBUG 10971 --- [coremastermarket] [    Test worker] o.s.b.f.s.DefaultListableBeanFactory     : Creating shared instance of singleton bean 'org.springframework.security.config.annotation.configuration.ObjectPostProcessorConfiguration'
2024-08-01T09:27:35.049-03:00 DEBUG 10971 --- [coremastermarket] [    Test worker] o.s.b.f.s.DefaultListableBeanFactory     : Autowiring by type from bean name 'objectPostProcessor' via factory method to bean named 'org.springframework.beans.factory.support.DefaultListableBeanFactory@423a5c9c'
2024-08-01T09:27:35.050-03:00 DEBUG 10971 --- [coremastermarket] [    Test worker] o.s.b.f.s.DefaultListableBeanFactory     : Autowiring by type from bean name 'authenticationManager' via factory method to bean named 'org.springframework.security.config.annotation.authentication.configuration.AuthenticationConfiguration'
2024-08-01T09:27:35.050-03:00 DEBUG 10971 --- [coremastermarket] [    Test worker] o.s.b.f.s.DefaultListableBeanFactory     : Creating shared instance of singleton bean 'authenticationManagerBuilder'
2024-08-01T09:27:35.050-03:00 DEBUG 10971 --- [coremastermarket] [    Test worker] o.s.b.f.s.DefaultListableBeanFactory     : Autowiring by type from bean name 'authenticationManagerBuilder' via factory method to bean named 'objectPostProcessor'
2024-08-01T09:27:35.050-03:00 DEBUG 10971 --- [coremastermarket] [    Test worker] o.s.b.f.s.DefaultListableBeanFactory     : Autowiring by type from bean name 'authenticationManagerBuilder' via factory method to bean named 'org.springframework.boot.web.servlet.context.AnnotationConfigServletWebServerApplicationContext@6c3d3d83'
2024-08-01T09:27:35.056-03:00 DEBUG 10971 --- [coremastermarket] [    Test worker] o.s.b.f.s.DefaultListableBeanFactory     : Creating shared instance of singleton bean 'passwordEncoder'
2024-08-01T09:27:35.057-03:00  INFO 10971 --- [coremastermarket] [    Test worker] r$InitializeUserDetailsManagerConfigurer : Global AuthenticationManager configured with UserDetailsService bean with name authorizationService
2024-08-01T09:27:35.058-03:00 DEBUG 10971 --- [coremastermarket] [    Test worker] o.s.b.f.s.DefaultListableBeanFactory     : Creating shared instance of singleton bean 'objectMapper'
2024-08-01T09:27:35.072-03:00 DEBUG 10971 --- [coremastermarket] [    Test worker] o.s.b.f.s.DefaultListableBeanFactory     : Creating shared instance of singleton bean 'genericService'
2024-08-01T09:27:35.073-03:00 DEBUG 10971 --- [coremastermarket] [    Test worker] o.s.b.f.s.DefaultListableBeanFactory     : Autowiring by type from bean name 'genericService' via constructor to bean named 'clienteRepository'
2024-08-01T09:27:35.073-03:00 DEBUG 10971 --- [coremastermarket] [    Test worker] o.s.b.f.s.DefaultListableBeanFactory     : Creating shared instance of singleton bean 'globalExceptionHandler'
2024-08-01T09:27:35.074-03:00 DEBUG 10971 --- [coremastermarket] [    Test worker] o.s.b.f.s.DefaultListableBeanFactory     : Creating shared instance of singleton bean 'openApiConfig'
2024-08-01T09:27:35.074-03:00 DEBUG 10971 --- [coremastermarket] [    Test worker] o.s.b.f.s.DefaultListableBeanFactory     : Creating shared instance of singleton bean 'swaggerAspect'
2024-08-01T09:27:35.074-03:00 DEBUG 10971 --- [coremastermarket] [    Test worker] o.s.b.f.s.DefaultListableBeanFactory     : Creating shared instance of singleton bean 'restTemplate'
2024-08-01T09:27:35.082-03:00 DEBUG 10971 --- [coremastermarket] [    Test worker] o.s.b.f.s.DefaultListableBeanFactory     : Creating shared instance of singleton bean 'org.springframework.security.config.annotation.web.configuration.WebSecurityConfiguration'
2024-08-01T09:27:35.083-03:00 DEBUG 10971 --- [coremastermarket] [    Test worker] o.s.b.f.s.DefaultListableBeanFactory     : Creating shared instance of singleton bean 'org.springframework.security.config.annotation.web.configuration.HttpSecurityConfiguration'
2024-08-01T09:27:35.084-03:00 DEBUG 10971 --- [coremastermarket] [    Test worker] o.s.b.f.s.DefaultListableBeanFactory     : Creating shared instance of singleton bean 'mvcContentNegotiationManager'
2024-08-01T09:27:35.084-03:00 DEBUG 10971 --- [coremastermarket] [    Test worker] o.s.b.f.s.DefaultListableBeanFactory     : Creating shared instance of singleton bean 'org.springframework.boot.autoconfigure.web.servlet.WebMvcAutoConfiguration$EnableWebMvcConfiguration'
2024-08-01T09:27:35.085-03:00 DEBUG 10971 --- [coremastermarket] [    Test worker] o.s.b.f.s.DefaultListableBeanFactory     : Creating shared instance of singleton bean 'spring.web-org.springframework.boot.autoconfigure.web.WebProperties'
2024-08-01T09:27:35.090-03:00 DEBUG 10971 --- [coremastermarket] [    Test worker] o.s.b.f.s.DefaultListableBeanFactory     : Autowiring by type from bean name 'org.springframework.boot.autoconfigure.web.servlet.WebMvcAutoConfiguration$EnableWebMvcConfiguration' via constructor to bean named 'spring.mvc-org.springframework.boot.autoconfigure.web.servlet.WebMvcProperties'
2024-08-01T09:27:35.090-03:00 DEBUG 10971 --- [coremastermarket] [    Test worker] o.s.b.f.s.DefaultListableBeanFactory     : Autowiring by type from bean name 'org.springframework.boot.autoconfigure.web.servlet.WebMvcAutoConfiguration$EnableWebMvcConfiguration' via constructor to bean named 'spring.web-org.springframework.boot.autoconfigure.web.WebProperties'
2024-08-01T09:27:35.090-03:00 DEBUG 10971 --- [coremastermarket] [    Test worker] o.s.b.f.s.DefaultListableBeanFactory     : Autowiring by type from bean name 'org.springframework.boot.autoconfigure.web.servlet.WebMvcAutoConfiguration$EnableWebMvcConfiguration' via constructor to bean named 'org.springframework.beans.factory.support.DefaultListableBeanFactory@423a5c9c'
2024-08-01T09:27:35.091-03:00 DEBUG 10971 --- [coremastermarket] [    Test worker] o.s.b.f.s.DefaultListableBeanFactory     : Creating shared instance of singleton bean 'org.springframework.security.config.annotation.web.configuration.WebMvcSecurityConfiguration'
2024-08-01T09:27:35.092-03:00 DEBUG 10971 --- [coremastermarket] [    Test worker] o.s.b.f.s.DefaultListableBeanFactory     : Creating shared instance of singleton bean 'org.springframework.security.config.annotation.web.configuration.OAuth2ClientConfiguration$OAuth2ClientWebMvcSecurityConfiguration'
2024-08-01T09:27:35.093-03:00 DEBUG 10971 --- [coremastermarket] [    Test worker] o.s.b.f.s.DefaultListableBeanFactory     : Creating shared instance of singleton bean 'org.springframework.boot.autoconfigure.web.servlet.WebMvcAutoConfiguration$WebMvcAutoConfigurationAdapter'
2024-08-01T09:27:35.093-03:00 DEBUG 10971 --- [coremastermarket] [    Test worker] o.s.b.f.s.DefaultListableBeanFactory     : Autowiring by type from bean name 'org.springframework.boot.autoconfigure.web.servlet.WebMvcAutoConfiguration$WebMvcAutoConfigurationAdapter' via constructor to bean named 'spring.web-org.springframework.boot.autoconfigure.web.WebProperties'
2024-08-01T09:27:35.093-03:00 DEBUG 10971 --- [coremastermarket] [    Test worker] o.s.b.f.s.DefaultListableBeanFactory     : Autowiring by type from bean name 'org.springframework.boot.autoconfigure.web.servlet.WebMvcAutoConfiguration$WebMvcAutoConfigurationAdapter' via constructor to bean named 'spring.mvc-org.springframework.boot.autoconfigure.web.servlet.WebMvcProperties'
2024-08-01T09:27:35.093-03:00 DEBUG 10971 --- [coremastermarket] [    Test worker] o.s.b.f.s.DefaultListableBeanFactory     : Autowiring by type from bean name 'org.springframework.boot.autoconfigure.web.servlet.WebMvcAutoConfiguration$WebMvcAutoConfigurationAdapter' via constructor to bean named 'org.springframework.beans.factory.support.DefaultListableBeanFactory@423a5c9c'
2024-08-01T09:27:35.095-03:00 DEBUG 10971 --- [coremastermarket] [    Test worker] o.s.b.f.s.DefaultListableBeanFactory     : Creating shared instance of singleton bean 'swaggerWebMvcConfigurer'
2024-08-01T09:27:35.095-03:00 DEBUG 10971 --- [coremastermarket] [    Test worker] o.s.b.f.s.DefaultListableBeanFactory     : Creating shared instance of singleton bean 'org.springdoc.webmvc.ui.SwaggerConfig'
2024-08-01T09:27:35.095-03:00 DEBUG 10971 --- [coremastermarket] [    Test worker] o.s.b.f.s.DefaultListableBeanFactory     : Creating shared instance of singleton bean 'org.springdoc.core.properties.SwaggerUiConfigParameters'
2024-08-01T09:27:35.096-03:00 DEBUG 10971 --- [coremastermarket] [    Test worker] o.s.b.f.s.DefaultListableBeanFactory     : Creating shared instance of singleton bean 'org.springdoc.core.properties.SwaggerUiConfigProperties'
2024-08-01T09:27:35.103-03:00 DEBUG 10971 --- [coremastermarket] [    Test worker] o.s.b.f.s.DefaultListableBeanFactory     : Autowiring by type from bean name 'org.springdoc.core.properties.SwaggerUiConfigParameters' via constructor to bean named 'org.springdoc.core.properties.SwaggerUiConfigProperties'
2024-08-01T09:27:35.105-03:00 DEBUG 10971 --- [coremastermarket] [    Test worker] o.s.b.f.s.DefaultListableBeanFactory     : Creating shared instance of singleton bean 'indexPageTransformer'
2024-08-01T09:27:35.105-03:00 DEBUG 10971 --- [coremastermarket] [    Test worker] o.s.b.f.s.DefaultListableBeanFactory     : Creating shared instance of singleton bean 'org.springdoc.core.properties.SwaggerUiOAuthProperties'
2024-08-01T09:27:35.108-03:00 DEBUG 10971 --- [coremastermarket] [    Test worker] o.s.b.f.s.DefaultListableBeanFactory     : Creating shared instance of singleton bean 'swaggerWelcome'
2024-08-01T09:27:35.108-03:00 DEBUG 10971 --- [coremastermarket] [    Test worker] o.s.b.f.s.DefaultListableBeanFactory     : Creating shared instance of singleton bean 'org.springdoc.core.properties.SpringDocConfigProperties'
2024-08-01T09:27:35.118-03:00 DEBUG 10971 --- [coremastermarket] [    Test worker] o.s.b.f.s.DefaultListableBeanFactory     : Creating shared instance of singleton bean 'springWebProvider'
2024-08-01T09:27:35.118-03:00 DEBUG 10971 --- [coremastermarket] [    Test worker] o.s.b.f.s.DefaultListableBeanFactory     : Creating shared instance of singleton bean 'org.springdoc.webmvc.core.configuration.SpringDocWebMvcConfiguration'
2024-08-01T09:27:35.119-03:00 DEBUG 10971 --- [coremastermarket] [    Test worker] o.s.b.f.s.DefaultListableBeanFactory     : Autowiring by type from bean name 'swaggerWelcome' via factory method to bean named 'org.springdoc.core.properties.SwaggerUiConfigProperties'
2024-08-01T09:27:35.119-03:00 DEBUG 10971 --- [coremastermarket] [    Test worker] o.s.b.f.s.DefaultListableBeanFactory     : Autowiring by type from bean name 'swaggerWelcome' via factory method to bean named 'org.springdoc.core.properties.SpringDocConfigProperties'
2024-08-01T09:27:35.119-03:00 DEBUG 10971 --- [coremastermarket] [    Test worker] o.s.b.f.s.DefaultListableBeanFactory     : Autowiring by type from bean name 'swaggerWelcome' via factory method to bean named 'org.springdoc.core.properties.SwaggerUiConfigParameters'
2024-08-01T09:27:35.119-03:00 DEBUG 10971 --- [coremastermarket] [    Test worker] o.s.b.f.s.DefaultListableBeanFactory     : Autowiring by type from bean name 'swaggerWelcome' via factory method to bean named 'springWebProvider'
2024-08-01T09:27:35.120-03:00 DEBUG 10971 --- [coremastermarket] [    Test worker] o.s.b.f.s.DefaultListableBeanFactory     : Creating shared instance of singleton bean 'springdocObjectMapperProvider'
2024-08-01T09:27:35.120-03:00 DEBUG 10971 --- [coremastermarket] [    Test worker] o.s.b.f.s.DefaultListableBeanFactory     : Creating shared instance of singleton bean 'org.springdoc.core.configuration.SpringDocConfiguration'
2024-08-01T09:27:35.121-03:00 DEBUG 10971 --- [coremastermarket] [    Test worker] o.s.b.f.s.DefaultListableBeanFactory     : Autowiring by type from bean name 'springdocObjectMapperProvider' via factory method to bean named 'org.springdoc.core.properties.SpringDocConfigProperties'
2024-08-01T09:27:35.122-03:00 DEBUG 10971 --- [coremastermarket] [    Test worker] o.s.b.f.s.DefaultListableBeanFactory     : Autowiring by type from bean name 'indexPageTransformer' via factory method to bean named 'org.springdoc.core.properties.SwaggerUiConfigProperties'
2024-08-01T09:27:35.122-03:00 DEBUG 10971 --- [coremastermarket] [    Test worker] o.s.b.f.s.DefaultListableBeanFactory     : Autowiring by type from bean name 'indexPageTransformer' via factory method to bean named 'org.springdoc.core.properties.SwaggerUiOAuthProperties'
2024-08-01T09:27:35.122-03:00 DEBUG 10971 --- [coremastermarket] [    Test worker] o.s.b.f.s.DefaultListableBeanFactory     : Autowiring by type from bean name 'indexPageTransformer' via factory method to bean named 'org.springdoc.core.properties.SwaggerUiConfigParameters'
2024-08-01T09:27:35.122-03:00 DEBUG 10971 --- [coremastermarket] [    Test worker] o.s.b.f.s.DefaultListableBeanFactory     : Autowiring by type from bean name 'indexPageTransformer' via factory method to bean named 'swaggerWelcome'
2024-08-01T09:27:35.122-03:00 DEBUG 10971 --- [coremastermarket] [    Test worker] o.s.b.f.s.DefaultListableBeanFactory     : Autowiring by type from bean name 'indexPageTransformer' via factory method to bean named 'springdocObjectMapperProvider'
2024-08-01T09:27:35.123-03:00 DEBUG 10971 --- [coremastermarket] [    Test worker] o.s.b.f.s.DefaultListableBeanFactory     : Creating shared instance of singleton bean 'swaggerResourceResolver'
2024-08-01T09:27:35.123-03:00 DEBUG 10971 --- [coremastermarket] [    Test worker] o.s.b.f.s.DefaultListableBeanFactory     : Autowiring by type from bean name 'swaggerResourceResolver' via factory method to bean named 'org.springdoc.core.properties.SwaggerUiConfigProperties'
2024-08-01T09:27:35.123-03:00 DEBUG 10971 --- [coremastermarket] [    Test worker] o.s.b.f.s.DefaultListableBeanFactory     : Autowiring by type from bean name 'swaggerWebMvcConfigurer' via factory method to bean named 'org.springdoc.core.properties.SwaggerUiConfigParameters'
2024-08-01T09:27:35.123-03:00 DEBUG 10971 --- [coremastermarket] [    Test worker] o.s.b.f.s.DefaultListableBeanFactory     : Autowiring by type from bean name 'swaggerWebMvcConfigurer' via factory method to bean named 'indexPageTransformer'
2024-08-01T09:27:35.123-03:00 DEBUG 10971 --- [coremastermarket] [    Test worker] o.s.b.f.s.DefaultListableBeanFactory     : Autowiring by type from bean name 'swaggerWebMvcConfigurer' via factory method to bean named 'swaggerResourceResolver'
2024-08-01T09:27:35.124-03:00 DEBUG 10971 --- [coremastermarket] [    Test worker] o.s.b.f.s.DefaultListableBeanFactory     : Creating shared instance of singleton bean 'openEntityManagerInViewInterceptorConfigurer'
2024-08-01T09:27:35.124-03:00 DEBUG 10971 --- [coremastermarket] [    Test worker] o.s.b.f.s.DefaultListableBeanFactory     : Creating shared instance of singleton bean 'org.springframework.boot.autoconfigure.orm.jpa.JpaBaseConfiguration$JpaWebConfiguration'
2024-08-01T09:27:35.125-03:00 DEBUG 10971 --- [coremastermarket] [    Test worker] o.s.b.f.s.DefaultListableBeanFactory     : Autowiring by type from bean name 'org.springframework.boot.autoconfigure.orm.jpa.JpaBaseConfiguration$JpaWebConfiguration' via constructor to bean named 'spring.jpa-org.springframework.boot.autoconfigure.orm.jpa.JpaProperties'
2024-08-01T09:27:35.125-03:00 DEBUG 10971 --- [coremastermarket] [    Test worker] o.s.b.f.s.DefaultListableBeanFactory     : Creating shared instance of singleton bean 'openEntityManagerInViewInterceptor'
2024-08-01T09:27:35.125-03:00  WARN 10971 --- [coremastermarket] [    Test worker] JpaBaseConfiguration$JpaWebConfiguration : spring.jpa.open-in-view is enabled by default. Therefore, database queries may be performed during view rendering. Explicitly configure spring.jpa.open-in-view to disable this warning
2024-08-01T09:27:35.127-03:00 DEBUG 10971 --- [coremastermarket] [    Test worker] o.s.b.f.s.DefaultListableBeanFactory     : Autowiring by type from bean name 'openEntityManagerInViewInterceptorConfigurer' via factory method to bean named 'openEntityManagerInViewInterceptor'
2024-08-01T09:27:35.127-03:00 DEBUG 10971 --- [coremastermarket] [    Test worker] o.s.b.f.s.DefaultListableBeanFactory     : Creating shared instance of singleton bean 'org.springframework.data.web.config.SpringDataWebConfiguration'
2024-08-01T09:27:35.127-03:00 DEBUG 10971 --- [coremastermarket] [    Test worker] o.s.b.f.s.DefaultListableBeanFactory     : Autowiring by type from bean name 'org.springframework.data.web.config.SpringDataWebConfiguration' via constructor to bean named 'org.springframework.boot.web.servlet.context.AnnotationConfigServletWebServerApplicationContext@6c3d3d83'
2024-08-01T09:27:35.128-03:00 DEBUG 10971 --- [coremastermarket] [    Test worker] o.s.b.f.s.DefaultListableBeanFactory     : Creating shared instance of singleton bean 'org.springframework.cloud.commons.security.ResourceServerTokenRelayAutoConfiguration$ResourceServerTokenRelayRegistrationAutoConfiguration'
2024-08-01T09:27:35.140-03:00 DEBUG 10971 --- [coremastermarket] [    Test worker] o.s.b.f.s.DefaultListableBeanFactory     : Creating shared instance of singleton bean 'mvcHandlerMappingIntrospectorRequestTransformer'
2024-08-01T09:27:35.140-03:00 DEBUG 10971 --- [coremastermarket] [    Test worker] o.s.b.f.s.DefaultListableBeanFactory     : Creating shared instance of singleton bean 'mvcHandlerMappingIntrospector'
2024-08-01T09:27:35.141-03:00 DEBUG 10971 --- [coremastermarket] [    Test worker] o.s.b.f.s.DefaultListableBeanFactory     : Creating shared instance of singleton bean 'welcomePageHandlerMapping'
2024-08-01T09:27:35.141-03:00 DEBUG 10971 --- [coremastermarket] [    Test worker] o.s.b.f.s.DefaultListableBeanFactory     : Creating shared instance of singleton bean 'mvcConversionService'
2024-08-01T09:27:35.146-03:00 DEBUG 10971 --- [coremastermarket] [    Test worker] o.s.b.f.s.DefaultListableBeanFactory     : Creating shared instance of singleton bean 'mvcResourceUrlProvider'
2024-08-01T09:27:35.146-03:00 DEBUG 10971 --- [coremastermarket] [    Test worker] o.s.b.f.s.DefaultListableBeanFactory     : Autowiring by type from bean name 'welcomePageHandlerMapping' via factory method to bean named 'org.springframework.boot.web.servlet.context.AnnotationConfigServletWebServerApplicationContext@6c3d3d83'
2024-08-01T09:27:35.146-03:00 DEBUG 10971 --- [coremastermarket] [    Test worker] o.s.b.f.s.DefaultListableBeanFactory     : Autowiring by type from bean name 'welcomePageHandlerMapping' via factory method to bean named 'mvcConversionService'
2024-08-01T09:27:35.146-03:00 DEBUG 10971 --- [coremastermarket] [    Test worker] o.s.b.f.s.DefaultListableBeanFactory     : Autowiring by type from bean name 'welcomePageHandlerMapping' via factory method to bean named 'mvcResourceUrlProvider'
2024-08-01T09:27:35.153-03:00 DEBUG 10971 --- [coremastermarket] [    Test worker] o.s.b.f.s.DefaultListableBeanFactory     : Creating shared instance of singleton bean 'welcomePageNotAcceptableHandlerMapping'
2024-08-01T09:27:35.153-03:00 DEBUG 10971 --- [coremastermarket] [    Test worker] o.s.b.f.s.DefaultListableBeanFactory     : Autowiring by type from bean name 'welcomePageNotAcceptableHandlerMapping' via factory method to bean named 'org.springframework.boot.web.servlet.context.AnnotationConfigServletWebServerApplicationContext@6c3d3d83'
2024-08-01T09:27:35.153-03:00 DEBUG 10971 --- [coremastermarket] [    Test worker] o.s.b.f.s.DefaultListableBeanFactory     : Autowiring by type from bean name 'welcomePageNotAcceptableHandlerMapping' via factory method to bean named 'mvcConversionService'
2024-08-01T09:27:35.153-03:00 DEBUG 10971 --- [coremastermarket] [    Test worker] o.s.b.f.s.DefaultListableBeanFactory     : Autowiring by type from bean name 'welcomePageNotAcceptableHandlerMapping' via factory method to bean named 'mvcResourceUrlProvider'
2024-08-01T09:27:35.156-03:00 DEBUG 10971 --- [coremastermarket] [    Test worker] o.s.b.f.s.DefaultListableBeanFactory     : Creating shared instance of singleton bean 'requestMappingHandlerMapping'
2024-08-01T09:27:35.157-03:00 DEBUG 10971 --- [coremastermarket] [    Test worker] o.s.b.f.s.DefaultListableBeanFactory     : Autowiring by type from bean name 'requestMappingHandlerMapping' via factory method to bean named 'mvcContentNegotiationManager'
2024-08-01T09:27:35.157-03:00 DEBUG 10971 --- [coremastermarket] [    Test worker] o.s.b.f.s.DefaultListableBeanFactory     : Autowiring by type from bean name 'requestMappingHandlerMapping' via factory method to bean named 'mvcConversionService'
2024-08-01T09:27:35.157-03:00 DEBUG 10971 --- [coremastermarket] [    Test worker] o.s.b.f.s.DefaultListableBeanFactory     : Autowiring by type from bean name 'requestMappingHandlerMapping' via factory method to bean named 'mvcResourceUrlProvider'
2024-08-01T09:27:35.168-03:00 DEBUG 10971 --- [coremastermarket] [    Test worker] o.s.c.e.PropertySourcesPropertyResolver  : Found key 'springdoc.api-docs.path' in PropertySource 'environmentProperties' with value of type String
2024-08-01T09:27:35.168-03:00 DEBUG 10971 --- [coremastermarket] [    Test worker] o.s.c.e.PropertySourcesPropertyResolver  : Found key 'springdoc.api-docs.path' in PropertySource 'environmentProperties' with value of type String
2024-08-01T09:27:35.168-03:00 DEBUG 10971 --- [coremastermarket] [    Test worker] o.s.c.e.PropertySourcesPropertyResolver  : Found key 'springdoc.api-docs.path' in PropertySource 'environmentProperties' with value of type String
2024-08-01T09:27:35.168-03:00 DEBUG 10971 --- [coremastermarket] [    Test worker] o.s.c.e.PropertySourcesPropertyResolver  : Found key 'springdoc.api-docs.path' in PropertySource 'environmentProperties' with value of type String
2024-08-01T09:27:35.169-03:00 DEBUG 10971 --- [coremastermarket] [    Test worker] o.s.c.e.PropertySourcesPropertyResolver  : Found key 'springdoc.swagger-ui.path' in PropertySource 'environmentProperties' with value of type String
2024-08-01T09:27:35.169-03:00 DEBUG 10971 --- [coremastermarket] [    Test worker] o.s.c.e.PropertySourcesPropertyResolver  : Found key 'springdoc.swagger-ui.path' in PropertySource 'environmentProperties' with value of type String
2024-08-01T09:27:35.169-03:00 DEBUG 10971 --- [coremastermarket] [    Test worker] o.s.c.e.PropertySourcesPropertyResolver  : Found key 'springdoc.api-docs.path' in PropertySource 'environmentProperties' with value of type String
2024-08-01T09:27:35.170-03:00 DEBUG 10971 --- [coremastermarket] [    Test worker] s.w.s.m.m.a.RequestMappingHandlerMapping : 41 mappings in 'requestMappingHandlerMapping'
2024-08-01T09:27:35.176-03:00 DEBUG 10971 --- [coremastermarket] [    Test worker] o.s.b.f.s.DefaultListableBeanFactory     : Creating shared instance of singleton bean 'viewControllerHandlerMapping'
2024-08-01T09:27:35.176-03:00 DEBUG 10971 --- [coremastermarket] [    Test worker] o.s.b.f.s.DefaultListableBeanFactory     : Autowiring by type from bean name 'viewControllerHandlerMapping' via factory method to bean named 'mvcConversionService'
2024-08-01T09:27:35.177-03:00 DEBUG 10971 --- [coremastermarket] [    Test worker] o.s.b.f.s.DefaultListableBeanFactory     : Autowiring by type from bean name 'viewControllerHandlerMapping' via factory method to bean named 'mvcResourceUrlProvider'
2024-08-01T09:27:35.177-03:00 DEBUG 10971 --- [coremastermarket] [    Test worker] o.s.b.f.s.DefaultListableBeanFactory     : Creating shared instance of singleton bean 'beanNameHandlerMapping'
2024-08-01T09:27:35.177-03:00 DEBUG 10971 --- [coremastermarket] [    Test worker] o.s.b.f.s.DefaultListableBeanFactory     : Autowiring by type from bean name 'beanNameHandlerMapping' via factory method to bean named 'mvcConversionService'
2024-08-01T09:27:35.177-03:00 DEBUG 10971 --- [coremastermarket] [    Test worker] o.s.b.f.s.DefaultListableBeanFactory     : Autowiring by type from bean name 'beanNameHandlerMapping' via factory method to bean named 'mvcResourceUrlProvider'
2024-08-01T09:27:35.180-03:00 DEBUG 10971 --- [coremastermarket] [    Test worker] o.s.b.f.s.DefaultListableBeanFactory     : Creating shared instance of singleton bean 'routerFunctionMapping'
2024-08-01T09:27:35.181-03:00 DEBUG 10971 --- [coremastermarket] [    Test worker] o.s.b.f.s.DefaultListableBeanFactory     : Autowiring by type from bean name 'routerFunctionMapping' via factory method to bean named 'mvcConversionService'
2024-08-01T09:27:35.181-03:00 DEBUG 10971 --- [coremastermarket] [    Test worker] o.s.b.f.s.DefaultListableBeanFactory     : Autowiring by type from bean name 'routerFunctionMapping' via factory method to bean named 'mvcResourceUrlProvider'
2024-08-01T09:27:35.181-03:00 DEBUG 10971 --- [coremastermarket] [    Test worker] o.s.b.f.s.DefaultListableBeanFactory     : Creating shared instance of singleton bean 'messageConverters'
2024-08-01T09:27:35.181-03:00 DEBUG 10971 --- [coremastermarket] [    Test worker] o.s.b.f.s.DefaultListableBeanFactory     : Creating shared instance of singleton bean 'org.springframework.boot.autoconfigure.http.HttpMessageConvertersAutoConfiguration'
2024-08-01T09:27:35.181-03:00 DEBUG 10971 --- [coremastermarket] [    Test worker] o.s.b.f.s.DefaultListableBeanFactory     : Creating shared instance of singleton bean 'stringHttpMessageConverter'
2024-08-01T09:27:35.181-03:00 DEBUG 10971 --- [coremastermarket] [    Test worker] o.s.b.f.s.DefaultListableBeanFactory     : Creating shared instance of singleton bean 'org.springframework.boot.autoconfigure.http.HttpMessageConvertersAutoConfiguration$StringHttpMessageConverterConfiguration'
2024-08-01T09:27:35.182-03:00 DEBUG 10971 --- [coremastermarket] [    Test worker] o.s.b.f.s.DefaultListableBeanFactory     : Autowiring by type from bean name 'stringHttpMessageConverter' via factory method to bean named 'environment'
2024-08-01T09:27:35.185-03:00 DEBUG 10971 --- [coremastermarket] [    Test worker] o.s.b.f.s.DefaultListableBeanFactory     : Creating shared instance of singleton bean 'mappingJackson2HttpMessageConverter'
2024-08-01T09:27:35.185-03:00 DEBUG 10971 --- [coremastermarket] [    Test worker] o.s.b.f.s.DefaultListableBeanFactory     : Creating shared instance of singleton bean 'org.springframework.boot.autoconfigure.http.JacksonHttpMessageConvertersConfiguration$MappingJackson2HttpMessageConverterConfiguration'
2024-08-01T09:27:35.185-03:00 DEBUG 10971 --- [coremastermarket] [    Test worker] o.s.b.f.s.DefaultListableBeanFactory     : Autowiring by type from bean name 'mappingJackson2HttpMessageConverter' via factory method to bean named 'objectMapper'
2024-08-01T09:27:35.193-03:00 DEBUG 10971 --- [coremastermarket] [    Test worker] o.s.b.f.s.DefaultListableBeanFactory     : Creating shared instance of singleton bean 'resourceHandlerMapping'
2024-08-01T09:27:35.193-03:00 DEBUG 10971 --- [coremastermarket] [    Test worker] o.s.b.f.s.DefaultListableBeanFactory     : Autowiring by type from bean name 'resourceHandlerMapping' via factory method to bean named 'mvcContentNegotiationManager'
2024-08-01T09:27:35.193-03:00 DEBUG 10971 --- [coremastermarket] [    Test worker] o.s.b.f.s.DefaultListableBeanFactory     : Autowiring by type from bean name 'resourceHandlerMapping' via factory method to bean named 'mvcConversionService'
2024-08-01T09:27:35.193-03:00 DEBUG 10971 --- [coremastermarket] [    Test worker] o.s.b.f.s.DefaultListableBeanFactory     : Autowiring by type from bean name 'resourceHandlerMapping' via factory method to bean named 'mvcResourceUrlProvider'
2024-08-01T09:27:35.194-03:00 DEBUG 10971 --- [coremastermarket] [    Test worker] o.s.w.s.handler.SimpleUrlHandlerMapping  : Patterns [/webjars/**, /**, /swagger-ui*/*swagger-initializer.js, /swagger-ui*/**] in 'resourceHandlerMapping'
2024-08-01T09:27:35.196-03:00 DEBUG 10971 --- [coremastermarket] [    Test worker] o.s.b.f.s.DefaultListableBeanFactory     : Creating shared instance of singleton bean 'defaultServletHandlerMapping'
2024-08-01T09:27:35.199-03:00 DEBUG 10971 --- [coremastermarket] [    Test worker] o.s.b.f.s.DefaultListableBeanFactory     : Creating shared instance of singleton bean 'securityFilterChain'
2024-08-01T09:27:35.200-03:00 DEBUG 10971 --- [coremastermarket] [    Test worker] o.s.b.f.s.DefaultListableBeanFactory     : Autowiring by type from bean name 'securityFilterChain' via factory method to bean named 'org.springframework.security.config.annotation.web.configuration.HttpSecurityConfiguration.httpSecurity'
2024-08-01T09:27:35.209-03:00 DEBUG 10971 --- [coremastermarket] [    Test worker] o.s.s.web.DefaultSecurityFilterChain     : Will secure any request with filters: DisableEncodeUrlFilter, WebAsyncManagerIntegrationFilter, SecurityContextHolderFilter, HeaderWriterFilter, CorsFilter, LogoutFilter, SecurityFilter, RequestCacheAwareFilter, SecurityContextHolderAwareRequestFilter, AnonymousAuthenticationFilter, SessionManagementFilter, ExceptionTranslationFilter, AuthorizationFilter
2024-08-01T09:27:35.211-03:00 DEBUG 10971 --- [coremastermarket] [    Test worker] o.s.b.f.s.DefaultListableBeanFactory     : Creating shared instance of singleton bean 'delegatingApplicationListener'
2024-08-01T09:27:35.211-03:00 DEBUG 10971 --- [coremastermarket] [    Test worker] o.s.b.f.s.DefaultListableBeanFactory     : Creating shared instance of singleton bean 'springSecurityFilterChain'
2024-08-01T09:27:35.215-03:00 DEBUG 10971 --- [coremastermarket] [    Test worker] o.s.b.f.s.DefaultListableBeanFactory     : Creating shared instance of singleton bean 'webSecurityExpressionHandler'
2024-08-01T09:27:35.215-03:00 DEBUG 10971 --- [coremastermarket] [    Test worker] o.s.b.f.s.DefaultListableBeanFactory     : Creating shared instance of singleton bean 'privilegeEvaluator'
2024-08-01T09:27:35.215-03:00 DEBUG 10971 --- [coremastermarket] [    Test worker] o.s.b.f.s.DefaultListableBeanFactory     : Creating shared instance of singleton bean 'requestDataValueProcessor'
2024-08-01T09:27:35.216-03:00 DEBUG 10971 --- [coremastermarket] [    Test worker] o.s.b.f.s.DefaultListableBeanFactory     : Creating shared instance of singleton bean 'org.springframework.security.config.annotation.web.configuration.OAuth2ClientConfiguration'
2024-08-01T09:27:35.216-03:00 DEBUG 10971 --- [coremastermarket] [    Test worker] o.s.b.f.s.DefaultListableBeanFactory     : Creating shared instance of singleton bean 'org.springframework.security.config.annotation.web.configuration.SecurityReactorContextConfiguration'
2024-08-01T09:27:35.216-03:00 DEBUG 10971 --- [coremastermarket] [    Test worker] o.s.b.f.s.DefaultListableBeanFactory     : Creating shared instance of singleton bean 'securityReactorContextSubscriberRegistrar'
2024-08-01T09:27:35.217-03:00 DEBUG 10971 --- [coremastermarket] [    Test worker] o.s.b.f.s.DefaultListableBeanFactory     : Creating shared instance of singleton bean 'customOpenAPI'
2024-08-01T09:27:35.218-03:00 DEBUG 10971 --- [coremastermarket] [    Test worker] o.s.b.f.s.DefaultListableBeanFactory     : Creating shared instance of singleton bean 'org.springframework.boot.autoconfigure.context.PropertyPlaceholderAutoConfiguration'
2024-08-01T09:27:35.218-03:00 DEBUG 10971 --- [coremastermarket] [    Test worker] o.s.b.f.s.DefaultListableBeanFactory     : Creating shared instance of singleton bean 'org.springframework.boot.autoconfigure.websocket.servlet.WebSocketServletAutoConfiguration'
2024-08-01T09:27:35.218-03:00 DEBUG 10971 --- [coremastermarket] [    Test worker] o.s.b.f.s.DefaultListableBeanFactory     : Creating shared instance of singleton bean 'org.springframework.boot.autoconfigure.web.servlet.DispatcherServletAutoConfiguration'
2024-08-01T09:27:35.218-03:00 DEBUG 10971 --- [coremastermarket] [    Test worker] o.s.b.f.s.DefaultListableBeanFactory     : Creating shared instance of singleton bean 'org.springframework.boot.autoconfigure.jackson.JacksonAutoConfiguration$Jackson2ObjectMapperBuilderCustomizerConfiguration'
2024-08-01T09:27:35.218-03:00 DEBUG 10971 --- [coremastermarket] [    Test worker] o.s.b.f.s.DefaultListableBeanFactory     : Creating shared instance of singleton bean 'standardJacksonObjectMapperBuilderCustomizer'
2024-08-01T09:27:35.219-03:00 DEBUG 10971 --- [coremastermarket] [    Test worker] o.s.b.f.s.DefaultListableBeanFactory     : Creating shared instance of singleton bean 'spring.jackson-org.springframework.boot.autoconfigure.jackson.JacksonProperties'
2024-08-01T09:27:35.222-03:00 DEBUG 10971 --- [coremastermarket] [    Test worker] o.s.b.f.s.DefaultListableBeanFactory     : Autowiring by type from bean name 'standardJacksonObjectMapperBuilderCustomizer' via factory method to bean named 'spring.jackson-org.springframework.boot.autoconfigure.jackson.JacksonProperties'
2024-08-01T09:27:35.222-03:00 DEBUG 10971 --- [coremastermarket] [    Test worker] o.s.b.f.s.DefaultListableBeanFactory     : Creating shared instance of singleton bean 'parameterNamesModule'
2024-08-01T09:27:35.222-03:00 DEBUG 10971 --- [coremastermarket] [    Test worker] o.s.b.f.s.DefaultListableBeanFactory     : Creating shared instance of singleton bean 'org.springframework.boot.autoconfigure.jackson.JacksonAutoConfiguration$ParameterNamesModuleConfiguration'
2024-08-01T09:27:35.224-03:00 DEBUG 10971 --- [coremastermarket] [    Test worker] o.s.b.f.s.DefaultListableBeanFactory     : Creating shared instance of singleton bean 'jsonMixinModule'
2024-08-01T09:27:35.224-03:00 DEBUG 10971 --- [coremastermarket] [    Test worker] o.s.b.f.s.DefaultListableBeanFactory     : Creating shared instance of singleton bean 'org.springframework.boot.autoconfigure.jackson.JacksonAutoConfiguration$JacksonMixinConfiguration'
2024-08-01T09:27:35.225-03:00 DEBUG 10971 --- [coremastermarket] [    Test worker] o.s.b.f.s.DefaultListableBeanFactory     : Creating shared instance of singleton bean 'jsonMixinModuleEntries'
2024-08-01T09:27:35.225-03:00 DEBUG 10971 --- [coremastermarket] [    Test worker] o.s.b.f.s.DefaultListableBeanFactory     : Autowiring by type from bean name 'jsonMixinModuleEntries' via factory method to bean named 'org.springframework.boot.web.servlet.context.AnnotationConfigServletWebServerApplicationContext@6c3d3d83'
2024-08-01T09:27:35.230-03:00 DEBUG 10971 --- [coremastermarket] [    Test worker] o.s.b.f.s.DefaultListableBeanFactory     : Autowiring by type from bean name 'jsonMixinModule' via factory method to bean named 'org.springframework.boot.web.servlet.context.AnnotationConfigServletWebServerApplicationContext@6c3d3d83'
2024-08-01T09:27:35.230-03:00 DEBUG 10971 --- [coremastermarket] [    Test worker] o.s.b.f.s.DefaultListableBeanFactory     : Autowiring by type from bean name 'jsonMixinModule' via factory method to bean named 'jsonMixinModuleEntries'
2024-08-01T09:27:35.230-03:00 DEBUG 10971 --- [coremastermarket] [    Test worker] o.s.b.f.s.DefaultListableBeanFactory     : Creating shared instance of singleton bean 'jsonComponentModule'
2024-08-01T09:27:35.230-03:00 DEBUG 10971 --- [coremastermarket] [    Test worker] o.s.b.f.s.DefaultListableBeanFactory     : Creating shared instance of singleton bean 'org.springframework.boot.autoconfigure.jackson.JacksonAutoConfiguration'
2024-08-01T09:27:35.237-03:00 DEBUG 10971 --- [coremastermarket] [    Test worker] o.s.b.f.s.DefaultListableBeanFactory     : Creating shared instance of singleton bean 'jacksonGeoModule'
2024-08-01T09:27:35.237-03:00 DEBUG 10971 --- [coremastermarket] [    Test worker] o.s.b.f.s.DefaultListableBeanFactory     : Creating shared instance of singleton bean 'org.springframework.data.web.config.SpringDataJacksonConfiguration'
2024-08-01T09:27:35.237-03:00 DEBUG 10971 --- [coremastermarket] [    Test worker] o.s.b.f.s.DefaultListableBeanFactory     : Creating shared instance of singleton bean 'org.springframework.data.web.config.SpringDataWebSettings'
2024-08-01T09:27:35.238-03:00 DEBUG 10971 --- [coremastermarket] [    Test worker] o.s.b.f.s.DefaultListableBeanFactory     : Creating shared instance of singleton bean 'pageModule'
2024-08-01T09:27:35.239-03:00 DEBUG 10971 --- [coremastermarket] [    Test worker] o.s.b.f.s.DefaultListableBeanFactory     : Creating shared instance of singleton bean 'org.springframework.boot.autoconfigure.jackson.JacksonAutoConfiguration$JacksonObjectMapperBuilderConfiguration'
2024-08-01T09:27:35.239-03:00 DEBUG 10971 --- [coremastermarket] [    Test worker] o.s.b.f.s.DefaultListableBeanFactory     : Creating shared instance of singleton bean 'org.springframework.boot.autoconfigure.jackson.JacksonAutoConfiguration$JacksonObjectMapperConfiguration'
2024-08-01T09:27:35.239-03:00 DEBUG 10971 --- [coremastermarket] [    Test worker] o.s.b.f.s.DefaultListableBeanFactory     : Creating shared instance of singleton bean 'org.springframework.boot.autoconfigure.http.codec.CodecsAutoConfiguration$DefaultCodecsConfiguration'
2024-08-01T09:27:35.240-03:00 DEBUG 10971 --- [coremastermarket] [    Test worker] o.s.b.f.s.DefaultListableBeanFactory     : Creating shared instance of singleton bean 'defaultCodecCustomizer'
2024-08-01T09:27:35.240-03:00 DEBUG 10971 --- [coremastermarket] [    Test worker] o.s.b.f.s.DefaultListableBeanFactory     : Creating shared instance of singleton bean 'spring.codec-org.springframework.boot.autoconfigure.codec.CodecProperties'
2024-08-01T09:27:35.241-03:00 DEBUG 10971 --- [coremastermarket] [    Test worker] o.s.b.f.s.DefaultListableBeanFactory     : Autowiring by type from bean name 'defaultCodecCustomizer' via factory method to bean named 'spring.codec-org.springframework.boot.autoconfigure.codec.CodecProperties'
2024-08-01T09:27:35.242-03:00 DEBUG 10971 --- [coremastermarket] [    Test worker] o.s.b.f.s.DefaultListableBeanFactory     : Creating shared instance of singleton bean 'org.springframework.boot.autoconfigure.http.codec.CodecsAutoConfiguration$JacksonCodecConfiguration'
2024-08-01T09:27:35.242-03:00 DEBUG 10971 --- [coremastermarket] [    Test worker] o.s.b.f.s.DefaultListableBeanFactory     : Creating shared instance of singleton bean 'jacksonCodecCustomizer'
2024-08-01T09:27:35.242-03:00 DEBUG 10971 --- [coremastermarket] [    Test worker] o.s.b.f.s.DefaultListableBeanFactory     : Autowiring by type from bean name 'jacksonCodecCustomizer' via factory method to bean named 'objectMapper'
2024-08-01T09:27:35.243-03:00 DEBUG 10971 --- [coremastermarket] [    Test worker] o.s.b.f.s.DefaultListableBeanFactory     : Creating shared instance of singleton bean 'org.springframework.boot.autoconfigure.http.codec.CodecsAutoConfiguration'
2024-08-01T09:27:35.243-03:00 DEBUG 10971 --- [coremastermarket] [    Test worker] o.s.b.f.s.DefaultListableBeanFactory     : Creating shared instance of singleton bean 'org.springframework.boot.autoconfigure.transaction.jta.JtaAutoConfiguration'
2024-08-01T09:27:35.243-03:00 DEBUG 10971 --- [coremastermarket] [    Test worker] o.s.b.f.s.DefaultListableBeanFactory     : Creating shared instance of singleton bean 'org.springframework.boot.autoconfigure.jdbc.metadata.DataSourcePoolMetadataProvidersConfiguration'
2024-08-01T09:27:35.243-03:00 DEBUG 10971 --- [coremastermarket] [    Test worker] o.s.b.f.s.DefaultListableBeanFactory     : Creating shared instance of singleton bean 'org.springframework.boot.autoconfigure.jdbc.DataSourceAutoConfiguration'
2024-08-01T09:27:35.243-03:00 DEBUG 10971 --- [coremastermarket] [    Test worker] o.s.b.f.s.DefaultListableBeanFactory     : Creating shared instance of singleton bean 'org.springframework.boot.autoconfigure.jdbc.JdbcTemplateAutoConfiguration'
2024-08-01T09:27:35.243-03:00 DEBUG 10971 --- [coremastermarket] [    Test worker] o.s.b.f.s.DefaultListableBeanFactory     : Creating shared instance of singleton bean 'org.springframework.boot.autoconfigure.session.SessionAutoConfiguration$ServletSessionConfiguration$ServletSessionRepositoryConfiguration'
2024-08-01T09:27:35.243-03:00 DEBUG 10971 --- [coremastermarket] [    Test worker] o.s.b.f.s.DefaultListableBeanFactory     : Creating shared instance of singleton bean 'org.springframework.boot.autoconfigure.session.SessionAutoConfiguration$ServletSessionConfiguration$RememberMeServicesConfiguration'
2024-08-01T09:27:35.244-03:00 DEBUG 10971 --- [coremastermarket] [    Test worker] o.s.b.f.s.DefaultListableBeanFactory     : Creating shared instance of singleton bean 'rememberMeServicesCookieSerializerCustomizer'
2024-08-01T09:27:35.244-03:00 DEBUG 10971 --- [coremastermarket] [    Test worker] o.s.b.f.s.DefaultListableBeanFactory     : Creating shared instance of singleton bean 'org.springframework.boot.autoconfigure.session.SessionAutoConfiguration$ServletSessionConfiguration'
2024-08-01T09:27:35.244-03:00 DEBUG 10971 --- [coremastermarket] [    Test worker] o.s.b.f.s.DefaultListableBeanFactory     : Creating shared instance of singleton bean 'cookieSerializer'
2024-08-01T09:27:35.245-03:00 DEBUG 10971 --- [coremastermarket] [    Test worker] o.s.b.f.s.DefaultListableBeanFactory     : Autowiring by type from bean name 'cookieSerializer' via factory method to bean named 'server-org.springframework.boot.autoconfigure.web.ServerProperties'
2024-08-01T09:27:35.246-03:00 DEBUG 10971 --- [coremastermarket] [    Test worker] o.s.b.f.s.DefaultListableBeanFactory     : Creating shared instance of singleton bean 'org.springframework.boot.autoconfigure.session.SessionAutoConfiguration'
2024-08-01T09:27:35.246-03:00 DEBUG 10971 --- [coremastermarket] [    Test worker] o.s.b.f.s.DefaultListableBeanFactory     : Creating shared instance of singleton bean 'spring.webflux-org.springframework.boot.autoconfigure.web.reactive.WebFluxProperties'
2024-08-01T09:27:35.247-03:00 DEBUG 10971 --- [coremastermarket] [    Test worker] o.s.b.f.s.DefaultListableBeanFactory     : Creating shared instance of singleton bean 'spring.session-org.springframework.boot.autoconfigure.session.SessionProperties'
2024-08-01T09:27:35.249-03:00 DEBUG 10971 --- [coremastermarket] [    Test worker] o.s.b.f.s.DefaultListableBeanFactory     : Creating shared instance of singleton bean 'org.springframework.boot.autoconfigure.validation.ValidationAutoConfiguration'
2024-08-01T09:27:35.249-03:00 DEBUG 10971 --- [coremastermarket] [    Test worker] o.s.b.f.s.DefaultListableBeanFactory     : Creating shared instance of singleton bean 'defaultValidator'
2024-08-01T09:27:35.249-03:00 DEBUG 10971 --- [coremastermarket] [    Test worker] o.s.b.f.s.DefaultListableBeanFactory     : Autowiring by type from bean name 'defaultValidator' via factory method to bean named 'org.springframework.boot.web.servlet.context.AnnotationConfigServletWebServerApplicationContext@6c3d3d83'
2024-08-01T09:27:35.280-03:00 DEBUG 10971 --- [coremastermarket] [    Test worker] o.s.b.f.s.DefaultListableBeanFactory     : Creating shared instance of singleton bean 'org.springframework.boot.autoconfigure.task.TaskExecutorConfigurations$ThreadPoolTaskExecutorBuilderConfiguration'
2024-08-01T09:27:35.280-03:00 DEBUG 10971 --- [coremastermarket] [    Test worker] o.s.b.f.s.DefaultListableBeanFactory     : Creating shared instance of singleton bean 'threadPoolTaskExecutorBuilder'
2024-08-01T09:27:35.281-03:00 DEBUG 10971 --- [coremastermarket] [    Test worker] o.s.b.f.s.DefaultListableBeanFactory     : Creating shared instance of singleton bean 'spring.task.execution-org.springframework.boot.autoconfigure.task.TaskExecutionProperties'
2024-08-01T09:27:35.288-03:00 DEBUG 10971 --- [coremastermarket] [    Test worker] o.s.b.f.s.DefaultListableBeanFactory     : Autowiring by type from bean name 'threadPoolTaskExecutorBuilder' via factory method to bean named 'spring.task.execution-org.springframework.boot.autoconfigure.task.TaskExecutionProperties'
2024-08-01T09:27:35.290-03:00 DEBUG 10971 --- [coremastermarket] [    Test worker] o.s.b.f.s.DefaultListableBeanFactory     : Creating shared instance of singleton bean 'org.springframework.boot.autoconfigure.task.TaskExecutorConfigurations$TaskExecutorBuilderConfiguration'
2024-08-01T09:27:35.290-03:00 DEBUG 10971 --- [coremastermarket] [    Test worker] o.s.b.f.s.DefaultListableBeanFactory     : Creating shared instance of singleton bean 'taskExecutorBuilder'
2024-08-01T09:27:35.290-03:00 DEBUG 10971 --- [coremastermarket] [    Test worker] o.s.b.f.s.DefaultListableBeanFactory     : Autowiring by type from bean name 'taskExecutorBuilder' via factory method to bean named 'spring.task.execution-org.springframework.boot.autoconfigure.task.TaskExecutionProperties'
2024-08-01T09:27:35.291-03:00 DEBUG 10971 --- [coremastermarket] [    Test worker] o.s.b.f.s.DefaultListableBeanFactory     : Creating shared instance of singleton bean 'org.springframework.boot.autoconfigure.task.TaskExecutorConfigurations$SimpleAsyncTaskExecutorBuilderConfiguration'
2024-08-01T09:27:35.291-03:00 DEBUG 10971 --- [coremastermarket] [    Test worker] o.s.b.f.s.DefaultListableBeanFactory     : Autowiring by type from bean name 'org.springframework.boot.autoconfigure.task.TaskExecutorConfigurations$SimpleAsyncTaskExecutorBuilderConfiguration' via constructor to bean named 'spring.task.execution-org.springframework.boot.autoconfigure.task.TaskExecutionProperties'
2024-08-01T09:27:35.291-03:00 DEBUG 10971 --- [coremastermarket] [    Test worker] o.s.b.f.s.DefaultListableBeanFactory     : Creating shared instance of singleton bean 'simpleAsyncTaskExecutorBuilder'
2024-08-01T09:27:35.292-03:00 DEBUG 10971 --- [coremastermarket] [    Test worker] o.s.b.f.s.DefaultListableBeanFactory     : Creating shared instance of singleton bean 'org.springframework.boot.autoconfigure.task.TaskExecutorConfigurations$TaskExecutorConfiguration'
2024-08-01T09:27:35.292-03:00 DEBUG 10971 --- [coremastermarket] [    Test worker] o.s.b.f.s.DefaultListableBeanFactory     : Creating shared instance of singleton bean 'org.springframework.boot.autoconfigure.task.TaskExecutionAutoConfiguration'
2024-08-01T09:27:35.292-03:00 DEBUG 10971 --- [coremastermarket] [    Test worker] o.s.b.f.s.DefaultListableBeanFactory     : Creating shared instance of singleton bean 'org.springframework.boot.autoconfigure.web.servlet.error.ErrorMvcAutoConfiguration$WhitelabelErrorViewConfiguration'
2024-08-01T09:27:35.293-03:00 DEBUG 10971 --- [coremastermarket] [    Test worker] o.s.b.f.s.DefaultListableBeanFactory     : Creating shared instance of singleton bean 'error'
2024-08-01T09:27:35.293-03:00 DEBUG 10971 --- [coremastermarket] [    Test worker] o.s.b.f.s.DefaultListableBeanFactory     : Creating shared instance of singleton bean 'beanNameViewResolver'
2024-08-01T09:27:35.294-03:00 DEBUG 10971 --- [coremastermarket] [    Test worker] o.s.b.f.s.DefaultListableBeanFactory     : Creating shared instance of singleton bean 'org.springframework.boot.autoconfigure.web.servlet.error.ErrorMvcAutoConfiguration$DefaultErrorViewResolverConfiguration'
2024-08-01T09:27:35.294-03:00 DEBUG 10971 --- [coremastermarket] [    Test worker] o.s.b.f.s.DefaultListableBeanFactory     : Autowiring by type from bean name 'org.springframework.boot.autoconfigure.web.servlet.error.ErrorMvcAutoConfiguration$DefaultErrorViewResolverConfiguration' via constructor to bean named 'org.springframework.boot.web.servlet.context.AnnotationConfigServletWebServerApplicationContext@6c3d3d83'
2024-08-01T09:27:35.294-03:00 DEBUG 10971 --- [coremastermarket] [    Test worker] o.s.b.f.s.DefaultListableBeanFactory     : Autowiring by type from bean name 'org.springframework.boot.autoconfigure.web.servlet.error.ErrorMvcAutoConfiguration$DefaultErrorViewResolverConfiguration' via constructor to bean named 'spring.web-org.springframework.boot.autoconfigure.web.WebProperties'
2024-08-01T09:27:35.294-03:00 DEBUG 10971 --- [coremastermarket] [    Test worker] o.s.b.f.s.DefaultListableBeanFactory     : Creating shared instance of singleton bean 'conventionErrorViewResolver'
2024-08-01T09:27:35.294-03:00 DEBUG 10971 --- [coremastermarket] [    Test worker] o.s.b.f.s.DefaultListableBeanFactory     : Creating shared instance of singleton bean 'errorAttributes'
2024-08-01T09:27:35.295-03:00 DEBUG 10971 --- [coremastermarket] [    Test worker] o.s.b.f.s.DefaultListableBeanFactory     : Creating shared instance of singleton bean 'basicErrorController'
2024-08-01T09:27:35.296-03:00 DEBUG 10971 --- [coremastermarket] [    Test worker] o.s.b.f.s.DefaultListableBeanFactory     : Autowiring by type from bean name 'basicErrorController' via factory method to bean named 'errorAttributes'
2024-08-01T09:27:35.296-03:00 DEBUG 10971 --- [coremastermarket] [    Test worker] o.s.b.f.s.DefaultListableBeanFactory     : Creating shared instance of singleton bean 'localeResolver'
2024-08-01T09:27:35.297-03:00 DEBUG 10971 --- [coremastermarket] [    Test worker] o.s.b.f.s.DefaultListableBeanFactory     : Creating shared instance of singleton bean 'themeResolver'
2024-08-01T09:27:35.298-03:00 DEBUG 10971 --- [coremastermarket] [    Test worker] o.s.b.f.s.DefaultListableBeanFactory     : Creating shared instance of singleton bean 'flashMapManager'
2024-08-01T09:27:35.298-03:00 DEBUG 10971 --- [coremastermarket] [    Test worker] o.s.b.f.s.DefaultListableBeanFactory     : Creating shared instance of singleton bean 'mvcValidator'
2024-08-01T09:27:35.300-03:00 DEBUG 10971 --- [coremastermarket] [    Test worker] o.s.b.f.s.DefaultListableBeanFactory     : Creating shared instance of singleton bean 'mvcPatternParser'
2024-08-01T09:27:35.300-03:00 DEBUG 10971 --- [coremastermarket] [    Test worker] o.s.b.f.s.DefaultListableBeanFactory     : Creating shared instance of singleton bean 'mvcUrlPathHelper'
2024-08-01T09:27:35.301-03:00 DEBUG 10971 --- [coremastermarket] [    Test worker] o.s.b.f.s.DefaultListableBeanFactory     : Creating shared instance of singleton bean 'mvcPathMatcher'
2024-08-01T09:27:35.302-03:00 DEBUG 10971 --- [coremastermarket] [    Test worker] o.s.b.f.s.DefaultListableBeanFactory     : Creating shared instance of singleton bean 'requestMappingHandlerAdapter'
2024-08-01T09:27:35.303-03:00 DEBUG 10971 --- [coremastermarket] [    Test worker] o.s.b.f.s.DefaultListableBeanFactory     : Autowiring by type from bean name 'requestMappingHandlerAdapter' via factory method to bean named 'mvcContentNegotiationManager'
2024-08-01T09:27:35.303-03:00 DEBUG 10971 --- [coremastermarket] [    Test worker] o.s.b.f.s.DefaultListableBeanFactory     : Autowiring by type from bean name 'requestMappingHandlerAdapter' via factory method to bean named 'mvcConversionService'
2024-08-01T09:27:35.303-03:00 DEBUG 10971 --- [coremastermarket] [    Test worker] o.s.b.f.s.DefaultListableBeanFactory     : Autowiring by type from bean name 'requestMappingHandlerAdapter' via factory method to bean named 'mvcValidator'
2024-08-01T09:27:35.303-03:00 DEBUG 10971 --- [coremastermarket] [    Test worker] o.s.b.f.s.DefaultListableBeanFactory     : Creating shared instance of singleton bean 'sortResolver'
2024-08-01T09:27:35.303-03:00 DEBUG 10971 --- [coremastermarket] [    Test worker] o.s.b.f.s.DefaultListableBeanFactory     : Creating shared instance of singleton bean 'sortCustomizer'
2024-08-01T09:27:35.303-03:00 DEBUG 10971 --- [coremastermarket] [    Test worker] o.s.b.f.s.DefaultListableBeanFactory     : Creating shared instance of singleton bean 'org.springframework.boot.autoconfigure.data.web.SpringDataWebAutoConfiguration'
2024-08-01T09:27:35.304-03:00 DEBUG 10971 --- [coremastermarket] [    Test worker] o.s.b.f.s.DefaultListableBeanFactory     : Creating shared instance of singleton bean 'spring.data.web-org.springframework.boot.autoconfigure.data.web.SpringDataWebProperties'
2024-08-01T09:27:35.306-03:00 DEBUG 10971 --- [coremastermarket] [    Test worker] o.s.b.f.s.DefaultListableBeanFactory     : Autowiring by type from bean name 'org.springframework.boot.autoconfigure.data.web.SpringDataWebAutoConfiguration' via constructor to bean named 'spring.data.web-org.springframework.boot.autoconfigure.data.web.SpringDataWebProperties'
2024-08-01T09:27:35.308-03:00 DEBUG 10971 --- [coremastermarket] [    Test worker] o.s.b.f.s.DefaultListableBeanFactory     : Creating shared instance of singleton bean 'pageableResolver'
2024-08-01T09:27:35.308-03:00 DEBUG 10971 --- [coremastermarket] [    Test worker] o.s.b.f.s.DefaultListableBeanFactory     : Creating shared instance of singleton bean 'pageableCustomizer'
2024-08-01T09:27:35.310-03:00 DEBUG 10971 --- [coremastermarket] [    Test worker] o.s.b.f.s.DefaultListableBeanFactory     : Creating shared instance of singleton bean 'applicationTaskExecutor'
2024-08-01T09:27:35.310-03:00 DEBUG 10971 --- [coremastermarket] [    Test worker] o.s.b.f.s.DefaultListableBeanFactory     : Autowiring by type from bean name 'applicationTaskExecutor' via factory method to bean named 'taskExecutorBuilder'
2024-08-01T09:27:35.310-03:00 DEBUG 10971 --- [coremastermarket] [    Test worker] o.s.s.concurrent.ThreadPoolTaskExecutor  : Initializing ExecutorService 'applicationTaskExecutor'
2024-08-01T09:27:35.320-03:00 DEBUG 10971 --- [coremastermarket] [    Test worker] o.s.b.f.s.DefaultListableBeanFactory     : Creating shared instance of singleton bean 'org.springdoc.core.configuration.SpringDocConfiguration$OpenApiResourceAdvice'
2024-08-01T09:27:35.321-03:00 DEBUG 10971 --- [coremastermarket] [    Test worker] o.s.b.f.s.DefaultListableBeanFactory     : Autowiring by type from bean name 'org.springdoc.core.configuration.SpringDocConfiguration$OpenApiResourceAdvice' via constructor to bean named 'org.springdoc.core.configuration.SpringDocConfiguration'
2024-08-01T09:27:35.321-03:00 DEBUG 10971 --- [coremastermarket] [    Test worker] s.w.s.m.m.a.RequestMappingHandlerAdapter : ControllerAdvice beans: 0 @ModelAttribute, 0 @InitBinder, 1 RequestBodyAdvice, 1 ResponseBodyAdvice
2024-08-01T09:27:35.326-03:00 DEBUG 10971 --- [coremastermarket] [    Test worker] o.s.b.f.s.DefaultListableBeanFactory     : Creating shared instance of singleton bean 'handlerFunctionAdapter'
2024-08-01T09:27:35.326-03:00 DEBUG 10971 --- [coremastermarket] [    Test worker] o.s.b.f.s.DefaultListableBeanFactory     : Creating shared instance of singleton bean 'mvcUriComponentsContributor'
2024-08-01T09:27:35.327-03:00 DEBUG 10971 --- [coremastermarket] [    Test worker] o.s.b.f.s.DefaultListableBeanFactory     : Autowiring by type from bean name 'mvcUriComponentsContributor' via factory method to bean named 'mvcConversionService'
2024-08-01T09:27:35.327-03:00 DEBUG 10971 --- [coremastermarket] [    Test worker] o.s.b.f.s.DefaultListableBeanFactory     : Autowiring by type from bean name 'mvcUriComponentsContributor' via factory method to bean named 'requestMappingHandlerAdapter'
2024-08-01T09:27:35.328-03:00 DEBUG 10971 --- [coremastermarket] [    Test worker] o.s.b.f.s.DefaultListableBeanFactory     : Creating shared instance of singleton bean 'httpRequestHandlerAdapter'
2024-08-01T09:27:35.328-03:00 DEBUG 10971 --- [coremastermarket] [    Test worker] o.s.b.f.s.DefaultListableBeanFactory     : Creating shared instance of singleton bean 'simpleControllerHandlerAdapter'
2024-08-01T09:27:35.328-03:00 DEBUG 10971 --- [coremastermarket] [    Test worker] o.s.b.f.s.DefaultListableBeanFactory     : Creating shared instance of singleton bean 'handlerExceptionResolver'
2024-08-01T09:27:35.328-03:00 DEBUG 10971 --- [coremastermarket] [    Test worker] o.s.b.f.s.DefaultListableBeanFactory     : Autowiring by type from bean name 'handlerExceptionResolver' via factory method to bean named 'mvcContentNegotiationManager'
2024-08-01T09:27:35.331-03:00 DEBUG 10971 --- [coremastermarket] [    Test worker] .m.m.a.ExceptionHandlerExceptionResolver : ControllerAdvice beans: 2 @ExceptionHandler, 1 ResponseBodyAdvice
2024-08-01T09:27:35.332-03:00 DEBUG 10971 --- [coremastermarket] [    Test worker] o.s.b.f.s.DefaultListableBeanFactory     : Creating shared instance of singleton bean 'mvcViewResolver'
2024-08-01T09:27:35.332-03:00 DEBUG 10971 --- [coremastermarket] [    Test worker] o.s.b.f.s.DefaultListableBeanFactory     : Autowiring by type from bean name 'mvcViewResolver' via factory method to bean named 'mvcContentNegotiationManager'
2024-08-01T09:27:35.333-03:00 DEBUG 10971 --- [coremastermarket] [    Test worker] o.s.b.f.s.DefaultListableBeanFactory     : Creating shared instance of singleton bean 'viewNameTranslator'
2024-08-01T09:27:35.333-03:00 DEBUG 10971 --- [coremastermarket] [    Test worker] o.s.b.f.s.DefaultListableBeanFactory     : Creating shared instance of singleton bean 'defaultViewResolver'
2024-08-01T09:27:35.336-03:00 DEBUG 10971 --- [coremastermarket] [    Test worker] o.s.b.f.s.DefaultListableBeanFactory     : Creating shared instance of singleton bean 'viewResolver'
2024-08-01T09:27:35.336-03:00 DEBUG 10971 --- [coremastermarket] [    Test worker] o.s.b.f.s.DefaultListableBeanFactory     : Autowiring by type from bean name 'viewResolver' via factory method to bean named 'org.springframework.beans.factory.support.DefaultListableBeanFactory@423a5c9c'
2024-08-01T09:27:35.337-03:00 DEBUG 10971 --- [coremastermarket] [    Test worker] o.s.b.f.s.DefaultListableBeanFactory     : Creating shared instance of singleton bean 'viewResolver'
2024-08-01T09:27:35.337-03:00 DEBUG 10971 --- [coremastermarket] [    Test worker] o.s.b.f.s.DefaultListableBeanFactory     : Creating shared instance of singleton bean 'thymeleafViewResolver'
2024-08-01T09:27:35.337-03:00 DEBUG 10971 --- [coremastermarket] [    Test worker] o.s.b.f.s.DefaultListableBeanFactory     : Creating shared instance of singleton bean 'org.springframework.boot.autoconfigure.thymeleaf.ThymeleafAutoConfiguration$ThymeleafWebMvcConfiguration$ThymeleafViewResolverConfiguration'
2024-08-01T09:27:35.337-03:00 DEBUG 10971 --- [coremastermarket] [    Test worker] o.s.b.f.s.DefaultListableBeanFactory     : Creating shared instance of singleton bean 'spring.thymeleaf-org.springframework.boot.autoconfigure.thymeleaf.ThymeleafProperties'
2024-08-01T09:27:35.342-03:00 DEBUG 10971 --- [coremastermarket] [    Test worker] o.s.b.f.s.DefaultListableBeanFactory     : Creating shared instance of singleton bean 'templateEngine'
2024-08-01T09:27:35.342-03:00 DEBUG 10971 --- [coremastermarket] [    Test worker] o.s.b.f.s.DefaultListableBeanFactory     : Creating shared instance of singleton bean 'org.springframework.boot.autoconfigure.thymeleaf.TemplateEngineConfigurations$DefaultTemplateEngineConfiguration'
2024-08-01T09:27:35.343-03:00 DEBUG 10971 --- [coremastermarket] [    Test worker] o.s.b.f.s.DefaultListableBeanFactory     : Autowiring by type from bean name 'templateEngine' via factory method to bean named 'spring.thymeleaf-org.springframework.boot.autoconfigure.thymeleaf.ThymeleafProperties'
2024-08-01T09:27:35.343-03:00 DEBUG 10971 --- [coremastermarket] [    Test worker] o.s.b.f.s.DefaultListableBeanFactory     : Creating shared instance of singleton bean 'defaultTemplateResolver'
2024-08-01T09:27:35.343-03:00 DEBUG 10971 --- [coremastermarket] [    Test worker] o.s.b.f.s.DefaultListableBeanFactory     : Creating shared instance of singleton bean 'org.springframework.boot.autoconfigure.thymeleaf.ThymeleafAutoConfiguration$DefaultTemplateResolverConfiguration'
2024-08-01T09:27:35.343-03:00 DEBUG 10971 --- [coremastermarket] [    Test worker] o.s.b.f.s.DefaultListableBeanFactory     : Autowiring by type from bean name 'org.springframework.boot.autoconfigure.thymeleaf.ThymeleafAutoConfiguration$DefaultTemplateResolverConfiguration' via constructor to bean named 'spring.thymeleaf-org.springframework.boot.autoconfigure.thymeleaf.ThymeleafProperties'
2024-08-01T09:27:35.343-03:00 DEBUG 10971 --- [coremastermarket] [    Test worker] o.s.b.f.s.DefaultListableBeanFactory     : Autowiring by type from bean name 'org.springframework.boot.autoconfigure.thymeleaf.ThymeleafAutoConfiguration$DefaultTemplateResolverConfiguration' via constructor to bean named 'org.springframework.boot.web.servlet.context.AnnotationConfigServletWebServerApplicationContext@6c3d3d83'
2024-08-01T09:27:35.349-03:00 DEBUG 10971 --- [coremastermarket] [    Test worker] o.s.b.f.s.DefaultListableBeanFactory     : Autowiring by type from bean name 'thymeleafViewResolver' via factory method to bean named 'spring.thymeleaf-org.springframework.boot.autoconfigure.thymeleaf.ThymeleafProperties'
2024-08-01T09:27:35.349-03:00 DEBUG 10971 --- [coremastermarket] [    Test worker] o.s.b.f.s.DefaultListableBeanFactory     : Autowiring by type from bean name 'thymeleafViewResolver' via factory method to bean named 'templateEngine'
2024-08-01T09:27:35.352-03:00 DEBUG 10971 --- [coremastermarket] [    Test worker] o.s.b.f.s.DefaultListableBeanFactory     : Creating shared instance of singleton bean 'org.springdoc.core.configuration.SpringDocConfiguration$QuerydslProvider'
2024-08-01T09:27:35.352-03:00 DEBUG 10971 --- [coremastermarket] [    Test worker] o.s.b.f.s.DefaultListableBeanFactory     : Creating shared instance of singleton bean 'queryDslQuerydslPredicateOperationCustomizer'
2024-08-01T09:27:35.353-03:00 DEBUG 10971 --- [coremastermarket] [    Test worker] o.s.b.f.s.DefaultListableBeanFactory     : Autowiring by type from bean name 'queryDslQuerydslPredicateOperationCustomizer' via factory method to bean named 'org.springdoc.core.properties.SpringDocConfigProperties'
2024-08-01T09:27:35.353-03:00 DEBUG 10971 --- [coremastermarket] [    Test worker] o.s.b.f.s.DefaultListableBeanFactory     : Creating shared instance of singleton bean 'org.springdoc.core.configuration.SpringDocConfiguration$SpringDocWebFluxSupportConfiguration'
2024-08-01T09:27:35.353-03:00 DEBUG 10971 --- [coremastermarket] [    Test worker] o.s.b.f.s.DefaultListableBeanFactory     : Creating shared instance of singleton bean 'webFluxSupportConverter'
2024-08-01T09:27:35.353-03:00 DEBUG 10971 --- [coremastermarket] [    Test worker] o.s.b.f.s.DefaultListableBeanFactory     : Autowiring by type from bean name 'webFluxSupportConverter' via factory method to bean named 'springdocObjectMapperProvider'
2024-08-01T09:27:35.354-03:00 DEBUG 10971 --- [coremastermarket] [    Test worker] o.s.b.f.s.DefaultListableBeanFactory     : Creating shared instance of singleton bean 'org.springdoc.core.configuration.SpringDocConfiguration$SpringDocSpringDataWebPropertiesProvider'
2024-08-01T09:27:35.354-03:00 DEBUG 10971 --- [coremastermarket] [    Test worker] o.s.b.f.s.DefaultListableBeanFactory     : Creating shared instance of singleton bean 'springDataWebPropertiesProvider'
2024-08-01T09:27:35.354-03:00 DEBUG 10971 --- [coremastermarket] [    Test worker] o.s.b.f.s.DefaultListableBeanFactory     : Creating shared instance of singleton bean 'org.springdoc.core.configuration.SpringDocConfiguration$WebConversionServiceConfiguration'
2024-08-01T09:27:35.354-03:00 DEBUG 10971 --- [coremastermarket] [    Test worker] o.s.b.f.s.DefaultListableBeanFactory     : Creating shared instance of singleton bean 'webConversionServiceProvider'
2024-08-01T09:27:35.354-03:00 DEBUG 10971 --- [coremastermarket] [    Test worker] o.s.b.f.s.DefaultListableBeanFactory     : Creating shared instance of singleton bean 'localSpringDocParameterNameDiscoverer'
2024-08-01T09:27:35.355-03:00 DEBUG 10971 --- [coremastermarket] [    Test worker] o.s.b.f.s.DefaultListableBeanFactory     : Creating shared instance of singleton bean 'additionalModelsConverter'
2024-08-01T09:27:35.355-03:00 DEBUG 10971 --- [coremastermarket] [    Test worker] o.s.b.f.s.DefaultListableBeanFactory     : Autowiring by type from bean name 'additionalModelsConverter' via factory method to bean named 'springdocObjectMapperProvider'
2024-08-01T09:27:35.357-03:00 DEBUG 10971 --- [coremastermarket] [    Test worker] o.s.b.f.s.DefaultListableBeanFactory     : Creating shared instance of singleton bean 'fileSupportConverter'
2024-08-01T09:27:35.357-03:00 DEBUG 10971 --- [coremastermarket] [    Test worker] o.s.b.f.s.DefaultListableBeanFactory     : Autowiring by type from bean name 'fileSupportConverter' via factory method to bean named 'springdocObjectMapperProvider'
2024-08-01T09:27:35.357-03:00 DEBUG 10971 --- [coremastermarket] [    Test worker] o.s.b.f.s.DefaultListableBeanFactory     : Creating shared instance of singleton bean 'responseSupportConverter'
2024-08-01T09:27:35.357-03:00 DEBUG 10971 --- [coremastermarket] [    Test worker] o.s.b.f.s.DefaultListableBeanFactory     : Autowiring by type from bean name 'responseSupportConverter' via factory method to bean named 'springdocObjectMapperProvider'
2024-08-01T09:27:35.357-03:00 DEBUG 10971 --- [coremastermarket] [    Test worker] o.s.b.f.s.DefaultListableBeanFactory     : Creating shared instance of singleton bean 'schemaPropertyDeprecatingConverter'
2024-08-01T09:27:35.358-03:00 DEBUG 10971 --- [coremastermarket] [    Test worker] o.s.b.f.s.DefaultListableBeanFactory     : Creating shared instance of singleton bean 'polymorphicModelConverter'
2024-08-01T09:27:35.358-03:00 DEBUG 10971 --- [coremastermarket] [    Test worker] o.s.b.f.s.DefaultListableBeanFactory     : Autowiring by type from bean name 'polymorphicModelConverter' via factory method to bean named 'springdocObjectMapperProvider'
2024-08-01T09:27:35.358-03:00 DEBUG 10971 --- [coremastermarket] [    Test worker] o.s.b.f.s.DefaultListableBeanFactory     : Creating shared instance of singleton bean 'openAPIBuilder'
2024-08-01T09:27:35.359-03:00 DEBUG 10971 --- [coremastermarket] [    Test worker] o.s.b.f.s.DefaultListableBeanFactory     : Creating shared instance of singleton bean 'securityParser'
2024-08-01T09:27:35.359-03:00 DEBUG 10971 --- [coremastermarket] [    Test worker] o.s.b.f.s.DefaultListableBeanFactory     : Creating shared instance of singleton bean 'propertyResolverUtils'
2024-08-01T09:27:35.359-03:00 DEBUG 10971 --- [coremastermarket] [    Test worker] o.s.b.f.s.DefaultListableBeanFactory     : Autowiring by type from bean name 'propertyResolverUtils' via factory method to bean named 'org.springframework.beans.factory.support.DefaultListableBeanFactory@423a5c9c'
2024-08-01T09:27:35.359-03:00 DEBUG 10971 --- [coremastermarket] [    Test worker] o.s.b.f.s.DefaultListableBeanFactory     : Autowiring by type from bean name 'propertyResolverUtils' via factory method to bean named 'messageSource'
2024-08-01T09:27:35.359-03:00 DEBUG 10971 --- [coremastermarket] [    Test worker] o.s.b.f.s.DefaultListableBeanFactory     : Autowiring by type from bean name 'propertyResolverUtils' via factory method to bean named 'org.springdoc.core.properties.SpringDocConfigProperties'
2024-08-01T09:27:35.359-03:00 DEBUG 10971 --- [coremastermarket] [    Test worker] o.s.b.f.s.DefaultListableBeanFactory     : Autowiring by type from bean name 'securityParser' via factory method to bean named 'propertyResolverUtils'
2024-08-01T09:27:35.360-03:00 DEBUG 10971 --- [coremastermarket] [    Test worker] o.s.b.f.s.DefaultListableBeanFactory     : Autowiring by type from bean name 'openAPIBuilder' via factory method to bean named 'securityParser'
2024-08-01T09:27:35.360-03:00 DEBUG 10971 --- [coremastermarket] [    Test worker] o.s.b.f.s.DefaultListableBeanFactory     : Autowiring by type from bean name 'openAPIBuilder' via factory method to bean named 'org.springdoc.core.properties.SpringDocConfigProperties'
2024-08-01T09:27:35.360-03:00 DEBUG 10971 --- [coremastermarket] [    Test worker] o.s.b.f.s.DefaultListableBeanFactory     : Autowiring by type from bean name 'openAPIBuilder' via factory method to bean named 'propertyResolverUtils'
2024-08-01T09:27:35.361-03:00 DEBUG 10971 --- [coremastermarket] [    Test worker] o.s.b.f.s.DefaultListableBeanFactory     : Creating shared instance of singleton bean 'modelConverterRegistrar'
2024-08-01T09:27:35.362-03:00 DEBUG 10971 --- [coremastermarket] [    Test worker] o.s.b.f.s.DefaultListableBeanFactory     : Creating shared instance of singleton bean 'pageableOpenAPIConverter'
2024-08-01T09:27:35.362-03:00 DEBUG 10971 --- [coremastermarket] [    Test worker] o.s.b.f.s.DefaultListableBeanFactory     : Creating shared instance of singleton bean 'org.springdoc.core.configuration.SpringDocPageableConfiguration'
2024-08-01T09:27:35.362-03:00 DEBUG 10971 --- [coremastermarket] [    Test worker] o.s.b.f.s.DefaultListableBeanFactory     : Autowiring by type from bean name 'pageableOpenAPIConverter' via factory method to bean named 'springdocObjectMapperProvider'
2024-08-01T09:27:35.362-03:00 DEBUG 10971 --- [coremastermarket] [    Test worker] o.s.b.f.s.DefaultListableBeanFactory     : Creating shared instance of singleton bean 'sortOpenAPIConverter'
2024-08-01T09:27:35.362-03:00 DEBUG 10971 --- [coremastermarket] [    Test worker] o.s.b.f.s.DefaultListableBeanFactory     : Creating shared instance of singleton bean 'org.springdoc.core.configuration.SpringDocSortConfiguration'
2024-08-01T09:27:35.363-03:00 DEBUG 10971 --- [coremastermarket] [    Test worker] o.s.b.f.s.DefaultListableBeanFactory     : Autowiring by type from bean name 'sortOpenAPIConverter' via factory method to bean named 'springdocObjectMapperProvider'
2024-08-01T09:27:35.363-03:00 DEBUG 10971 --- [coremastermarket] [    Test worker] o.s.b.f.s.DefaultListableBeanFactory     : Autowiring by type from bean name 'modelConverterRegistrar' via factory method to bean named 'org.springdoc.core.properties.SpringDocConfigProperties'
2024-08-01T09:27:35.363-03:00 DEBUG 10971 --- [coremastermarket] [    Test worker] o.s.b.f.s.DefaultListableBeanFactory     : Creating shared instance of singleton bean 'operationBuilder'
2024-08-01T09:27:35.364-03:00 DEBUG 10971 --- [coremastermarket] [    Test worker] o.s.b.f.s.DefaultListableBeanFactory     : Creating shared instance of singleton bean 'parameterBuilder'
2024-08-01T09:27:35.364-03:00 DEBUG 10971 --- [coremastermarket] [    Test worker] o.s.b.f.s.DefaultListableBeanFactory     : Creating shared instance of singleton bean 'delegatingMethodParameterCustomizer'
2024-08-01T09:27:35.365-03:00 DEBUG 10971 --- [coremastermarket] [    Test worker] o.s.b.f.s.DefaultListableBeanFactory     : Autowiring by type from bean name 'parameterBuilder' via factory method to bean named 'propertyResolverUtils'
2024-08-01T09:27:35.365-03:00 DEBUG 10971 --- [coremastermarket] [    Test worker] o.s.b.f.s.DefaultListableBeanFactory     : Autowiring by type from bean name 'parameterBuilder' via factory method to bean named 'springdocObjectMapperProvider'
2024-08-01T09:27:35.365-03:00 DEBUG 10971 --- [coremastermarket] [    Test worker] o.s.b.f.s.DefaultListableBeanFactory     : Creating shared instance of singleton bean 'requestBodyBuilder'
2024-08-01T09:27:35.365-03:00 DEBUG 10971 --- [coremastermarket] [    Test worker] o.s.b.f.s.DefaultListableBeanFactory     : Autowiring by type from bean name 'requestBodyBuilder' via factory method to bean named 'parameterBuilder'
2024-08-01T09:27:35.366-03:00 DEBUG 10971 --- [coremastermarket] [    Test worker] o.s.b.f.s.DefaultListableBeanFactory     : Autowiring by type from bean name 'operationBuilder' via factory method to bean named 'parameterBuilder'
2024-08-01T09:27:35.366-03:00 DEBUG 10971 --- [coremastermarket] [    Test worker] o.s.b.f.s.DefaultListableBeanFactory     : Autowiring by type from bean name 'operationBuilder' via factory method to bean named 'requestBodyBuilder'
2024-08-01T09:27:35.366-03:00 DEBUG 10971 --- [coremastermarket] [    Test worker] o.s.b.f.s.DefaultListableBeanFactory     : Autowiring by type from bean name 'operationBuilder' via factory method to bean named 'securityParser'
2024-08-01T09:27:35.366-03:00 DEBUG 10971 --- [coremastermarket] [    Test worker] o.s.b.f.s.DefaultListableBeanFactory     : Autowiring by type from bean name 'operationBuilder' via factory method to bean named 'propertyResolverUtils'
2024-08-01T09:27:35.366-03:00 DEBUG 10971 --- [coremastermarket] [    Test worker] o.s.b.f.s.DefaultListableBeanFactory     : Creating shared instance of singleton bean 'genericReturnTypeParser'
2024-08-01T09:27:35.367-03:00 DEBUG 10971 --- [coremastermarket] [    Test worker] o.s.b.f.s.DefaultListableBeanFactory     : Creating shared instance of singleton bean 'springDocProviders'
2024-08-01T09:27:35.367-03:00 DEBUG 10971 --- [coremastermarket] [    Test worker] o.s.b.f.s.DefaultListableBeanFactory     : Creating shared instance of singleton bean 'routerFunctionProvider'
2024-08-01T09:27:35.367-03:00 DEBUG 10971 --- [coremastermarket] [    Test worker] o.s.b.f.s.DefaultListableBeanFactory     : Creating shared instance of singleton bean 'org.springdoc.webmvc.core.configuration.SpringDocWebMvcConfiguration$SpringDocWebMvcRouterConfiguration'
2024-08-01T09:27:35.368-03:00 DEBUG 10971 --- [coremastermarket] [    Test worker] o.s.b.f.s.DefaultListableBeanFactory     : Autowiring by type from bean name 'springDocProviders' via factory method to bean named 'springdocObjectMapperProvider'
2024-08-01T09:27:35.368-03:00 DEBUG 10971 --- [coremastermarket] [    Test worker] o.s.b.f.s.DefaultListableBeanFactory     : Creating shared instance of singleton bean 'springDocCustomizers'
2024-08-01T09:27:35.370-03:00 DEBUG 10971 --- [coremastermarket] [    Test worker] o.s.b.f.s.DefaultListableBeanFactory     : Creating shared instance of singleton bean 'org.springdoc.core.configuration.SpringDocSecurityConfiguration$SpringSecurityLoginEndpointConfiguration'
2024-08-01T09:27:35.371-03:00 DEBUG 10971 --- [coremastermarket] [    Test worker] o.s.b.f.s.DefaultListableBeanFactory     : Creating shared instance of singleton bean 'org.springdoc.core.configuration.SpringDocSecurityConfiguration'
2024-08-01T09:27:35.371-03:00 DEBUG 10971 --- [coremastermarket] [    Test worker] o.s.b.f.s.DefaultListableBeanFactory     : Autowiring by type from bean name 'org.springdoc.core.configuration.SpringDocSecurityConfiguration$SpringSecurityLoginEndpointConfiguration' via constructor to bean named 'org.springdoc.core.configuration.SpringDocSecurityConfiguration'
2024-08-01T09:27:35.371-03:00 DEBUG 10971 --- [coremastermarket] [    Test worker] o.s.b.f.s.DefaultListableBeanFactory     : Creating shared instance of singleton bean 'org.springdoc.core.configuration.SpringDocUIConfiguration'
2024-08-01T09:27:35.371-03:00 DEBUG 10971 --- [coremastermarket] [    Test worker] o.s.b.f.s.DefaultListableBeanFactory     : Creating shared instance of singleton bean 'openApiResource'
2024-08-01T09:27:35.372-03:00 DEBUG 10971 --- [coremastermarket] [    Test worker] o.s.b.f.s.DefaultListableBeanFactory     : Creating shared instance of singleton bean 'requestBuilder'
2024-08-01T09:27:35.372-03:00 DEBUG 10971 --- [coremastermarket] [    Test worker] o.s.b.f.s.DefaultListableBeanFactory     : Autowiring by type from bean name 'requestBuilder' via factory method to bean named 'parameterBuilder'
2024-08-01T09:27:35.372-03:00 DEBUG 10971 --- [coremastermarket] [    Test worker] o.s.b.f.s.DefaultListableBeanFactory     : Autowiring by type from bean name 'requestBuilder' via factory method to bean named 'requestBodyBuilder'
2024-08-01T09:27:35.372-03:00 DEBUG 10971 --- [coremastermarket] [    Test worker] o.s.b.f.s.DefaultListableBeanFactory     : Autowiring by type from bean name 'requestBuilder' via factory method to bean named 'operationBuilder'
2024-08-01T09:27:35.372-03:00 DEBUG 10971 --- [coremastermarket] [    Test worker] o.s.b.f.s.DefaultListableBeanFactory     : Autowiring by type from bean name 'requestBuilder' via factory method to bean named 'localSpringDocParameterNameDiscoverer'
2024-08-01T09:27:35.373-03:00 DEBUG 10971 --- [coremastermarket] [    Test worker] o.s.b.f.s.DefaultListableBeanFactory     : Creating shared instance of singleton bean 'responseBuilder'
2024-08-01T09:27:35.373-03:00 DEBUG 10971 --- [coremastermarket] [    Test worker] o.s.b.f.s.DefaultListableBeanFactory     : Autowiring by type from bean name 'responseBuilder' via factory method to bean named 'operationBuilder'
2024-08-01T09:27:35.374-03:00 DEBUG 10971 --- [coremastermarket] [    Test worker] o.s.b.f.s.DefaultListableBeanFactory     : Autowiring by type from bean name 'responseBuilder' via factory method to bean named 'genericReturnTypeParser'
2024-08-01T09:27:35.374-03:00 DEBUG 10971 --- [coremastermarket] [    Test worker] o.s.b.f.s.DefaultListableBeanFactory     : Autowiring by type from bean name 'responseBuilder' via factory method to bean named 'org.springdoc.core.properties.SpringDocConfigProperties'
2024-08-01T09:27:35.374-03:00 DEBUG 10971 --- [coremastermarket] [    Test worker] o.s.b.f.s.DefaultListableBeanFactory     : Autowiring by type from bean name 'responseBuilder' via factory method to bean named 'propertyResolverUtils'
2024-08-01T09:27:35.374-03:00 DEBUG 10971 --- [coremastermarket] [    Test worker] o.s.b.f.s.DefaultListableBeanFactory     : Autowiring by type from bean name 'openApiResource' via factory method to bean named 'requestBuilder'
2024-08-01T09:27:35.374-03:00 DEBUG 10971 --- [coremastermarket] [    Test worker] o.s.b.f.s.DefaultListableBeanFactory     : Autowiring by type from bean name 'openApiResource' via factory method to bean named 'responseBuilder'
2024-08-01T09:27:35.374-03:00 DEBUG 10971 --- [coremastermarket] [    Test worker] o.s.b.f.s.DefaultListableBeanFactory     : Autowiring by type from bean name 'openApiResource' via factory method to bean named 'operationBuilder'
2024-08-01T09:27:35.374-03:00 DEBUG 10971 --- [coremastermarket] [    Test worker] o.s.b.f.s.DefaultListableBeanFactory     : Autowiring by type from bean name 'openApiResource' via factory method to bean named 'org.springdoc.core.properties.SpringDocConfigProperties'
2024-08-01T09:27:35.374-03:00 DEBUG 10971 --- [coremastermarket] [    Test worker] o.s.b.f.s.DefaultListableBeanFactory     : Autowiring by type from bean name 'openApiResource' via factory method to bean named 'springDocProviders'
2024-08-01T09:27:35.374-03:00 DEBUG 10971 --- [coremastermarket] [    Test worker] o.s.b.f.s.DefaultListableBeanFactory     : Autowiring by type from bean name 'openApiResource' via factory method to bean named 'springDocCustomizers'
2024-08-01T09:27:35.377-03:00 DEBUG 10971 --- [coremastermarket] [    Test worker] o.s.b.f.s.DefaultListableBeanFactory     : Creating shared instance of singleton bean 'swaggerConfigResource'
2024-08-01T09:27:35.377-03:00 DEBUG 10971 --- [coremastermarket] [    Test worker] o.s.b.f.s.DefaultListableBeanFactory     : Autowiring by type from bean name 'swaggerConfigResource' via factory method to bean named 'swaggerWelcome'
2024-08-01T09:27:35.377-03:00 DEBUG 10971 --- [coremastermarket] [    Test worker] o.s.b.f.s.DefaultListableBeanFactory     : Creating shared instance of singleton bean 'org.springframework.ai.autoconfigure.retry.SpringAiRetryAutoConfiguration'
2024-08-01T09:27:35.377-03:00 DEBUG 10971 --- [coremastermarket] [    Test worker] o.s.b.f.s.DefaultListableBeanFactory     : Creating shared instance of singleton bean 'retryTemplate'
2024-08-01T09:27:35.378-03:00 DEBUG 10971 --- [coremastermarket] [    Test worker] o.s.b.f.s.DefaultListableBeanFactory     : Creating shared instance of singleton bean 'spring.ai.retry-org.springframework.ai.autoconfigure.retry.SpringAiRetryProperties'
2024-08-01T09:27:35.380-03:00 DEBUG 10971 --- [coremastermarket] [    Test worker] o.s.b.f.s.DefaultListableBeanFactory     : Autowiring by type from bean name 'retryTemplate' via factory method to bean named 'spring.ai.retry-org.springframework.ai.autoconfigure.retry.SpringAiRetryProperties'
2024-08-01T09:27:35.381-03:00 DEBUG 10971 --- [coremastermarket] [    Test worker] o.s.b.f.s.DefaultListableBeanFactory     : Creating shared instance of singleton bean 'responseErrorHandler'
2024-08-01T09:27:35.381-03:00 DEBUG 10971 --- [coremastermarket] [    Test worker] o.s.b.f.s.DefaultListableBeanFactory     : Autowiring by type from bean name 'responseErrorHandler' via factory method to bean named 'spring.ai.retry-org.springframework.ai.autoconfigure.retry.SpringAiRetryProperties'
2024-08-01T09:27:35.381-03:00 DEBUG 10971 --- [coremastermarket] [    Test worker] o.s.b.f.s.DefaultListableBeanFactory     : Creating shared instance of singleton bean 'org.springframework.boot.autoconfigure.gson.GsonAutoConfiguration'
2024-08-01T09:27:35.381-03:00 DEBUG 10971 --- [coremastermarket] [    Test worker] o.s.b.f.s.DefaultListableBeanFactory     : Creating shared instance of singleton bean 'gsonBuilder'
2024-08-01T09:27:35.382-03:00 DEBUG 10971 --- [coremastermarket] [    Test worker] o.s.b.f.s.DefaultListableBeanFactory     : Creating shared instance of singleton bean 'standardGsonBuilderCustomizer'
2024-08-01T09:27:35.382-03:00 DEBUG 10971 --- [coremastermarket] [    Test worker] o.s.b.f.s.DefaultListableBeanFactory     : Creating shared instance of singleton bean 'spring.gson-org.springframework.boot.autoconfigure.gson.GsonProperties'
2024-08-01T09:27:35.384-03:00 DEBUG 10971 --- [coremastermarket] [    Test worker] o.s.b.f.s.DefaultListableBeanFactory     : Autowiring by type from bean name 'standardGsonBuilderCustomizer' via factory method to bean named 'spring.gson-org.springframework.boot.autoconfigure.gson.GsonProperties'
2024-08-01T09:27:35.384-03:00 DEBUG 10971 --- [coremastermarket] [    Test worker] o.s.b.f.s.DefaultListableBeanFactory     : Autowiring by type from bean name 'gsonBuilder' via factory method to bean named 'standardGsonBuilderCustomizer'
2024-08-01T09:27:35.385-03:00 DEBUG 10971 --- [coremastermarket] [    Test worker] o.s.b.f.s.DefaultListableBeanFactory     : Creating shared instance of singleton bean 'gson'
2024-08-01T09:27:35.385-03:00 DEBUG 10971 --- [coremastermarket] [    Test worker] o.s.b.f.s.DefaultListableBeanFactory     : Autowiring by type from bean name 'gson' via factory method to bean named 'gsonBuilder'
2024-08-01T09:27:35.386-03:00 DEBUG 10971 --- [coremastermarket] [    Test worker] o.s.b.f.s.DefaultListableBeanFactory     : Creating shared instance of singleton bean 'org.springframework.boot.autoconfigure.http.JacksonHttpMessageConvertersConfiguration'
2024-08-01T09:27:35.387-03:00 DEBUG 10971 --- [coremastermarket] [    Test worker] o.s.b.f.s.DefaultListableBeanFactory     : Creating shared instance of singleton bean 'org.springframework.boot.autoconfigure.http.GsonHttpMessageConvertersConfiguration'
2024-08-01T09:27:35.387-03:00 DEBUG 10971 --- [coremastermarket] [    Test worker] o.s.b.f.s.DefaultListableBeanFactory     : Creating shared instance of singleton bean 'org.springframework.boot.autoconfigure.web.client.RestClientAutoConfiguration'
2024-08-01T09:27:35.387-03:00 DEBUG 10971 --- [coremastermarket] [    Test worker] o.s.b.f.s.DefaultListableBeanFactory     : Creating shared instance of singleton bean 'httpMessageConvertersRestClientCustomizer'
2024-08-01T09:27:35.387-03:00 DEBUG 10971 --- [coremastermarket] [    Test worker] o.s.b.f.s.DefaultListableBeanFactory     : Creating shared instance of singleton bean 'restClientSsl'
2024-08-01T09:27:35.387-03:00 DEBUG 10971 --- [coremastermarket] [    Test worker] o.s.b.f.s.DefaultListableBeanFactory     : Autowiring by type from bean name 'restClientSsl' via factory method to bean named 'sslBundleRegistry'
2024-08-01T09:27:35.388-03:00 DEBUG 10971 --- [coremastermarket] [    Test worker] o.s.b.f.s.DefaultListableBeanFactory     : Creating shared instance of singleton bean 'restClientBuilderConfigurer'
2024-08-01T09:27:35.388-03:00 DEBUG 10971 --- [coremastermarket] [    Test worker] o.s.b.f.s.DefaultListableBeanFactory     : Creating shared instance of singleton bean 'org.springframework.ai.autoconfigure.chat.client.ChatClientAutoConfiguration'
2024-08-01T09:27:35.388-03:00 DEBUG 10971 --- [coremastermarket] [    Test worker] o.s.b.f.s.DefaultListableBeanFactory     : Creating shared instance of singleton bean 'chatClientBuilderConfigurer'
2024-08-01T09:27:35.389-03:00 DEBUG 10971 --- [coremastermarket] [    Test worker] o.s.b.f.s.DefaultListableBeanFactory     : Creating shared instance of singleton bean 'spring.ai.chat.client-org.springframework.ai.autoconfigure.chat.client.ChatClientBuilderProperties'
2024-08-01T09:27:35.389-03:00 DEBUG 10971 --- [coremastermarket] [    Test worker] o.s.b.f.s.DefaultListableBeanFactory     : Creating shared instance of singleton bean 'org.springframework.ai.autoconfigure.ollama.OllamaAutoConfiguration'
2024-08-01T09:27:35.390-03:00 DEBUG 10971 --- [coremastermarket] [    Test worker] o.s.b.f.s.DefaultListableBeanFactory     : Creating shared instance of singleton bean 'ollamaConnectionDetails'
2024-08-01T09:27:35.390-03:00 DEBUG 10971 --- [coremastermarket] [    Test worker] o.s.b.f.s.DefaultListableBeanFactory     : Creating shared instance of singleton bean 'spring.ai.ollama-org.springframework.ai.autoconfigure.ollama.OllamaConnectionProperties'
2024-08-01T09:27:35.390-03:00 DEBUG 10971 --- [coremastermarket] [    Test worker] o.s.b.f.s.DefaultListableBeanFactory     : Autowiring by type from bean name 'ollamaConnectionDetails' via factory method to bean named 'spring.ai.ollama-org.springframework.ai.autoconfigure.ollama.OllamaConnectionProperties'
2024-08-01T09:27:35.390-03:00 DEBUG 10971 --- [coremastermarket] [    Test worker] o.s.b.f.s.DefaultListableBeanFactory     : Creating shared instance of singleton bean 'ollamaApi'
2024-08-01T09:27:35.391-03:00 DEBUG 10971 --- [coremastermarket] [    Test worker] o.s.b.f.s.DefaultListableBeanFactory     : Autowiring by type from bean name 'restClientBuilder' via factory method to bean named 'restClientBuilderConfigurer'
2024-08-01T09:27:35.393-03:00 DEBUG 10971 --- [coremastermarket] [    Test worker] o.s.b.f.s.DefaultListableBeanFactory     : Autowiring by type from bean name 'ollamaApi' via factory method to bean named 'ollamaConnectionDetails'
2024-08-01T09:27:35.393-03:00 DEBUG 10971 --- [coremastermarket] [    Test worker] o.s.b.f.s.DefaultListableBeanFactory     : Autowiring by type from bean name 'ollamaApi' via factory method to bean named 'restClientBuilder'
2024-08-01T09:27:35.394-03:00 DEBUG 10971 --- [coremastermarket] [    Test worker] o.s.b.f.s.DefaultListableBeanFactory     : Creating shared instance of singleton bean 'ollamaChatModel'
2024-08-01T09:27:35.394-03:00 DEBUG 10971 --- [coremastermarket] [    Test worker] o.s.b.f.s.DefaultListableBeanFactory     : Creating shared instance of singleton bean 'spring.ai.ollama.chat-org.springframework.ai.autoconfigure.ollama.OllamaChatProperties'
2024-08-01T09:27:35.400-03:00 DEBUG 10971 --- [coremastermarket] [    Test worker] o.s.b.f.s.DefaultListableBeanFactory     : Autowiring by type from bean name 'ollamaChatModel' via factory method to bean named 'ollamaApi'
2024-08-01T09:27:35.400-03:00 DEBUG 10971 --- [coremastermarket] [    Test worker] o.s.b.f.s.DefaultListableBeanFactory     : Autowiring by type from bean name 'ollamaChatModel' via factory method to bean named 'spring.ai.ollama.chat-org.springframework.ai.autoconfigure.ollama.OllamaChatProperties'
2024-08-01T09:27:35.401-03:00 DEBUG 10971 --- [coremastermarket] [    Test worker] o.s.b.f.s.DefaultListableBeanFactory     : Creating shared instance of singleton bean 'ollamaEmbeddingModel'
2024-08-01T09:27:35.401-03:00 DEBUG 10971 --- [coremastermarket] [    Test worker] o.s.b.f.s.DefaultListableBeanFactory     : Creating shared instance of singleton bean 'spring.ai.ollama.embedding-org.springframework.ai.autoconfigure.ollama.OllamaEmbeddingProperties'
2024-08-01T09:27:35.407-03:00 DEBUG 10971 --- [coremastermarket] [    Test worker] o.s.b.f.s.DefaultListableBeanFactory     : Autowiring by type from bean name 'ollamaEmbeddingModel' via factory method to bean named 'ollamaApi'
2024-08-01T09:27:35.407-03:00 DEBUG 10971 --- [coremastermarket] [    Test worker] o.s.b.f.s.DefaultListableBeanFactory     : Autowiring by type from bean name 'ollamaEmbeddingModel' via factory method to bean named 'spring.ai.ollama.embedding-org.springframework.ai.autoconfigure.ollama.OllamaEmbeddingProperties'
2024-08-01T09:27:35.407-03:00 DEBUG 10971 --- [coremastermarket] [    Test worker] o.s.b.f.s.DefaultListableBeanFactory     : Creating shared instance of singleton bean 'org.springframework.boot.autoconfigure.reactor.netty.ReactorNettyConfigurations$ReactorResourceFactoryConfiguration'
2024-08-01T09:27:35.408-03:00 DEBUG 10971 --- [coremastermarket] [    Test worker] o.s.b.f.s.DefaultListableBeanFactory     : Creating shared instance of singleton bean 'reactorResourceFactory'
2024-08-01T09:27:35.408-03:00 DEBUG 10971 --- [coremastermarket] [    Test worker] o.s.b.f.s.DefaultListableBeanFactory     : Creating shared instance of singleton bean 'spring.reactor.netty-org.springframework.boot.autoconfigure.reactor.netty.ReactorNettyProperties'
2024-08-01T09:27:35.408-03:00 DEBUG 10971 --- [coremastermarket] [    Test worker] o.s.b.f.s.DefaultListableBeanFactory     : Autowiring by type from bean name 'reactorResourceFactory' via factory method to bean named 'spring.reactor.netty-org.springframework.boot.autoconfigure.reactor.netty.ReactorNettyProperties'
2024-08-01T09:27:35.410-03:00 DEBUG 10971 --- [coremastermarket] [    Test worker] o.s.b.f.s.DefaultListableBeanFactory     : Creating shared instance of singleton bean 'org.springframework.boot.autoconfigure.web.reactive.function.client.ClientHttpConnectorFactoryConfiguration$ReactorNetty'
2024-08-01T09:27:35.410-03:00 DEBUG 10971 --- [coremastermarket] [    Test worker] o.s.b.f.s.DefaultListableBeanFactory     : Creating shared instance of singleton bean 'reactorClientHttpConnectorFactory'
2024-08-01T09:27:35.410-03:00 DEBUG 10971 --- [coremastermarket] [    Test worker] o.s.b.f.s.DefaultListableBeanFactory     : Autowiring by type from bean name 'reactorClientHttpConnectorFactory' via factory method to bean named 'reactorResourceFactory'
2024-08-01T09:27:35.410-03:00 DEBUG 10971 --- [coremastermarket] [    Test worker] o.s.b.f.s.DefaultListableBeanFactory     : Creating shared instance of singleton bean 'org.springframework.boot.autoconfigure.web.reactive.function.client.ClientHttpConnectorAutoConfiguration'
2024-08-01T09:27:35.411-03:00 DEBUG 10971 --- [coremastermarket] [    Test worker] o.s.b.f.s.DefaultListableBeanFactory     : Creating shared instance of singleton bean 'org.springframework.boot.autoconfigure.web.reactive.function.client.WebClientAutoConfiguration$WebClientCodecsConfiguration'
2024-08-01T09:27:35.411-03:00 DEBUG 10971 --- [coremastermarket] [    Test worker] o.s.b.f.s.DefaultListableBeanFactory     : Creating shared instance of singleton bean 'exchangeStrategiesCustomizer'
2024-08-01T09:27:35.411-03:00 DEBUG 10971 --- [coremastermarket] [    Test worker] o.s.b.f.s.DefaultListableBeanFactory     : Creating shared instance of singleton bean 'org.springframework.boot.autoconfigure.web.reactive.function.client.WebClientAutoConfiguration'
2024-08-01T09:27:35.412-03:00 DEBUG 10971 --- [coremastermarket] [    Test worker] o.s.b.f.s.DefaultListableBeanFactory     : Creating shared instance of singleton bean 'webClientSsl'
2024-08-01T09:27:35.412-03:00 DEBUG 10971 --- [coremastermarket] [    Test worker] o.s.b.f.s.DefaultListableBeanFactory     : Autowiring by type from bean name 'webClientSsl' via factory method to bean named 'reactorClientHttpConnectorFactory'
2024-08-01T09:27:35.412-03:00 DEBUG 10971 --- [coremastermarket] [    Test worker] o.s.b.f.s.DefaultListableBeanFactory     : Autowiring by type from bean name 'webClientSsl' via factory method to bean named 'sslBundleRegistry'
2024-08-01T09:27:35.412-03:00 DEBUG 10971 --- [coremastermarket] [    Test worker] o.s.b.f.s.DefaultListableBeanFactory     : Creating shared instance of singleton bean 'org.springframework.boot.autoconfigure.transaction.TransactionManagerCustomizationAutoConfiguration'
2024-08-01T09:27:35.412-03:00 DEBUG 10971 --- [coremastermarket] [    Test worker] o.s.b.f.s.DefaultListableBeanFactory     : Creating shared instance of singleton bean 'platformTransactionManagerCustomizers'
2024-08-01T09:27:35.413-03:00 DEBUG 10971 --- [coremastermarket] [    Test worker] o.s.b.f.s.DefaultListableBeanFactory     : Creating shared instance of singleton bean 'transactionExecutionListeners'
2024-08-01T09:27:35.413-03:00 DEBUG 10971 --- [coremastermarket] [    Test worker] o.s.b.f.s.DefaultListableBeanFactory     : Creating shared instance of singleton bean 'spring.transaction-org.springframework.boot.autoconfigure.transaction.TransactionProperties'
2024-08-01T09:27:35.414-03:00 DEBUG 10971 --- [coremastermarket] [    Test worker] o.s.b.f.s.DefaultListableBeanFactory     : Creating shared instance of singleton bean 'org.springframework.cloud.autoconfigure.RefreshAutoConfiguration'
2024-08-01T09:27:35.414-03:00 DEBUG 10971 --- [coremastermarket] [    Test worker] o.s.b.f.s.DefaultListableBeanFactory     : Creating shared instance of singleton bean 'loggingRebinder'
2024-08-01T09:27:35.415-03:00 DEBUG 10971 --- [coremastermarket] [    Test worker] o.s.b.f.s.DefaultListableBeanFactory     : Creating shared instance of singleton bean 'configDataContextRefresher'
2024-08-01T09:27:35.415-03:00 DEBUG 10971 --- [coremastermarket] [    Test worker] o.s.b.f.s.DefaultListableBeanFactory     : Creating shared instance of singleton bean 'spring.cloud.refresh-org.springframework.cloud.autoconfigure.RefreshAutoConfiguration$RefreshProperties'
2024-08-01T09:27:35.416-03:00 DEBUG 10971 --- [coremastermarket] [    Test worker] o.s.b.f.s.DefaultListableBeanFactory     : Autowiring by type from bean name 'configDataContextRefresher' via factory method to bean named 'org.springframework.boot.web.servlet.context.AnnotationConfigServletWebServerApplicationContext@6c3d3d83'
2024-08-01T09:27:35.416-03:00 DEBUG 10971 --- [coremastermarket] [    Test worker] o.s.b.f.s.DefaultListableBeanFactory     : Autowiring by type from bean name 'configDataContextRefresher' via factory method to bean named 'refreshScope'
2024-08-01T09:27:35.416-03:00 DEBUG 10971 --- [coremastermarket] [    Test worker] o.s.b.f.s.DefaultListableBeanFactory     : Autowiring by type from bean name 'configDataContextRefresher' via factory method to bean named 'spring.cloud.refresh-org.springframework.cloud.autoconfigure.RefreshAutoConfiguration$RefreshProperties'
2024-08-01T09:27:35.417-03:00 DEBUG 10971 --- [coremastermarket] [    Test worker] o.s.b.f.s.DefaultListableBeanFactory     : Creating shared instance of singleton bean 'refreshScopeLifecycle'
2024-08-01T09:27:35.417-03:00 DEBUG 10971 --- [coremastermarket] [    Test worker] o.s.b.f.s.DefaultListableBeanFactory     : Autowiring by type from bean name 'refreshScopeLifecycle' via factory method to bean named 'configDataContextRefresher'
2024-08-01T09:27:35.417-03:00 DEBUG 10971 --- [coremastermarket] [    Test worker] o.s.b.f.s.DefaultListableBeanFactory     : Creating shared instance of singleton bean 'refreshEventListener'
2024-08-01T09:27:35.417-03:00 DEBUG 10971 --- [coremastermarket] [    Test worker] o.s.b.f.s.DefaultListableBeanFactory     : Autowiring by type from bean name 'refreshEventListener' via factory method to bean named 'configDataContextRefresher'
2024-08-01T09:27:35.418-03:00 DEBUG 10971 --- [coremastermarket] [    Test worker] o.s.b.f.s.DefaultListableBeanFactory     : Creating shared instance of singleton bean 'org.springframework.boot.autoconfigure.orm.jpa.JpaBaseConfiguration$PersistenceManagedTypesConfiguration'
2024-08-01T09:27:35.418-03:00 DEBUG 10971 --- [coremastermarket] [    Test worker] o.s.b.f.s.DefaultListableBeanFactory     : Creating shared instance of singleton bean 'transactionManager'
2024-08-01T09:27:35.421-03:00 DEBUG 10971 --- [coremastermarket] [    Test worker] o.s.b.f.s.DefaultListableBeanFactory     : Creating shared instance of singleton bean 'org.springframework.boot.autoconfigure.orm.jpa.HibernateJpaAutoConfiguration'
2024-08-01T09:27:35.421-03:00 DEBUG 10971 --- [coremastermarket] [    Test worker] o.s.b.f.s.DefaultListableBeanFactory     : Creating shared instance of singleton bean 'org.springframework.boot.autoconfigure.data.jpa.JpaRepositoriesAutoConfiguration'
2024-08-01T09:27:35.421-03:00 DEBUG 10971 --- [coremastermarket] [    Test worker] o.s.b.f.s.DefaultListableBeanFactory     : Creating shared instance of singleton bean 'org.springframework.data.jpa.util.JpaMetamodelCacheCleanup'
2024-08-01T09:27:35.421-03:00 DEBUG 10971 --- [coremastermarket] [    Test worker] o.s.b.f.s.DefaultListableBeanFactory     : Creating shared instance of singleton bean 'org.springframework.data.jpa.repository.support.JpaEvaluationContextExtension'
2024-08-01T09:27:35.422-03:00 DEBUG 10971 --- [coremastermarket] [    Test worker] o.s.b.f.s.DefaultListableBeanFactory     : Creating shared instance of singleton bean 'data-jpa.repository-aot-processor#0'
2024-08-01T09:27:35.423-03:00 DEBUG 10971 --- [coremastermarket] [    Test worker] o.s.b.f.s.DefaultListableBeanFactory     : Creating shared instance of singleton bean 'org.springframework.boot.autoconfigure.aop.AopAutoConfiguration$AspectJAutoProxyingConfiguration$CglibAutoProxyConfiguration'
2024-08-01T09:27:35.423-03:00 DEBUG 10971 --- [coremastermarket] [    Test worker] o.s.b.f.s.DefaultListableBeanFactory     : Creating shared instance of singleton bean 'org.springframework.boot.autoconfigure.aop.AopAutoConfiguration$AspectJAutoProxyingConfiguration'
2024-08-01T09:27:35.424-03:00 DEBUG 10971 --- [coremastermarket] [    Test worker] o.s.b.f.s.DefaultListableBeanFactory     : Creating shared instance of singleton bean 'org.springframework.boot.autoconfigure.aop.AopAutoConfiguration'
2024-08-01T09:27:35.424-03:00 DEBUG 10971 --- [coremastermarket] [    Test worker] o.s.b.f.s.DefaultListableBeanFactory     : Creating shared instance of singleton bean 'org.springframework.boot.autoconfigure.availability.ApplicationAvailabilityAutoConfiguration'
2024-08-01T09:27:35.424-03:00 DEBUG 10971 --- [coremastermarket] [    Test worker] o.s.b.f.s.DefaultListableBeanFactory     : Creating shared instance of singleton bean 'applicationAvailability'
2024-08-01T09:27:35.425-03:00 DEBUG 10971 --- [coremastermarket] [    Test worker] o.s.b.f.s.DefaultListableBeanFactory     : Creating shared instance of singleton bean 'org.springframework.boot.autoconfigure.context.ConfigurationPropertiesAutoConfiguration'
2024-08-01T09:27:35.425-03:00 DEBUG 10971 --- [coremastermarket] [    Test worker] o.s.b.f.s.DefaultListableBeanFactory     : Creating shared instance of singleton bean 'org.springframework.boot.autoconfigure.context.LifecycleAutoConfiguration'
2024-08-01T09:27:35.425-03:00 DEBUG 10971 --- [coremastermarket] [    Test worker] o.s.b.f.s.DefaultListableBeanFactory     : Creating shared instance of singleton bean 'lifecycleProcessor'
2024-08-01T09:27:35.425-03:00 DEBUG 10971 --- [coremastermarket] [    Test worker] o.s.b.f.s.DefaultListableBeanFactory     : Creating shared instance of singleton bean 'spring.lifecycle-org.springframework.boot.autoconfigure.context.LifecycleProperties'
2024-08-01T09:27:35.426-03:00 DEBUG 10971 --- [coremastermarket] [    Test worker] o.s.b.f.s.DefaultListableBeanFactory     : Autowiring by type from bean name 'lifecycleProcessor' via factory method to bean named 'spring.lifecycle-org.springframework.boot.autoconfigure.context.LifecycleProperties'
2024-08-01T09:27:35.427-03:00 DEBUG 10971 --- [coremastermarket] [    Test worker] o.s.b.f.s.DefaultListableBeanFactory     : Creating shared instance of singleton bean 'org.springframework.boot.autoconfigure.dao.PersistenceExceptionTranslationAutoConfiguration'
2024-08-01T09:27:35.427-03:00 DEBUG 10971 --- [coremastermarket] [    Test worker] o.s.b.f.s.DefaultListableBeanFactory     : Creating shared instance of singleton bean 'org.springframework.boot.autoconfigure.jdbc.DataSourceTransactionManagerAutoConfiguration$JdbcTransactionManagerConfiguration'
2024-08-01T09:27:35.427-03:00 DEBUG 10971 --- [coremastermarket] [    Test worker] o.s.b.f.s.DefaultListableBeanFactory     : Creating shared instance of singleton bean 'org.springframework.boot.autoconfigure.jdbc.DataSourceTransactionManagerAutoConfiguration'
2024-08-01T09:27:35.428-03:00 DEBUG 10971 --- [coremastermarket] [    Test worker] o.s.b.f.s.DefaultListableBeanFactory     : Creating shared instance of singleton bean 'org.springframework.boot.autoconfigure.data.jdbc.JdbcRepositoriesAutoConfiguration$SpringBootJdbcConfiguration'
2024-08-01T09:27:35.428-03:00 DEBUG 10971 --- [coremastermarket] [    Test worker] o.s.b.f.s.DefaultListableBeanFactory     : Creating shared instance of singleton bean 'spring.data.jdbc-org.springframework.boot.autoconfigure.data.jdbc.JdbcDataProperties'
2024-08-01T09:27:35.428-03:00 DEBUG 10971 --- [coremastermarket] [    Test worker] o.s.b.f.s.DefaultListableBeanFactory     : Autowiring by type from bean name 'org.springframework.boot.autoconfigure.data.jdbc.JdbcRepositoriesAutoConfiguration$SpringBootJdbcConfiguration' via constructor to bean named 'org.springframework.boot.web.servlet.context.AnnotationConfigServletWebServerApplicationContext@6c3d3d83'
2024-08-01T09:27:35.428-03:00 DEBUG 10971 --- [coremastermarket] [    Test worker] o.s.b.f.s.DefaultListableBeanFactory     : Autowiring by type from bean name 'org.springframework.boot.autoconfigure.data.jdbc.JdbcRepositoriesAutoConfiguration$SpringBootJdbcConfiguration' via constructor to bean named 'spring.data.jdbc-org.springframework.boot.autoconfigure.data.jdbc.JdbcDataProperties'
2024-08-01T09:27:35.429-03:00 DEBUG 10971 --- [coremastermarket] [    Test worker] o.s.b.f.s.DefaultListableBeanFactory     : Creating shared instance of singleton bean 'jdbcManagedTypes'
2024-08-01T09:27:35.435-03:00 DEBUG 10971 --- [coremastermarket] [    Test worker] o.s.b.f.s.DefaultListableBeanFactory     : Creating shared instance of singleton bean 'jdbcMappingContext'
2024-08-01T09:27:35.436-03:00 DEBUG 10971 --- [coremastermarket] [    Test worker] o.s.b.f.s.DefaultListableBeanFactory     : Creating shared instance of singleton bean 'jdbcCustomConversions'
2024-08-01T09:27:35.436-03:00 DEBUG 10971 --- [coremastermarket] [    Test worker] o.s.b.f.s.DefaultListableBeanFactory     : Creating shared instance of singleton bean 'jdbcDialect'
2024-08-01T09:27:35.436-03:00 DEBUG 10971 --- [coremastermarket] [    Test worker] o.s.b.f.s.DefaultListableBeanFactory     : Autowiring by type from bean name 'jdbcDialect' via factory method to bean named 'namedParameterJdbcTemplate'
2024-08-01T09:27:35.436-03:00 DEBUG 10971 --- [coremastermarket] [    Test worker] o.s.jdbc.datasource.DataSourceUtils      : Fetching JDBC Connection from DataSource
2024-08-01T09:27:35.439-03:00 DEBUG 10971 --- [coremastermarket] [    Test worker] o.s.data.convert.CustomConversions       : Adding converter from class java.sql.Timestamp to class java.time.OffsetDateTime as reading converter
2024-08-01T09:27:35.439-03:00 DEBUG 10971 --- [coremastermarket] [    Test worker] o.s.data.convert.CustomConversions       : Adding converter from class java.sql.Timestamp to class java.time.LocalDateTime as reading converter
2024-08-01T09:27:35.439-03:00 DEBUG 10971 --- [coremastermarket] [    Test worker] o.s.data.convert.CustomConversions       : Adding converter from class java.sql.Timestamp to class java.time.LocalDate as reading converter
2024-08-01T09:27:35.439-03:00 DEBUG 10971 --- [coremastermarket] [    Test worker] o.s.data.convert.CustomConversions       : Adding converter from class java.time.LocalDate to class java.sql.Timestamp as writing converter
2024-08-01T09:27:35.439-03:00 DEBUG 10971 --- [coremastermarket] [    Test worker] o.s.data.convert.CustomConversions       : Adding converter from class java.sql.Timestamp to class java.time.LocalTime as reading converter
2024-08-01T09:27:35.439-03:00 DEBUG 10971 --- [coremastermarket] [    Test worker] o.s.data.convert.CustomConversions       : Adding converter from class java.time.LocalTime to class java.sql.Timestamp as writing converter
2024-08-01T09:27:35.439-03:00 DEBUG 10971 --- [coremastermarket] [    Test worker] o.s.data.convert.CustomConversions       : Adding converter from class java.sql.Timestamp to class java.time.Instant as reading converter
2024-08-01T09:27:35.439-03:00 DEBUG 10971 --- [coremastermarket] [    Test worker] o.s.data.convert.CustomConversions       : Adding converter from class java.time.Instant to class java.sql.Timestamp as writing converter
2024-08-01T09:27:35.439-03:00 DEBUG 10971 --- [coremastermarket] [    Test worker] o.s.data.convert.CustomConversions       : Adding converter from class java.util.Date to class java.time.LocalDateTime as reading converter
2024-08-01T09:27:35.439-03:00 DEBUG 10971 --- [coremastermarket] [    Test worker] o.s.data.convert.CustomConversions       : Adding converter from class java.time.LocalDateTime to class java.util.Date as writing converter
2024-08-01T09:27:35.439-03:00 DEBUG 10971 --- [coremastermarket] [    Test worker] o.s.data.convert.CustomConversions       : Adding converter from class java.util.Date to class java.time.LocalDate as reading converter
2024-08-01T09:27:35.439-03:00 DEBUG 10971 --- [coremastermarket] [    Test worker] o.s.data.convert.CustomConversions       : Adding converter from class java.time.LocalDate to class java.util.Date as writing converter
2024-08-01T09:27:35.439-03:00 DEBUG 10971 --- [coremastermarket] [    Test worker] o.s.data.convert.CustomConversions       : Adding converter from class java.util.Date to class java.time.LocalTime as reading converter
2024-08-01T09:27:35.439-03:00 DEBUG 10971 --- [coremastermarket] [    Test worker] o.s.data.convert.CustomConversions       : Adding converter from class java.time.LocalTime to class java.util.Date as writing converter
2024-08-01T09:27:35.439-03:00 DEBUG 10971 --- [coremastermarket] [    Test worker] o.s.data.convert.CustomConversions       : Adding converter from class java.util.Date to class java.time.Instant as reading converter
2024-08-01T09:27:35.439-03:00 DEBUG 10971 --- [coremastermarket] [    Test worker] o.s.data.convert.CustomConversions       : Adding converter from class java.time.Instant to class java.util.Date as writing converter
2024-08-01T09:27:35.439-03:00 DEBUG 10971 --- [coremastermarket] [    Test worker] o.s.data.convert.CustomConversions       : Adding converter from class java.time.LocalDateTime to class java.time.Instant as reading converter
2024-08-01T09:27:35.439-03:00 DEBUG 10971 --- [coremastermarket] [    Test worker] o.s.data.convert.CustomConversions       : Adding converter from class java.time.Instant to class java.time.LocalDateTime as reading converter
2024-08-01T09:27:35.439-03:00 DEBUG 10971 --- [coremastermarket] [    Test worker] o.s.data.convert.CustomConversions       : Adding converter from class java.time.ZoneId to class java.lang.String as writing converter
2024-08-01T09:27:35.439-03:00 DEBUG 10971 --- [coremastermarket] [    Test worker] o.s.data.convert.CustomConversions       : Adding converter from class java.lang.String to class java.time.ZoneId as reading converter
2024-08-01T09:27:35.439-03:00 DEBUG 10971 --- [coremastermarket] [    Test worker] o.s.data.convert.CustomConversions       : Adding converter from class java.time.Duration to class java.lang.String as writing converter
2024-08-01T09:27:35.439-03:00 DEBUG 10971 --- [coremastermarket] [    Test worker] o.s.data.convert.CustomConversions       : Adding converter from class java.lang.String to class java.time.Duration as reading converter
2024-08-01T09:27:35.439-03:00 DEBUG 10971 --- [coremastermarket] [    Test worker] o.s.data.convert.CustomConversions       : Adding converter from class java.time.Period to class java.lang.String as writing converter
2024-08-01T09:27:35.439-03:00 DEBUG 10971 --- [coremastermarket] [    Test worker] o.s.data.convert.CustomConversions       : Adding converter from class java.lang.String to class java.time.Period as reading converter
2024-08-01T09:27:35.439-03:00 DEBUG 10971 --- [coremastermarket] [    Test worker] o.s.data.convert.CustomConversions       : Adding converter from class java.lang.String to class java.time.LocalDate as reading converter
2024-08-01T09:27:35.439-03:00 DEBUG 10971 --- [coremastermarket] [    Test worker] o.s.data.convert.CustomConversions       : Adding converter from class java.lang.String to class java.time.LocalDateTime as reading converter
2024-08-01T09:27:35.439-03:00 DEBUG 10971 --- [coremastermarket] [    Test worker] o.s.data.convert.CustomConversions       : Adding converter from class java.lang.String to class java.time.Instant as reading converter
2024-08-01T09:27:35.440-03:00 DEBUG 10971 --- [coremastermarket] [    Test worker] o.s.b.f.s.DefaultListableBeanFactory     : Autowiring by type from bean name 'jdbcMappingContext' via factory method to bean named 'jdbcCustomConversions'
2024-08-01T09:27:35.440-03:00 DEBUG 10971 --- [coremastermarket] [    Test worker] o.s.b.f.s.DefaultListableBeanFactory     : Autowiring by type from bean name 'jdbcMappingContext' via factory method to bean named 'jdbcManagedTypes'
2024-08-01T09:27:35.445-03:00 DEBUG 10971 --- [coremastermarket] [    Test worker] o.s.b.f.s.DefaultListableBeanFactory     : Creating shared instance of singleton bean 'jdbcConverter'
2024-08-01T09:27:35.445-03:00 DEBUG 10971 --- [coremastermarket] [    Test worker] o.s.b.f.s.DefaultListableBeanFactory     : Autowiring by type from bean name 'jdbcConverter' via factory method to bean named 'jdbcMappingContext'
2024-08-01T09:27:35.445-03:00 DEBUG 10971 --- [coremastermarket] [    Test worker] o.s.b.f.s.DefaultListableBeanFactory     : Autowiring by type from bean name 'jdbcConverter' via factory method to bean named 'namedParameterJdbcTemplate'
2024-08-01T09:27:35.445-03:00 DEBUG 10971 --- [coremastermarket] [    Test worker] o.s.b.f.s.DefaultListableBeanFactory     : Autowiring by type from bean name 'jdbcConverter' via factory method to bean named 'jdbcCustomConversions'
2024-08-01T09:27:35.445-03:00 DEBUG 10971 --- [coremastermarket] [    Test worker] o.s.b.f.s.DefaultListableBeanFactory     : Autowiring by type from bean name 'jdbcConverter' via factory method to bean named 'jdbcDialect'
2024-08-01T09:27:35.449-03:00 DEBUG 10971 --- [coremastermarket] [    Test worker] o.s.b.f.s.DefaultListableBeanFactory     : Creating shared instance of singleton bean 'jdbcAggregateTemplate'
2024-08-01T09:27:35.450-03:00 DEBUG 10971 --- [coremastermarket] [    Test worker] o.s.b.f.s.DefaultListableBeanFactory     : Creating shared instance of singleton bean 'dataAccessStrategyBean'
2024-08-01T09:27:35.450-03:00 DEBUG 10971 --- [coremastermarket] [    Test worker] o.s.b.f.s.DefaultListableBeanFactory     : Autowiring by type from bean name 'dataAccessStrategyBean' via factory method to bean named 'namedParameterJdbcTemplate'
2024-08-01T09:27:35.450-03:00 DEBUG 10971 --- [coremastermarket] [    Test worker] o.s.b.f.s.DefaultListableBeanFactory     : Autowiring by type from bean name 'dataAccessStrategyBean' via factory method to bean named 'jdbcConverter'
2024-08-01T09:27:35.450-03:00 DEBUG 10971 --- [coremastermarket] [    Test worker] o.s.b.f.s.DefaultListableBeanFactory     : Autowiring by type from bean name 'dataAccessStrategyBean' via factory method to bean named 'jdbcMappingContext'
2024-08-01T09:27:35.450-03:00 DEBUG 10971 --- [coremastermarket] [    Test worker] o.s.b.f.s.DefaultListableBeanFactory     : Autowiring by type from bean name 'dataAccessStrategyBean' via factory method to bean named 'jdbcDialect'
2024-08-01T09:27:35.454-03:00 DEBUG 10971 --- [coremastermarket] [    Test worker] o.s.b.f.s.DefaultListableBeanFactory     : Autowiring by type from bean name 'jdbcAggregateTemplate' via factory method to bean named 'org.springframework.boot.web.servlet.context.AnnotationConfigServletWebServerApplicationContext@6c3d3d83'
2024-08-01T09:27:35.454-03:00 DEBUG 10971 --- [coremastermarket] [    Test worker] o.s.b.f.s.DefaultListableBeanFactory     : Autowiring by type from bean name 'jdbcAggregateTemplate' via factory method to bean named 'jdbcMappingContext'
2024-08-01T09:27:35.454-03:00 DEBUG 10971 --- [coremastermarket] [    Test worker] o.s.b.f.s.DefaultListableBeanFactory     : Autowiring by type from bean name 'jdbcAggregateTemplate' via factory method to bean named 'jdbcConverter'
2024-08-01T09:27:35.454-03:00 DEBUG 10971 --- [coremastermarket] [    Test worker] o.s.b.f.s.DefaultListableBeanFactory     : Autowiring by type from bean name 'jdbcAggregateTemplate' via factory method to bean named 'dataAccessStrategyBean'
2024-08-01T09:27:35.458-03:00 DEBUG 10971 --- [coremastermarket] [    Test worker] o.s.b.f.s.DefaultListableBeanFactory     : Creating shared instance of singleton bean 'org.springframework.boot.autoconfigure.data.jdbc.JdbcRepositoriesAutoConfiguration$JdbcRepositoriesConfiguration'
2024-08-01T09:27:35.458-03:00 DEBUG 10971 --- [coremastermarket] [    Test worker] o.s.b.f.s.DefaultListableBeanFactory     : Creating shared instance of singleton bean 'data-jdbc.repository-aot-processor#0'
2024-08-01T09:27:35.459-03:00 DEBUG 10971 --- [coremastermarket] [    Test worker] o.s.b.f.s.DefaultListableBeanFactory     : Creating shared instance of singleton bean 'org.springframework.boot.autoconfigure.data.jdbc.JdbcRepositoriesAutoConfiguration'
2024-08-01T09:27:35.459-03:00 DEBUG 10971 --- [coremastermarket] [    Test worker] o.s.b.f.s.DefaultListableBeanFactory     : Creating shared instance of singleton bean 'org.springframework.data.web.config.ProjectingArgumentResolverRegistrar'
2024-08-01T09:27:35.459-03:00 DEBUG 10971 --- [coremastermarket] [    Test worker] o.s.b.f.s.DefaultListableBeanFactory     : Creating shared instance of singleton bean 'offsetResolver'
2024-08-01T09:27:35.460-03:00 DEBUG 10971 --- [coremastermarket] [    Test worker] o.s.b.f.s.DefaultListableBeanFactory     : Creating shared instance of singleton bean 'org.springframework.boot.autoconfigure.info.ProjectInfoAutoConfiguration'
2024-08-01T09:27:35.460-03:00 DEBUG 10971 --- [coremastermarket] [    Test worker] o.s.b.f.s.DefaultListableBeanFactory     : Creating shared instance of singleton bean 'spring.info-org.springframework.boot.autoconfigure.info.ProjectInfoProperties'
2024-08-01T09:27:35.461-03:00 DEBUG 10971 --- [coremastermarket] [    Test worker] o.s.b.f.s.DefaultListableBeanFactory     : Autowiring by type from bean name 'org.springframework.boot.autoconfigure.info.ProjectInfoAutoConfiguration' via constructor to bean named 'spring.info-org.springframework.boot.autoconfigure.info.ProjectInfoProperties'
2024-08-01T09:27:35.462-03:00 DEBUG 10971 --- [coremastermarket] [    Test worker] o.s.b.f.s.DefaultListableBeanFactory     : Creating shared instance of singleton bean 'org.springframework.boot.autoconfigure.netty.NettyAutoConfiguration'
2024-08-01T09:27:35.462-03:00 DEBUG 10971 --- [coremastermarket] [    Test worker] o.s.b.f.s.DefaultListableBeanFactory     : Creating shared instance of singleton bean 'spring.netty-org.springframework.boot.autoconfigure.netty.NettyProperties'
2024-08-01T09:27:35.462-03:00 DEBUG 10971 --- [coremastermarket] [    Test worker] o.s.b.f.s.DefaultListableBeanFactory     : Autowiring by type from bean name 'org.springframework.boot.autoconfigure.netty.NettyAutoConfiguration' via constructor to bean named 'spring.netty-org.springframework.boot.autoconfigure.netty.NettyProperties'
2024-08-01T09:27:35.463-03:00 DEBUG 10971 --- [coremastermarket] [    Test worker] o.s.b.f.s.DefaultListableBeanFactory     : Creating shared instance of singleton bean 'org.springframework.boot.autoconfigure.reactor.ReactorAutoConfiguration'
2024-08-01T09:27:35.463-03:00 DEBUG 10971 --- [coremastermarket] [    Test worker] o.s.b.f.s.DefaultListableBeanFactory     : Creating shared instance of singleton bean 'spring.reactor-org.springframework.boot.autoconfigure.reactor.ReactorProperties'
2024-08-01T09:27:35.463-03:00 DEBUG 10971 --- [coremastermarket] [    Test worker] o.s.b.f.s.DefaultListableBeanFactory     : Autowiring by type from bean name 'org.springframework.boot.autoconfigure.reactor.ReactorAutoConfiguration' via constructor to bean named 'spring.reactor-org.springframework.boot.autoconfigure.reactor.ReactorProperties'
2024-08-01T09:27:35.463-03:00 DEBUG 10971 --- [coremastermarket] [    Test worker] o.s.b.f.s.DefaultListableBeanFactory     : Creating shared instance of singleton bean 'org.springframework.boot.autoconfigure.security.oauth2.client.servlet.OAuth2ClientAutoConfiguration'
2024-08-01T09:27:35.464-03:00 DEBUG 10971 --- [coremastermarket] [    Test worker] o.s.b.f.s.DefaultListableBeanFactory     : Creating shared instance of singleton bean 'org.springframework.boot.autoconfigure.security.oauth2.resource.servlet.OAuth2ResourceServerJwtConfiguration$JwtDecoderConfiguration'
2024-08-01T09:27:35.464-03:00 DEBUG 10971 --- [coremastermarket] [    Test worker] o.s.b.f.s.DefaultListableBeanFactory     : Creating shared instance of singleton bean 'spring.security.oauth2.resourceserver-org.springframework.boot.autoconfigure.security.oauth2.resource.OAuth2ResourceServerProperties'
2024-08-01T09:27:35.467-03:00 DEBUG 10971 --- [coremastermarket] [    Test worker] o.s.b.f.s.DefaultListableBeanFactory     : Autowiring by type from bean name 'org.springframework.boot.autoconfigure.security.oauth2.resource.servlet.OAuth2ResourceServerJwtConfiguration$JwtDecoderConfiguration' via constructor to bean named 'spring.security.oauth2.resourceserver-org.springframework.boot.autoconfigure.security.oauth2.resource.OAuth2ResourceServerProperties'
2024-08-01T09:27:35.468-03:00 DEBUG 10971 --- [coremastermarket] [    Test worker] o.s.b.f.s.DefaultListableBeanFactory     : Creating shared instance of singleton bean 'org.springframework.boot.autoconfigure.security.oauth2.resource.servlet.Oauth2ResourceServerConfiguration$JwtConfiguration'
2024-08-01T09:27:35.468-03:00 DEBUG 10971 --- [coremastermarket] [    Test worker] o.s.b.f.s.DefaultListableBeanFactory     : Creating shared instance of singleton bean 'org.springframework.boot.autoconfigure.security.oauth2.resource.servlet.OAuth2ResourceServerOpaqueTokenConfiguration$OpaqueTokenIntrospectionClientConfiguration'
2024-08-01T09:27:35.468-03:00 DEBUG 10971 --- [coremastermarket] [    Test worker] o.s.b.f.s.DefaultListableBeanFactory     : Creating shared instance of singleton bean 'org.springframework.boot.autoconfigure.security.oauth2.resource.servlet.Oauth2ResourceServerConfiguration$OpaqueTokenConfiguration'
2024-08-01T09:27:35.469-03:00 DEBUG 10971 --- [coremastermarket] [    Test worker] o.s.b.f.s.DefaultListableBeanFactory     : Creating shared instance of singleton bean 'org.springframework.boot.autoconfigure.security.oauth2.resource.servlet.OAuth2ResourceServerAutoConfiguration'
2024-08-01T09:27:35.469-03:00 DEBUG 10971 --- [coremastermarket] [    Test worker] o.s.b.f.s.DefaultListableBeanFactory     : Creating shared instance of singleton bean 'org.springframework.boot.autoconfigure.security.reactive.ReactiveSecurityAutoConfiguration'
2024-08-01T09:27:35.469-03:00 DEBUG 10971 --- [coremastermarket] [    Test worker] o.s.b.f.s.DefaultListableBeanFactory     : Creating shared instance of singleton bean 'org.springframework.boot.autoconfigure.sql.init.SqlInitializationAutoConfiguration'
2024-08-01T09:27:35.469-03:00 DEBUG 10971 --- [coremastermarket] [    Test worker] o.s.b.f.s.DefaultListableBeanFactory     : Creating shared instance of singleton bean 'org.springframework.boot.autoconfigure.task.TaskSchedulingConfigurations$ThreadPoolTaskSchedulerBuilderConfiguration'
2024-08-01T09:27:35.469-03:00 DEBUG 10971 --- [coremastermarket] [    Test worker] o.s.b.f.s.DefaultListableBeanFactory     : Creating shared instance of singleton bean 'threadPoolTaskSchedulerBuilder'
2024-08-01T09:27:35.469-03:00 DEBUG 10971 --- [coremastermarket] [    Test worker] o.s.b.f.s.DefaultListableBeanFactory     : Creating shared instance of singleton bean 'spring.task.scheduling-org.springframework.boot.autoconfigure.task.TaskSchedulingProperties'
2024-08-01T09:27:35.471-03:00 DEBUG 10971 --- [coremastermarket] [    Test worker] o.s.b.f.s.DefaultListableBeanFactory     : Autowiring by type from bean name 'threadPoolTaskSchedulerBuilder' via factory method to bean named 'spring.task.scheduling-org.springframework.boot.autoconfigure.task.TaskSchedulingProperties'
2024-08-01T09:27:35.471-03:00 DEBUG 10971 --- [coremastermarket] [    Test worker] o.s.b.f.s.DefaultListableBeanFactory     : Creating shared instance of singleton bean 'org.springframework.boot.autoconfigure.task.TaskSchedulingConfigurations$TaskSchedulerBuilderConfiguration'
2024-08-01T09:27:35.472-03:00 DEBUG 10971 --- [coremastermarket] [    Test worker] o.s.b.f.s.DefaultListableBeanFactory     : Creating shared instance of singleton bean 'taskSchedulerBuilder'
2024-08-01T09:27:35.472-03:00 DEBUG 10971 --- [coremastermarket] [    Test worker] o.s.b.f.s.DefaultListableBeanFactory     : Autowiring by type from bean name 'taskSchedulerBuilder' via factory method to bean named 'spring.task.scheduling-org.springframework.boot.autoconfigure.task.TaskSchedulingProperties'
2024-08-01T09:27:35.472-03:00 DEBUG 10971 --- [coremastermarket] [    Test worker] o.s.b.f.s.DefaultListableBeanFactory     : Creating shared instance of singleton bean 'org.springframework.boot.autoconfigure.task.TaskSchedulingConfigurations$SimpleAsyncTaskSchedulerBuilderConfiguration'
2024-08-01T09:27:35.472-03:00 DEBUG 10971 --- [coremastermarket] [    Test worker] o.s.b.f.s.DefaultListableBeanFactory     : Autowiring by type from bean name 'org.springframework.boot.autoconfigure.task.TaskSchedulingConfigurations$SimpleAsyncTaskSchedulerBuilderConfiguration' via constructor to bean named 'spring.task.scheduling-org.springframework.boot.autoconfigure.task.TaskSchedulingProperties'
2024-08-01T09:27:35.472-03:00 DEBUG 10971 --- [coremastermarket] [    Test worker] o.s.b.f.s.DefaultListableBeanFactory     : Creating shared instance of singleton bean 'simpleAsyncTaskSchedulerBuilder'
2024-08-01T09:27:35.473-03:00 DEBUG 10971 --- [coremastermarket] [    Test worker] o.s.b.f.s.DefaultListableBeanFactory     : Creating shared instance of singleton bean 'org.springframework.boot.autoconfigure.task.TaskSchedulingAutoConfiguration'
2024-08-01T09:27:35.473-03:00 DEBUG 10971 --- [coremastermarket] [    Test worker] o.s.b.f.s.DefaultListableBeanFactory     : Creating shared instance of singleton bean 'org.springframework.boot.autoconfigure.thymeleaf.ThymeleafAutoConfiguration$ThymeleafWebMvcConfiguration'
2024-08-01T09:27:35.473-03:00 DEBUG 10971 --- [coremastermarket] [    Test worker] o.s.b.f.s.DefaultListableBeanFactory     : Creating shared instance of singleton bean 'org.springframework.boot.autoconfigure.thymeleaf.ThymeleafAutoConfiguration'
2024-08-01T09:27:35.473-03:00 DEBUG 10971 --- [coremastermarket] [    Test worker] o.s.b.f.s.DefaultListableBeanFactory     : Creating shared instance of singleton bean 'org.springframework.boot.autoconfigure.transaction.TransactionAutoConfiguration$EnableTransactionManagementConfiguration$CglibAutoProxyConfiguration'
2024-08-01T09:27:35.473-03:00 DEBUG 10971 --- [coremastermarket] [    Test worker] o.s.b.f.s.DefaultListableBeanFactory     : Creating shared instance of singleton bean 'org.springframework.boot.autoconfigure.transaction.TransactionAutoConfiguration$EnableTransactionManagementConfiguration'
2024-08-01T09:27:35.473-03:00 DEBUG 10971 --- [coremastermarket] [    Test worker] o.s.b.f.s.DefaultListableBeanFactory     : Creating shared instance of singleton bean 'org.springframework.boot.autoconfigure.transaction.TransactionAutoConfiguration$TransactionTemplateConfiguration'
2024-08-01T09:27:35.473-03:00 DEBUG 10971 --- [coremastermarket] [    Test worker] o.s.b.f.s.DefaultListableBeanFactory     : Creating shared instance of singleton bean 'transactionTemplate'
2024-08-01T09:27:35.474-03:00 DEBUG 10971 --- [coremastermarket] [    Test worker] o.s.b.f.s.DefaultListableBeanFactory     : Autowiring by type from bean name 'transactionTemplate' via factory method to bean named 'transactionManager'
2024-08-01T09:27:35.475-03:00 DEBUG 10971 --- [coremastermarket] [    Test worker] o.s.b.f.s.DefaultListableBeanFactory     : Creating shared instance of singleton bean 'org.springframework.boot.autoconfigure.transaction.TransactionAutoConfiguration'
2024-08-01T09:27:35.475-03:00 DEBUG 10971 --- [coremastermarket] [    Test worker] o.s.b.f.s.DefaultListableBeanFactory     : Creating shared instance of singleton bean 'org.springframework.boot.autoconfigure.web.client.RestTemplateAutoConfiguration'
2024-08-01T09:27:35.475-03:00 DEBUG 10971 --- [coremastermarket] [    Test worker] o.s.b.f.s.DefaultListableBeanFactory     : Creating shared instance of singleton bean 'org.springframework.boot.autoconfigure.web.embedded.EmbeddedWebServerFactoryCustomizerAutoConfiguration'
2024-08-01T09:27:35.475-03:00 DEBUG 10971 --- [coremastermarket] [    Test worker] o.s.b.f.s.DefaultListableBeanFactory     : Creating shared instance of singleton bean 'multipartResolver'
2024-08-01T09:27:35.476-03:00 DEBUG 10971 --- [coremastermarket] [    Test worker] o.s.b.f.s.DefaultListableBeanFactory     : Creating shared instance of singleton bean 'org.springframework.cloud.autoconfigure.ConfigurationPropertiesRebinderAutoConfiguration'
2024-08-01T09:27:35.476-03:00 DEBUG 10971 --- [coremastermarket] [    Test worker] o.s.b.f.s.DefaultListableBeanFactory     : Creating shared instance of singleton bean 'configurationPropertiesRebinder'
2024-08-01T09:27:35.476-03:00 DEBUG 10971 --- [coremastermarket] [    Test worker] o.s.b.f.s.DefaultListableBeanFactory     : Autowiring by type from bean name 'configurationPropertiesRebinder' via factory method to bean named 'configurationPropertiesBeans'
2024-08-01T09:27:35.477-03:00 DEBUG 10971 --- [coremastermarket] [    Test worker] o.s.b.f.s.DefaultListableBeanFactory     : Creating shared instance of singleton bean 'org.springframework.cloud.autoconfigure.LifecycleMvcEndpointAutoConfiguration'
2024-08-01T09:27:35.477-03:00 DEBUG 10971 --- [coremastermarket] [    Test worker] o.s.b.f.s.DefaultListableBeanFactory     : Creating shared instance of singleton bean 'environmentManager'
2024-08-01T09:27:35.477-03:00 DEBUG 10971 --- [coremastermarket] [    Test worker] o.s.b.f.s.DefaultListableBeanFactory     : Autowiring by type from bean name 'environmentManager' via factory method to bean named 'environment'
2024-08-01T09:27:35.477-03:00 DEBUG 10971 --- [coremastermarket] [    Test worker] o.s.b.f.s.DefaultListableBeanFactory     : Creating shared instance of singleton bean 'org.springframework.cloud.client.discovery.composite.CompositeDiscoveryClientAutoConfiguration'
2024-08-01T09:27:35.477-03:00 DEBUG 10971 --- [coremastermarket] [    Test worker] o.s.b.f.s.DefaultListableBeanFactory     : Creating shared instance of singleton bean 'compositeDiscoveryClient'
2024-08-01T09:27:35.478-03:00 DEBUG 10971 --- [coremastermarket] [    Test worker] o.s.b.f.s.DefaultListableBeanFactory     : Creating shared instance of singleton bean 'simpleDiscoveryClient'
2024-08-01T09:27:35.478-03:00 DEBUG 10971 --- [coremastermarket] [    Test worker] o.s.b.f.s.DefaultListableBeanFactory     : Creating shared instance of singleton bean 'org.springframework.cloud.client.discovery.simple.SimpleDiscoveryClientAutoConfiguration'
2024-08-01T09:27:35.478-03:00 DEBUG 10971 --- [coremastermarket] [    Test worker] o.s.b.f.s.DefaultListableBeanFactory     : Creating shared instance of singleton bean 'inetUtils'
2024-08-01T09:27:35.478-03:00 DEBUG 10971 --- [coremastermarket] [    Test worker] o.s.b.f.s.DefaultListableBeanFactory     : Creating shared instance of singleton bean 'org.springframework.cloud.commons.util.UtilAutoConfiguration'
2024-08-01T09:27:35.479-03:00 DEBUG 10971 --- [coremastermarket] [    Test worker] o.s.b.f.s.DefaultListableBeanFactory     : Creating shared instance of singleton bean 'inetUtilsProperties'
2024-08-01T09:27:35.481-03:00 DEBUG 10971 --- [coremastermarket] [    Test worker] o.s.b.f.s.DefaultListableBeanFactory     : Autowiring by type from bean name 'inetUtils' via factory method to bean named 'inetUtilsProperties'
2024-08-01T09:27:35.482-03:00 DEBUG 10971 --- [coremastermarket] [    Test worker] o.s.b.f.s.DefaultListableBeanFactory     : Creating shared instance of singleton bean 'simpleDiscoveryProperties'
2024-08-01T09:27:35.483-03:00 DEBUG 10971 --- [coremastermarket] [    Test worker] o.s.c.e.PropertySourcesPropertyResolver  : Found key 'spring.application.name' in PropertySource 'environmentProperties' with value of type String
2024-08-01T09:27:35.491-03:00 DEBUG 10971 --- [coremastermarket] [    Test worker] o.s.b.f.s.DefaultListableBeanFactory     : Autowiring by type from bean name 'simpleDiscoveryClient' via factory method to bean named 'simpleDiscoveryProperties'
2024-08-01T09:27:35.492-03:00 DEBUG 10971 --- [coremastermarket] [    Test worker] o.s.b.f.s.DefaultListableBeanFactory     : Autowiring by type from bean name 'compositeDiscoveryClient' via factory method to bean named 'simpleDiscoveryClient'
2024-08-01T09:27:35.492-03:00 DEBUG 10971 --- [coremastermarket] [    Test worker] o.s.b.f.s.DefaultListableBeanFactory     : Creating shared instance of singleton bean 'org.springframework.cloud.client.CommonsClientAutoConfiguration'
2024-08-01T09:27:35.492-03:00 DEBUG 10971 --- [coremastermarket] [    Test worker] o.s.b.f.s.DefaultListableBeanFactory     : Creating shared instance of singleton bean 'org.springframework.cloud.client.discovery.composite.reactive.ReactiveCompositeDiscoveryClientAutoConfiguration'
2024-08-01T09:27:35.493-03:00 DEBUG 10971 --- [coremastermarket] [    Test worker] o.s.b.f.s.DefaultListableBeanFactory     : Creating shared instance of singleton bean 'reactiveCompositeDiscoveryClient'
2024-08-01T09:27:35.493-03:00 DEBUG 10971 --- [coremastermarket] [    Test worker] o.s.b.f.s.DefaultListableBeanFactory     : Creating shared instance of singleton bean 'simpleReactiveDiscoveryClient'
2024-08-01T09:27:35.493-03:00 DEBUG 10971 --- [coremastermarket] [    Test worker] o.s.b.f.s.DefaultListableBeanFactory     : Creating shared instance of singleton bean 'org.springframework.cloud.client.discovery.simple.reactive.SimpleReactiveDiscoveryClientAutoConfiguration'
2024-08-01T09:27:35.493-03:00 DEBUG 10971 --- [coremastermarket] [    Test worker] o.s.c.e.PropertySourcesPropertyResolver  : Found key 'spring.application.name' in PropertySource 'environmentProperties' with value of type String
2024-08-01T09:27:35.494-03:00 DEBUG 10971 --- [coremastermarket] [    Test worker] o.s.b.f.s.DefaultListableBeanFactory     : Creating shared instance of singleton bean 'simpleReactiveDiscoveryProperties'
2024-08-01T09:27:35.498-03:00 DEBUG 10971 --- [coremastermarket] [    Test worker] o.s.b.f.s.DefaultListableBeanFactory     : Autowiring by type from bean name 'simpleReactiveDiscoveryClient' via factory method to bean named 'simpleReactiveDiscoveryProperties'
2024-08-01T09:27:35.498-03:00 DEBUG 10971 --- [coremastermarket] [    Test worker] o.s.b.f.s.DefaultListableBeanFactory     : Autowiring by type from bean name 'reactiveCompositeDiscoveryClient' via factory method to bean named 'simpleReactiveDiscoveryClient'
2024-08-01T09:27:35.499-03:00 DEBUG 10971 --- [coremastermarket] [    Test worker] o.s.b.f.s.DefaultListableBeanFactory     : Creating shared instance of singleton bean 'spring.cloud.discovery.client.health-indicator-org.springframework.cloud.client.discovery.health.DiscoveryClientHealthIndicatorProperties'
2024-08-01T09:27:35.500-03:00 DEBUG 10971 --- [coremastermarket] [    Test worker] o.s.b.f.s.DefaultListableBeanFactory     : Creating shared instance of singleton bean 'org.springframework.cloud.client.ReactiveCommonsClientAutoConfiguration'
2024-08-01T09:27:35.500-03:00 DEBUG 10971 --- [coremastermarket] [    Test worker] o.s.b.f.s.DefaultListableBeanFactory     : Creating shared instance of singleton bean 'org.springframework.cloud.client.serviceregistry.AutoServiceRegistrationConfiguration'
2024-08-01T09:27:35.500-03:00 DEBUG 10971 --- [coremastermarket] [    Test worker] o.s.b.f.s.DefaultListableBeanFactory     : Creating shared instance of singleton bean 'spring.cloud.service-registry.auto-registration-org.springframework.cloud.client.serviceregistry.AutoServiceRegistrationProperties'
2024-08-01T09:27:35.501-03:00 DEBUG 10971 --- [coremastermarket] [    Test worker] o.s.b.f.s.DefaultListableBeanFactory     : Creating shared instance of singleton bean 'org.springframework.cloud.client.serviceregistry.AutoServiceRegistrationAutoConfiguration'
2024-08-01T09:27:35.502-03:00 DEBUG 10971 --- [coremastermarket] [    Test worker] o.s.b.f.s.DefaultListableBeanFactory     : Creating shared instance of singleton bean 'org.springframework.cloud.client.serviceregistry.ServiceRegistryAutoConfiguration'
2024-08-01T09:27:35.502-03:00 DEBUG 10971 --- [coremastermarket] [    Test worker] o.s.b.f.s.DefaultListableBeanFactory     : Creating shared instance of singleton bean 'org.springframework.cloud.commons.security.ResourceServerTokenRelayAutoConfiguration'
2024-08-01T09:27:35.502-03:00 DEBUG 10971 --- [coremastermarket] [    Test worker] o.s.b.f.s.DefaultListableBeanFactory     : Creating shared instance of singleton bean 'org.springframework.cloud.configuration.CompatibilityVerifierAutoConfiguration'
2024-08-01T09:27:35.503-03:00 DEBUG 10971 --- [coremastermarket] [    Test worker] o.s.b.f.s.DefaultListableBeanFactory     : Creating shared instance of singleton bean 'compositeCompatibilityVerifier'
2024-08-01T09:27:35.503-03:00 DEBUG 10971 --- [coremastermarket] [    Test worker] o.s.b.f.s.DefaultListableBeanFactory     : Creating shared instance of singleton bean 'springBootVersionVerifier'
2024-08-01T09:27:35.503-03:00 DEBUG 10971 --- [coremastermarket] [    Test worker] o.s.b.f.s.DefaultListableBeanFactory     : Creating shared instance of singleton bean 'spring.cloud.compatibility-verifier-org.springframework.cloud.configuration.CompatibilityVerifierProperties'
2024-08-01T09:27:35.504-03:00 DEBUG 10971 --- [coremastermarket] [    Test worker] o.s.b.f.s.DefaultListableBeanFactory     : Autowiring by type from bean name 'springBootVersionVerifier' via factory method to bean named 'spring.cloud.compatibility-verifier-org.springframework.cloud.configuration.CompatibilityVerifierProperties'
2024-08-01T09:27:35.504-03:00 DEBUG 10971 --- [coremastermarket] [    Test worker] o.s.b.f.s.DefaultListableBeanFactory     : Creating shared instance of singleton bean 'sleuthPresentVerifier'
2024-08-01T09:27:35.505-03:00 DEBUG 10971 --- [coremastermarket] [    Test worker] o.s.b.f.s.DefaultListableBeanFactory     : Autowiring by type from bean name 'compositeCompatibilityVerifier' via factory method to bean named 'springBootVersionVerifier'
2024-08-01T09:27:35.505-03:00 DEBUG 10971 --- [coremastermarket] [    Test worker] o.s.b.f.s.DefaultListableBeanFactory     : Autowiring by type from bean name 'compositeCompatibilityVerifier' via factory method to bean named 'sleuthPresentVerifier'
2024-08-01T09:27:35.505-03:00 DEBUG 10971 --- [coremastermarket] [    Test worker] o.s.c.c.SpringBootVersionVerifier        : Version found in Boot manifest [3.3.2]
2024-08-01T09:27:35.505-03:00 DEBUG 10971 --- [coremastermarket] [    Test worker] o.s.c.c.SpringBootVersionVerifier        : Version found in Boot manifest [3.3.2]
2024-08-01T09:27:35.505-03:00 DEBUG 10971 --- [coremastermarket] [    Test worker] o.s.c.c.CompositeCompatibilityVerifier   : All conditions are passing
2024-08-01T09:27:35.505-03:00 DEBUG 10971 --- [coremastermarket] [    Test worker] o.s.b.f.s.DefaultListableBeanFactory     : Creating shared instance of singleton bean 'org.springframework.cloud.function.cloudevent.CloudEventsFunctionExtensionConfiguration'
2024-08-01T09:27:35.505-03:00 DEBUG 10971 --- [coremastermarket] [    Test worker] o.s.b.f.s.DefaultListableBeanFactory     : Creating shared instance of singleton bean 'nativeFunctionInvocationHelper'
2024-08-01T09:27:35.507-03:00 DEBUG 10971 --- [coremastermarket] [    Test worker] o.s.b.f.s.DefaultListableBeanFactory     : Creating shared instance of singleton bean 'org.springframework.cloud.function.context.config.ContextFunctionCatalogAutoConfiguration$JsonMapperConfiguration'
2024-08-01T09:27:35.507-03:00 DEBUG 10971 --- [coremastermarket] [    Test worker] o.s.b.f.s.DefaultListableBeanFactory     : Creating shared instance of singleton bean 'jsonMapper'
2024-08-01T09:27:35.507-03:00 DEBUG 10971 --- [coremastermarket] [    Test worker] o.s.b.f.s.DefaultListableBeanFactory     : Autowiring by type from bean name 'jsonMapper' via factory method to bean named 'org.springframework.boot.web.servlet.context.AnnotationConfigServletWebServerApplicationContext@6c3d3d83'
2024-08-01T09:27:35.507-03:00 DEBUG 10971 --- [coremastermarket] [    Test worker] o.s.b.f.s.DefaultListableBeanFactory     : Creating shared instance of singleton bean 'org.springframework.cloud.function.context.config.ContextFunctionCatalogAutoConfiguration$PlainFunctionScanConfiguration'
2024-08-01T09:27:35.508-03:00 DEBUG 10971 --- [coremastermarket] [    Test worker] o.s.b.f.s.DefaultListableBeanFactory     : Creating shared instance of singleton bean 'org.springframework.cloud.function.context.config.ContextFunctionCatalogAutoConfiguration'
2024-08-01T09:27:35.508-03:00 DEBUG 10971 --- [coremastermarket] [    Test worker] o.s.b.f.s.DefaultListableBeanFactory     : Creating shared instance of singleton bean 'functionCatalog'
2024-08-01T09:27:35.508-03:00 DEBUG 10971 --- [coremastermarket] [    Test worker] o.s.b.f.s.DefaultListableBeanFactory     : Autowiring by type from bean name 'functionCatalog' via factory method to bean named 'jsonMapper'
2024-08-01T09:27:35.509-03:00 DEBUG 10971 --- [coremastermarket] [    Test worker] o.s.b.f.s.DefaultListableBeanFactory     : Autowiring by type from bean name 'functionCatalog' via factory method to bean named 'org.springframework.boot.web.servlet.context.AnnotationConfigServletWebServerApplicationContext@6c3d3d83'
2024-08-01T09:27:35.509-03:00 DEBUG 10971 --- [coremastermarket] [    Test worker] o.s.b.f.s.DefaultListableBeanFactory     : Autowiring by type from bean name 'functionCatalog' via factory method to bean named 'nativeFunctionInvocationHelper'
2024-08-01T09:27:35.509-03:00 DEBUG 10971 --- [coremastermarket] [    Test worker] o.s.b.f.s.DefaultListableBeanFactory     : Creating shared instance of singleton bean 'spring.cloud.function-org.springframework.cloud.function.context.FunctionProperties'
2024-08-01T09:27:35.512-03:00 DEBUG 10971 --- [coremastermarket] [    Test worker] o.s.b.f.s.DefaultListableBeanFactory     : Creating shared instance of singleton bean 'functionRouter'
2024-08-01T09:27:35.513-03:00 DEBUG 10971 --- [coremastermarket] [    Test worker] o.s.b.f.s.DefaultListableBeanFactory     : Autowiring by type from bean name 'functionRouter' via factory method to bean named 'functionCatalog'
2024-08-01T09:27:35.513-03:00 DEBUG 10971 --- [coremastermarket] [    Test worker] o.s.b.f.s.DefaultListableBeanFactory     : Autowiring by type from bean name 'functionRouter' via factory method to bean named 'spring.cloud.function-org.springframework.cloud.function.context.FunctionProperties'
2024-08-01T09:27:35.513-03:00 DEBUG 10971 --- [coremastermarket] [    Test worker] o.s.b.f.s.DefaultListableBeanFactory     : Autowiring by type from bean name 'functionRouter' via factory method to bean named 'org.springframework.beans.factory.support.DefaultListableBeanFactory@423a5c9c'
2024-08-01T09:27:35.513-03:00 DEBUG 10971 --- [coremastermarket] [    Test worker] o.s.b.f.s.DefaultListableBeanFactory     : Creating shared instance of singleton bean 'org.springframework.boot.test.web.client.TestRestTemplate'
2024-08-01T09:27:35.514-03:00 DEBUG 10971 --- [coremastermarket] [    Test worker] o.s.b.f.s.DefaultListableBeanFactory     : Creating shared instance of singleton bean 'restTemplateBuilder'
2024-08-01T09:27:35.514-03:00 DEBUG 10971 --- [coremastermarket] [    Test worker] o.s.b.f.s.DefaultListableBeanFactory     : Creating shared instance of singleton bean 'restTemplateBuilderConfigurer'
2024-08-01T09:27:35.515-03:00 DEBUG 10971 --- [coremastermarket] [    Test worker] o.s.b.f.s.DefaultListableBeanFactory     : Autowiring by type from bean name 'restTemplateBuilder' via factory method to bean named 'restTemplateBuilderConfigurer'
2024-08-01T09:27:35.523-03:00 DEBUG 10971 --- [coremastermarket] [    Test worker] o.s.b.f.s.DefaultListableBeanFactory     : Creating shared instance of singleton bean 'org.springframework.test.web.reactive.server.WebTestClient'
2024-08-01T09:27:35.530-03:00 DEBUG 10971 --- [coremastermarket] [    Test worker] o.s.c.support.DefaultLifecycleProcessor  : Starting beans in phase -2147483647
2024-08-01T09:27:35.530-03:00 DEBUG 10971 --- [coremastermarket] [    Test worker] o.s.c.support.DefaultLifecycleProcessor  : Successfully started bean 'springBootLoggingLifecycle'
2024-08-01T09:27:35.530-03:00 DEBUG 10971 --- [coremastermarket] [    Test worker] o.s.c.support.DefaultLifecycleProcessor  : Starting beans in phase 0
2024-08-01T09:27:35.530-03:00 DEBUG 10971 --- [coremastermarket] [    Test worker] o.s.c.support.DefaultLifecycleProcessor  : Successfully started bean 'reactorResourceFactory'
2024-08-01T09:27:35.530-03:00 DEBUG 10971 --- [coremastermarket] [    Test worker] o.s.c.support.DefaultLifecycleProcessor  : Starting beans in phase 2147481599
2024-08-01T09:27:35.548-03:00  INFO 10971 --- [coremastermarket] [    Test worker] o.s.b.w.embedded.tomcat.TomcatWebServer  : Tomcat started on port 51315 (http) with context path '/'
2024-08-01T09:27:35.552-03:00 DEBUG 10971 --- [coremastermarket] [    Test worker] o.s.c.support.DefaultLifecycleProcessor  : Successfully started bean 'webServerStartStop'
2024-08-01T09:27:35.552-03:00 DEBUG 10971 --- [coremastermarket] [    Test worker] o.s.c.support.DefaultLifecycleProcessor  : Starting beans in phase 2147482623
2024-08-01T09:27:35.552-03:00 DEBUG 10971 --- [coremastermarket] [    Test worker] o.s.c.support.DefaultLifecycleProcessor  : Successfully started bean 'webServerGracefulShutdown'
2024-08-01T09:27:35.552-03:00 DEBUG 10971 --- [coremastermarket] [    Test worker] o.s.c.support.DefaultLifecycleProcessor  : Starting beans in phase 2147483647
2024-08-01T09:27:35.557-03:00 DEBUG 10971 --- [coremastermarket] [    Test worker] .s.b.a.l.ConditionEvaluationReportLogger : 


============================
CONDITIONS EVALUATION REPORT
============================


Positive matches:
-----------------

   AopAutoConfiguration matched:
      - @ConditionalOnProperty (spring.aop.auto=true) matched (OnPropertyCondition)

   AopAutoConfiguration.AspectJAutoProxyingConfiguration matched:
      - @ConditionalOnClass found required class 'org.aspectj.weaver.Advice' (OnClassCondition)

   AopAutoConfiguration.AspectJAutoProxyingConfiguration.CglibAutoProxyConfiguration matched:
      - @ConditionalOnProperty (spring.aop.proxy-target-class=true) matched (OnPropertyCondition)

   ApplicationAvailabilityAutoConfiguration#applicationAvailability matched:
      - @ConditionalOnMissingBean (types: org.springframework.boot.availability.ApplicationAvailability; SearchStrategy: all) did not find any beans (OnBeanCondition)

   AutoServiceRegistrationAutoConfiguration matched:
      - @ConditionalOnProperty (spring.cloud.service-registry.auto-registration.enabled) matched (OnPropertyCondition)

   AutoServiceRegistrationConfiguration matched:
      - @ConditionalOnProperty (spring.cloud.service-registry.auto-registration.enabled) matched (OnPropertyCondition)

   ChatClientAutoConfiguration matched:
      - @ConditionalOnClass found required class 'org.springframework.ai.chat.client.ChatClient' (OnClassCondition)
      - @ConditionalOnProperty (spring.ai.chat.client.enabled=true) matched (OnPropertyCondition)

   ChatClientAutoConfiguration#chatClientBuilder matched:
      - @ConditionalOnMissingBean (types: org.springframework.ai.chat.client.ChatClient$Builder; SearchStrategy: all) did not find any beans (OnBeanCondition)

   ChatClientAutoConfiguration#chatClientBuilderConfigurer matched:
      - @ConditionalOnMissingBean (types: org.springframework.ai.autoconfigure.chat.client.ChatClientBuilderConfigurer; SearchStrategy: all) did not find any beans (OnBeanCondition)

   ClientHttpConnectorAutoConfiguration matched:
      - @ConditionalOnClass found required class 'org.springframework.web.reactive.function.client.WebClient' (OnClassCondition)

   ClientHttpConnectorAutoConfiguration#webClientHttpConnector matched:
      - @ConditionalOnMissingBean (types: org.springframework.http.client.reactive.ClientHttpConnector; SearchStrategy: all) did not find any beans (OnBeanCondition)

   ClientHttpConnectorAutoConfiguration#webClientHttpConnectorCustomizer matched:
      - @ConditionalOnBean (types: org.springframework.http.client.reactive.ClientHttpConnector; SearchStrategy: all) found bean 'webClientHttpConnector' (OnBeanCondition)

   ClientHttpConnectorFactoryConfiguration.ReactorNetty matched:
      - @ConditionalOnClass found required class 'reactor.netty.http.client.HttpClient' (OnClassCondition)
      - @ConditionalOnMissingBean (types: org.springframework.boot.autoconfigure.web.reactive.function.client.ClientHttpConnectorFactory; SearchStrategy: all) did not find any beans (OnBeanCondition)

   CloudEventsFunctionExtensionConfiguration#nativeFunctionInvocationHelper matched:
      - @ConditionalOnMissingBean (types: org.springframework.cloud.function.core.FunctionInvocationHelper; SearchStrategy: all) did not find any beans (OnBeanCondition)

   CodecsAutoConfiguration matched:
      - @ConditionalOnClass found required classes 'org.springframework.http.codec.CodecConfigurer', 'org.springframework.web.reactive.function.client.WebClient' (OnClassCondition)

   CodecsAutoConfiguration.JacksonCodecConfiguration matched:
      - @ConditionalOnClass found required class 'com.fasterxml.jackson.databind.ObjectMapper' (OnClassCondition)

   CodecsAutoConfiguration.JacksonCodecConfiguration#jacksonCodecCustomizer matched:
      - @ConditionalOnBean (types: com.fasterxml.jackson.databind.ObjectMapper; SearchStrategy: all) found bean 'objectMapper' (OnBeanCondition)

   CompatibilityVerifierAutoConfiguration matched:
      - @ConditionalOnProperty (spring.cloud.compatibility-verifier.enabled) matched (OnPropertyCondition)

   ConfigurationPropertiesRebinderAutoConfiguration matched:
      - @ConditionalOnBean (types: org.springframework.boot.context.properties.ConfigurationPropertiesBindingPostProcessor; SearchStrategy: all) found bean 'org.springframework.boot.context.properties.ConfigurationPropertiesBindingPostProcessor' (OnBeanCondition)

   ConfigurationPropertiesRebinderAutoConfiguration#configurationPropertiesBeans matched:
      - @ConditionalOnMissingBean (types: org.springframework.cloud.context.properties.ConfigurationPropertiesBeans; SearchStrategy: current) did not find any beans (OnBeanCondition)

   ConfigurationPropertiesRebinderAutoConfiguration#configurationPropertiesRebinder matched:
      - @ConditionalOnMissingBean (types: org.springframework.cloud.context.properties.ConfigurationPropertiesRebinder; SearchStrategy: current) did not find any beans (OnBeanCondition)

   ContextFunctionCatalogAutoConfiguration.PlainFunctionScanConfiguration matched:
      - @ConditionalOnProperty (spring.cloud.function.scan.enabled=true) matched (OnPropertyCondition)

   DataSourceAutoConfiguration matched:
      - @ConditionalOnClass found required classes 'javax.sql.DataSource', 'org.springframework.jdbc.datasource.embedded.EmbeddedDatabaseType' (OnClassCondition)
      - @ConditionalOnMissingBean (types: io.r2dbc.spi.ConnectionFactory; SearchStrategy: all) did not find any beans (OnBeanCondition)

   DataSourceAutoConfiguration.PooledDataSourceConfiguration matched:
      - AnyNestedCondition 1 matched 1 did not; NestedCondition on DataSourceAutoConfiguration.PooledDataSourceCondition.PooledDataSourceAvailable PooledDataSource found supported DataSource; NestedCondition on DataSourceAutoConfiguration.PooledDataSourceCondition.ExplicitType @ConditionalOnProperty (spring.datasource.type) did not find property 'type' (DataSourceAutoConfiguration.PooledDataSourceCondition)
      - @ConditionalOnMissingBean (types: javax.sql.DataSource,javax.sql.XADataSource; SearchStrategy: all) did not find any beans (OnBeanCondition)

   DataSourceAutoConfiguration.PooledDataSourceConfiguration#jdbcConnectionDetails matched:
      - @ConditionalOnMissingBean (types: org.springframework.boot.autoconfigure.jdbc.JdbcConnectionDetails; SearchStrategy: all) did not find any beans (OnBeanCondition)

   DataSourceConfiguration.Hikari matched:
      - @ConditionalOnClass found required class 'com.zaxxer.hikari.HikariDataSource' (OnClassCondition)
      - @ConditionalOnProperty (spring.datasource.type=com.zaxxer.hikari.HikariDataSource) matched (OnPropertyCondition)
      - @ConditionalOnMissingBean (types: javax.sql.DataSource; SearchStrategy: all) did not find any beans (OnBeanCondition)

   DataSourceInitializationConfiguration matched:
      - @ConditionalOnClass found required class 'org.springframework.jdbc.datasource.init.DatabasePopulator' (OnClassCondition)
      - @ConditionalOnSingleCandidate (types: javax.sql.DataSource; SearchStrategy: all) found a single bean 'dataSource'; @ConditionalOnMissingBean (types: org.springframework.boot.autoconfigure.sql.init.SqlDataSourceScriptDatabaseInitializer,org.springframework.boot.autoconfigure.sql.init.SqlR2dbcScriptDatabaseInitializer; SearchStrategy: all) did not find any beans (OnBeanCondition)

   DataSourcePoolMetadataProvidersConfiguration.HikariPoolDataSourceMetadataProviderConfiguration matched:
      - @ConditionalOnClass found required class 'com.zaxxer.hikari.HikariDataSource' (OnClassCondition)

   DataSourceTransactionManagerAutoConfiguration matched:
      - @ConditionalOnClass found required classes 'javax.sql.DataSource', 'org.springframework.jdbc.core.JdbcTemplate', 'org.springframework.transaction.TransactionManager' (OnClassCondition)

   DataSourceTransactionManagerAutoConfiguration.JdbcTransactionManagerConfiguration matched:
      - @ConditionalOnSingleCandidate (types: javax.sql.DataSource; SearchStrategy: all) found a single bean 'dataSource' (OnBeanCondition)

   DispatcherServletAutoConfiguration matched:
      - @ConditionalOnClass found required class 'org.springframework.web.servlet.DispatcherServlet' (OnClassCondition)
      - found 'session' scope (OnWebApplicationCondition)

   DispatcherServletAutoConfiguration.DispatcherServletConfiguration matched:
      - @ConditionalOnClass found required class 'jakarta.servlet.ServletRegistration' (OnClassCondition)
      - Default DispatcherServlet did not find dispatcher servlet beans (DispatcherServletAutoConfiguration.DefaultDispatcherServletCondition)

   DispatcherServletAutoConfiguration.DispatcherServletRegistrationConfiguration matched:
      - @ConditionalOnClass found required class 'jakarta.servlet.ServletRegistration' (OnClassCondition)
      - DispatcherServlet Registration did not find servlet registration bean (DispatcherServletAutoConfiguration.DispatcherServletRegistrationCondition)

   DispatcherServletAutoConfiguration.DispatcherServletRegistrationConfiguration#dispatcherServletRegistration matched:
      - @ConditionalOnBean (names: dispatcherServlet types: org.springframework.web.servlet.DispatcherServlet; SearchStrategy: all) found bean 'dispatcherServlet' (OnBeanCondition)

   EmbeddedWebServerFactoryCustomizerAutoConfiguration matched:
      - @ConditionalOnWebApplication (required) found 'session' scope (OnWebApplicationCondition)
      - @ConditionalOnWarDeployment the application is not deployed as a WAR file. (OnWarDeploymentCondition)

   EmbeddedWebServerFactoryCustomizerAutoConfiguration.NettyWebServerFactoryCustomizerConfiguration matched:
      - @ConditionalOnClass found required class 'reactor.netty.http.server.HttpServer' (OnClassCondition)

   EmbeddedWebServerFactoryCustomizerAutoConfiguration.TomcatWebServerFactoryCustomizerConfiguration matched:
      - @ConditionalOnClass found required classes 'org.apache.catalina.startup.Tomcat', 'org.apache.coyote.UpgradeProtocol' (OnClassCondition)

   ErrorMvcAutoConfiguration matched:
      - @ConditionalOnClass found required classes 'jakarta.servlet.Servlet', 'org.springframework.web.servlet.DispatcherServlet' (OnClassCondition)
      - found 'session' scope (OnWebApplicationCondition)

   ErrorMvcAutoConfiguration#basicErrorController matched:
      - @ConditionalOnMissingBean (types: org.springframework.boot.web.servlet.error.ErrorController; SearchStrategy: current) did not find any beans (OnBeanCondition)

   ErrorMvcAutoConfiguration#errorAttributes matched:
      - @ConditionalOnMissingBean (types: org.springframework.boot.web.servlet.error.ErrorAttributes; SearchStrategy: current) did not find any beans (OnBeanCondition)

   ErrorMvcAutoConfiguration.DefaultErrorViewResolverConfiguration#conventionErrorViewResolver matched:
      - @ConditionalOnBean (types: org.springframework.web.servlet.DispatcherServlet; SearchStrategy: all) found bean 'dispatcherServlet'; @ConditionalOnMissingBean (types: org.springframework.boot.autoconfigure.web.servlet.error.ErrorViewResolver; SearchStrategy: all) did not find any beans (OnBeanCondition)

   ErrorMvcAutoConfiguration.WhitelabelErrorViewConfiguration matched:
      - @ConditionalOnProperty (server.error.whitelabel.enabled) matched (OnPropertyCondition)
      - ErrorTemplate Missing did not find error template view (ErrorMvcAutoConfiguration.ErrorTemplateMissingCondition)

   ErrorMvcAutoConfiguration.WhitelabelErrorViewConfiguration#beanNameViewResolver matched:
      - @ConditionalOnMissingBean (types: org.springframework.web.servlet.view.BeanNameViewResolver; SearchStrategy: all) did not find any beans (OnBeanCondition)

   ErrorMvcAutoConfiguration.WhitelabelErrorViewConfiguration#defaultErrorView matched:
      - @ConditionalOnMissingBean (names: error; SearchStrategy: all) did not find any beans (OnBeanCondition)

   GenericCacheConfiguration matched:
      - Cache org.springframework.boot.autoconfigure.cache.GenericCacheConfiguration automatic cache type (CacheCondition)

   GsonAutoConfiguration matched:
      - @ConditionalOnClass found required class 'com.google.gson.Gson' (OnClassCondition)

   GsonAutoConfiguration#gson matched:
      - @ConditionalOnMissingBean (types: com.google.gson.Gson; SearchStrategy: all) did not find any beans (OnBeanCondition)

   GsonAutoConfiguration#gsonBuilder matched:
      - @ConditionalOnMissingBean (types: com.google.gson.GsonBuilder; SearchStrategy: all) did not find any beans (OnBeanCondition)

   GsonHttpMessageConvertersConfiguration matched:
      - @ConditionalOnClass found required class 'com.google.gson.Gson' (OnClassCondition)

   HibernateJpaAutoConfiguration matched:
      - @ConditionalOnClass found required classes 'org.springframework.orm.jpa.LocalContainerEntityManagerFactoryBean', 'jakarta.persistence.EntityManager', 'org.hibernate.engine.spi.SessionImplementor' (OnClassCondition)

   HibernateJpaConfiguration matched:
      - @ConditionalOnSingleCandidate (types: javax.sql.DataSource; SearchStrategy: all) found a single bean 'dataSource' (OnBeanCondition)

   HttpEncodingAutoConfiguration matched:
      - @ConditionalOnClass found required class 'org.springframework.web.filter.CharacterEncodingFilter' (OnClassCondition)
      - found 'session' scope (OnWebApplicationCondition)
      - @ConditionalOnProperty (server.servlet.encoding.enabled) matched (OnPropertyCondition)

   HttpEncodingAutoConfiguration#characterEncodingFilter matched:
      - @ConditionalOnMissingBean (types: org.springframework.web.filter.CharacterEncodingFilter; SearchStrategy: all) did not find any beans (OnBeanCondition)

   HttpMessageConvertersAutoConfiguration matched:
      - @ConditionalOnClass found required class 'org.springframework.http.converter.HttpMessageConverter' (OnClassCondition)
      - NoneNestedConditions 0 matched 1 did not; NestedCondition on HttpMessageConvertersAutoConfiguration.NotReactiveWebApplicationCondition.ReactiveWebApplication not a reactive web application (HttpMessageConvertersAutoConfiguration.NotReactiveWebApplicationCondition)

   HttpMessageConvertersAutoConfiguration#messageConverters matched:
      - @ConditionalOnMissingBean (types: org.springframework.boot.autoconfigure.http.HttpMessageConverters; SearchStrategy: all) did not find any beans (OnBeanCondition)

   HttpMessageConvertersAutoConfiguration.StringHttpMessageConverterConfiguration matched:
      - @ConditionalOnClass found required class 'org.springframework.http.converter.StringHttpMessageConverter' (OnClassCondition)

   HttpMessageConvertersAutoConfiguration.StringHttpMessageConverterConfiguration#stringHttpMessageConverter matched:
      - @ConditionalOnMissingBean (types: org.springframework.http.converter.StringHttpMessageConverter; SearchStrategy: all) did not find any beans (OnBeanCondition)

   JacksonAutoConfiguration matched:
      - @ConditionalOnClass found required class 'com.fasterxml.jackson.databind.ObjectMapper' (OnClassCondition)

   JacksonAutoConfiguration.Jackson2ObjectMapperBuilderCustomizerConfiguration matched:
      - @ConditionalOnClass found required class 'org.springframework.http.converter.json.Jackson2ObjectMapperBuilder' (OnClassCondition)

   JacksonAutoConfiguration.JacksonObjectMapperBuilderConfiguration matched:
      - @ConditionalOnClass found required class 'org.springframework.http.converter.json.Jackson2ObjectMapperBuilder' (OnClassCondition)

   JacksonAutoConfiguration.JacksonObjectMapperBuilderConfiguration#jacksonObjectMapperBuilder matched:
      - @ConditionalOnMissingBean (types: org.springframework.http.converter.json.Jackson2ObjectMapperBuilder; SearchStrategy: all) did not find any beans (OnBeanCondition)

   JacksonAutoConfiguration.JacksonObjectMapperConfiguration matched:
      - @ConditionalOnClass found required class 'org.springframework.http.converter.json.Jackson2ObjectMapperBuilder' (OnClassCondition)

   JacksonAutoConfiguration.ParameterNamesModuleConfiguration matched:
      - @ConditionalOnClass found required class 'com.fasterxml.jackson.module.paramnames.ParameterNamesModule' (OnClassCondition)

   JacksonAutoConfiguration.ParameterNamesModuleConfiguration#parameterNamesModule matched:
      - @ConditionalOnMissingBean (types: com.fasterxml.jackson.module.paramnames.ParameterNamesModule; SearchStrategy: all) did not find any beans (OnBeanCondition)

   JacksonHttpMessageConvertersConfiguration.MappingJackson2HttpMessageConverterConfiguration matched:
      - @ConditionalOnClass found required class 'com.fasterxml.jackson.databind.ObjectMapper' (OnClassCondition)
      - @ConditionalOnProperty (spring.mvc.converters.preferred-json-mapper=jackson) matched (OnPropertyCondition)
      - @ConditionalOnBean (types: com.fasterxml.jackson.databind.ObjectMapper; SearchStrategy: all) found bean 'objectMapper' (OnBeanCondition)

   JacksonHttpMessageConvertersConfiguration.MappingJackson2HttpMessageConverterConfiguration#mappingJackson2HttpMessageConverter matched:
      - @ConditionalOnMissingBean (types: org.springframework.http.converter.json.MappingJackson2HttpMessageConverter ignored: org.springframework.hateoas.server.mvc.TypeConstrainedMappingJackson2HttpMessageConverter,org.springframework.data.rest.webmvc.alps.AlpsJsonHttpMessageConverter; SearchStrategy: all) did not find any beans (OnBeanCondition)

   JdbcClientAutoConfiguration matched:
      - @ConditionalOnSingleCandidate (types: org.springframework.jdbc.core.namedparam.NamedParameterJdbcTemplate; SearchStrategy: all) found a single bean 'namedParameterJdbcTemplate'; @ConditionalOnMissingBean (types: org.springframework.jdbc.core.simple.JdbcClient; SearchStrategy: all) did not find any beans (OnBeanCondition)

   JdbcRepositoriesAutoConfiguration matched:
      - @ConditionalOnClass found required classes 'org.springframework.jdbc.core.namedparam.NamedParameterJdbcOperations', 'org.springframework.data.jdbc.repository.config.AbstractJdbcConfiguration' (OnClassCondition)
      - @ConditionalOnProperty (spring.data.jdbc.repositories.enabled=true) matched (OnPropertyCondition)
      - @ConditionalOnBean (types: org.springframework.jdbc.core.namedparam.NamedParameterJdbcOperations,org.springframework.transaction.PlatformTransactionManager; SearchStrategy: all) found beans 'transactionManager', 'namedParameterJdbcTemplate' (OnBeanCondition)

   JdbcRepositoriesAutoConfiguration.JdbcRepositoriesConfiguration matched:
      - @ConditionalOnMissingBean (types: org.springframework.data.jdbc.repository.config.JdbcRepositoryConfigExtension; SearchStrategy: all) did not find any beans (OnBeanCondition)

   JdbcRepositoriesAutoConfiguration.SpringBootJdbcConfiguration matched:
      - @ConditionalOnMissingBean (types: org.springframework.data.jdbc.repository.config.AbstractJdbcConfiguration; SearchStrategy: all) did not find any beans (OnBeanCondition)

   JdbcRepositoriesAutoConfiguration.SpringBootJdbcConfiguration#dataAccessStrategyBean matched:
      - @ConditionalOnMissingBean (types: org.springframework.data.jdbc.core.convert.DataAccessStrategy; SearchStrategy: all) did not find any beans (OnBeanCondition)

   JdbcRepositoriesAutoConfiguration.SpringBootJdbcConfiguration#jdbcAggregateTemplate matched:
      - @ConditionalOnMissingBean (types: org.springframework.data.jdbc.core.JdbcAggregateTemplate; SearchStrategy: all) did not find any beans (OnBeanCondition)

   JdbcRepositoriesAutoConfiguration.SpringBootJdbcConfiguration#jdbcConverter matched:
      - @ConditionalOnMissingBean (types: org.springframework.data.jdbc.core.convert.JdbcConverter; SearchStrategy: all) did not find any beans (OnBeanCondition)

   JdbcRepositoriesAutoConfiguration.SpringBootJdbcConfiguration#jdbcCustomConversions matched:
      - @ConditionalOnMissingBean (types: org.springframework.data.jdbc.core.convert.JdbcCustomConversions; SearchStrategy: all) did not find any beans (OnBeanCondition)

   JdbcRepositoriesAutoConfiguration.SpringBootJdbcConfiguration#jdbcDialect matched:
      - @ConditionalOnMissingBean (types: org.springframework.data.relational.core.dialect.Dialect; SearchStrategy: all) did not find any beans (OnBeanCondition)

   JdbcRepositoriesAutoConfiguration.SpringBootJdbcConfiguration#jdbcManagedTypes matched:
      - @ConditionalOnMissingBean (types: org.springframework.data.relational.RelationalManagedTypes; SearchStrategy: all) did not find any beans (OnBeanCondition)

   JdbcRepositoriesAutoConfiguration.SpringBootJdbcConfiguration#jdbcMappingContext matched:
      - @ConditionalOnMissingBean (types: org.springframework.data.jdbc.core.mapping.JdbcMappingContext; SearchStrategy: all) did not find any beans (OnBeanCondition)

   JdbcTemplateAutoConfiguration matched:
      - @ConditionalOnClass found required classes 'javax.sql.DataSource', 'org.springframework.jdbc.core.JdbcTemplate' (OnClassCondition)
      - @ConditionalOnSingleCandidate (types: javax.sql.DataSource; SearchStrategy: all) found a single bean 'dataSource' (OnBeanCondition)

   JdbcTemplateConfiguration matched:
      - @ConditionalOnMissingBean (types: org.springframework.jdbc.core.JdbcOperations; SearchStrategy: all) did not find any beans (OnBeanCondition)

   JpaBaseConfiguration#entityManagerFactory matched:
      - @ConditionalOnMissingBean (types: org.springframework.orm.jpa.LocalContainerEntityManagerFactoryBean,jakarta.persistence.EntityManagerFactory; SearchStrategy: all) did not find any beans (OnBeanCondition)

   JpaBaseConfiguration#entityManagerFactoryBuilder matched:
      - @ConditionalOnMissingBean (types: org.springframework.boot.orm.jpa.EntityManagerFactoryBuilder; SearchStrategy: all) did not find any beans (OnBeanCondition)

   JpaBaseConfiguration#jpaVendorAdapter matched:
      - @ConditionalOnMissingBean (types: org.springframework.orm.jpa.JpaVendorAdapter; SearchStrategy: all) did not find any beans (OnBeanCondition)

   JpaBaseConfiguration#transactionManager matched:
      - @ConditionalOnMissingBean (types: org.springframework.transaction.TransactionManager; SearchStrategy: all) did not find any beans (OnBeanCondition)

   JpaBaseConfiguration.JpaWebConfiguration matched:
      - @ConditionalOnClass found required class 'org.springframework.web.servlet.config.annotation.WebMvcConfigurer' (OnClassCondition)
      - found 'session' scope (OnWebApplicationCondition)
      - @ConditionalOnProperty (spring.jpa.open-in-view=true) matched (OnPropertyCondition)
      - @ConditionalOnMissingBean (types: org.springframework.orm.jpa.support.OpenEntityManagerInViewInterceptor,org.springframework.orm.jpa.support.OpenEntityManagerInViewFilter; SearchStrategy: all) did not find any beans (OnBeanCondition)

   JpaBaseConfiguration.PersistenceManagedTypesConfiguration matched:
      - @ConditionalOnMissingBean (types: org.springframework.orm.jpa.LocalContainerEntityManagerFactoryBean,jakarta.persistence.EntityManagerFactory; SearchStrategy: all) did not find any beans (OnBeanCondition)

   JpaBaseConfiguration.PersistenceManagedTypesConfiguration#persistenceManagedTypes matched:
      - @ConditionalOnMissingBean (types: org.springframework.orm.jpa.persistenceunit.PersistenceManagedTypes; SearchStrategy: all) did not find any beans (OnBeanCondition)

   JpaRepositoriesAutoConfiguration matched:
      - @ConditionalOnClass found required class 'org.springframework.data.jpa.repository.JpaRepository' (OnClassCondition)
      - @ConditionalOnProperty (spring.data.jpa.repositories.enabled=true) matched (OnPropertyCondition)
      - @ConditionalOnBean (types: javax.sql.DataSource; SearchStrategy: all) found bean 'dataSource'; @ConditionalOnMissingBean (types: org.springframework.data.jpa.repository.support.JpaRepositoryFactoryBean,org.springframework.data.jpa.repository.config.JpaRepositoryConfigExtension; SearchStrategy: all) did not find any beans (OnBeanCondition)

   JtaAutoConfiguration matched:
      - @ConditionalOnClass found required class 'jakarta.transaction.Transaction' (OnClassCondition)
      - @ConditionalOnProperty (spring.jta.enabled) matched (OnPropertyCondition)

   LifecycleAutoConfiguration#defaultLifecycleProcessor matched:
      - @ConditionalOnMissingBean (names: lifecycleProcessor; SearchStrategy: current) did not find any beans (OnBeanCondition)

   LifecycleMvcEndpointAutoConfiguration#environmentManager matched:
      - @ConditionalOnMissingBean (types: org.springframework.cloud.context.environment.EnvironmentManager; SearchStrategy: all) did not find any beans (OnBeanCondition)

   MultipartAutoConfiguration matched:
      - @ConditionalOnClass found required classes 'jakarta.servlet.Servlet', 'org.springframework.web.multipart.support.StandardServletMultipartResolver', 'jakarta.servlet.MultipartConfigElement' (OnClassCondition)
      - found 'session' scope (OnWebApplicationCondition)
      - @ConditionalOnProperty (spring.servlet.multipart.enabled) matched (OnPropertyCondition)

   MultipartAutoConfiguration#multipartConfigElement matched:
      - @ConditionalOnMissingBean (types: jakarta.servlet.MultipartConfigElement; SearchStrategy: all) did not find any beans (OnBeanCondition)

   MultipartAutoConfiguration#multipartResolver matched:
      - @ConditionalOnMissingBean (types: org.springframework.web.multipart.MultipartResolver; SearchStrategy: all) did not find any beans (OnBeanCondition)

   NamedParameterJdbcTemplateConfiguration matched:
      - @ConditionalOnSingleCandidate (types: org.springframework.jdbc.core.JdbcTemplate; SearchStrategy: all) found a single bean 'jdbcTemplate'; @ConditionalOnMissingBean (types: org.springframework.jdbc.core.namedparam.NamedParameterJdbcOperations; SearchStrategy: all) did not find any beans (OnBeanCondition)

   NettyAutoConfiguration matched:
      - @ConditionalOnClass found required class 'io.netty.util.NettyRuntime' (OnClassCondition)

   NoOpCacheConfiguration matched:
      - Cache org.springframework.boot.autoconfigure.cache.NoOpCacheConfiguration automatic cache type (CacheCondition)

   OAuth2ClientAutoConfiguration matched:
      - @ConditionalOnClass found required classes 'org.springframework.security.config.annotation.web.configuration.EnableWebSecurity', 'org.springframework.security.oauth2.client.registration.ClientRegistration' (OnClassCondition)
      - found 'session' scope (OnWebApplicationCondition)

   OAuth2ResourceServerAutoConfiguration matched:
      - @ConditionalOnClass found required class 'org.springframework.security.oauth2.server.resource.authentication.BearerTokenAuthenticationToken' (OnClassCondition)
      - found 'session' scope (OnWebApplicationCondition)

   OAuth2ResourceServerJwtConfiguration.JwtDecoderConfiguration matched:
      - @ConditionalOnMissingBean (types: org.springframework.security.oauth2.jwt.JwtDecoder; SearchStrategy: all) did not find any beans (OnBeanCondition)

   OAuth2ResourceServerOpaqueTokenConfiguration.OpaqueTokenIntrospectionClientConfiguration matched:
      - @ConditionalOnMissingBean (types: org.springframework.security.oauth2.server.resource.introspection.OpaqueTokenIntrospector; SearchStrategy: all) did not find any beans (OnBeanCondition)

   Oauth2ResourceServerConfiguration.JwtConfiguration matched:
      - @ConditionalOnClass found required class 'org.springframework.security.oauth2.jwt.JwtDecoder' (OnClassCondition)

   OllamaAutoConfiguration matched:
      - @ConditionalOnClass found required class 'org.springframework.ai.ollama.api.OllamaApi' (OnClassCondition)

   OllamaAutoConfiguration#ollamaApi matched:
      - @ConditionalOnMissingBean (types: org.springframework.ai.ollama.api.OllamaApi; SearchStrategy: all) did not find any beans (OnBeanCondition)

   OllamaAutoConfiguration#ollamaChatModel matched:
      - @ConditionalOnProperty (spring.ai.ollama.chat.enabled=true) matched (OnPropertyCondition)
      - @ConditionalOnMissingBean (types: org.springframework.ai.ollama.OllamaChatModel; SearchStrategy: all) did not find any beans (OnBeanCondition)

   OllamaAutoConfiguration#ollamaConnectionDetails matched:
      - @ConditionalOnMissingBean (types: org.springframework.ai.autoconfigure.ollama.OllamaConnectionDetails; SearchStrategy: all) did not find any beans (OnBeanCondition)

   OllamaAutoConfiguration#ollamaEmbeddingModel matched:
      - @ConditionalOnProperty (spring.ai.ollama.embedding.enabled=true) matched (OnPropertyCondition)
      - @ConditionalOnMissingBean (types: org.springframework.ai.ollama.OllamaEmbeddingModel; SearchStrategy: all) did not find any beans (OnBeanCondition)

   PersistenceExceptionTranslationAutoConfiguration matched:
      - @ConditionalOnClass found required class 'org.springframework.dao.annotation.PersistenceExceptionTranslationPostProcessor' (OnClassCondition)

   PersistenceExceptionTranslationAutoConfiguration#persistenceExceptionTranslationPostProcessor matched:
      - @ConditionalOnProperty (spring.dao.exceptiontranslation.enabled) matched (OnPropertyCondition)
      - @ConditionalOnMissingBean (types: org.springframework.dao.annotation.PersistenceExceptionTranslationPostProcessor; SearchStrategy: all) did not find any beans (OnBeanCondition)

   PropertyPlaceholderAutoConfiguration#propertySourcesPlaceholderConfigurer matched:
      - @ConditionalOnMissingBean (types: org.springframework.context.support.PropertySourcesPlaceholderConfigurer; SearchStrategy: current) did not find any beans (OnBeanCondition)

   ReactiveCompositeDiscoveryClientAutoConfiguration matched:
      - @ConditionalOnClass found required class 'org.springframework.web.reactive.function.client.WebClient' (OnClassCondition)
      - @ConditionalOnProperty (spring.cloud.discovery.enabled) matched; @ConditionalOnProperty (spring.cloud.discovery.reactive.enabled) matched (OnPropertyCondition)

   ReactiveSecurityAutoConfiguration matched:
      - @ConditionalOnClass found required classes 'reactor.core.publisher.Flux', 'org.springframework.security.config.annotation.web.reactive.EnableWebFluxSecurity', 'org.springframework.security.web.server.WebFilterChainProxy', 'org.springframework.web.reactive.config.WebFluxConfigurer' (OnClassCondition)

   ReactorAutoConfiguration matched:
      - @ConditionalOnClass found required class 'reactor.core.publisher.Hooks' (OnClassCondition)

   ReactorNettyConfigurations.ReactorResourceFactoryConfiguration#reactorResourceFactory matched:
      - @ConditionalOnMissingBean (types: org.springframework.http.client.ReactorResourceFactory; SearchStrategy: all) did not find any beans (OnBeanCondition)

   RefreshAutoConfiguration matched:
      - @ConditionalOnClass found required class 'org.springframework.cloud.context.scope.refresh.RefreshScope' (OnClassCondition)
      - @ConditionalOnProperty (spring.cloud.refresh.enabled) matched (OnPropertyCondition)

   RefreshAutoConfiguration#configDataContextRefresher matched:
      - @ConditionalOnMissingBean (types: org.springframework.cloud.context.refresh.ConfigDataContextRefresher; SearchStrategy: all) did not find any beans (OnBeanCondition)
      - NoneNestedConditions 0 matched 3 did not; NestedCondition on ConditionalOnBootstrapDisabled.OnBootstrapDisabledCondition.OnBootstrapEnabled @ConditionalOnProperty (spring.cloud.bootstrap.enabled) did not find property 'spring.cloud.bootstrap.enabled'; NestedCondition on ConditionalOnBootstrapDisabled.OnBootstrapDisabledCondition.OnUseLegacyProcessingEnabled @ConditionalOnProperty (spring.config.use-legacy-processing) did not find property 'spring.config.use-legacy-processing'; NestedCondition on ConditionalOnBootstrapDisabled.OnBootstrapDisabledCondition.OnBootstrapMarkerClassPresent @ConditionalOnClass did not find required class 'org.springframework.cloud.bootstrap.marker.Marker' (ConditionalOnBootstrapDisabled.OnBootstrapDisabledCondition)

   RefreshAutoConfiguration#loggingRebinder matched:
      - @ConditionalOnMissingBean (types: org.springframework.cloud.logging.LoggingRebinder; SearchStrategy: all) did not find any beans (OnBeanCondition)

   RefreshAutoConfiguration#refreshScope matched:
      - @ConditionalOnMissingBean (types: org.springframework.cloud.context.scope.refresh.RefreshScope; SearchStrategy: all) did not find any beans (OnBeanCondition)

   RefreshAutoConfiguration#refreshScopeLifecycle matched:
      - @ConditionalOnProperty (spring.cloud.refresh.on-restart.enabled) matched (OnPropertyCondition)

   RefreshAutoConfiguration.JpaInvokerConfiguration matched:
      - @ConditionalOnClass found required class 'javax.persistence.EntityManagerFactory' (OnClassCondition)

   ResourceServerTokenRelayAutoConfiguration matched:
      - @ConditionalOnClass found required class 'org.springframework.web.servlet.config.annotation.WebMvcConfigurer' (OnClassCondition)
      - found 'session' scope (OnWebApplicationCondition)
      - @ConditionalOnProperty (spring.cloud.mvc.token-relay.enabled) matched (OnPropertyCondition)

   RestClientAutoConfiguration matched:
      - @ConditionalOnClass found required class 'org.springframework.web.client.RestClient' (OnClassCondition)
      - NoneNestedConditions 0 matched 1 did not; NestedCondition on NotReactiveWebApplicationCondition.ReactiveWebApplication not a reactive web application (NotReactiveWebApplicationCondition)

   RestClientAutoConfiguration#httpMessageConvertersRestClientCustomizer matched:
      - @ConditionalOnMissingBean (types: org.springframework.boot.autoconfigure.web.client.HttpMessageConvertersRestClientCustomizer; SearchStrategy: all) did not find any beans (OnBeanCondition)

   RestClientAutoConfiguration#restClientBuilder matched:
      - @ConditionalOnMissingBean (types: org.springframework.web.client.RestClient$Builder; SearchStrategy: all) did not find any beans (OnBeanCondition)

   RestClientAutoConfiguration#restClientBuilderConfigurer matched:
      - @ConditionalOnMissingBean (types: org.springframework.boot.autoconfigure.web.client.RestClientBuilderConfigurer; SearchStrategy: all) did not find any beans (OnBeanCondition)

   RestClientAutoConfiguration#restClientSsl matched:
      - @ConditionalOnBean (types: org.springframework.boot.ssl.SslBundles; SearchStrategy: all) found bean 'sslBundleRegistry'; @ConditionalOnMissingBean (types: org.springframework.boot.autoconfigure.web.client.RestClientSsl; SearchStrategy: all) did not find any beans (OnBeanCondition)

   RestTemplateAutoConfiguration matched:
      - @ConditionalOnClass found required class 'org.springframework.web.client.RestTemplate' (OnClassCondition)
      - NoneNestedConditions 0 matched 1 did not; NestedCondition on NotReactiveWebApplicationCondition.ReactiveWebApplication not a reactive web application (NotReactiveWebApplicationCondition)

   RestTemplateAutoConfiguration#restTemplateBuilder matched:
      - @ConditionalOnMissingBean (types: org.springframework.boot.web.client.RestTemplateBuilder; SearchStrategy: all) did not find any beans (OnBeanCondition)

   SecurityFilterAutoConfiguration matched:
      - @ConditionalOnClass found required classes 'org.springframework.security.web.context.AbstractSecurityWebApplicationInitializer', 'org.springframework.security.config.http.SessionCreationPolicy' (OnClassCondition)
      - found 'session' scope (OnWebApplicationCondition)

   SecurityFilterAutoConfiguration#securityFilterChainRegistration matched:
      - @ConditionalOnBean (names: springSecurityFilterChain; SearchStrategy: all) found bean 'springSecurityFilterChain' (OnBeanCondition)

   ServletWebServerFactoryAutoConfiguration matched:
      - @ConditionalOnClass found required class 'jakarta.servlet.ServletRequest' (OnClassCondition)
      - found 'session' scope (OnWebApplicationCondition)

   ServletWebServerFactoryAutoConfiguration#tomcatServletWebServerFactoryCustomizer matched:
      - @ConditionalOnClass found required class 'org.apache.catalina.startup.Tomcat' (OnClassCondition)

   ServletWebServerFactoryConfiguration.EmbeddedTomcat matched:
      - @ConditionalOnClass found required classes 'jakarta.servlet.Servlet', 'org.apache.catalina.startup.Tomcat', 'org.apache.coyote.UpgradeProtocol' (OnClassCondition)
      - @ConditionalOnMissingBean (types: org.springframework.boot.web.servlet.server.ServletWebServerFactory; SearchStrategy: current) did not find any beans (OnBeanCondition)

   SessionAutoConfiguration matched:
      - @ConditionalOnClass found required class 'org.springframework.session.Session' (OnClassCondition)
      - @ConditionalOnWebApplication (required) found 'session' scope (OnWebApplicationCondition)

   SessionAutoConfiguration.ServletSessionConfiguration matched:
      - found 'session' scope (OnWebApplicationCondition)

   SessionAutoConfiguration.ServletSessionConfiguration#cookieSerializer matched:
      - AnyNestedCondition 1 matched 1 did not; NestedCondition on SessionAutoConfiguration.DefaultCookieSerializerCondition.CookieHttpSessionIdResolverAvailable found non-matching nested conditions @ConditionalOnBean (types: org.springframework.session.web.http.CookieHttpSessionIdResolver; SearchStrategy: all) did not find any beans of type org.springframework.session.web.http.CookieHttpSessionIdResolver, @ConditionalOnBean (types: org.springframework.session.web.http.CookieHttpSessionIdResolver; SearchStrategy: all) did not find any beans of type org.springframework.session.web.http.CookieHttpSessionIdResolver; NestedCondition on SessionAutoConfiguration.DefaultCookieSerializerCondition.NoComponentsAvailable @ConditionalOnMissingBean (types: org.springframework.session.web.http.HttpSessionIdResolver,org.springframework.session.web.http.CookieSerializer; SearchStrategy: all) did not find any beans (SessionAutoConfiguration.DefaultCookieSerializerCondition)

   SessionAutoConfiguration.ServletSessionConfiguration.RememberMeServicesConfiguration matched:
      - @ConditionalOnClass found required class 'org.springframework.security.web.authentication.RememberMeServices' (OnClassCondition)

   SessionAutoConfiguration.ServletSessionConfiguration.ServletSessionRepositoryConfiguration matched:
      - @ConditionalOnMissingBean (types: org.springframework.session.SessionRepository; SearchStrategy: all) did not find any beans (OnBeanCondition)

   SimpleCacheConfiguration matched:
      - Cache org.springframework.boot.autoconfigure.cache.SimpleCacheConfiguration automatic cache type (CacheCondition)

   SimpleDiscoveryClientAutoConfiguration#simpleDiscoveryProperties matched:
      - @ConditionalOnMissingBean (types: org.springframework.cloud.client.discovery.simple.SimpleDiscoveryProperties; SearchStrategy: all) did not find any beans (OnBeanCondition)

   SimpleReactiveDiscoveryClientAutoConfiguration matched:
      - @ConditionalOnClass found required class 'org.springframework.web.reactive.function.client.WebClient' (OnClassCondition)
      - @ConditionalOnProperty (spring.cloud.discovery.enabled) matched; @ConditionalOnProperty (spring.cloud.discovery.reactive.enabled) matched (OnPropertyCondition)

   SpringAiRetryAutoConfiguration matched:
      - @ConditionalOnClass found required class 'org.springframework.retry.support.RetryTemplate' (OnClassCondition)

   SpringAiRetryAutoConfiguration#responseErrorHandler matched:
      - @ConditionalOnMissingBean (types: org.springframework.web.client.ResponseErrorHandler; SearchStrategy: all) did not find any beans (OnBeanCondition)

   SpringAiRetryAutoConfiguration#retryTemplate matched:
      - @ConditionalOnMissingBean (types: org.springframework.retry.support.RetryTemplate; SearchStrategy: all) did not find any beans (OnBeanCondition)

   SpringDataWebAutoConfiguration matched:
      - @ConditionalOnClass found required classes 'org.springframework.data.web.PageableHandlerMethodArgumentResolver', 'org.springframework.web.servlet.config.annotation.WebMvcConfigurer' (OnClassCondition)
      - found 'session' scope (OnWebApplicationCondition)
      - @ConditionalOnMissingBean (types: org.springframework.data.web.PageableHandlerMethodArgumentResolver; SearchStrategy: all) did not find any beans (OnBeanCondition)

   SpringDataWebAutoConfiguration#pageableCustomizer matched:
      - @ConditionalOnMissingBean (types: org.springframework.data.web.config.PageableHandlerMethodArgumentResolverCustomizer; SearchStrategy: all) did not find any beans (OnBeanCondition)

   SpringDataWebAutoConfiguration#sortCustomizer matched:
      - @ConditionalOnMissingBean (types: org.springframework.data.web.config.SortHandlerMethodArgumentResolverCustomizer; SearchStrategy: all) did not find any beans (OnBeanCondition)

   SpringDocConfigProperties matched:
      - @ConditionalOnProperty (springdoc.api-docs.enabled) matched (OnPropertyCondition)
      - @ConditionalOnBean (types: org.springdoc.core.configuration.SpringDocConfiguration; SearchStrategy: all) found bean 'org.springdoc.core.configuration.SpringDocConfiguration' (OnBeanCondition)

   SpringDocConfiguration matched:
      - @ConditionalOnWebApplication (required) found 'session' scope (OnWebApplicationCondition)
      - @ConditionalOnProperty (springdoc.api-docs.enabled) matched (OnPropertyCondition)

   SpringDocConfiguration#fileSupportConverter matched:
      - @ConditionalOnMissingBean (types: org.springdoc.core.converters.FileSupportConverter; SearchStrategy: all) did not find any beans (OnBeanCondition)

   SpringDocConfiguration#openAPIBuilder matched:
      - @ConditionalOnMissingBean (types: org.springdoc.core.service.OpenAPIService; SearchStrategy: all) did not find any beans (OnBeanCondition)

   SpringDocConfiguration#operationBuilder matched:
      - @ConditionalOnMissingBean (types: org.springdoc.core.service.OperationService; SearchStrategy: all) did not find any beans (OnBeanCondition)

   SpringDocConfiguration#parameterBuilder matched:
      - @ConditionalOnMissingBean (types: org.springdoc.core.service.GenericParameterService; SearchStrategy: all) did not find any beans (OnBeanCondition)

   SpringDocConfiguration#polymorphicModelConverter matched:
      - @ConditionalOnProperty (springdoc.model-converters.polymorphic-converter.enabled) matched (OnPropertyCondition)
      - @ConditionalOnMissingBean (types: org.springdoc.core.converters.PolymorphicModelConverter; SearchStrategy: all) did not find any beans (OnBeanCondition)

   SpringDocConfiguration#requestBodyBuilder matched:
      - @ConditionalOnMissingBean (types: org.springdoc.core.service.RequestBodyService; SearchStrategy: all) did not find any beans (OnBeanCondition)

   SpringDocConfiguration#responseSupportConverter matched:
      - @ConditionalOnMissingBean (types: org.springdoc.core.converters.ResponseSupportConverter; SearchStrategy: all) did not find any beans (OnBeanCondition)

   SpringDocConfiguration#schemaPropertyDeprecatingConverter matched:
      - @ConditionalOnProperty (springdoc.model-converters.deprecating-converter.enabled) matched (OnPropertyCondition)
      - @ConditionalOnMissingBean (types: org.springdoc.core.converters.SchemaPropertyDeprecatingConverter; SearchStrategy: all) did not find any beans (OnBeanCondition)

   SpringDocConfiguration#securityParser matched:
      - @ConditionalOnMissingBean (types: org.springdoc.core.service.SecurityService; SearchStrategy: all) did not find any beans (OnBeanCondition)

   SpringDocConfiguration#springDocCustomizers matched:
      - @ConditionalOnMissingBean (types: org.springdoc.core.customizers.SpringDocCustomizers; SearchStrategy: all) did not find any beans (OnBeanCondition)

   SpringDocConfiguration#springDocProviders matched:
      - @ConditionalOnMissingBean (types: org.springdoc.core.providers.SpringDocProviders; SearchStrategy: all) did not find any beans (OnBeanCondition)

   SpringDocConfiguration#springdocObjectMapperProvider matched:
      - @ConditionalOnMissingBean (types: org.springdoc.core.providers.ObjectMapperProvider; SearchStrategy: all) did not find any beans (OnBeanCondition)

   SpringDocConfiguration.QuerydslProvider matched:
      - @ConditionalOnClass found required class 'org.springframework.data.querydsl.binding.QuerydslBindingsFactory' (OnClassCondition)

   SpringDocConfiguration.QuerydslProvider#queryDslQuerydslPredicateOperationCustomizer matched:
      - @ConditionalOnMissingBean (types: org.springdoc.core.customizers.QuerydslPredicateOperationCustomizer; SearchStrategy: all) did not find any beans (OnBeanCondition)

   SpringDocConfiguration.SpringDocSpringDataWebPropertiesProvider matched:
      - @ConditionalOnClass found required class 'org.springframework.boot.autoconfigure.data.web.SpringDataWebProperties' (OnClassCondition)

   SpringDocConfiguration.SpringDocSpringDataWebPropertiesProvider#springDataWebPropertiesProvider matched:
      - @ConditionalOnMissingBean (types: org.springdoc.core.providers.SpringDataWebPropertiesProvider; SearchStrategy: all) did not find any beans (OnBeanCondition)

   SpringDocConfiguration.SpringDocWebFluxSupportConfiguration matched:
      - @ConditionalOnClass found required class 'reactor.core.publisher.Flux' (OnClassCondition)

   SpringDocConfiguration.SpringDocWebFluxSupportConfiguration#webFluxSupportConverter matched:
      - @ConditionalOnMissingBean (types: org.springdoc.core.converters.WebFluxSupportConverter; SearchStrategy: all) did not find any beans (OnBeanCondition)

   SpringDocConfiguration.WebConversionServiceConfiguration matched:
      - @ConditionalOnClass found required class 'org.springframework.boot.autoconfigure.web.format.WebConversionService' (OnClassCondition)

   SpringDocPageableConfiguration matched:
      - @ConditionalOnClass found required class 'org.springframework.data.domain.Pageable' (OnClassCondition)
      - @ConditionalOnWebApplication (required) found 'session' scope (OnWebApplicationCondition)
      - @ConditionalOnProperty (springdoc.api-docs.enabled) matched (OnPropertyCondition)
      - @ConditionalOnBean (types: org.springdoc.core.configuration.SpringDocConfiguration; SearchStrategy: all) found bean 'org.springdoc.core.configuration.SpringDocConfiguration' (OnBeanCondition)

   SpringDocPageableConfiguration#delegatingMethodParameterCustomizer matched:
      - @ConditionalOnMissingBean (types: org.springdoc.core.customizers.DelegatingMethodParameterCustomizer; SearchStrategy: all) did not find any beans (OnBeanCondition)

   SpringDocPageableConfiguration#pageableOpenAPIConverter matched:
      - @ConditionalOnProperty (springdoc.model-converters.pageable-converter.enabled) matched (OnPropertyCondition)
      - @ConditionalOnMissingBean (types: org.springdoc.core.converters.PageableOpenAPIConverter; SearchStrategy: all) did not find any beans (OnBeanCondition)

   SpringDocSecurityConfiguration matched:
      - @ConditionalOnClass found required class 'org.springframework.security.web.SecurityFilterChain' (OnClassCondition)
      - @ConditionalOnWebApplication (required) found 'session' scope (OnWebApplicationCondition)
      - @ConditionalOnExpression (#{${springdoc.api-docs.enabled:true} and ${springdoc.enable-spring-security:true}}) resulted in true (OnExpressionCondition)
      - @ConditionalOnBean (types: org.springdoc.core.configuration.SpringDocConfiguration; SearchStrategy: all) found bean 'org.springdoc.core.configuration.SpringDocConfiguration' (OnBeanCondition)

   SpringDocSecurityConfiguration.SpringSecurityLoginEndpointConfiguration matched:
      - @ConditionalOnClass found required class 'jakarta.servlet.Filter' (OnClassCondition)

   SpringDocSortConfiguration matched:
      - @ConditionalOnClass found required class 'org.springframework.data.domain.Sort' (OnClassCondition)
      - @ConditionalOnWebApplication (required) found 'session' scope (OnWebApplicationCondition)
      - @ConditionalOnProperty (springdoc.api-docs.enabled) matched (OnPropertyCondition)
      - @ConditionalOnBean (types: org.springdoc.core.configuration.SpringDocConfiguration; SearchStrategy: all) found bean 'org.springdoc.core.configuration.SpringDocConfiguration' (OnBeanCondition)

   SpringDocSortConfiguration#sortOpenAPIConverter matched:
      - @ConditionalOnProperty (springdoc.model-converters.sort-converter.enabled) matched (OnPropertyCondition)
      - @ConditionalOnMissingBean (types: org.springdoc.core.converters.SortOpenAPIConverter; SearchStrategy: all) did not find any beans (OnBeanCondition)

   SpringDocUIConfiguration matched:
      - @ConditionalOnWebApplication (required) found 'session' scope (OnWebApplicationCondition)
      - @ConditionalOnBean (types: org.springdoc.core.configuration.SpringDocConfiguration; SearchStrategy: all) found bean 'org.springdoc.core.configuration.SpringDocConfiguration' (OnBeanCondition)

   SpringDocWebMvcConfiguration matched:
      - found 'session' scope (OnWebApplicationCondition)
      - @ConditionalOnProperty (springdoc.api-docs.enabled) matched (OnPropertyCondition)
      - @ConditionalOnBean (types: org.springdoc.core.configuration.SpringDocConfiguration; SearchStrategy: all) found bean 'org.springdoc.core.configuration.SpringDocConfiguration' (OnBeanCondition)

   SpringDocWebMvcConfiguration#openApiResource matched:
      - @ConditionalOnProperty (springdoc.use-management-port=false) matched (OnPropertyCondition)
      - @ConditionalOnMissingBean (types: org.springdoc.webmvc.api.OpenApiWebMvcResource; SearchStrategy: all) did not find any beans (OnBeanCondition)

   SpringDocWebMvcConfiguration#requestBuilder matched:
      - @ConditionalOnMissingBean (types: org.springdoc.webmvc.core.service.RequestService; SearchStrategy: all) did not find any beans (OnBeanCondition)

   SpringDocWebMvcConfiguration#responseBuilder matched:
      - @ConditionalOnMissingBean (types: org.springdoc.core.service.GenericResponseService; SearchStrategy: all) did not find any beans (OnBeanCondition)

   SpringDocWebMvcConfiguration#springWebProvider matched:
      - @ConditionalOnMissingBean (types: org.springdoc.core.providers.SpringWebProvider; SearchStrategy: all) did not find any beans (OnBeanCondition)

   SpringDocWebMvcConfiguration.SpringDocWebMvcRouterConfiguration matched:
      - @ConditionalOnClass found required class 'org.springframework.web.servlet.function.RouterFunction' (OnClassCondition)

   SpringDocWebMvcConfiguration.SpringDocWebMvcRouterConfiguration#routerFunctionProvider matched:
      - @ConditionalOnMissingBean (types: org.springdoc.webmvc.core.providers.RouterFunctionWebMvcProvider; SearchStrategy: all) did not find any beans (OnBeanCondition)

   SqlInitializationAutoConfiguration matched:
      - @ConditionalOnProperty (spring.sql.init.enabled) matched (OnPropertyCondition)
      - NoneNestedConditions 0 matched 1 did not; NestedCondition on SqlInitializationAutoConfiguration.SqlInitializationModeCondition.ModeIsNever @ConditionalOnProperty (spring.sql.init.mode=never) did not find property 'mode' (SqlInitializationAutoConfiguration.SqlInitializationModeCondition)

   SslAutoConfiguration#sslBundleRegistry matched:
      - @ConditionalOnMissingBean (types: org.springframework.boot.ssl.SslBundleRegistry,org.springframework.boot.ssl.SslBundles; SearchStrategy: all) did not find any beans (OnBeanCondition)

   SwaggerConfig matched:
      - found 'session' scope (OnWebApplicationCondition)
      - @ConditionalOnProperty (springdoc.swagger-ui.enabled) matched (OnPropertyCondition)
      - @ConditionalOnBean (types: org.springdoc.core.configuration.SpringDocConfiguration; SearchStrategy: all) found bean 'org.springdoc.core.configuration.SpringDocConfiguration' (OnBeanCondition)

   SwaggerConfig#indexPageTransformer matched:
      - @ConditionalOnMissingBean (types: org.springdoc.webmvc.ui.SwaggerIndexTransformer; SearchStrategy: all) did not find any beans (OnBeanCondition)

   SwaggerConfig#swaggerConfigResource matched:
      - @ConditionalOnProperty (springdoc.use-management-port=false) matched (OnPropertyCondition)
      - @ConditionalOnMissingBean (types: org.springdoc.webmvc.ui.SwaggerConfigResource; SearchStrategy: all) did not find any beans (OnBeanCondition)

   SwaggerConfig#swaggerResourceResolver matched:
      - @ConditionalOnMissingBean (types: org.springdoc.webmvc.ui.SwaggerResourceResolver; SearchStrategy: all) did not find any beans (OnBeanCondition)

   SwaggerConfig#swaggerWebMvcConfigurer matched:
      - @ConditionalOnMissingBean (types: org.springdoc.webmvc.ui.SwaggerWebMvcConfigurer; SearchStrategy: all) did not find any beans (OnBeanCondition)

   SwaggerConfig#swaggerWelcome matched:
      - @ConditionalOnProperty (springdoc.use-management-port=false) matched (OnPropertyCondition)
      - @ConditionalOnMissingBean (types: org.springdoc.webmvc.ui.SwaggerWelcomeWebMvc; SearchStrategy: all) did not find any beans (OnBeanCondition)

   SwaggerUiConfigParameters matched:
      - @ConditionalOnProperty (springdoc.swagger-ui.enabled) matched (OnPropertyCondition)
      - @ConditionalOnBean (types: org.springdoc.core.configuration.SpringDocConfiguration; SearchStrategy: all) found bean 'org.springdoc.core.configuration.SpringDocConfiguration' (OnBeanCondition)

   SwaggerUiConfigProperties matched:
      - @ConditionalOnProperty (springdoc.swagger-ui.enabled) matched (OnPropertyCondition)
      - @ConditionalOnBean (types: org.springdoc.core.configuration.SpringDocConfiguration; SearchStrategy: all) found bean 'org.springdoc.core.configuration.SpringDocConfiguration' (OnBeanCondition)

   SwaggerUiOAuthProperties matched:
      - @ConditionalOnProperty (springdoc.swagger-ui.enabled) matched (OnPropertyCondition)
      - @ConditionalOnBean (types: org.springdoc.core.configuration.SpringDocConfiguration; SearchStrategy: all) found bean 'org.springdoc.core.configuration.SpringDocConfiguration' (OnBeanCondition)

   TaskExecutionAutoConfiguration matched:
      - @ConditionalOnClass found required class 'org.springframework.scheduling.concurrent.ThreadPoolTaskExecutor' (OnClassCondition)

   TaskExecutorConfigurations.SimpleAsyncTaskExecutorBuilderConfiguration#simpleAsyncTaskExecutorBuilder matched:
      - @ConditionalOnMissingBean (types: org.springframework.boot.task.SimpleAsyncTaskExecutorBuilder; SearchStrategy: all) did not find any beans (OnBeanCondition)
      - @ConditionalOnThreading found PLATFORM (OnThreadingCondition)

   TaskExecutorConfigurations.TaskExecutorBuilderConfiguration#taskExecutorBuilder matched:
      - @ConditionalOnMissingBean (types: org.springframework.boot.task.TaskExecutorBuilder; SearchStrategy: all) did not find any beans (OnBeanCondition)

   TaskExecutorConfigurations.TaskExecutorConfiguration matched:
      - @ConditionalOnMissingBean (types: java.util.concurrent.Executor; SearchStrategy: all) did not find any beans (OnBeanCondition)

   TaskExecutorConfigurations.TaskExecutorConfiguration#applicationTaskExecutor matched:
      - @ConditionalOnThreading found PLATFORM (OnThreadingCondition)

   TaskExecutorConfigurations.ThreadPoolTaskExecutorBuilderConfiguration#threadPoolTaskExecutorBuilder matched:
      - @ConditionalOnMissingBean (types: org.springframework.boot.task.TaskExecutorBuilder,org.springframework.boot.task.ThreadPoolTaskExecutorBuilder; SearchStrategy: all) did not find any beans (OnBeanCondition)

   TaskSchedulingAutoConfiguration matched:
      - @ConditionalOnClass found required class 'org.springframework.scheduling.concurrent.ThreadPoolTaskScheduler' (OnClassCondition)

   TaskSchedulingConfigurations.SimpleAsyncTaskSchedulerBuilderConfiguration#simpleAsyncTaskSchedulerBuilder matched:
      - @ConditionalOnMissingBean (types: org.springframework.boot.task.SimpleAsyncTaskSchedulerBuilder; SearchStrategy: all) did not find any beans (OnBeanCondition)
      - @ConditionalOnThreading found PLATFORM (OnThreadingCondition)

   TaskSchedulingConfigurations.TaskSchedulerBuilderConfiguration#taskSchedulerBuilder matched:
      - @ConditionalOnMissingBean (types: org.springframework.boot.task.TaskSchedulerBuilder; SearchStrategy: all) did not find any beans (OnBeanCondition)

   TaskSchedulingConfigurations.ThreadPoolTaskSchedulerBuilderConfiguration#threadPoolTaskSchedulerBuilder matched:
      - @ConditionalOnMissingBean (types: org.springframework.boot.task.TaskSchedulerBuilder,org.springframework.boot.task.ThreadPoolTaskSchedulerBuilder; SearchStrategy: all) did not find any beans (OnBeanCondition)

   TemplateEngineConfigurations.DefaultTemplateEngineConfiguration#templateEngine matched:
      - @ConditionalOnMissingBean (types: org.thymeleaf.spring6.ISpringTemplateEngine; SearchStrategy: all) did not find any beans (OnBeanCondition)

   ThymeleafAutoConfiguration matched:
      - @ConditionalOnClass found required classes 'org.thymeleaf.templatemode.TemplateMode', 'org.thymeleaf.spring6.SpringTemplateEngine' (OnClassCondition)

   ThymeleafAutoConfiguration.DefaultTemplateResolverConfiguration matched:
      - @ConditionalOnMissingBean (names: defaultTemplateResolver; SearchStrategy: all) did not find any beans (OnBeanCondition)

   ThymeleafAutoConfiguration.ThymeleafWebMvcConfiguration matched:
      - found 'session' scope (OnWebApplicationCondition)
      - @ConditionalOnProperty (spring.thymeleaf.enabled) matched (OnPropertyCondition)

   ThymeleafAutoConfiguration.ThymeleafWebMvcConfiguration.ThymeleafViewResolverConfiguration#thymeleafViewResolver matched:
      - @ConditionalOnMissingBean (names: thymeleafViewResolver; SearchStrategy: all) did not find any beans (OnBeanCondition)

   TransactionAutoConfiguration matched:
      - @ConditionalOnClass found required class 'org.springframework.transaction.PlatformTransactionManager' (OnClassCondition)

   TransactionAutoConfiguration.EnableTransactionManagementConfiguration matched:
      - @ConditionalOnBean (types: org.springframework.transaction.TransactionManager; SearchStrategy: all) found bean 'transactionManager'; @ConditionalOnMissingBean (types: org.springframework.transaction.annotation.AbstractTransactionManagementConfiguration; SearchStrategy: all) did not find any beans (OnBeanCondition)

   TransactionAutoConfiguration.EnableTransactionManagementConfiguration.CglibAutoProxyConfiguration matched:
      - @ConditionalOnProperty (spring.aop.proxy-target-class=true) matched (OnPropertyCondition)

   TransactionAutoConfiguration.TransactionTemplateConfiguration matched:
      - @ConditionalOnSingleCandidate (types: org.springframework.transaction.PlatformTransactionManager; SearchStrategy: all) found a single bean 'transactionManager' (OnBeanCondition)

   TransactionAutoConfiguration.TransactionTemplateConfiguration#transactionTemplate matched:
      - @ConditionalOnMissingBean (types: org.springframework.transaction.support.TransactionOperations; SearchStrategy: all) did not find any beans (OnBeanCondition)

   TransactionManagerCustomizationAutoConfiguration matched:
      - @ConditionalOnClass found required class 'org.springframework.transaction.PlatformTransactionManager' (OnClassCondition)

   TransactionManagerCustomizationAutoConfiguration#platformTransactionManagerCustomizers matched:
      - @ConditionalOnMissingBean (types: org.springframework.boot.autoconfigure.transaction.TransactionManagerCustomizers; SearchStrategy: all) did not find any beans (OnBeanCondition)

   UtilAutoConfiguration matched:
      - @ConditionalOnProperty (spring.cloud.util.enabled) matched (OnPropertyCondition)

   UtilAutoConfiguration#inetUtils matched:
      - @ConditionalOnMissingBean (types: org.springframework.cloud.commons.util.InetUtils; SearchStrategy: all) did not find any beans (OnBeanCondition)

   ValidationAutoConfiguration matched:
      - @ConditionalOnClass found required class 'jakarta.validation.executable.ExecutableValidator' (OnClassCondition)
      - @ConditionalOnResource found location classpath:META-INF/services/jakarta.validation.spi.ValidationProvider (OnResourceCondition)

   ValidationAutoConfiguration#defaultValidator matched:
      - @ConditionalOnMissingBean (types: jakarta.validation.Validator; SearchStrategy: all) did not find any beans (OnBeanCondition)

   ValidationAutoConfiguration#methodValidationPostProcessor matched:
      - @ConditionalOnMissingBean (types: org.springframework.validation.beanvalidation.MethodValidationPostProcessor; SearchStrategy: current) did not find any beans (OnBeanCondition)

   WebClientAutoConfiguration matched:
      - @ConditionalOnClass found required class 'org.springframework.web.reactive.function.client.WebClient' (OnClassCondition)

   WebClientAutoConfiguration#webClientBuilder matched:
      - @ConditionalOnMissingBean (types: org.springframework.web.reactive.function.client.WebClient$Builder; SearchStrategy: all) did not find any beans (OnBeanCondition)

   WebClientAutoConfiguration#webClientSsl matched:
      - @ConditionalOnBean (types: org.springframework.boot.ssl.SslBundles; SearchStrategy: all) found bean 'sslBundleRegistry'; @ConditionalOnMissingBean (types: org.springframework.boot.autoconfigure.web.reactive.function.client.WebClientSsl; SearchStrategy: all) did not find any beans (OnBeanCondition)

   WebClientAutoConfiguration.WebClientCodecsConfiguration matched:
      - @ConditionalOnBean (types: org.springframework.boot.web.codec.CodecCustomizer; SearchStrategy: all) found beans 'jacksonCodecCustomizer', 'defaultCodecCustomizer' (OnBeanCondition)

   WebClientAutoConfiguration.WebClientCodecsConfiguration#exchangeStrategiesCustomizer matched:
      - @ConditionalOnMissingBean (types: org.springframework.boot.autoconfigure.web.reactive.function.client.WebClientCodecCustomizer; SearchStrategy: all) did not find any beans (OnBeanCondition)

   WebMvcAutoConfiguration matched:
      - @ConditionalOnClass found required classes 'jakarta.servlet.Servlet', 'org.springframework.web.servlet.DispatcherServlet', 'org.springframework.web.servlet.config.annotation.WebMvcConfigurer' (OnClassCondition)
      - found 'session' scope (OnWebApplicationCondition)
      - @ConditionalOnMissingBean (types: org.springframework.web.servlet.config.annotation.WebMvcConfigurationSupport; SearchStrategy: all) did not find any beans (OnBeanCondition)

   WebMvcAutoConfiguration#formContentFilter matched:
      - @ConditionalOnProperty (spring.mvc.formcontent.filter.enabled) matched (OnPropertyCondition)
      - @ConditionalOnMissingBean (types: org.springframework.web.filter.FormContentFilter; SearchStrategy: all) did not find any beans (OnBeanCondition)

   WebMvcAutoConfiguration.EnableWebMvcConfiguration#flashMapManager matched:
      - @ConditionalOnMissingBean (names: flashMapManager; SearchStrategy: all) did not find any beans (OnBeanCondition)

   WebMvcAutoConfiguration.EnableWebMvcConfiguration#localeResolver matched:
      - @ConditionalOnMissingBean (names: localeResolver; SearchStrategy: all) did not find any beans (OnBeanCondition)

   WebMvcAutoConfiguration.EnableWebMvcConfiguration#themeResolver matched:
      - @ConditionalOnMissingBean (names: themeResolver; SearchStrategy: all) did not find any beans (OnBeanCondition)

   WebMvcAutoConfiguration.WebMvcAutoConfigurationAdapter#defaultViewResolver matched:
      - @ConditionalOnMissingBean (types: org.springframework.web.servlet.view.InternalResourceViewResolver; SearchStrategy: all) did not find any beans (OnBeanCondition)

   WebMvcAutoConfiguration.WebMvcAutoConfigurationAdapter#requestContextFilter matched:
      - @ConditionalOnMissingBean (types: org.springframework.web.context.request.RequestContextListener,org.springframework.web.filter.RequestContextFilter; SearchStrategy: all) did not find any beans (OnBeanCondition)

   WebMvcAutoConfiguration.WebMvcAutoConfigurationAdapter#viewResolver matched:
      - @ConditionalOnBean (types: org.springframework.web.servlet.ViewResolver; SearchStrategy: all) found beans 'defaultViewResolver', 'beanNameViewResolver', 'mvcViewResolver'; @ConditionalOnMissingBean (names: viewResolver types: org.springframework.web.servlet.view.ContentNegotiatingViewResolver; SearchStrategy: all) did not find any beans (OnBeanCondition)

   WebSocketServletAutoConfiguration matched:
      - @ConditionalOnClass found required classes 'jakarta.servlet.Servlet', 'jakarta.websocket.server.ServerContainer' (OnClassCondition)
      - found 'session' scope (OnWebApplicationCondition)

   WebSocketServletAutoConfiguration.TomcatWebSocketConfiguration matched:
      - @ConditionalOnClass found required classes 'org.apache.catalina.startup.Tomcat', 'org.apache.tomcat.websocket.server.WsSci' (OnClassCondition)

   WebSocketServletAutoConfiguration.TomcatWebSocketConfiguration#websocketServletWebServerCustomizer matched:
      - @ConditionalOnMissingBean (names: websocketServletWebServerCustomizer; SearchStrategy: all) did not find any beans (OnBeanCondition)


Negative matches:
-----------------

   ActiveMQAutoConfiguration:
      Did not match:
         - @ConditionalOnClass did not find required class 'jakarta.jms.ConnectionFactory' (OnClassCondition)

   AnthropicAutoConfiguration:
      Did not match:
         - @ConditionalOnClass did not find required class 'org.springframework.ai.anthropic.api.AnthropicApi' (OnClassCondition)

   AopAutoConfiguration.AspectJAutoProxyingConfiguration.JdkDynamicAutoProxyConfiguration:
      Did not match:
         - @ConditionalOnProperty (spring.aop.proxy-target-class=false) did not find property 'proxy-target-class' (OnPropertyCondition)

   AopAutoConfiguration.ClassProxyingConfiguration:
      Did not match:
         - @ConditionalOnMissingClass found unwanted class 'org.aspectj.weaver.Advice' (OnClassCondition)

   ArtemisAutoConfiguration:
      Did not match:
         - @ConditionalOnClass did not find required class 'jakarta.jms.ConnectionFactory' (OnClassCondition)

   AzureOpenAiAutoConfiguration:
      Did not match:
         - @ConditionalOnClass did not find required classes 'com.azure.ai.openai.OpenAIClientBuilder', 'org.springframework.ai.azure.openai.AzureOpenAiChatModel' (OnClassCondition)

   AzureVectorStoreAutoConfiguration:
      Did not match:
         - @ConditionalOnClass did not find required classes 'com.azure.search.documents.indexes.SearchIndexClient', 'org.springframework.ai.vectorstore.azure.AzureVectorStore' (OnClassCondition)

   BatchAutoConfiguration:
      Did not match:
         - @ConditionalOnClass did not find required class 'org.springframework.batch.core.launch.JobLauncher' (OnClassCondition)

   BedrockAi21Jurassic2ChatAutoConfiguration:
      Did not match:
         - @ConditionalOnClass did not find required class 'org.springframework.ai.bedrock.jurassic2.api.Ai21Jurassic2ChatBedrockApi' (OnClassCondition)

   BedrockAnthropic3ChatAutoConfiguration:
      Did not match:
         - @ConditionalOnClass did not find required class 'org.springframework.ai.bedrock.anthropic3.api.Anthropic3ChatBedrockApi' (OnClassCondition)

   BedrockAnthropicChatAutoConfiguration:
      Did not match:
         - @ConditionalOnClass did not find required class 'org.springframework.ai.bedrock.anthropic.api.AnthropicChatBedrockApi' (OnClassCondition)

   BedrockCohereChatAutoConfiguration:
      Did not match:
         - @ConditionalOnClass did not find required class 'org.springframework.ai.bedrock.cohere.api.CohereChatBedrockApi' (OnClassCondition)

   BedrockCohereEmbeddingAutoConfiguration:
      Did not match:
         - @ConditionalOnClass did not find required class 'org.springframework.ai.bedrock.cohere.api.CohereEmbeddingBedrockApi' (OnClassCondition)

   BedrockLlamaChatAutoConfiguration:
      Did not match:
         - @ConditionalOnClass did not find required class 'org.springframework.ai.bedrock.llama.api.LlamaChatBedrockApi' (OnClassCondition)

   BedrockTitanChatAutoConfiguration:
      Did not match:
         - @ConditionalOnClass did not find required class 'org.springframework.ai.bedrock.titan.api.TitanChatBedrockApi' (OnClassCondition)

   BedrockTitanEmbeddingAutoConfiguration:
      Did not match:
         - @ConditionalOnClass did not find required class 'org.springframework.ai.bedrock.titan.api.TitanEmbeddingBedrockApi' (OnClassCondition)

   Cache2kCacheConfiguration:
      Did not match:
         - @ConditionalOnClass did not find required class 'org.cache2k.Cache2kBuilder' (OnClassCondition)

   CacheAutoConfiguration:
      Did not match:
         - @ConditionalOnBean (types: org.springframework.cache.interceptor.CacheAspectSupport; SearchStrategy: all) did not find any beans of type org.springframework.cache.interceptor.CacheAspectSupport (OnBeanCondition)
      Matched:
         - @ConditionalOnClass found required class 'org.springframework.cache.CacheManager' (OnClassCondition)

   CacheAutoConfiguration.CacheManagerEntityManagerFactoryDependsOnPostProcessor:
      Did not match:
         - Ancestor org.springframework.boot.autoconfigure.cache.CacheAutoConfiguration did not match (ConditionEvaluationReport.AncestorsMatchedCondition)
      Matched:
         - @ConditionalOnClass found required class 'org.springframework.orm.jpa.LocalContainerEntityManagerFactoryBean' (OnClassCondition)

   CaffeineCacheConfiguration:
      Did not match:
         - @ConditionalOnClass did not find required class 'com.github.benmanes.caffeine.cache.Caffeine' (OnClassCondition)

   CassandraAutoConfiguration:
      Did not match:
         - @ConditionalOnClass did not find required class 'com.datastax.oss.driver.api.core.CqlSession' (OnClassCondition)

   CassandraDataAutoConfiguration:
      Did not match:
         - @ConditionalOnClass did not find required class 'com.datastax.oss.driver.api.core.CqlSession' (OnClassCondition)

   CassandraReactiveDataAutoConfiguration:
      Did not match:
         - @ConditionalOnClass did not find required class 'com.datastax.oss.driver.api.core.CqlSession' (OnClassCondition)

   CassandraReactiveRepositoriesAutoConfiguration:
      Did not match:
         - @ConditionalOnClass did not find required class 'org.springframework.data.cassandra.ReactiveSession' (OnClassCondition)

   CassandraRepositoriesAutoConfiguration:
      Did not match:
         - @ConditionalOnClass did not find required class 'com.datastax.oss.driver.api.core.CqlSession' (OnClassCondition)

   CassandraVectorStoreAutoConfiguration:
      Did not match:
         - @ConditionalOnClass did not find required classes 'org.springframework.ai.vectorstore.CassandraVectorStore', 'com.datastax.oss.driver.api.core.CqlSession' (OnClassCondition)

   ChromaVectorStoreAutoConfiguration:
      Did not match:
         - @ConditionalOnClass did not find required class 'org.springframework.ai.vectorstore.ChromaVectorStore' (OnClassCondition)

   ClientHttpConnectorFactoryConfiguration.HttpClient5:
      Did not match:
         - @ConditionalOnClass did not find required classes 'org.apache.hc.client5.http.impl.async.HttpAsyncClients', 'org.apache.hc.core5.http.nio.AsyncRequestProducer', 'org.apache.hc.core5.reactive.ReactiveResponseConsumer' (OnClassCondition)

   ClientHttpConnectorFactoryConfiguration.JdkClient:
      Did not match:
         - @ConditionalOnMissingBean (types: org.springframework.boot.autoconfigure.web.reactive.function.client.ClientHttpConnectorFactory; SearchStrategy: all) found beans of type 'org.springframework.boot.autoconfigure.web.reactive.function.client.ClientHttpConnectorFactory' reactorClientHttpConnectorFactory (OnBeanCondition)
      Matched:
         - @ConditionalOnClass found required class 'java.net.http.HttpClient' (OnClassCondition)

   CloudHypermediaAutoConfiguration:
      Did not match:
         - @ConditionalOnClass did not find required class 'org.springframework.hateoas.Link' (OnClassCondition)

   CommonsClientAutoConfiguration.ActuatorConfiguration:
      Did not match:
         - @ConditionalOnClass did not find required class 'org.springframework.boot.actuate.endpoint.annotation.Endpoint' (OnClassCondition)

   CommonsClientAutoConfiguration.DiscoveryLoadBalancerConfiguration:
      Did not match:
         - @ConditionalOnClass did not find required class 'org.springframework.boot.actuate.health.HealthIndicator' (OnClassCondition)

   ContextFunctionCatalogAutoConfiguration.CloudEventsMessageConverterConfiguration:
      Did not match:
         - @ConditionalOnClass did not find required class 'io.cloudevents.spring.messaging.CloudEventMessageConverter' (OnClassCondition)

   CouchbaseAutoConfiguration:
      Did not match:
         - @ConditionalOnClass did not find required class 'com.couchbase.client.java.Cluster' (OnClassCondition)

   CouchbaseCacheConfiguration:
      Did not match:
         - @ConditionalOnClass did not find required class 'com.couchbase.client.java.Cluster' (OnClassCondition)

   CouchbaseDataAutoConfiguration:
      Did not match:
         - @ConditionalOnClass did not find required class 'com.couchbase.client.java.Bucket' (OnClassCondition)

   CouchbaseReactiveDataAutoConfiguration:
      Did not match:
         - @ConditionalOnClass did not find required class 'com.couchbase.client.java.Cluster' (OnClassCondition)

   CouchbaseReactiveRepositoriesAutoConfiguration:
      Did not match:
         - @ConditionalOnClass did not find required class 'com.couchbase.client.java.Cluster' (OnClassCondition)

   CouchbaseRepositoriesAutoConfiguration:
      Did not match:
         - @ConditionalOnClass did not find required class 'com.couchbase.client.java.Bucket' (OnClassCondition)

   DataSourceAutoConfiguration.EmbeddedDatabaseConfiguration:
      Did not match:
         - EmbeddedDataSource spring.datasource.url is set (DataSourceAutoConfiguration.EmbeddedDatabaseCondition)

   DataSourceCheckpointRestoreConfiguration:
      Did not match:
         - @ConditionalOnClass did not find required class 'org.crac.Resource' (OnClassCondition)

   DataSourceConfiguration.Dbcp2:
      Did not match:
         - @ConditionalOnClass did not find required class 'org.apache.commons.dbcp2.BasicDataSource' (OnClassCondition)

   DataSourceConfiguration.Generic:
      Did not match:
         - @ConditionalOnProperty (spring.datasource.type) did not find property 'spring.datasource.type' (OnPropertyCondition)

   DataSourceConfiguration.OracleUcp:
      Did not match:
         - @ConditionalOnClass did not find required classes 'oracle.ucp.jdbc.PoolDataSourceImpl', 'oracle.jdbc.OracleConnection' (OnClassCondition)

   DataSourceConfiguration.Tomcat:
      Did not match:
         - @ConditionalOnClass did not find required class 'org.apache.tomcat.jdbc.pool.DataSource' (OnClassCondition)

   DataSourceJmxConfiguration:
      Did not match:
         - @ConditionalOnProperty (spring.jmx.enabled=true) found different value in property 'enabled' (OnPropertyCondition)

   DataSourcePoolMetadataProvidersConfiguration.CommonsDbcp2PoolDataSourceMetadataProviderConfiguration:
      Did not match:
         - @ConditionalOnClass did not find required class 'org.apache.commons.dbcp2.BasicDataSource' (OnClassCondition)

   DataSourcePoolMetadataProvidersConfiguration.OracleUcpPoolDataSourceMetadataProviderConfiguration:
      Did not match:
         - @ConditionalOnClass did not find required classes 'oracle.ucp.jdbc.PoolDataSource', 'oracle.jdbc.OracleConnection' (OnClassCondition)

   DataSourcePoolMetadataProvidersConfiguration.TomcatDataSourcePoolMetadataProviderConfiguration:
      Did not match:
         - @ConditionalOnClass did not find required class 'org.apache.tomcat.jdbc.pool.DataSource' (OnClassCondition)

   DataSourceTransactionManagerAutoConfiguration.JdbcTransactionManagerConfiguration#transactionManager:
      Did not match:
         - @ConditionalOnMissingBean (types: org.springframework.transaction.TransactionManager; SearchStrategy: all) found beans of type 'org.springframework.transaction.TransactionManager' transactionManager (OnBeanCondition)

   DispatcherServletAutoConfiguration.DispatcherServletConfiguration#multipartResolver:
      Did not match:
         - @ConditionalOnBean (types: org.springframework.web.multipart.MultipartResolver; SearchStrategy: all) did not find any beans of type org.springframework.web.multipart.MultipartResolver (OnBeanCondition)

   ElasticsearchClientAutoConfiguration:
      Did not match:
         - @ConditionalOnClass did not find required class 'co.elastic.clients.elasticsearch.ElasticsearchClient' (OnClassCondition)

   ElasticsearchDataAutoConfiguration:
      Did not match:
         - @ConditionalOnClass did not find required class 'org.springframework.data.elasticsearch.client.elc.ElasticsearchTemplate' (OnClassCondition)

   ElasticsearchRepositoriesAutoConfiguration:
      Did not match:
         - @ConditionalOnClass did not find required class 'org.springframework.data.elasticsearch.repository.ElasticsearchRepository' (OnClassCondition)

   ElasticsearchRestClientAutoConfiguration:
      Did not match:
         - @ConditionalOnClass did not find required class 'org.elasticsearch.client.RestClientBuilder' (OnClassCondition)

   ElasticsearchVectorStoreAutoConfiguration:
      Did not match:
         - @ConditionalOnClass did not find required classes 'org.springframework.ai.vectorstore.ElasticsearchVectorStore', 'org.elasticsearch.client.RestClient' (OnClassCondition)

   EmbeddedLdapAutoConfiguration:
      Did not match:
         - @ConditionalOnClass did not find required class 'com.unboundid.ldap.listener.InMemoryDirectoryServer' (OnClassCondition)

   EmbeddedWebServerFactoryCustomizerAutoConfiguration.JettyWebServerFactoryCustomizerConfiguration:
      Did not match:
         - @ConditionalOnClass did not find required classes 'org.eclipse.jetty.server.Server', 'org.eclipse.jetty.util.Loader', 'org.eclipse.jetty.ee10.webapp.WebAppContext' (OnClassCondition)

   EmbeddedWebServerFactoryCustomizerAutoConfiguration.TomcatWebServerFactoryCustomizerConfiguration#tomcatVirtualThreadsProtocolHandlerCustomizer:
      Did not match:
         - @ConditionalOnThreading did not find VIRTUAL (OnThreadingCondition)

   EmbeddedWebServerFactoryCustomizerAutoConfiguration.UndertowWebServerFactoryCustomizerConfiguration:
      Did not match:
         - @ConditionalOnClass did not find required classes 'io.undertow.Undertow', 'org.xnio.SslClientAuthMode' (OnClassCondition)

   ErrorWebFluxAutoConfiguration:
      Did not match:
         - not a reactive web application (OnWebApplicationCondition)
      Matched:
         - @ConditionalOnClass found required class 'org.springframework.web.reactive.config.WebFluxConfigurer' (OnClassCondition)

   FlywayAutoConfiguration:
      Did not match:
         - @ConditionalOnClass did not find required class 'org.flywaydb.core.Flyway' (OnClassCondition)

   FreeMarkerAutoConfiguration:
      Did not match:
         - @ConditionalOnClass did not find required class 'freemarker.template.Configuration' (OnClassCondition)

   FunctionsEndpointAutoConfiguration:
      Did not match:
         - @ConditionalOnClass did not find required class 'org.springframework.boot.actuate.endpoint.annotation.Endpoint' (OnClassCondition)

   GraphQlAutoConfiguration:
      Did not match:
         - @ConditionalOnClass did not find required class 'graphql.GraphQL' (OnClassCondition)

   GraphQlQueryByExampleAutoConfiguration:
      Did not match:
         - @ConditionalOnClass did not find required class 'graphql.GraphQL' (OnClassCondition)

   GraphQlQuerydslAutoConfiguration:
      Did not match:
         - @ConditionalOnClass did not find required class 'com.querydsl.core.Query' (OnClassCondition)

   GraphQlRSocketAutoConfiguration:
      Did not match:
         - @ConditionalOnClass did not find required class 'graphql.GraphQL' (OnClassCondition)

   GraphQlReactiveQueryByExampleAutoConfiguration:
      Did not match:
         - @ConditionalOnClass did not find required class 'graphql.GraphQL' (OnClassCondition)

   GraphQlReactiveQuerydslAutoConfiguration:
      Did not match:
         - @ConditionalOnClass did not find required class 'com.querydsl.core.Query' (OnClassCondition)

   GraphQlWebFluxAutoConfiguration:
      Did not match:
         - @ConditionalOnClass did not find required class 'graphql.GraphQL' (OnClassCondition)

   GraphQlWebFluxSecurityAutoConfiguration:
      Did not match:
         - @ConditionalOnClass did not find required class 'graphql.GraphQL' (OnClassCondition)

   GraphQlWebMvcAutoConfiguration:
      Did not match:
         - @ConditionalOnClass did not find required class 'graphql.GraphQL' (OnClassCondition)

   GraphQlWebMvcSecurityAutoConfiguration:
      Did not match:
         - @ConditionalOnClass did not find required class 'graphql.GraphQL' (OnClassCondition)

   GroovyTemplateAutoConfiguration:
      Did not match:
         - @ConditionalOnClass did not find required class 'groovy.text.markup.MarkupTemplateEngine' (OnClassCondition)

   GsonHttpMessageConvertersConfiguration.GsonHttpMessageConverterConfiguration:
      Did not match:
         - AnyNestedCondition 0 matched 2 did not; NestedCondition on GsonHttpMessageConvertersConfiguration.PreferGsonOrJacksonAndJsonbUnavailableCondition.JacksonJsonbUnavailable NoneNestedConditions 1 matched 1 did not; NestedCondition on GsonHttpMessageConvertersConfiguration.JacksonAndJsonbUnavailableCondition.JsonbPreferred @ConditionalOnProperty (spring.mvc.converters.preferred-json-mapper=jsonb) did not find property 'spring.mvc.converters.preferred-json-mapper'; NestedCondition on GsonHttpMessageConvertersConfiguration.JacksonAndJsonbUnavailableCondition.JacksonAvailable @ConditionalOnBean (types: org.springframework.http.converter.json.MappingJackson2HttpMessageConverter; SearchStrategy: all) found bean 'mappingJackson2HttpMessageConverter'; NestedCondition on GsonHttpMessageConvertersConfiguration.PreferGsonOrJacksonAndJsonbUnavailableCondition.GsonPreferred @ConditionalOnProperty (spring.mvc.converters.preferred-json-mapper=gson) did not find property 'spring.mvc.converters.preferred-json-mapper' (GsonHttpMessageConvertersConfiguration.PreferGsonOrJacksonAndJsonbUnavailableCondition)

   H2ConsoleAutoConfiguration:
      Did not match:
         - @ConditionalOnProperty (spring.h2.console.enabled=true) did not find property 'enabled' (OnPropertyCondition)
      Matched:
         - @ConditionalOnClass found required class 'org.h2.server.web.JakartaWebServlet' (OnClassCondition)
         - found 'session' scope (OnWebApplicationCondition)

   HanaCloudVectorStoreAutoConfiguration:
      Did not match:
         - @ConditionalOnClass did not find required classes 'org.springframework.ai.vectorstore.HanaCloudVectorStore', 'org.springframework.ai.vectorstore.HanaVectorEntity' (OnClassCondition)

   HazelcastAutoConfiguration:
      Did not match:
         - @ConditionalOnClass did not find required class 'com.hazelcast.core.HazelcastInstance' (OnClassCondition)

   HazelcastCacheConfiguration:
      Did not match:
         - @ConditionalOnClass did not find required class 'com.hazelcast.core.HazelcastInstance' (OnClassCondition)

   HazelcastJpaDependencyAutoConfiguration:
      Did not match:
         - @ConditionalOnClass did not find required class 'com.hazelcast.core.HazelcastInstance' (OnClassCondition)

   HazelcastSessionConfiguration:
      Did not match:
         - @ConditionalOnClass did not find required class 'org.springframework.session.hazelcast.HazelcastIndexedSessionRepository' (OnClassCondition)

   HttpHandlerAutoConfiguration:
      Did not match:
         - not a reactive web application (OnWebApplicationCondition)
      Matched:
         - @ConditionalOnClass found required classes 'org.springframework.web.reactive.DispatcherHandler', 'org.springframework.http.server.reactive.HttpHandler' (OnClassCondition)

   HuggingfaceChatAutoConfiguration:
      Did not match:
         - @ConditionalOnClass did not find required class 'org.springframework.ai.huggingface.HuggingfaceChatModel' (OnClassCondition)

   HypermediaAutoConfiguration:
      Did not match:
         - @ConditionalOnClass did not find required class 'org.springframework.hateoas.EntityModel' (OnClassCondition)

   InfinispanCacheConfiguration:
      Did not match:
         - @ConditionalOnClass did not find required class 'org.infinispan.spring.embedded.provider.SpringEmbeddedCacheManager' (OnClassCondition)

   InfluxDbAutoConfiguration:
      Did not match:
         - @ConditionalOnClass did not find required class 'org.influxdb.InfluxDB' (OnClassCondition)

   IntegrationAutoConfiguration:
      Did not match:
         - @ConditionalOnClass did not find required class 'org.springframework.integration.config.EnableIntegration' (OnClassCondition)

   JCacheCacheConfiguration:
      Did not match:
         - @ConditionalOnClass did not find required class 'javax.cache.Caching' (OnClassCondition)

   JacksonAutoConfiguration.JacksonObjectMapperConfiguration#jacksonObjectMapper:
      Did not match:
         - @ConditionalOnMissingBean (types: com.fasterxml.jackson.databind.ObjectMapper; SearchStrategy: all) found beans of type 'com.fasterxml.jackson.databind.ObjectMapper' objectMapper (OnBeanCondition)

   JacksonHttpMessageConvertersConfiguration.MappingJackson2XmlHttpMessageConverterConfiguration:
      Did not match:
         - @ConditionalOnClass did not find required class 'com.fasterxml.jackson.dataformat.xml.XmlMapper' (OnClassCondition)

   JdbcSessionConfiguration:
      Did not match:
         - @ConditionalOnClass did not find required class 'org.springframework.session.jdbc.JdbcIndexedSessionRepository' (OnClassCondition)

   JerseyAutoConfiguration:
      Did not match:
         - @ConditionalOnClass did not find required class 'org.glassfish.jersey.server.spring.SpringComponentProvider' (OnClassCondition)

   JmsAutoConfiguration:
      Did not match:
         - @ConditionalOnClass did not find required class 'jakarta.jms.Message' (OnClassCondition)

   JmxAutoConfiguration:
      Did not match:
         - @ConditionalOnProperty (spring.jmx.enabled=true) found different value in property 'enabled' (OnPropertyCondition)
      Matched:
         - @ConditionalOnClass found required class 'org.springframework.jmx.export.MBeanExporter' (OnClassCondition)

   JndiConnectionFactoryAutoConfiguration:
      Did not match:
         - @ConditionalOnClass did not find required class 'org.springframework.jms.core.JmsTemplate' (OnClassCondition)

   JndiDataSourceAutoConfiguration:
      Did not match:
         - @ConditionalOnProperty (spring.datasource.jndi-name) did not find property 'jndi-name' (OnPropertyCondition)
      Matched:
         - @ConditionalOnClass found required classes 'javax.sql.DataSource', 'org.springframework.jdbc.datasource.embedded.EmbeddedDatabaseType' (OnClassCondition)

   JndiJtaConfiguration:
      Did not match:
         - @ConditionalOnJndi JNDI environment is not available (OnJndiCondition)
      Matched:
         - @ConditionalOnClass found required class 'org.springframework.transaction.jta.JtaTransactionManager' (OnClassCondition)

   JooqAutoConfiguration:
      Did not match:
         - @ConditionalOnClass did not find required class 'org.jooq.DSLContext' (OnClassCondition)

   JpaRepositoriesAutoConfiguration#entityManagerFactoryBootstrapExecutorCustomizer:
      Did not match:
         - AnyNestedCondition 0 matched 2 did not; NestedCondition on JpaRepositoriesAutoConfiguration.BootstrapExecutorCondition.LazyBootstrapMode @ConditionalOnProperty (spring.data.jpa.repositories.bootstrap-mode=lazy) did not find property 'bootstrap-mode'; NestedCondition on JpaRepositoriesAutoConfiguration.BootstrapExecutorCondition.DeferredBootstrapMode @ConditionalOnProperty (spring.data.jpa.repositories.bootstrap-mode=deferred) did not find property 'bootstrap-mode' (JpaRepositoriesAutoConfiguration.BootstrapExecutorCondition)

   JsonbAutoConfiguration:
      Did not match:
         - @ConditionalOnClass did not find required class 'jakarta.json.bind.Jsonb' (OnClassCondition)

   JsonbHttpMessageConvertersConfiguration:
      Did not match:
         - @ConditionalOnClass did not find required class 'jakarta.json.bind.Jsonb' (OnClassCondition)

   KafkaAutoConfiguration:
      Did not match:
         - @ConditionalOnClass did not find required class 'org.springframework.kafka.core.KafkaTemplate' (OnClassCondition)

   KotlinLambdaToFunctionAutoConfiguration:
      Did not match:
         - @ConditionalOnClass did not find required class 'kotlin.jvm.functions.Function0' (OnClassCondition)

   LdapAutoConfiguration:
      Did not match:
         - @ConditionalOnClass did not find required class 'org.springframework.ldap.core.ContextSource' (OnClassCondition)

   LdapRepositoriesAutoConfiguration:
      Did not match:
         - @ConditionalOnClass did not find required class 'org.springframework.data.ldap.repository.LdapRepository' (OnClassCondition)

   LiquibaseAutoConfiguration:
      Did not match:
         - @ConditionalOnClass did not find required class 'liquibase.change.DatabaseChange' (OnClassCondition)

   LoadBalancerAutoConfiguration:
      Did not match:
         - @ConditionalOnBean (types: org.springframework.cloud.client.loadbalancer.LoadBalancerClient; SearchStrategy: all) did not find any beans of type org.springframework.cloud.client.loadbalancer.LoadBalancerClient (OnBeanCondition)
      Matched:
         - AnyNestedCondition 2 matched 0 did not; NestedCondition on BlockingRestClassesPresentCondition.RestClientPresent @ConditionalOnClass found required class 'org.springframework.web.client.RestClient'; NestedCondition on BlockingRestClassesPresentCondition.RestTemplatePresent @ConditionalOnClass found required class 'org.springframework.web.client.RestTemplate' (BlockingRestClassesPresentCondition)

   LoadBalancerAutoConfiguration.RetryAutoConfiguration:
      Did not match:
         - Ancestor org.springframework.cloud.client.loadbalancer.LoadBalancerAutoConfiguration did not match (ConditionEvaluationReport.AncestorsMatchedCondition)
      Matched:
         - @ConditionalOnClass found required class 'org.springframework.retry.support.RetryTemplate' (OnClassCondition)

   LoadBalancerAutoConfiguration.RetryInterceptorAutoConfiguration:
      Did not match:
         - Ancestor org.springframework.cloud.client.loadbalancer.LoadBalancerAutoConfiguration did not match (ConditionEvaluationReport.AncestorsMatchedCondition)
      Matched:
         - @ConditionalOnClass found required class 'org.springframework.retry.support.RetryTemplate' (OnClassCondition)
         - @ConditionalOnProperty (spring.cloud.loadbalancer.retry.enabled) matched (OnPropertyCondition)

   LoadBalancerBeanPostProcessorAutoConfiguration:
      Did not match:
         - AnyNestedCondition 0 matched 2 did not; NestedCondition on LoadBalancerBeanPostProcessorAutoConfiguration.OnAnyLoadBalancerImplementationPresentCondition.LoadBalancerClientPresent @ConditionalOnBean (types: org.springframework.cloud.client.loadbalancer.LoadBalancerClient; SearchStrategy: all) did not find any beans of type org.springframework.cloud.client.loadbalancer.LoadBalancerClient; NestedCondition on LoadBalancerBeanPostProcessorAutoConfiguration.OnAnyLoadBalancerImplementationPresentCondition.ReactiveLoadBalancerFactoryPresent @ConditionalOnBean (types: org.springframework.cloud.client.loadbalancer.reactive.ReactiveLoadBalancer$Factory; SearchStrategy: all) did not find any beans of type org.springframework.cloud.client.loadbalancer.reactive.ReactiveLoadBalancer$Factory (LoadBalancerBeanPostProcessorAutoConfiguration.OnAnyLoadBalancerImplementationPresentCondition)
      Matched:
         - @ConditionalOnClass found required class 'org.springframework.web.reactive.function.client.WebClient' (OnClassCondition)

   MailSenderAutoConfiguration:
      Did not match:
         - AnyNestedCondition 0 matched 2 did not; NestedCondition on MailSenderAutoConfiguration.MailSenderCondition.JndiNameProperty @ConditionalOnProperty (spring.mail.jndi-name) did not find property 'jndi-name'; NestedCondition on MailSenderAutoConfiguration.MailSenderCondition.HostProperty @ConditionalOnProperty (spring.mail.host) did not find property 'host' (MailSenderAutoConfiguration.MailSenderCondition)
      Matched:
         - @ConditionalOnClass found required classes 'jakarta.mail.internet.MimeMessage', 'jakarta.activation.MimeType', 'org.springframework.mail.MailSender' (OnClassCondition)

   MailSenderValidatorAutoConfiguration:
      Did not match:
         - @ConditionalOnProperty (spring.mail.test-connection) did not find property 'test-connection' (OnPropertyCondition)

   MessageSourceAutoConfiguration:
      Did not match:
         - ResourceBundle did not find bundle with basename messages (MessageSourceAutoConfiguration.ResourceBundleCondition)

   MilvusVectorStoreAutoConfiguration:
      Did not match:
         - @ConditionalOnClass did not find required class 'org.springframework.ai.vectorstore.MilvusVectorStore' (OnClassCondition)

   MistralAiAutoConfiguration:
      Did not match:
         - @ConditionalOnClass did not find required class 'org.springframework.ai.mistralai.api.MistralAiApi' (OnClassCondition)

   MongoAutoConfiguration:
      Did not match:
         - @ConditionalOnClass did not find required class 'com.mongodb.client.MongoClient' (OnClassCondition)

   MongoDBAtlasVectorStoreAutoConfiguration:
      Did not match:
         - @ConditionalOnClass did not find required classes 'org.springframework.ai.vectorstore.MongoDBAtlasVectorStore', 'org.springframework.data.mongodb.core.MongoTemplate' (OnClassCondition)

   MongoDataAutoConfiguration:
      Did not match:
         - @ConditionalOnClass did not find required class 'com.mongodb.client.MongoClient' (OnClassCondition)

   MongoReactiveAutoConfiguration:
      Did not match:
         - @ConditionalOnClass did not find required class 'com.mongodb.reactivestreams.client.MongoClient' (OnClassCondition)

   MongoReactiveDataAutoConfiguration:
      Did not match:
         - @ConditionalOnClass did not find required class 'com.mongodb.reactivestreams.client.MongoClient' (OnClassCondition)

   MongoReactiveRepositoriesAutoConfiguration:
      Did not match:
         - @ConditionalOnClass did not find required class 'com.mongodb.reactivestreams.client.MongoClient' (OnClassCondition)

   MongoRepositoriesAutoConfiguration:
      Did not match:
         - @ConditionalOnClass did not find required class 'com.mongodb.client.MongoClient' (OnClassCondition)

   MongoSessionConfiguration:
      Did not match:
         - @ConditionalOnClass did not find required classes 'org.springframework.data.mongodb.core.MongoOperations', 'org.springframework.session.data.mongo.MongoIndexedSessionRepository' (OnClassCondition)

   MultipleOpenApiSupportConfiguration:
      Did not match:
         - AnyNestedCondition 0 matched 2 did not; NestedCondition on MultipleOpenApiSupportCondition.OnActuatorDifferentPort @ConditionalOnProperty (springdoc.show-actuator) did not find property 'springdoc.show-actuator'; NestedCondition on MultipleOpenApiSupportCondition.OnMultipleOpenApiSupportCondition AnyNestedCondition 0 matched 2 did not; NestedCondition on MultipleOpenApiGroupsCondition.OnGroupConfigProperty @ConditionalOnProperty (springdoc.group-configs[0].group) did not find property 'springdoc.group-configs[0].group'; NestedCondition on MultipleOpenApiGroupsCondition.OnGroupedOpenApiBean @ConditionalOnBean (types: org.springdoc.core.models.GroupedOpenApi; SearchStrategy: all) did not find any beans of type org.springdoc.core.models.GroupedOpenApi (MultipleOpenApiSupportCondition)
      Matched:
         - found 'session' scope (OnWebApplicationCondition)
         - @ConditionalOnProperty (springdoc.api-docs.enabled) matched (OnPropertyCondition)

   MultipleOpenApiSupportConfiguration.SpringDocWebMvcActuatorDifferentConfiguration:
      Did not match:
         - @ConditionalOnClass did not find required class 'org.springframework.boot.actuate.endpoint.web.servlet.WebMvcEndpointHandlerMapping' (OnClassCondition)
         - Ancestor org.springdoc.webmvc.core.configuration.MultipleOpenApiSupportConfiguration did not match (ConditionEvaluationReport.AncestorsMatchedCondition)

   MustacheAutoConfiguration:
      Did not match:
         - @ConditionalOnClass did not find required class 'com.samskivert.mustache.Mustache' (OnClassCondition)

   Neo4jAutoConfiguration:
      Did not match:
         - @ConditionalOnClass did not find required class 'org.neo4j.driver.Driver' (OnClassCondition)

   Neo4jDataAutoConfiguration:
      Did not match:
         - @ConditionalOnClass did not find required class 'org.neo4j.driver.Driver' (OnClassCondition)

   Neo4jReactiveDataAutoConfiguration:
      Did not match:
         - @ConditionalOnClass did not find required class 'org.neo4j.driver.Driver' (OnClassCondition)

   Neo4jReactiveRepositoriesAutoConfiguration:
      Did not match:
         - @ConditionalOnClass did not find required class 'org.neo4j.driver.Driver' (OnClassCondition)

   Neo4jRepositoriesAutoConfiguration:
      Did not match:
         - @ConditionalOnClass did not find required class 'org.neo4j.driver.Driver' (OnClassCondition)

   Neo4jVectorStoreAutoConfiguration:
      Did not match:
         - @ConditionalOnClass did not find required classes 'org.springframework.ai.vectorstore.Neo4jVectorStore', 'org.neo4j.driver.Driver' (OnClassCondition)

   OAuth2AuthorizationServerAutoConfiguration:
      Did not match:
         - @ConditionalOnClass did not find required class 'org.springframework.security.oauth2.server.authorization.OAuth2Authorization' (OnClassCondition)

   OAuth2AuthorizationServerJwtAutoConfiguration:
      Did not match:
         - @ConditionalOnClass did not find required class 'org.springframework.security.oauth2.server.authorization.OAuth2Authorization' (OnClassCondition)

   OAuth2ClientRegistrationRepositoryConfiguration:
      Did not match:
         - OAuth2 Clients Configured Condition registered clients is not available (ClientsConfiguredCondition)

   OAuth2ResourceServerJwtConfiguration.JwtConverterConfiguration:
      Did not match:
         - AnyNestedCondition 0 matched 3 did not; NestedCondition on OAuth2ResourceServerJwtConfiguration.JwtConverterPropertiesCondition.OnAuthoritiesClaimName @ConditionalOnProperty (spring.security.oauth2.resourceserver.jwt.authorities-claim-name) did not find property 'authorities-claim-name'; NestedCondition on OAuth2ResourceServerJwtConfiguration.JwtConverterPropertiesCondition.OnPrincipalClaimName @ConditionalOnProperty (spring.security.oauth2.resourceserver.jwt.principal-claim-name) did not find property 'principal-claim-name'; NestedCondition on OAuth2ResourceServerJwtConfiguration.JwtConverterPropertiesCondition.OnAuthorityPrefix @ConditionalOnProperty (spring.security.oauth2.resourceserver.jwt.authority-prefix) did not find property 'authority-prefix' (OAuth2ResourceServerJwtConfiguration.JwtConverterPropertiesCondition)

   OAuth2ResourceServerJwtConfiguration.JwtDecoderConfiguration#jwtDecoderByIssuerUri:
      Did not match:
         - OpenID Connect Issuer URI Condition did not find issuer-uri property (IssuerUriCondition)

   OAuth2ResourceServerJwtConfiguration.JwtDecoderConfiguration#jwtDecoderByJwkKeySetUri:
      Did not match:
         - @ConditionalOnProperty (spring.security.oauth2.resourceserver.jwt.jwk-set-uri) did not find property 'spring.security.oauth2.resourceserver.jwt.jwk-set-uri' (OnPropertyCondition)

   OAuth2ResourceServerJwtConfiguration.JwtDecoderConfiguration#jwtDecoderByPublicKeyValue:
      Did not match:
         - Public Key Value Condition did not find public-key-location property (KeyValueCondition)

   OAuth2ResourceServerJwtConfiguration.OAuth2SecurityFilterChainConfiguration:
      Did not match:
         - AllNestedConditions 1 matched 1 did not; NestedCondition on DefaultWebSecurityCondition.Beans @ConditionalOnMissingBean (types: org.springframework.security.web.SecurityFilterChain; SearchStrategy: all) found beans of type 'org.springframework.security.web.SecurityFilterChain' securityFilterChain; NestedCondition on DefaultWebSecurityCondition.Classes @ConditionalOnClass found required classes 'org.springframework.security.web.SecurityFilterChain', 'org.springframework.security.config.annotation.web.builders.HttpSecurity' (DefaultWebSecurityCondition)

   OAuth2ResourceServerOpaqueTokenConfiguration.OAuth2SecurityFilterChainConfiguration:
      Did not match:
         - AllNestedConditions 1 matched 1 did not; NestedCondition on DefaultWebSecurityCondition.Beans @ConditionalOnMissingBean (types: org.springframework.security.web.SecurityFilterChain; SearchStrategy: all) found beans of type 'org.springframework.security.web.SecurityFilterChain' securityFilterChain; NestedCondition on DefaultWebSecurityCondition.Classes @ConditionalOnClass found required classes 'org.springframework.security.web.SecurityFilterChain', 'org.springframework.security.config.annotation.web.builders.HttpSecurity' (DefaultWebSecurityCondition)

   OAuth2ResourceServerOpaqueTokenConfiguration.OpaqueTokenIntrospectionClientConfiguration#opaqueTokenIntrospector:
      Did not match:
         - @ConditionalOnProperty (spring.security.oauth2.resourceserver.opaquetoken.introspection-uri) did not find property 'spring.security.oauth2.resourceserver.opaquetoken.introspection-uri' (OnPropertyCondition)

   OAuth2WebSecurityConfiguration:
      Did not match:
         - @ConditionalOnBean (types: org.springframework.security.oauth2.client.registration.ClientRegistrationRepository; SearchStrategy: all) did not find any beans of type org.springframework.security.oauth2.client.registration.ClientRegistrationRepository (OnBeanCondition)

   ObservationAutoConfiguration:
      Did not match:
         - @ConditionalOnBean (types: org.springframework.boot.actuate.autoconfigure.observation.ObservationAutoConfiguration; SearchStrategy: all) did not find any beans of type org.springframework.boot.actuate.autoconfigure.observation.ObservationAutoConfiguration (OnBeanCondition)

   OktaOAuth2AutoConfig:
      Did not match:
         - @ConditionalOnProperty (spring.security.oauth2.client.registration.okta.client-id) did not find property 'spring.security.oauth2.client.registration.okta.client-id' (OnPropertyCondition)
      Matched:
         - @ConditionalOnClass found required classes 'org.springframework.security.config.annotation.web.configuration.EnableWebSecurity', 'org.springframework.security.oauth2.client.registration.ClientRegistration' (OnClassCondition)
         - found 'session' scope (OnWebApplicationCondition)

   OktaOAuth2ResourceServerAutoConfig:
      Did not match:
         - @ConditionalOnProperty (spring.security.oauth2.resourceserver.jwt.jwk-set-uri) did not find property 'spring.security.oauth2.resourceserver.jwt.jwk-set-uri' (OnPropertyCondition)
      Matched:
         - @ConditionalOnClass found required class 'org.springframework.security.oauth2.server.resource.authentication.JwtAuthenticationToken' (OnClassCondition)
         - found 'session' scope (OnWebApplicationCondition)

   OktaSdkConfig:
      Did not match:
         - @ConditionalOnClass did not find required class 'com.okta.sdk.client.Client' (OnClassCondition)

   OpenAiAutoConfiguration:
      Did not match:
         - @ConditionalOnClass did not find required class 'org.springframework.ai.openai.api.OpenAiApi' (OnClassCondition)

   PgVectorStoreAutoConfiguration:
      Did not match:
         - @ConditionalOnClass did not find required class 'org.springframework.ai.vectorstore.PgVectorStore' (OnClassCondition)

   PineconeVectorStoreAutoConfiguration:
      Did not match:
         - @ConditionalOnClass did not find required class 'org.springframework.ai.vectorstore.PineconeVectorStore' (OnClassCondition)

   PostgresMlAutoConfiguration:
      Did not match:
         - @ConditionalOnClass did not find required class 'org.springframework.ai.postgresml.PostgresMlEmbeddingModel' (OnClassCondition)

   ProjectInfoAutoConfiguration#buildProperties:
      Did not match:
         - @ConditionalOnResource did not find resource '${spring.info.build.location:classpath:META-INF/build-info.properties}' (OnResourceCondition)

   ProjectInfoAutoConfiguration#gitProperties:
      Did not match:
         - GitResource did not find git info at classpath:git.properties (ProjectInfoAutoConfiguration.GitResourceAvailableCondition)

   PulsarAutoConfiguration:
      Did not match:
         - @ConditionalOnClass did not find required class 'org.apache.pulsar.client.api.PulsarClient' (OnClassCondition)

   PulsarReactiveAutoConfiguration:
      Did not match:
         - @ConditionalOnClass did not find required class 'org.apache.pulsar.client.api.PulsarClient' (OnClassCondition)

   QdrantVectorStoreAutoConfiguration:
      Did not match:
         - @ConditionalOnClass did not find required class 'org.springframework.ai.vectorstore.qdrant.QdrantVectorStore' (OnClassCondition)

   QuartzAutoConfiguration:
      Did not match:
         - @ConditionalOnClass did not find required class 'org.quartz.Scheduler' (OnClassCondition)

   R2dbcAutoConfiguration:
      Did not match:
         - @ConditionalOnClass did not find required class 'io.r2dbc.spi.ConnectionFactory' (OnClassCondition)

   R2dbcDataAutoConfiguration:
      Did not match:
         - @ConditionalOnClass did not find required class 'org.springframework.data.r2dbc.core.R2dbcEntityTemplate' (OnClassCondition)

   R2dbcInitializationConfiguration:
      Did not match:
         - @ConditionalOnClass did not find required classes 'io.r2dbc.spi.ConnectionFactory', 'org.springframework.r2dbc.connection.init.DatabasePopulator' (OnClassCondition)

   R2dbcRepositoriesAutoConfiguration:
      Did not match:
         - @ConditionalOnClass did not find required class 'io.r2dbc.spi.ConnectionFactory' (OnClassCondition)

   R2dbcTransactionManagerAutoConfiguration:
      Did not match:
         - @ConditionalOnClass did not find required class 'org.springframework.r2dbc.connection.R2dbcTransactionManager' (OnClassCondition)

   RSocketGraphQlClientAutoConfiguration:
      Did not match:
         - @ConditionalOnClass did not find required class 'graphql.GraphQL' (OnClassCondition)

   RSocketMessagingAutoConfiguration:
      Did not match:
         - @ConditionalOnClass did not find required class 'io.rsocket.RSocket' (OnClassCondition)

   RSocketRequesterAutoConfiguration:
      Did not match:
         - @ConditionalOnClass did not find required class 'io.rsocket.RSocket' (OnClassCondition)

   RSocketSecurityAutoConfiguration:
      Did not match:
         - @ConditionalOnClass did not find required class 'org.springframework.security.rsocket.core.SecuritySocketAcceptorInterceptor' (OnClassCondition)

   RSocketServerAutoConfiguration:
      Did not match:
         - @ConditionalOnClass did not find required class 'io.rsocket.core.RSocketServer' (OnClassCondition)

   RSocketStrategiesAutoConfiguration:
      Did not match:
         - @ConditionalOnClass did not find required class 'io.rsocket.RSocket' (OnClassCondition)

   RabbitAutoConfiguration:
      Did not match:
         - @ConditionalOnClass did not find required class 'com.rabbitmq.client.Channel' (OnClassCondition)

   ReactiveCommonsClientAutoConfiguration.ReactiveDiscoveryLoadBalancerConfiguration:
      Did not match:
         - @ConditionalOnClass did not find required class 'org.springframework.boot.actuate.health.ReactiveHealthIndicator' (OnClassCondition)

   ReactiveElasticsearchClientAutoConfiguration:
      Did not match:
         - @ConditionalOnClass did not find required class 'co.elastic.clients.transport.ElasticsearchTransport' (OnClassCondition)

   ReactiveElasticsearchRepositoriesAutoConfiguration:
      Did not match:
         - @ConditionalOnClass did not find required class 'org.springframework.data.elasticsearch.client.elc.ReactiveElasticsearchClient' (OnClassCondition)

   ReactiveMultipartAutoConfiguration:
      Did not match:
         - not a reactive web application (OnWebApplicationCondition)
      Matched:
         - @ConditionalOnClass found required classes 'org.springframework.http.codec.multipart.DefaultPartHttpMessageReader', 'org.springframework.web.reactive.config.WebFluxConfigurer' (OnClassCondition)

   ReactiveOAuth2ClientAutoConfiguration:
      Did not match:
         - NoneNestedConditions 1 matched 0 did not; NestedCondition on ReactiveOAuth2ClientAutoConfiguration.NonServletApplicationCondition.ServletApplicationCondition found 'session' scope (ReactiveOAuth2ClientAutoConfiguration.NonServletApplicationCondition)
      Matched:
         - @ConditionalOnClass found required classes 'reactor.core.publisher.Flux', 'org.springframework.security.config.annotation.web.reactive.EnableWebFluxSecurity', 'org.springframework.security.oauth2.client.registration.ClientRegistration' (OnClassCondition)

   ReactiveOAuth2ResourceServerAutoConfiguration:
      Did not match:
         - not a reactive web application (OnWebApplicationCondition)
      Matched:
         - @ConditionalOnClass found required class 'org.springframework.security.config.annotation.web.reactive.EnableWebFluxSecurity' (OnClassCondition)

   ReactiveOktaOAuth2AutoConfig:
      Did not match:
         - not a reactive web application (OnWebApplicationCondition)
      Matched:
         - @ConditionalOnClass found required classes 'reactor.core.publisher.Flux', 'org.springframework.security.config.annotation.web.reactive.EnableWebFluxSecurity', 'org.springframework.security.oauth2.client.registration.ClientRegistration' (OnClassCondition)

   ReactiveOktaOAuth2ResourceServerAutoConfig:
      Did not match:
         - not a reactive web application (OnWebApplicationCondition)
      Matched:
         - @ConditionalOnClass found required classes 'org.springframework.security.config.annotation.web.reactive.EnableWebFluxSecurity', 'org.springframework.security.oauth2.server.resource.authentication.BearerTokenAuthenticationToken', 'org.springframework.security.oauth2.jwt.ReactiveJwtDecoder' (OnClassCondition)

   ReactiveOktaOAuth2ResourceServerHttpServerAutoConfig:
      Did not match:
         - not a reactive web application (OnWebApplicationCondition)
      Matched:
         - @ConditionalOnClass found required classes 'org.springframework.security.config.annotation.web.reactive.EnableWebFluxSecurity', 'org.springframework.security.oauth2.server.resource.BearerTokenAuthenticationToken', 'org.springframework.security.oauth2.jwt.ReactiveJwtDecoder' (OnClassCondition)

   ReactiveOktaOAuth2ServerHttpServerAutoConfig:
      Did not match:
         - not a reactive web application (OnWebApplicationCondition)
      Matched:
         - @ConditionalOnClass found required classes 'reactor.core.publisher.Flux', 'org.springframework.security.config.annotation.web.reactive.EnableWebFluxSecurity', 'org.springframework.security.oauth2.client.registration.ClientRegistration' (OnClassCondition)

   ReactiveSecurityAutoConfiguration.SpringBootWebFluxSecurityConfiguration:
      Did not match:
         - not a reactive web application (OnWebApplicationCondition)

   ReactiveUserDetailsServiceAutoConfiguration:
      Did not match:
         - AnyNestedCondition 0 matched 3 did not; NestedCondition on ReactiveUserDetailsServiceAutoConfiguration.MissingAlternativeOrUserPropertiesConfigured.PasswordConfigured @ConditionalOnProperty (spring.security.user.password) did not find property 'password'; NestedCondition on ReactiveUserDetailsServiceAutoConfiguration.MissingAlternativeOrUserPropertiesConfigured.NameConfigured @ConditionalOnProperty (spring.security.user.name) did not find property 'name'; NestedCondition on ReactiveUserDetailsServiceAutoConfiguration.MissingAlternativeOrUserPropertiesConfigured.MissingAlternative @ConditionalOnMissingClass found unwanted classes 'org.springframework.security.oauth2.client.registration.ClientRegistrationRepository', 'org.springframework.security.oauth2.server.resource.introspection.ReactiveOpaqueTokenIntrospector' (ReactiveUserDetailsServiceAutoConfiguration.MissingAlternativeOrUserPropertiesConfigured)
      Matched:
         - @ConditionalOnClass found required class 'org.springframework.security.authentication.ReactiveAuthenticationManager' (OnClassCondition)

   ReactiveWebServerFactoryAutoConfiguration:
      Did not match:
         - not a reactive web application (OnWebApplicationCondition)
      Matched:
         - @ConditionalOnClass found required class 'org.springframework.http.ReactiveHttpInputMessage' (OnClassCondition)

   ReactorLoadBalancerClientAutoConfiguration:
      Did not match:
         - @ConditionalOnBean (types: org.springframework.cloud.client.loadbalancer.reactive.ReactiveLoadBalancer$Factory; SearchStrategy: all) did not find any beans of type org.springframework.cloud.client.loadbalancer.reactive.ReactiveLoadBalancer$Factory (OnBeanCondition)
      Matched:
         - @ConditionalOnClass found required class 'org.springframework.web.reactive.function.client.WebClient' (OnClassCondition)

   RedisAutoConfiguration:
      Did not match:
         - @ConditionalOnClass did not find required class 'org.springframework.data.redis.core.RedisOperations' (OnClassCondition)

   RedisCacheConfiguration:
      Did not match:
         - @ConditionalOnClass did not find required class 'org.springframework.data.redis.connection.RedisConnectionFactory' (OnClassCondition)

   RedisReactiveAutoConfiguration:
      Did not match:
         - @ConditionalOnClass did not find required class 'org.springframework.data.redis.connection.ReactiveRedisConnectionFactory' (OnClassCondition)

   RedisRepositoriesAutoConfiguration:
      Did not match:
         - @ConditionalOnClass did not find required class 'org.springframework.data.redis.repository.configuration.EnableRedisRepositories' (OnClassCondition)

   RedisSessionConfiguration:
      Did not match:
         - @ConditionalOnClass did not find required classes 'org.springframework.data.redis.core.RedisTemplate', 'org.springframework.session.data.redis.RedisIndexedSessionRepository' (OnClassCondition)

   RedisVectorStoreAutoConfiguration:
      Did not match:
         - @ConditionalOnClass did not find required class 'org.springframework.ai.vectorstore.RedisVectorStore' (OnClassCondition)

   RefreshAutoConfiguration#legacyContextRefresher:
      Did not match:
         - AnyNestedCondition 0 matched 3 did not; NestedCondition on ConditionalOnBootstrapEnabled.OnBootstrapEnabledCondition.OnBootstrapEnabled @ConditionalOnProperty (spring.cloud.bootstrap.enabled) did not find property 'spring.cloud.bootstrap.enabled'; NestedCondition on ConditionalOnBootstrapEnabled.OnBootstrapEnabledCondition.OnUseLegacyProcessingEnabled @ConditionalOnProperty (spring.config.use-legacy-processing) did not find property 'spring.config.use-legacy-processing'; NestedCondition on ConditionalOnBootstrapEnabled.OnBootstrapEnabledCondition.OnBootstrapMarkerClassPresent @ConditionalOnClass did not find required class 'org.springframework.cloud.bootstrap.marker.Marker' (ConditionalOnBootstrapEnabled.OnBootstrapEnabledCondition)

   RefreshEndpointAutoConfiguration:
      Did not match:
         - @ConditionalOnClass did not find required class 'org.springframework.boot.actuate.autoconfigure.endpoint.EndpointAutoConfiguration' (OnClassCondition)

   RepositoryRestMvcAutoConfiguration:
      Did not match:
         - @ConditionalOnClass did not find required class 'org.springframework.data.rest.webmvc.config.RepositoryRestMvcConfiguration' (OnClassCondition)

   Saml2RelyingPartyAutoConfiguration:
      Did not match:
         - @ConditionalOnClass did not find required class 'org.springframework.security.saml2.provider.service.registration.RelyingPartyRegistrationRepository' (OnClassCondition)

   SendGridAutoConfiguration:
      Did not match:
         - @ConditionalOnClass did not find required class 'com.sendgrid.SendGrid' (OnClassCondition)

   ServiceRegistryAutoConfiguration.ServiceRegistryEndpointConfiguration:
      Did not match:
         - @ConditionalOnClass did not find required class 'org.springframework.boot.actuate.endpoint.annotation.Endpoint' (OnClassCondition)

   ServletWebServerFactoryAutoConfiguration.ForwardedHeaderFilterConfiguration:
      Did not match:
         - @ConditionalOnProperty (server.forward-headers-strategy=framework) did not find property 'server.forward-headers-strategy' (OnPropertyCondition)

   ServletWebServerFactoryConfiguration.EmbeddedJetty:
      Did not match:
         - @ConditionalOnClass did not find required classes 'org.eclipse.jetty.server.Server', 'org.eclipse.jetty.util.Loader', 'org.eclipse.jetty.ee10.webapp.WebAppContext' (OnClassCondition)

   ServletWebServerFactoryConfiguration.EmbeddedUndertow:
      Did not match:
         - @ConditionalOnClass did not find required classes 'io.undertow.Undertow', 'org.xnio.SslClientAuthMode' (OnClassCondition)

   SessionAutoConfiguration.ReactiveSessionConfiguration:
      Did not match:
         - not a reactive web application (OnWebApplicationCondition)

   SessionRepositoryFilterConfiguration:
      Did not match:
         - @ConditionalOnBean (types: org.springframework.session.web.http.SessionRepositoryFilter; SearchStrategy: all) did not find any beans of type org.springframework.session.web.http.SessionRepositoryFilter (OnBeanCondition)

   SimpleReactiveDiscoveryClientAutoConfiguration.HealthConfiguration:
      Did not match:
         - @ConditionalOnClass did not find required class 'org.springframework.boot.actuate.health.ReactiveHealthIndicator' (OnClassCondition)

   SpringApplicationAdminJmxAutoConfiguration:
      Did not match:
         - @ConditionalOnProperty (spring.application.admin.enabled=true) did not find property 'enabled' (OnPropertyCondition)

   SpringDocConfiguration#propertiesResolverForSchema:
      Did not match:
         - @ConditionalOnProperty (springdoc.api-docs.resolve-schema-properties) did not find property 'springdoc.api-docs.resolve-schema-properties' (OnPropertyCondition)

   SpringDocConfiguration#propertyCustomizingConverter:
      Did not match:
         - @ConditionalOnBean (types: org.springdoc.core.customizers.PropertyCustomizer; SearchStrategy: all) did not find any beans of type org.springdoc.core.customizers.PropertyCustomizer (OnBeanCondition)

   SpringDocConfiguration#springdocBeanFactoryPostProcessor:
      Did not match:
         - AnyNestedCondition 0 matched 2 did not; NestedCondition on CacheOrGroupedOpenApiCondition.OnCacheDisabled found non-matching nested conditions @ConditionalOnProperty (springdoc.cache.disabled) did not find property 'springdoc.cache.disabled'; NestedCondition on CacheOrGroupedOpenApiCondition.OnMultipleOpenApiSupportCondition AnyNestedCondition 0 matched 2 did not; NestedCondition on MultipleOpenApiSupportCondition.OnActuatorDifferentPort @ConditionalOnProperty (springdoc.show-actuator) did not find property 'springdoc.show-actuator'; NestedCondition on MultipleOpenApiSupportCondition.OnMultipleOpenApiSupportCondition AnyNestedCondition 0 matched 2 did not; NestedCondition on MultipleOpenApiGroupsCondition.OnGroupConfigProperty @ConditionalOnProperty (springdoc.group-configs[0].group) did not find property 'springdoc.group-configs[0].group'; NestedCondition on MultipleOpenApiGroupsCondition.OnGroupedOpenApiBean @ConditionalOnBean (types: org.springdoc.core.models.GroupedOpenApi; SearchStrategy: all) did not find any beans of type org.springdoc.core.models.GroupedOpenApi (CacheOrGroupedOpenApiCondition)
      Matched:
         - @ConditionalOnClass found required class 'org.springframework.boot.context.properties.bind.BindResult' (OnClassCondition)

   SpringDocConfiguration#springdocBeanFactoryPostProcessor2:
      Did not match:
         - @ConditionalOnMissingClass found unwanted class 'org.springframework.boot.context.properties.bind.BindResult' (OnClassCondition)

   SpringDocConfiguration.SpringDocActuatorConfiguration:
      Did not match:
         - @ConditionalOnClass did not find required class 'org.springframework.boot.actuate.autoconfigure.endpoint.web.WebEndpointProperties' (OnClassCondition)

   SpringDocConfiguration.SpringDocRepositoryRestConfiguration:
      Did not match:
         - @ConditionalOnClass did not find required class 'org.springframework.data.rest.core.config.RepositoryRestConfiguration' (OnClassCondition)

   SpringDocDataRestConfiguration:
      Did not match:
         - @ConditionalOnClass did not find required class 'org.springframework.data.rest.core.config.RepositoryRestConfiguration' (OnClassCondition)

   SpringDocFunctionCatalogConfiguration:
      Did not match:
         - @ConditionalOnClass did not find required class 'org.springframework.cloud.function.web.function.FunctionEndpointInitializer' (OnClassCondition)

   SpringDocGroovyConfiguration:
      Did not match:
         - @ConditionalOnClass did not find required class 'groovy.lang.MetaClass' (OnClassCondition)

   SpringDocHateoasConfiguration:
      Did not match:
         - @ConditionalOnClass did not find required class 'org.springframework.hateoas.server.LinkRelationProvider' (OnClassCondition)

   SpringDocJacksonKotlinModuleConfiguration:
      Did not match:
         - @ConditionalOnClass did not find required class 'com.fasterxml.jackson.module.kotlin.KotlinModule' (OnClassCondition)

   SpringDocJavadocConfiguration:
      Did not match:
         - @ConditionalOnClass did not find required class 'com.github.therapi.runtimejavadoc.CommentFormatter' (OnClassCondition)

   SpringDocKotlinConfiguration:
      Did not match:
         - @ConditionalOnClass did not find required class 'kotlin.coroutines.Continuation' (OnClassCondition)

   SpringDocKotlinxConfiguration:
      Did not match:
         - @ConditionalOnClass did not find required class 'kotlinx.coroutines.flow.Flow' (OnClassCondition)

   SpringDocSecurityConfiguration.SpringDocSecurityOAuth2Configuration:
      Did not match:
         - @ConditionalOnClass did not find required class 'org.springframework.security.oauth2.server.authorization.OAuth2AuthorizationService' (OnClassCondition)

   SpringDocSecurityConfiguration.SpringSecurityLoginEndpointConfiguration#springSecurityLoginEndpointCustomiser:
      Did not match:
         - @ConditionalOnProperty (springdoc.show-login-endpoint) did not find property 'springdoc.show-login-endpoint' (OnPropertyCondition)

   SpringDocSortConfiguration#delegatingMethodParameterCustomizer:
      Did not match:
         - @ConditionalOnMissingBean (types: org.springdoc.core.customizers.DelegatingMethodParameterCustomizer; SearchStrategy: all) found beans of type 'org.springdoc.core.customizers.DelegatingMethodParameterCustomizer' delegatingMethodParameterCustomizer (OnBeanCondition)

   SpringDocWebMvcConfiguration.SpringDocWebMvcActuatorConfiguration:
      Did not match:
         - @ConditionalOnClass did not find required class 'org.springframework.boot.actuate.endpoint.web.servlet.WebMvcEndpointHandlerMapping' (OnClassCondition)

   StabilityAiImageAutoConfiguration:
      Did not match:
         - @ConditionalOnClass did not find required class 'org.springframework.ai.stabilityai.api.StabilityAiApi' (OnClassCondition)

   SwaggerConfig#springWebProvider:
      Did not match:
         - @ConditionalOnMissingBean (types: org.springdoc.core.providers.SpringWebProvider; SearchStrategy: all) found beans of type 'org.springdoc.core.providers.SpringWebProvider' springWebProvider (OnBeanCondition)

   SwaggerConfig#swaggerUiConfigParameters:
      Did not match:
         - @ConditionalOnMissingBean (types: org.springdoc.core.properties.SwaggerUiConfigParameters; SearchStrategy: all) found beans of type 'org.springdoc.core.properties.SwaggerUiConfigParameters' org.springdoc.core.properties.SwaggerUiConfigParameters (OnBeanCondition)

   SwaggerConfig#swaggerUiHome:
      Did not match:
         - @ConditionalOnProperty (springdoc.swagger-ui.use-root-path=true) did not find property 'springdoc.swagger-ui.use-root-path' (OnPropertyCondition)

   SwaggerConfig.SwaggerActuatorWelcomeConfiguration:
      Did not match:
         - @ConditionalOnClass did not find required class 'org.springframework.boot.actuate.endpoint.web.servlet.WebMvcEndpointHandlerMapping' (OnClassCondition)

   TaskExecutorConfigurations.SimpleAsyncTaskExecutorBuilderConfiguration#simpleAsyncTaskExecutorBuilderVirtualThreads:
      Did not match:
         - @ConditionalOnMissingBean (types: org.springframework.boot.task.SimpleAsyncTaskExecutorBuilder; SearchStrategy: all) found beans of type 'org.springframework.boot.task.SimpleAsyncTaskExecutorBuilder' simpleAsyncTaskExecutorBuilder (OnBeanCondition)

   TaskExecutorConfigurations.TaskExecutorConfiguration#applicationTaskExecutorVirtualThreads:
      Did not match:
         - @ConditionalOnThreading did not find VIRTUAL (OnThreadingCondition)

   TaskSchedulingAutoConfiguration#scheduledBeanLazyInitializationExcludeFilter:
      Did not match:
         - @ConditionalOnBean (names: org.springframework.context.annotation.internalScheduledAnnotationProcessor; SearchStrategy: all) did not find any beans named org.springframework.context.annotation.internalScheduledAnnotationProcessor (OnBeanCondition)

   TaskSchedulingConfigurations.SimpleAsyncTaskSchedulerBuilderConfiguration#simpleAsyncTaskSchedulerBuilderVirtualThreads:
      Did not match:
         - @ConditionalOnMissingBean (types: org.springframework.boot.task.SimpleAsyncTaskSchedulerBuilder; SearchStrategy: all) found beans of type 'org.springframework.boot.task.SimpleAsyncTaskSchedulerBuilder' simpleAsyncTaskSchedulerBuilder (OnBeanCondition)

   TaskSchedulingConfigurations.TaskSchedulerConfiguration:
      Did not match:
         - @ConditionalOnBean (names: org.springframework.context.annotation.internalScheduledAnnotationProcessor; SearchStrategy: all) did not find any beans named org.springframework.context.annotation.internalScheduledAnnotationProcessor (OnBeanCondition)

   TemplateEngineConfigurations.ReactiveTemplateEngineConfiguration:
      Did not match:
         - not a reactive web application (OnWebApplicationCondition)

   ThymeleafAutoConfiguration.DataAttributeDialectConfiguration:
      Did not match:
         - @ConditionalOnClass did not find required class 'com.github.mxab.thymeleaf.extras.dataattribute.dialect.DataAttributeDialect' (OnClassCondition)

   ThymeleafAutoConfiguration.ThymeleafSecurityDialectConfiguration:
      Did not match:
         - @ConditionalOnClass did not find required class 'org.thymeleaf.extras.springsecurity6.dialect.SpringSecurityDialect' (OnClassCondition)

   ThymeleafAutoConfiguration.ThymeleafWebFluxConfiguration:
      Did not match:
         - not a reactive web application (OnWebApplicationCondition)

   ThymeleafAutoConfiguration.ThymeleafWebLayoutConfiguration:
      Did not match:
         - @ConditionalOnClass did not find required class 'nz.net.ultraq.thymeleaf.layoutdialect.LayoutDialect' (OnClassCondition)

   ThymeleafAutoConfiguration.ThymeleafWebMvcConfiguration#resourceUrlEncodingFilter:
      Did not match:
         - @ConditionalOnEnabledResourceChain did not find class org.webjars.WebJarAssetLocator (OnEnabledResourceChainCondition)

   TransactionAutoConfiguration#transactionalOperator:
      Did not match:
         - @ConditionalOnSingleCandidate (types: org.springframework.transaction.ReactiveTransactionManager; SearchStrategy: all) did not find any beans (OnBeanCondition)

   TransactionAutoConfiguration.AspectJTransactionManagementConfiguration:
      Did not match:
         - @ConditionalOnBean (types: org.springframework.transaction.aspectj.AbstractTransactionAspect; SearchStrategy: all) did not find any beans of type org.springframework.transaction.aspectj.AbstractTransactionAspect (OnBeanCondition)

   TransactionAutoConfiguration.EnableTransactionManagementConfiguration.JdkDynamicAutoProxyConfiguration:
      Did not match:
         - @ConditionalOnProperty (spring.aop.proxy-target-class=false) did not find property 'proxy-target-class' (OnPropertyCondition)

   TransformersEmbeddingModelAutoConfiguration:
      Did not match:
         - @ConditionalOnClass did not find required classes 'ai.onnxruntime.OrtSession', 'ai.djl.huggingface.tokenizers.HuggingFaceTokenizer', 'org.springframework.ai.transformers.TransformersEmbeddingModel' (OnClassCondition)

   UserDetailsServiceAutoConfiguration:
      Did not match:
         - AnyNestedCondition 0 matched 3 did not; NestedCondition on UserDetailsServiceAutoConfiguration.MissingAlternativeOrUserPropertiesConfigured.PasswordConfigured @ConditionalOnProperty (spring.security.user.password) did not find property 'password'; NestedCondition on UserDetailsServiceAutoConfiguration.MissingAlternativeOrUserPropertiesConfigured.NameConfigured @ConditionalOnProperty (spring.security.user.name) did not find property 'name'; NestedCondition on UserDetailsServiceAutoConfiguration.MissingAlternativeOrUserPropertiesConfigured.MissingAlternative @ConditionalOnMissingClass found unwanted classes 'org.springframework.security.oauth2.client.registration.ClientRegistrationRepository', 'org.springframework.security.oauth2.server.resource.introspection.OpaqueTokenIntrospector' (UserDetailsServiceAutoConfiguration.MissingAlternativeOrUserPropertiesConfigured)
      Matched:
         - @ConditionalOnClass found required class 'org.springframework.security.authentication.AuthenticationManager' (OnClassCondition)

   VertexAiGeminiAutoConfiguration:
      Did not match:
         - @ConditionalOnClass did not find required classes 'com.google.cloud.vertexai.VertexAI', 'org.springframework.ai.vertexai.gemini.VertexAiGeminiChatModel' (OnClassCondition)

   VertexAiPalm2AutoConfiguration:
      Did not match:
         - @ConditionalOnClass did not find required class 'org.springframework.ai.vertexai.palm2.api.VertexAiPaLm2Api' (OnClassCondition)

   WatsonxAiAutoConfiguration:
      Did not match:
         - @ConditionalOnClass did not find required class 'org.springframework.ai.watsonx.api.WatsonxAiApi' (OnClassCondition)

   WeaviateVectorStoreAutoConfiguration:
      Did not match:
         - @ConditionalOnClass did not find required class 'org.springframework.ai.vectorstore.WeaviateVectorStore' (OnClassCondition)

   WebFluxAutoConfiguration:
      Did not match:
         - not a reactive web application (OnWebApplicationCondition)
      Matched:
         - @ConditionalOnClass found required class 'org.springframework.web.reactive.config.WebFluxConfigurer' (OnClassCondition)

   WebMvcAutoConfiguration#hiddenHttpMethodFilter:
      Did not match:
         - @ConditionalOnProperty (spring.mvc.hiddenmethod.filter.enabled) did not find property 'enabled' (OnPropertyCondition)

   WebMvcAutoConfiguration.ProblemDetailsErrorHandlingConfiguration:
      Did not match:
         - @ConditionalOnProperty (spring.mvc.problemdetails.enabled=true) did not find property 'enabled' (OnPropertyCondition)

   WebMvcAutoConfiguration.ResourceChainCustomizerConfiguration:
      Did not match:
         - @ConditionalOnEnabledResourceChain did not find class org.webjars.WebJarAssetLocator (OnEnabledResourceChainCondition)

   WebMvcAutoConfiguration.WebMvcAutoConfigurationAdapter#beanNameViewResolver:
      Did not match:
         - @ConditionalOnMissingBean (types: org.springframework.web.servlet.view.BeanNameViewResolver; SearchStrategy: all) found beans of type 'org.springframework.web.servlet.view.BeanNameViewResolver' beanNameViewResolver (OnBeanCondition)

   WebServiceTemplateAutoConfiguration:
      Did not match:
         - @ConditionalOnClass did not find required class 'org.springframework.oxm.Marshaller' (OnClassCondition)

   WebServicesAutoConfiguration:
      Did not match:
         - @ConditionalOnClass did not find required class 'org.springframework.ws.transport.http.MessageDispatcherServlet' (OnClassCondition)

   WebSessionIdResolverAutoConfiguration:
      Did not match:
         - not a reactive web application (OnWebApplicationCondition)
      Matched:
         - @ConditionalOnClass found required classes 'org.springframework.web.server.session.WebSessionManager', 'reactor.core.publisher.Mono' (OnClassCondition)

   WebSocketMessagingAutoConfiguration:
      Did not match:
         - @ConditionalOnClass did not find required class 'org.springframework.web.socket.config.annotation.WebSocketMessageBrokerConfigurer' (OnClassCondition)

   WebSocketReactiveAutoConfiguration:
      Did not match:
         - not a reactive web application (OnWebApplicationCondition)
      Matched:
         - @ConditionalOnClass found required classes 'jakarta.servlet.Servlet', 'jakarta.websocket.server.ServerContainer' (OnClassCondition)

   WebSocketServletAutoConfiguration.JettyWebSocketConfiguration:
      Did not match:
         - @ConditionalOnClass did not find required class 'org.eclipse.jetty.ee10.websocket.jakarta.server.config.JakartaWebSocketServletContainerInitializer' (OnClassCondition)

   WebSocketServletAutoConfiguration.UndertowWebSocketConfiguration:
      Did not match:
         - @ConditionalOnClass did not find required class 'io.undertow.websockets.jsr.Bootstrap' (OnClassCondition)

   WritableEnvironmentEndpointAutoConfiguration:
      Did not match:
         - @ConditionalOnClass did not find required class 'org.springframework.boot.actuate.autoconfigure.env.EnvironmentEndpointProperties' (OnClassCondition)

   XADataSourceAutoConfiguration:
      Did not match:
         - @ConditionalOnBean (types: org.springframework.boot.jdbc.XADataSourceWrapper; SearchStrategy: all) did not find any beans of type org.springframework.boot.jdbc.XADataSourceWrapper (OnBeanCondition)
      Matched:
         - @ConditionalOnClass found required classes 'javax.sql.DataSource', 'jakarta.transaction.TransactionManager', 'org.springframework.jdbc.datasource.embedded.EmbeddedDatabaseType' (OnClassCondition)

   ZhiPuAiAutoConfiguration:
      Did not match:
         - @ConditionalOnClass did not find required class 'org.springframework.ai.zhipuai.api.ZhiPuAiApi' (OnClassCondition)


Exclusions:
-----------

    org.springframework.boot.autoconfigure.security.servlet.SecurityAutoConfiguration


Unconditional classes:
----------------------

    org.springframework.boot.autoconfigure.context.ConfigurationPropertiesAutoConfiguration

    org.springframework.cloud.client.ReactiveCommonsClientAutoConfiguration

    org.springframework.boot.autoconfigure.ssl.SslAutoConfiguration

    org.springframework.cloud.client.discovery.simple.SimpleDiscoveryClientAutoConfiguration

    org.springframework.boot.autoconfigure.context.PropertyPlaceholderAutoConfiguration

    org.springframework.boot.autoconfigure.context.LifecycleAutoConfiguration

    org.springframework.cloud.client.CommonsClientAutoConfiguration

    org.springframework.cloud.function.cloudevent.CloudEventsFunctionExtensionConfiguration

    org.springframework.cloud.commons.config.CommonsConfigAutoConfiguration

    org.springframework.cloud.function.context.config.ContextFunctionCatalogAutoConfiguration

    org.springframework.cloud.client.loadbalancer.LoadBalancerDefaultMappingsProviderAutoConfiguration

    org.springframework.cloud.client.discovery.composite.CompositeDiscoveryClientAutoConfiguration

    org.springframework.cloud.client.serviceregistry.ServiceRegistryAutoConfiguration

    org.springframework.cloud.autoconfigure.LifecycleMvcEndpointAutoConfiguration

    org.springframework.boot.autoconfigure.availability.ApplicationAvailabilityAutoConfiguration

    org.springframework.boot.autoconfigure.info.ProjectInfoAutoConfiguration



2024-08-01T09:27:35.563-03:00  INFO 10971 --- [coremastermarket] [    Test worker] c.r.c.tools.swagger.OpenApiConfigTest    : Started OpenApiConfigTest in 1.962 seconds (process running for 12.522)
2024-08-01T09:27:35.563-03:00 DEBUG 10971 --- [coremastermarket] [    Test worker] o.s.b.a.ApplicationAvailabilityBean      : Application availability state LivenessState changed to CORRECT
2024-08-01T09:27:35.563-03:00  INFO 10971 --- [coremastermarket] [    Test worker] c.r.c.config.PreLoadDatabase             : Verificando se o banco de dados está vazio...
2024-08-01T09:27:35.563-03:00 DEBUG 10971 --- [coremastermarket] [    Test worker] o.s.jdbc.core.JdbcTemplate               : Executing prepared SQL query
2024-08-01T09:27:35.563-03:00 DEBUG 10971 --- [coremastermarket] [    Test worker] o.s.jdbc.core.JdbcTemplate               : Executing prepared SQL statement [SELECT COUNT(*) FROM users]
2024-08-01T09:27:35.563-03:00 DEBUG 10971 --- [coremastermarket] [    Test worker] o.s.jdbc.datasource.DataSourceUtils      : Fetching JDBC Connection from DataSource
2024-08-01T09:27:35.566-03:00  INFO 10971 --- [coremastermarket] [    Test worker] c.r.c.config.PreLoadDatabase             : Banco de dados possui registros. Não será necessário popular o banco de dados.
2024-08-01T09:27:35.567-03:00 DEBUG 10971 --- [coremastermarket] [    Test worker] o.s.b.a.ApplicationAvailabilityBean      : Application availability state ReadinessState changed to ACCEPTING_TRAFFIC
2024-08-01T09:27:35.567-03:00 DEBUG 10971 --- [coremastermarket] [    Test worker] org.springframework.test.context.cache   : Spring test ApplicationContext cache statistics: [DefaultContextCache@6d512521 size = 3, maxSize = 32, parentContextCount = 0, hitCount = 79, missCount = 5, failureCount = 1]
2024-08-01T09:27:35.567-03:00 DEBUG 10971 --- [coremastermarket] [    Test worker] o.s.c.e.PropertySourcesPropertyResolver  : Found key 'local.server.port' in PropertySource 'environmentProperties' with value of type String
2024-08-01T09:27:35.568-03:00 DEBUG 10971 --- [coremastermarket] [    Test worker] org.springframework.test.context.cache   : Spring test ApplicationContext cache statistics: [DefaultContextCache@6d512521 size = 3, maxSize = 32, parentContextCount = 0, hitCount = 80, missCount = 5, failureCount = 1]
2024-08-01T09:27:35.569-03:00 DEBUG 10971 --- [coremastermarket] [    Test worker] sContextBeforeModesTestExecutionListener : Before test method: class [OpenApiConfigTest], method [testOpenApiConfig], class annotated with @DirtiesContext [false] with mode [null], method annotated with @DirtiesContext [false] with mode [null]
2024-08-01T09:27:35.569-03:00 DEBUG 10971 --- [coremastermarket] [    Test worker] org.springframework.test.context.cache   : Spring test ApplicationContext cache statistics: [DefaultContextCache@6d512521 size = 3, maxSize = 32, parentContextCount = 0, hitCount = 81, missCount = 5, failureCount = 1]
2024-08-01T09:27:35.569-03:00 DEBUG 10971 --- [coremastermarket] [    Test worker] org.springframework.test.context.cache   : Spring test ApplicationContext cache statistics: [DefaultContextCache@6d512521 size = 3, maxSize = 32, parentContextCount = 0, hitCount = 82, missCount = 5, failureCount = 1]
2024-08-01T09:27:35.569-03:00 DEBUG 10971 --- [coremastermarket] [    Test worker] org.springframework.test.context.cache   : Spring test ApplicationContext cache statistics: [DefaultContextCache@6d512521 size = 3, maxSize = 32, parentContextCount = 0, hitCount = 83, missCount = 5, failureCount = 1]
2024-08-01T09:27:35.591-03:00 DEBUG 10971 --- [coremastermarket] [    Test worker] org.springframework.test.context.cache   : Spring test ApplicationContext cache statistics: [DefaultContextCache@6d512521 size = 3, maxSize = 32, parentContextCount = 0, hitCount = 84, missCount = 5, failureCount = 1]
2024-08-01T09:27:35.603-03:00 DEBUG 10971 --- [coremastermarket] [    Test worker] o.s.web.client.RestTemplate              : HTTP GET http://localhost:51315/v3/api-docs
2024-08-01T09:27:35.617-03:00 DEBUG 10971 --- [coremastermarket] [    Test worker] o.s.web.client.RestTemplate              : Accept=[text/plain, application/json, application/*+json, */*]
2024-08-01T09:27:35.725-03:00  INFO 10971 --- [coremastermarket] [o-auto-1-exec-1] o.a.c.c.C.[Tomcat].[localhost].[/]       : Initializing Spring DispatcherServlet 'dispatcherServlet'
2024-08-01T09:27:35.725-03:00  INFO 10971 --- [coremastermarket] [o-auto-1-exec-1] o.s.web.servlet.DispatcherServlet        : Initializing Servlet 'dispatcherServlet'
2024-08-01T09:27:35.725-03:00 DEBUG 10971 --- [coremastermarket] [o-auto-1-exec-1] o.s.web.servlet.DispatcherServlet        : Detected StandardServletMultipartResolver
2024-08-01T09:27:35.725-03:00 DEBUG 10971 --- [coremastermarket] [o-auto-1-exec-1] o.s.web.servlet.DispatcherServlet        : Detected AcceptHeaderLocaleResolver
2024-08-01T09:27:35.725-03:00 DEBUG 10971 --- [coremastermarket] [o-auto-1-exec-1] o.s.web.servlet.DispatcherServlet        : Detected FixedThemeResolver
2024-08-01T09:27:35.726-03:00 DEBUG 10971 --- [coremastermarket] [o-auto-1-exec-1] o.s.web.servlet.DispatcherServlet        : Detected org.springframework.web.servlet.view.DefaultRequestToViewNameTranslator@4abcf005
2024-08-01T09:27:35.726-03:00 DEBUG 10971 --- [coremastermarket] [o-auto-1-exec-1] o.s.web.servlet.DispatcherServlet        : Detected org.springframework.web.servlet.support.SessionFlashMapManager@7a765284
2024-08-01T09:27:35.726-03:00 DEBUG 10971 --- [coremastermarket] [o-auto-1-exec-1] o.s.web.servlet.DispatcherServlet        : enableLoggingRequestDetails='false': request parameters and headers will be masked to prevent unsafe logging of potentially sensitive data
2024-08-01T09:27:35.726-03:00  INFO 10971 --- [coremastermarket] [o-auto-1-exec-1] o.s.web.servlet.DispatcherServlet        : Completed initialization in 1 ms
2024-08-01T09:27:35.734-03:00 DEBUG 10971 --- [coremastermarket] [o-auto-1-exec-1] o.s.security.web.FilterChainProxy        : Securing GET /v3/api-docs
2024-08-01T09:27:35.740-03:00 DEBUG 10971 --- [coremastermarket] [o-auto-1-exec-1] o.s.s.w.a.AnonymousAuthenticationFilter  : Set SecurityContextHolder to anonymous SecurityContext
2024-08-01T09:27:35.741-03:00 DEBUG 10971 --- [coremastermarket] [o-auto-1-exec-1] o.s.security.web.FilterChainProxy        : Secured GET /v3/api-docs
2024-08-01T09:27:35.741-03:00 DEBUG 10971 --- [coremastermarket] [o-auto-1-exec-1] o.s.web.servlet.DispatcherServlet        : GET "/v3/api-docs", parameters={}
2024-08-01T09:27:35.741-03:00 DEBUG 10971 --- [coremastermarket] [o-auto-1-exec-1] s.w.s.m.m.a.RequestMappingHandlerMapping : Mapped to org.springdoc.webmvc.api.OpenApiWebMvcResource#openapiJson(HttpServletRequest, String, Locale)
2024-08-01T09:27:35.742-03:00 DEBUG 10971 --- [coremastermarket] [o-auto-1-exec-1] o.j.s.OpenEntityManagerInViewInterceptor : Opening JPA EntityManager in OpenEntityManagerInViewInterceptor
2024-08-01T09:27:35.747-03:00 DEBUG 10971 --- [coremastermarket] [o-auto-1-exec-1] o.s.c.e.PropertySourcesPropertyResolver  : Found key 'springdoc.api-docs.path' in PropertySource 'environmentProperties' with value of type String
2024-08-01T09:27:36.635-03:00  INFO 10971 --- [coremastermarket] [o-auto-1-exec-1] o.springdoc.api.AbstractOpenApiResource  : Init duration for springdoc-openapi is: 881 ms
2024-08-01T09:27:36.649-03:00 DEBUG 10971 --- [coremastermarket] [o-auto-1-exec-1] m.m.a.RequestResponseBodyMethodProcessor : Using 'application/json', given [text/plain, application/json, application/*+json, */*] and supported [application/json]
2024-08-01T09:27:36.652-03:00 DEBUG 10971 --- [coremastermarket] [o-auto-1-exec-1] m.m.a.RequestResponseBodyMethodProcessor : Writing [{123, 34, 111, 112, 101, 110, 97, 112, 105, 34, 58, 34, 51, 46, 48, 46, 49, 34, 44, 34, 105, 110, 10 (truncated)...]
2024-08-01T09:27:36.655-03:00 DEBUG 10971 --- [coremastermarket] [o-auto-1-exec-1] o.j.s.OpenEntityManagerInViewInterceptor : Closing JPA EntityManager in OpenEntityManagerInViewInterceptor
2024-08-01T09:27:36.655-03:00 DEBUG 10971 --- [coremastermarket] [o-auto-1-exec-1] o.s.web.servlet.DispatcherServlet        : Completed 200 OK
2024-08-01T09:27:36.658-03:00 DEBUG 10971 --- [coremastermarket] [    Test worker] o.s.web.client.RestTemplate              : Response 200 OK
2024-08-01T09:27:36.660-03:00 DEBUG 10971 --- [coremastermarket] [    Test worker] o.s.web.client.RestTemplate              : Reading to [java.lang.String] as "application/json"
2024-08-01T09:27:36.662-03:00 DEBUG 10971 --- [coremastermarket] [    Test worker] org.springframework.test.context.cache   : Spring test ApplicationContext cache statistics: [DefaultContextCache@6d512521 size = 3, maxSize = 32, parentContextCount = 0, hitCount = 85, missCount = 5, failureCount = 1]
2024-08-01T09:27:36.662-03:00 DEBUG 10971 --- [coremastermarket] [    Test worker] org.springframework.test.context.cache   : Spring test ApplicationContext cache statistics: [DefaultContextCache@6d512521 size = 3, maxSize = 32, parentContextCount = 0, hitCount = 86, missCount = 5, failureCount = 1]
2024-08-01T09:27:36.663-03:00 DEBUG 10971 --- [coremastermarket] [    Test worker] org.springframework.test.context.cache   : Spring test ApplicationContext cache statistics: [DefaultContextCache@6d512521 size = 3, maxSize = 32, parentContextCount = 0, hitCount = 87, missCount = 5, failureCount = 1]
2024-08-01T09:27:36.663-03:00 DEBUG 10971 --- [coremastermarket] [    Test worker] org.springframework.test.context.cache   : Spring test ApplicationContext cache statistics: [DefaultContextCache@6d512521 size = 3, maxSize = 32, parentContextCount = 0, hitCount = 88, missCount = 5, failureCount = 1]
2024-08-01T09:27:36.663-03:00 DEBUG 10971 --- [coremastermarket] [    Test worker] org.springframework.test.context.cache   : Spring test ApplicationContext cache statistics: [DefaultContextCache@6d512521 size = 3, maxSize = 32, parentContextCount = 0, hitCount = 89, missCount = 5, failureCount = 1]
2024-08-01T09:27:36.663-03:00 DEBUG 10971 --- [coremastermarket] [    Test worker] org.springframework.test.context.cache   : Spring test ApplicationContext cache statistics: [DefaultContextCache@6d512521 size = 3, maxSize = 32, parentContextCount = 0, hitCount = 90, missCount = 5, failureCount = 1]
2024-08-01T09:27:36.663-03:00 DEBUG 10971 --- [coremastermarket] [    Test worker] org.springframework.test.context.cache   : Spring test ApplicationContext cache statistics: [DefaultContextCache@6d512521 size = 3, maxSize = 32, parentContextCount = 0, hitCount = 91, missCount = 5, failureCount = 1]
2024-08-01T09:27:36.664-03:00 DEBUG 10971 --- [coremastermarket] [    Test worker] org.springframework.test.context.cache   : Spring test ApplicationContext cache statistics: [DefaultContextCache@6d512521 size = 3, maxSize = 32, parentContextCount = 0, hitCount = 92, missCount = 5, failureCount = 1]
2024-08-01T09:27:36.664-03:00 DEBUG 10971 --- [coremastermarket] [    Test worker] .c.s.DirtiesContextTestExecutionListener : After test method: class [OpenApiConfigTest], method [testOpenApiConfig], class annotated with @DirtiesContext [false] with mode [null], method annotated with @DirtiesContext [false] with mode [null]
2024-08-01T09:27:36.664-03:00 DEBUG 10971 --- [coremastermarket] [    Test worker] org.springframework.test.context.cache   : Spring test ApplicationContext cache statistics: [DefaultContextCache@6d512521 size = 3, maxSize = 32, parentContextCount = 0, hitCount = 93, missCount = 5, failureCount = 1]
2024-08-01T09:27:36.664-03:00 DEBUG 10971 --- [coremastermarket] [    Test worker] .c.s.DirtiesContextTestExecutionListener : After test class: class [OpenApiConfigTest], class annotated with @DirtiesContext [false] with mode [null]
]]></system-out>
  <system-err><![CDATA[]]></system-err>
</testsuite>
