<?xml version="1.0" encoding="UTF-8"?>
<testsuite name="com.rodolfobrandao.coremastermarket.services.cliente.ClienteServiceTest" tests="5" skipped="0" failures="0" errors="0" timestamp="2024-08-01T12:27:33" hostname="MacBook-Pro-de-Rodolfo.local" time="0.107">
  <properties/>
  <testcase name="testFindAll()" classname="com.rodolfobrandao.coremastermarket.services.cliente.ClienteServiceTest" time="0.101"/>
  <testcase name="testFindByQuery()" classname="com.rodolfobrandao.coremastermarket.services.cliente.ClienteServiceTest" time="0.002"/>
  <testcase name="testCreate()" classname="com.rodolfobrandao.coremastermarket.services.cliente.ClienteServiceTest" time="0.002"/>
  <testcase name="testDelete()" classname="com.rodolfobrandao.coremastermarket.services.cliente.ClienteServiceTest" time="0.001"/>
  <testcase name="testUpdate()" classname="com.rodolfobrandao.coremastermarket.services.cliente.ClienteServiceTest" time="0.001"/>
  <system-out><![CDATA[]]></system-out>
  <system-err><![CDATA[]]></system-err>
</testsuite>
