<?xml version="1.0" encoding="UTF-8"?>
<testsuite name="com.rodolfobrandao.coremastermarket.controllers.pdv.VendaControllerTest" tests="3" skipped="0" failures="0" errors="0" timestamp="2024-08-01T12:27:32" hostname="MacBook-Pro-de-Rodolfo.local" time="0.286">
  <properties/>
  <testcase name="testFindAll()" classname="com.rodolfobrandao.coremastermarket.controllers.pdv.VendaControllerTest" time="0.168"/>
  <testcase name="testCreateVenda()" classname="com.rodolfobrandao.coremastermarket.controllers.pdv.VendaControllerTest" time="0.103"/>
  <testcase name="testFindById()" classname="com.rodolfobrandao.coremastermarket.controllers.pdv.VendaControllerTest" time="0.014"/>
  <system-out><![CDATA[2024-08-01T09:27:32.641-03:00 DEBUG 10971 --- [coremastermarket] [    Test worker] s.w.s.m.m.a.RequestMappingHandlerMapping : 5 mappings in org.springframework.web.servlet.mvc.method.annotation.RequestMappingHandlerMapping
2024-08-01T09:27:32.643-03:00 DEBUG 10971 --- [coremastermarket] [    Test worker] s.w.s.m.m.a.RequestMappingHandlerAdapter : ControllerAdvice beans: 0 @ModelAttribute, 0 @InitBinder, 1 RequestBodyAdvice, 1 ResponseBodyAdvice
2024-08-01T09:27:32.643-03:00 DEBUG 10971 --- [coremastermarket] [    Test worker] .m.m.a.ExceptionHandlerExceptionResolver : ControllerAdvice beans: 0 @ExceptionHandler, 1 ResponseBodyAdvice
2024-08-01T09:27:32.643-03:00  INFO 10971 --- [coremastermarket] [    Test worker] o.s.mock.web.MockServletContext          : Initializing Spring TestDispatcherServlet ''
2024-08-01T09:27:32.643-03:00  INFO 10971 --- [coremastermarket] [    Test worker] o.s.t.web.servlet.TestDispatcherServlet  : Initializing Servlet ''
2024-08-01T09:27:32.643-03:00 DEBUG 10971 --- [coremastermarket] [    Test worker] o.s.t.web.servlet.TestDispatcherServlet  : Detected AcceptHeaderLocaleResolver
2024-08-01T09:27:32.643-03:00 DEBUG 10971 --- [coremastermarket] [    Test worker] o.s.t.web.servlet.TestDispatcherServlet  : Detected FixedThemeResolver
2024-08-01T09:27:32.643-03:00 DEBUG 10971 --- [coremastermarket] [    Test worker] o.s.t.web.servlet.TestDispatcherServlet  : Detected org.springframework.web.servlet.view.DefaultRequestToViewNameTranslator@50187377
2024-08-01T09:27:32.643-03:00 DEBUG 10971 --- [coremastermarket] [    Test worker] o.s.t.web.servlet.TestDispatcherServlet  : Detected org.springframework.web.servlet.support.SessionFlashMapManager@50b8504b
2024-08-01T09:27:32.643-03:00 DEBUG 10971 --- [coremastermarket] [    Test worker] o.s.t.web.servlet.TestDispatcherServlet  : enableLoggingRequestDetails='false': request parameters and headers will be masked to prevent unsafe logging of potentially sensitive data
2024-08-01T09:27:32.643-03:00  INFO 10971 --- [coremastermarket] [    Test worker] o.s.t.web.servlet.TestDispatcherServlet  : Completed initialization in 0 ms
2024-08-01T09:27:32.646-03:00 DEBUG 10971 --- [coremastermarket] [    Test worker] o.s.t.web.servlet.TestDispatcherServlet  : GET "/api/v1/vendas/listar", parameters={}
2024-08-01T09:27:32.646-03:00 DEBUG 10971 --- [coremastermarket] [    Test worker] s.w.s.m.m.a.RequestMappingHandlerMapping : Mapped to com.rodolfobrandao.coremastermarket.controllers.pdv.VendaController#findAll()
2024-08-01T09:27:32.647-03:00 DEBUG 10971 --- [coremastermarket] [    Test worker] o.s.w.s.m.m.a.HttpEntityMethodProcessor  : Using 'application/json', given [application/json] and supported [application/json, application/*+json]
2024-08-01T09:27:32.650-03:00 DEBUG 10971 --- [coremastermarket] [    Test worker] o.s.w.s.m.m.a.HttpEntityMethodProcessor  : Writing [[VendaDTO[id=1, dataHoraInicio=2024-08-01T09:27:32.644114, dataHoraTermino=2024-08-02T09:27:32.64411 (truncated)...]
2024-08-01T09:27:32.665-03:00 DEBUG 10971 --- [coremastermarket] [    Test worker] o.s.t.web.servlet.TestDispatcherServlet  : Completed 200 OK
2024-08-01T09:27:32.744-03:00 DEBUG 10971 --- [coremastermarket] [    Test worker] s.w.s.m.m.a.RequestMappingHandlerMapping : 5 mappings in org.springframework.web.servlet.mvc.method.annotation.RequestMappingHandlerMapping
2024-08-01T09:27:32.745-03:00 DEBUG 10971 --- [coremastermarket] [    Test worker] s.w.s.m.m.a.RequestMappingHandlerAdapter : ControllerAdvice beans: 0 @ModelAttribute, 0 @InitBinder, 1 RequestBodyAdvice, 1 ResponseBodyAdvice
2024-08-01T09:27:32.745-03:00 DEBUG 10971 --- [coremastermarket] [    Test worker] .m.m.a.ExceptionHandlerExceptionResolver : ControllerAdvice beans: 0 @ExceptionHandler, 1 ResponseBodyAdvice
2024-08-01T09:27:32.745-03:00  INFO 10971 --- [coremastermarket] [    Test worker] o.s.mock.web.MockServletContext          : Initializing Spring TestDispatcherServlet ''
2024-08-01T09:27:32.745-03:00  INFO 10971 --- [coremastermarket] [    Test worker] o.s.t.web.servlet.TestDispatcherServlet  : Initializing Servlet ''
2024-08-01T09:27:32.745-03:00 DEBUG 10971 --- [coremastermarket] [    Test worker] o.s.t.web.servlet.TestDispatcherServlet  : Detected AcceptHeaderLocaleResolver
2024-08-01T09:27:32.745-03:00 DEBUG 10971 --- [coremastermarket] [    Test worker] o.s.t.web.servlet.TestDispatcherServlet  : Detected FixedThemeResolver
2024-08-01T09:27:32.745-03:00 DEBUG 10971 --- [coremastermarket] [    Test worker] o.s.t.web.servlet.TestDispatcherServlet  : Detected org.springframework.web.servlet.view.DefaultRequestToViewNameTranslator@486ee396
2024-08-01T09:27:32.745-03:00 DEBUG 10971 --- [coremastermarket] [    Test worker] o.s.t.web.servlet.TestDispatcherServlet  : Detected org.springframework.web.servlet.support.SessionFlashMapManager@1f4e8af1
2024-08-01T09:27:32.745-03:00 DEBUG 10971 --- [coremastermarket] [    Test worker] o.s.t.web.servlet.TestDispatcherServlet  : enableLoggingRequestDetails='false': request parameters and headers will be masked to prevent unsafe logging of potentially sensitive data
2024-08-01T09:27:32.745-03:00  INFO 10971 --- [coremastermarket] [    Test worker] o.s.t.web.servlet.TestDispatcherServlet  : Completed initialization in 0 ms
2024-08-01T09:27:32.756-03:00 DEBUG 10971 --- [coremastermarket] [    Test worker] o.s.t.web.servlet.TestDispatcherServlet  : POST "/api/v1/vendas/create", parameters={}
2024-08-01T09:27:32.756-03:00 DEBUG 10971 --- [coremastermarket] [    Test worker] s.w.s.m.m.a.RequestMappingHandlerMapping : Mapped to com.rodolfobrandao.coremastermarket.controllers.pdv.VendaController#createVenda(CreateVendaDTO)
2024-08-01T09:27:32.824-03:00 DEBUG 10971 --- [coremastermarket] [    Test worker] m.m.a.RequestResponseBodyMethodProcessor : Read "application/json" to [CreateVendaDTO[dataHoraInicio=2024-08-01T09:27:32.746096, dataHoraTermino=2024-08-02T09:27:32.746099 (truncated)...]
2024-08-01T09:27:32.838-03:00 DEBUG 10971 --- [coremastermarket] [    Test worker] o.s.w.s.m.m.a.HttpEntityMethodProcessor  : Using 'application/json', given [*/*] and supported [application/json, application/*+json]
2024-08-01T09:27:32.838-03:00 DEBUG 10971 --- [coremastermarket] [    Test worker] o.s.w.s.m.m.a.HttpEntityMethodProcessor  : Writing [VendaDTO[id=1, dataHoraInicio=2024-08-01T09:27:32.746760, dataHoraTermino=2024-08-02T09:27:32.746761 (truncated)...]
2024-08-01T09:27:32.839-03:00 DEBUG 10971 --- [coremastermarket] [    Test worker] o.s.t.web.servlet.TestDispatcherServlet  : Completed 200 OK
2024-08-01T09:27:32.846-03:00 DEBUG 10971 --- [coremastermarket] [    Test worker] s.w.s.m.m.a.RequestMappingHandlerMapping : 5 mappings in org.springframework.web.servlet.mvc.method.annotation.RequestMappingHandlerMapping
2024-08-01T09:27:32.847-03:00 DEBUG 10971 --- [coremastermarket] [    Test worker] s.w.s.m.m.a.RequestMappingHandlerAdapter : ControllerAdvice beans: 0 @ModelAttribute, 0 @InitBinder, 1 RequestBodyAdvice, 1 ResponseBodyAdvice
2024-08-01T09:27:32.848-03:00 DEBUG 10971 --- [coremastermarket] [    Test worker] .m.m.a.ExceptionHandlerExceptionResolver : ControllerAdvice beans: 0 @ExceptionHandler, 1 ResponseBodyAdvice
2024-08-01T09:27:32.848-03:00  INFO 10971 --- [coremastermarket] [    Test worker] o.s.mock.web.MockServletContext          : Initializing Spring TestDispatcherServlet ''
2024-08-01T09:27:32.848-03:00  INFO 10971 --- [coremastermarket] [    Test worker] o.s.t.web.servlet.TestDispatcherServlet  : Initializing Servlet ''
2024-08-01T09:27:32.848-03:00 DEBUG 10971 --- [coremastermarket] [    Test worker] o.s.t.web.servlet.TestDispatcherServlet  : Detected AcceptHeaderLocaleResolver
2024-08-01T09:27:32.848-03:00 DEBUG 10971 --- [coremastermarket] [    Test worker] o.s.t.web.servlet.TestDispatcherServlet  : Detected FixedThemeResolver
2024-08-01T09:27:32.848-03:00 DEBUG 10971 --- [coremastermarket] [    Test worker] o.s.t.web.servlet.TestDispatcherServlet  : Detected org.springframework.web.servlet.view.DefaultRequestToViewNameTranslator@20346ea4
2024-08-01T09:27:32.848-03:00 DEBUG 10971 --- [coremastermarket] [    Test worker] o.s.t.web.servlet.TestDispatcherServlet  : Detected org.springframework.web.servlet.support.SessionFlashMapManager@7377d475
2024-08-01T09:27:32.848-03:00 DEBUG 10971 --- [coremastermarket] [    Test worker] o.s.t.web.servlet.TestDispatcherServlet  : enableLoggingRequestDetails='false': request parameters and headers will be masked to prevent unsafe logging of potentially sensitive data
2024-08-01T09:27:32.848-03:00  INFO 10971 --- [coremastermarket] [    Test worker] o.s.t.web.servlet.TestDispatcherServlet  : Completed initialization in 0 ms
2024-08-01T09:27:32.849-03:00 DEBUG 10971 --- [coremastermarket] [    Test worker] o.s.t.web.servlet.TestDispatcherServlet  : POST "/api/v1/vendas/findById", parameters={}
2024-08-01T09:27:32.849-03:00 DEBUG 10971 --- [coremastermarket] [    Test worker] s.w.s.m.m.a.RequestMappingHandlerMapping : Mapped to com.rodolfobrandao.coremastermarket.controllers.pdv.VendaController#findById(ReadVendaDTO)
2024-08-01T09:27:32.851-03:00 DEBUG 10971 --- [coremastermarket] [    Test worker] m.m.a.RequestResponseBodyMethodProcessor : Read "application/json" to [ReadVendaDTO[id=1]]
2024-08-01T09:27:32.853-03:00 DEBUG 10971 --- [coremastermarket] [    Test worker] o.s.w.s.m.m.a.HttpEntityMethodProcessor  : Using 'application/json', given [*/*] and supported [application/json, application/*+json]
2024-08-01T09:27:32.853-03:00 DEBUG 10971 --- [coremastermarket] [    Test worker] o.s.w.s.m.m.a.HttpEntityMethodProcessor  : Writing [VendaDTO[id=1, dataHoraInicio=2024-08-01T09:27:32.848848, dataHoraTermino=2024-08-02T09:27:32.848850 (truncated)...]
2024-08-01T09:27:32.854-03:00 DEBUG 10971 --- [coremastermarket] [    Test worker] o.s.t.web.servlet.TestDispatcherServlet  : Completed 200 OK
]]></system-out>
  <system-err><![CDATA[]]></system-err>
</testsuite>
