<?xml version="1.0" encoding="UTF-8"?>
<testsuite name="com.rodolfobrandao.coremastermarket.controllers.produto.MarcaControllerTest" tests="2" skipped="0" failures="1" errors="0" timestamp="2024-08-01T12:27:32" hostname="MacBook-Pro-de-Rodolfo.local" time="0.059">
  <properties/>
  <testcase name="testCreateMarca()" classname="com.rodolfobrandao.coremastermarket.controllers.produto.MarcaControllerTest" time="0.042"/>
  <testcase name="testListarMarcas()" classname="com.rodolfobrandao.coremastermarket.controllers.produto.MarcaControllerTest" time="0.017">
    <failure message="java.lang.AssertionError: Status expected:&lt;200&gt; but was:&lt;405&gt;" type="java.lang.AssertionError">java.lang.AssertionError: Status expected:&lt;200&gt; but was:&lt;405&gt;
	at org.springframework.test.util.AssertionErrors.fail(AssertionErrors.java:59)
	at org.springframework.test.util.AssertionErrors.assertEquals(AssertionErrors.java:122)
	at org.springframework.test.web.servlet.result.StatusResultMatchers.lambda$matcher$9(StatusResultMatchers.java:637)
	at org.springframework.test.web.servlet.MockMvc$1.andExpect(MockMvc.java:214)
	at com.rodolfobrandao.coremastermarket.controllers.produto.MarcaControllerTest.testListarMarcas(MarcaControllerTest.java:79)
	at java.base/java.lang.reflect.Method.invoke(Method.java:568)
	at java.base/java.util.ArrayList.forEach(ArrayList.java:1511)
	at java.base/java.util.ArrayList.forEach(ArrayList.java:1511)
</failure>
  </testcase>
  <system-out><![CDATA[2024-08-01T09:27:32.890-03:00 DEBUG 10971 --- [coremastermarket] [    Test worker] s.w.s.m.m.a.RequestMappingHandlerMapping : 4 mappings in org.springframework.web.servlet.mvc.method.annotation.RequestMappingHandlerMapping
2024-08-01T09:27:32.891-03:00 DEBUG 10971 --- [coremastermarket] [    Test worker] s.w.s.m.m.a.RequestMappingHandlerAdapter : ControllerAdvice beans: 0 @ModelAttribute, 0 @InitBinder, 1 RequestBodyAdvice, 1 ResponseBodyAdvice
2024-08-01T09:27:32.891-03:00 DEBUG 10971 --- [coremastermarket] [    Test worker] .m.m.a.ExceptionHandlerExceptionResolver : ControllerAdvice beans: 0 @ExceptionHandler, 1 ResponseBodyAdvice
2024-08-01T09:27:32.891-03:00  INFO 10971 --- [coremastermarket] [    Test worker] o.s.mock.web.MockServletContext          : Initializing Spring TestDispatcherServlet ''
2024-08-01T09:27:32.891-03:00  INFO 10971 --- [coremastermarket] [    Test worker] o.s.t.web.servlet.TestDispatcherServlet  : Initializing Servlet ''
2024-08-01T09:27:32.891-03:00 DEBUG 10971 --- [coremastermarket] [    Test worker] o.s.t.web.servlet.TestDispatcherServlet  : Detected AcceptHeaderLocaleResolver
2024-08-01T09:27:32.891-03:00 DEBUG 10971 --- [coremastermarket] [    Test worker] o.s.t.web.servlet.TestDispatcherServlet  : Detected FixedThemeResolver
2024-08-01T09:27:32.891-03:00 DEBUG 10971 --- [coremastermarket] [    Test worker] o.s.t.web.servlet.TestDispatcherServlet  : Detected org.springframework.web.servlet.view.DefaultRequestToViewNameTranslator@1f0df49
2024-08-01T09:27:32.891-03:00 DEBUG 10971 --- [coremastermarket] [    Test worker] o.s.t.web.servlet.TestDispatcherServlet  : Detected org.springframework.web.servlet.support.SessionFlashMapManager@386aa805
2024-08-01T09:27:32.891-03:00 DEBUG 10971 --- [coremastermarket] [    Test worker] o.s.t.web.servlet.TestDispatcherServlet  : enableLoggingRequestDetails='false': request parameters and headers will be masked to prevent unsafe logging of potentially sensitive data
2024-08-01T09:27:32.891-03:00  INFO 10971 --- [coremastermarket] [    Test worker] o.s.t.web.servlet.TestDispatcherServlet  : Completed initialization in 0 ms
2024-08-01T09:27:32.893-03:00 DEBUG 10971 --- [coremastermarket] [    Test worker] o.s.t.web.servlet.TestDispatcherServlet  : POST "/api/v1/marcas/create", parameters={}
2024-08-01T09:27:32.893-03:00 DEBUG 10971 --- [coremastermarket] [    Test worker] s.w.s.m.m.a.RequestMappingHandlerMapping : Mapped to com.rodolfobrandao.coremastermarket.controllers.produto.MarcaController#create(CreateMarcaDTO)
2024-08-01T09:27:32.895-03:00 DEBUG 10971 --- [coremastermarket] [    Test worker] m.m.a.RequestResponseBodyMethodProcessor : Read "application/json" to [CreateMarcaDTO[nome=Marca Teste, fabricante=Descrição Teste]]
2024-08-01T09:27:32.897-03:00 DEBUG 10971 --- [coremastermarket] [    Test worker] m.m.a.RequestResponseBodyMethodProcessor : Using 'application/json', given [*/*] and supported [application/json, application/*+json]
2024-08-01T09:27:32.897-03:00 DEBUG 10971 --- [coremastermarket] [    Test worker] m.m.a.RequestResponseBodyMethodProcessor : Writing [Marca(id=1, nome=Marca Teste, fabricante=null)]
2024-08-01T09:27:32.897-03:00 DEBUG 10971 --- [coremastermarket] [    Test worker] o.s.t.web.servlet.TestDispatcherServlet  : Completed 200 OK
2024-08-01T09:27:32.903-03:00 DEBUG 10971 --- [coremastermarket] [    Test worker] s.w.s.m.m.a.RequestMappingHandlerMapping : 4 mappings in org.springframework.web.servlet.mvc.method.annotation.RequestMappingHandlerMapping
2024-08-01T09:27:32.904-03:00 DEBUG 10971 --- [coremastermarket] [    Test worker] s.w.s.m.m.a.RequestMappingHandlerAdapter : ControllerAdvice beans: 0 @ModelAttribute, 0 @InitBinder, 1 RequestBodyAdvice, 1 ResponseBodyAdvice
2024-08-01T09:27:32.904-03:00 DEBUG 10971 --- [coremastermarket] [    Test worker] .m.m.a.ExceptionHandlerExceptionResolver : ControllerAdvice beans: 0 @ExceptionHandler, 1 ResponseBodyAdvice
2024-08-01T09:27:32.904-03:00  INFO 10971 --- [coremastermarket] [    Test worker] o.s.mock.web.MockServletContext          : Initializing Spring TestDispatcherServlet ''
2024-08-01T09:27:32.904-03:00  INFO 10971 --- [coremastermarket] [    Test worker] o.s.t.web.servlet.TestDispatcherServlet  : Initializing Servlet ''
2024-08-01T09:27:32.904-03:00 DEBUG 10971 --- [coremastermarket] [    Test worker] o.s.t.web.servlet.TestDispatcherServlet  : Detected AcceptHeaderLocaleResolver
2024-08-01T09:27:32.904-03:00 DEBUG 10971 --- [coremastermarket] [    Test worker] o.s.t.web.servlet.TestDispatcherServlet  : Detected FixedThemeResolver
2024-08-01T09:27:32.904-03:00 DEBUG 10971 --- [coremastermarket] [    Test worker] o.s.t.web.servlet.TestDispatcherServlet  : Detected org.springframework.web.servlet.view.DefaultRequestToViewNameTranslator@40bbcdbb
2024-08-01T09:27:32.904-03:00 DEBUG 10971 --- [coremastermarket] [    Test worker] o.s.t.web.servlet.TestDispatcherServlet  : Detected org.springframework.web.servlet.support.SessionFlashMapManager@6afe49f5
2024-08-01T09:27:32.904-03:00 DEBUG 10971 --- [coremastermarket] [    Test worker] o.s.t.web.servlet.TestDispatcherServlet  : enableLoggingRequestDetails='false': request parameters and headers will be masked to prevent unsafe logging of potentially sensitive data
2024-08-01T09:27:32.904-03:00  INFO 10971 --- [coremastermarket] [    Test worker] o.s.t.web.servlet.TestDispatcherServlet  : Completed initialization in 0 ms
2024-08-01T09:27:32.908-03:00 DEBUG 10971 --- [coremastermarket] [    Test worker] o.s.t.web.servlet.TestDispatcherServlet  : POST "/api/v1/marcas/list", parameters={}
2024-08-01T09:27:32.911-03:00  WARN 10971 --- [coremastermarket] [    Test worker] .w.s.m.s.DefaultHandlerExceptionResolver : Resolved [org.springframework.web.HttpRequestMethodNotSupportedException: Request method 'POST' is not supported]
2024-08-01T09:27:32.911-03:00 DEBUG 10971 --- [coremastermarket] [    Test worker] o.s.t.web.servlet.TestDispatcherServlet  : Completed 405 METHOD_NOT_ALLOWED
]]></system-out>
  <system-err><![CDATA[]]></system-err>
</testsuite>
