<?xml version="1.0" encoding="UTF-8"?>
<testsuite name="com.rodolfobrandao.coremastermarket.controllers.pdv.MetadosPagamentosControllerTest" tests="9" skipped="0" failures="0" errors="0" timestamp="2024-08-01T12:27:32" hostname="MacBook-Pro-de-Rodolfo.local" time="0.12">
  <properties/>
  <testcase name="testDeleteError()" classname="com.rodolfobrandao.coremastermarket.controllers.pdv.MetadosPagamentosControllerTest" time="0.047"/>
  <testcase name="testDeleteNotFound()" classname="com.rodolfobrandao.coremastermarket.controllers.pdv.MetadosPagamentosControllerTest" time="0.058"/>
  <testcase name="testFindAllError()" classname="com.rodolfobrandao.coremastermarket.controllers.pdv.MetadosPagamentosControllerTest" time="0.005"/>
  <testcase name="testUpdateError()" classname="com.rodolfobrandao.coremastermarket.controllers.pdv.MetadosPagamentosControllerTest" time="0.001"/>
  <testcase name="testFindAll()" classname="com.rodolfobrandao.coremastermarket.controllers.pdv.MetadosPagamentosControllerTest" time="0.001"/>
  <testcase name="testCreateError()" classname="com.rodolfobrandao.coremastermarket.controllers.pdv.MetadosPagamentosControllerTest" time="0.002"/>
  <testcase name="testCreate()" classname="com.rodolfobrandao.coremastermarket.controllers.pdv.MetadosPagamentosControllerTest" time="0.001"/>
  <testcase name="testDelete()" classname="com.rodolfobrandao.coremastermarket.controllers.pdv.MetadosPagamentosControllerTest" time="0.002"/>
  <testcase name="testUpdate()" classname="com.rodolfobrandao.coremastermarket.controllers.pdv.MetadosPagamentosControllerTest" time="0.001"/>
  <system-out><![CDATA[]]></system-out>
  <system-err><![CDATA[]]></system-err>
</testsuite>
