<?xml version="1.0" encoding="UTF-8"?>
<testsuite name="com.rodolfobrandao.coremastermarket.services.pve.ModoPagamentoServiceTest" tests="8" skipped="0" failures="0" errors="0" timestamp="2024-08-01T12:27:33" hostname="MacBook-Pro-de-Rodolfo.local" time="0.054">
  <properties/>
  <testcase name="testFindAll()" classname="com.rodolfobrandao.coremastermarket.services.pve.ModoPagamentoServiceTest" time="0.044"/>
  <testcase name="testSave()" classname="com.rodolfobrandao.coremastermarket.services.pve.ModoPagamentoServiceTest" time="0.0"/>
  <testcase name="testFindById()" classname="com.rodolfobrandao.coremastermarket.services.pve.ModoPagamentoServiceTest" time="0.0"/>
  <testcase name="testCreateThrowsExceptionWhenNoTiposPagamentoFound()" classname="com.rodolfobrandao.coremastermarket.services.pve.ModoPagamentoServiceTest" time="0.002"/>
  <testcase name="testDeleteById()" classname="com.rodolfobrandao.coremastermarket.services.pve.ModoPagamentoServiceTest" time="0.001"/>
  <testcase name="testCreate()" classname="com.rodolfobrandao.coremastermarket.services.pve.ModoPagamentoServiceTest" time="0.001"/>
  <testcase name="testUpdateThrowsExceptionWhenNoTiposPagamentoFound()" classname="com.rodolfobrandao.coremastermarket.services.pve.ModoPagamentoServiceTest" time="0.002"/>
  <testcase name="testUpdate()" classname="com.rodolfobrandao.coremastermarket.services.pve.ModoPagamentoServiceTest" time="0.001"/>
  <system-out><![CDATA[]]></system-out>
  <system-err><![CDATA[]]></system-err>
</testsuite>
